baecbbbbccbaaebddccd .................... 126 5
bcdcedaadbecbeddedbc .................... 108 11
cdccabadccdcaedcbead .................... 112 9
eabbbcccbdcbdbcdcaca .................... 98 14
ccaeddaadabadbcbeaee .................... 120 7
cdacdbeeaaabbadceded .................... 120 7
cdadabecdbcabeabdade .................... 118 7
cbcbcddcaceddcbceecb .................... 106 11
ebbaeebeacacbbbdbbad .................... 106 11
baababbaddaeedbbbeea .................... 116 8
eedbcbccabdccbadabae .................... 122 6
ebcdceeaadebdbdacdba .................... 86 16
beabdbddbcaddbbcadbd .................... 128 4
acecdcdbaaaeceadbaba .................... 102 13
cddabbbdaeaaeceeedee .................... 124 5
aaeedbcedaaddeaedcda .................... 124 5
daddeacaddeceabbabac .................... 98 14
dcbadcdbeccaeeebbeee .................... 102 13
ebabedcadbceebdbcacb .................... 106 11
aaeeeedcbeecabbcbbea .................... 84 16
ccdaeccbddddedababcd .................... 102 13
cadadddeccccdecbaaad .................... 100 13
dacaaedcdcecdddabeee .................... 90 16
bbcceeadcebabeebddea .................... 100 13
adbcbeeaabeebedbedac .................... 96 15
caddaaecabaebbbddcba .................... 114 9
acdaaeeccccdadebcbea .................... 106 11
dabbccdcaaadcdbcccdc .................... 128 4
aeaeaaaecebbdccbdccd .................... 76 16
dbcedbbdcebbdeaeabce .................... 92 16
ebdbadeeecaaadddaccb .................... 114 9
caaadededcabaacbbbeb .................... 104 12
addceaacdeedaeedebdc .................... 110 10
bacecebdeaeddaebaeae .................... 114 9
deeabbbcdceeecccbade .................... 100 13
bcdbeebdecdceabadecd .................... 112 9
acdabedbbbdbcbeadedd .................... 92 16
bdededdbdcdaaeaebbee .................... 92 16
ceabaccddeaecababcde .................... 124 5
abbceedcdededcbaaaba .................... 80 16
cbdbbadaaedecbbddacd .................... 114 9
eeecbbadcbdeeebdcdcc .................... 122 6
bebbdcaeeecaeaeadaed .................... 106 11
acdabeccceddeaebaede .................... 102 13
bacbbbaacabbeadccacb .................... 106 11
bdbabdaeeecebacbcbcd .................... 88 16
edaebebbebbaadeaebee .................... 110 10
debdccdcdadcbeaaaeca .................... 86 16
dbeedbaedbdabbccccbb .................... 116 8
dbcddabbaaedbacedcdd .................... 98 14
cdaddadaccadaeabdebd .................... 124 5
becbebdceeedebcdedcb .................... 98 14
eceadcacbcedacbadacd .................... 118 7
dcbbcbedacceabdbacad .................... 114 9
bcdedabdeeecceaccdcb .................... 114 9
dabdccbddaeaaceeadbc .................... 100 13
ceaaabeedeecedcacabc .................... 98 14
cabecebeebbdaccdcedb .................... 124 5
becaddbcedccaeaccdcc .................... 110 10
cdadadccbdbeadcecdcc .................... 96 15
bacccabccdeaccbbbaaa .................... 104 12
ebaacccadedaabacebab .................... 110 10
bebbeebaaaccbdbccece .................... 120 7
acecaeeacdedbbdbbbdd .................... 92 16
daababbdeaeeddcecabb .................... 100 13
eccadbdeabddecbbcbdb .................... 116 8
beddcacbecbbdbcdebdb .................... 100 13
deaeeabeebeeabeacdbd .................... 90 16
becbdcccbcbbebbbcaec .................... 126 5
baccebbceaededdbddba .................... 100 13
bdbadbaaebbecccbdeea .................... 116 8
cceaaebaaeceebbdbcbc .................... 120 7
aaeebccbbdcbedceaebe .................... 74 16
dbbeabbdacbcbcbeacda .................... 90 16
dbabecaaceddcadedade .................... 82 16
ddedbaeacaccecbdbbbb .................... 104 12
aeebceaecbcddeebcaee .................... 120 7
dadcceecdcbcadadeada .................... 104 12
ddbddcccdbcecebadbde .................... 116 8
cececdadddcaeeecdbcc .................... 108 11
beccdcadbccdcbcadcae .................... 116 8
ddcccdebdaaadeeaaabc .................... 112 9
aababeadedbeddbddebc .................... 108 11
cbdddbeaaddccadabddd .................... 98 14
dbabeacededdecdbdccb .................... 98 14
aeddacccedcbdddacddc .................... 98 14
eebaeebececabcdebdea .................... 94 15
dadabdbbceedeaddeecd .................... 92 16
cacabebadcecacdcdbba .................... 98 14
ecceebddcdebbcacebee .................... 98 14
abebbaadceaaadeeeadb .................... 98 14
dabdeecceccbcdeeacaa .................... 78 16
daadedcbacdaeebcdbcc .................... 80 16
daeabcadbadebcaaebea .................... 86 16
cadebbbddeedebcdacde .................... 126 5
cccdbdbadcababeecbdd .................... 104 12
ecebeccbcceedbdacdea .................... 100 13
cedddaddcebeababdbcd .................... 110 10
cceebaddbeabdbcbbdae .................... 104 12
aceeacbdccdbbbabccac .................... 100 13
bdaeccdbaaeaecebcebb .................... 100 13
dacaecdeccdeabebaecb .................... 68 16
adbddaeebccadacebbac .................... 88 16
eaceebececaccceabcaa .................... 94 15
dadaeddbabedbaacdada .................... 84 16
ddbdadcbdedcdecadbaa .................... 76 16
ceeacbebbdbdebdccbca .................... 106 11
caecbbcdaadabccedccb .................... 116 8
ecdabbddccaaaecbbcee .................... 138 2
aaedbcdeadcbbbeadbda .................... 64 16
dddcecabcaebdaecdbda .................... 82 16
dbeecebbabcdeddabaab .................... 102 13
aedbaecadbedacdedacd .................... 120 7
ebbdbdddeacaeedccbde .................... 106 11
bdccebcbabcdebcaeeec .................... 116 8
daebcaadcdceaeeedbab .................... 98 14
ccdaceddcddcebddaaba .................... 104 12
cedcedcaedeadddbdbbe .................... 108 11
dcacedccccacedcbbedb .................... 86 16
caecaedbaabbbddacdda .................... 92 16
baccacabeebbccbbecee .................... 94 15
dbceedaebbcbeabbebbc .................... 76 16
cadbedcbecacabcdbdae .................... 114 9
aeacadaadadbbccaaeab .................... 86 16
ebeaccddaceceeedabed .................... 96 15
cbecddaaebadcacecbbc .................... 114 9
ecaceecbaadceaeceece .................... 88 16
bbabdbaccdbeebceabee .................... 96 15
aadcabebcceaeadceecd .................... 86 16
edcedadbbeaeabdebecb .................... 100 13
eecbbeebaaadadccabda .................... 106 11
eebaaadaecdadbecaeed .................... 98 14
daccebaaeddccbddbdda .................... 80 16
edaaaedaabecbaedaedb .................... 94 15
ebdabacacccdcceddcec .................... 136 2
bcecbcebecddceabbdcc .................... 94 15
bcbcacaecbcedbebdead .................... 94 15
ebbbdceebbedeeddadcd .................... 104 12
daaeaeebddabddbabeda .................... 86 16
cddbdbdbacbbeddbccda .................... 118 7
cacdceeaaccdedccbaee .................... 106 11
bacceebedbddadcdbeae .................... 114 9
cecbcbaabcaaaeabbcda .................... 126 5
cccdecabdbbabcdbadae .................... 102 13
aedcbcaabbebbdcceaec .................... 100 13
adcbaadbdeabcdeaeaed .................... 96 15
ccbceadeeacbdacaecdd .................... 96 15
bebddeccddbaaccedadd .................... 114 9
ecedaaaccaebddbedeea .................... 100 13
accbadcbdcabeaedaebb .................... 94 15
accddbedcddedcddbcbb .................... 102 13
aebbbecaabeaaddeaebe .................... 104 12
caaeccdcdbabbccdeadd .................... 106 11
bcdeceabcedeedbcdccd .................... 108 11
ddcbbccccbccbaeaabcc .................... 96 15
ddadaceeacadeebdacdb .................... 102 13
bccceeaabedadcabbebb .................... 94 15
cbeebdabbbecabacdebc .................... 96 15
eeaececcbcacebdedddc .................... 102 13
deccaccdedcddadbdaca .................... 96 15
cbccdeddcaaacedbebda .................... 114 9
cceccbadeceaededeeed .................... 126 5
bccaaedaadccebbddaee .................... 110 10
beaeaaadbdeeacedeabd .................... 90 16
eaceedbddaecaecbedce .................... 94 15
cbeedbabbbeeedcceeae .................... 104 12
eabebbeaaaeaddecdbbe .................... 100 13
dedcdbeeddaaacdddbea .................... 130 3
eaceeeacbdcabaccbdab .................... 92 16
aceebeeebedeebddeecc .................... 86 16
ceedcebabeedcabcebaa .................... 110 10
adedcccbbeceeaeedecc .................... 88 16
eceeacbdcbdbbbbcddbd .................... 106 11
bcedccaceeadcabeeddc .................... 108 11
acceaeabceeacabeaaad .................... 86 16
ccbeabcbcedebccceced .................... 104 12
bcdadbbaebdaceecbaec .................... 136 2
ebaccdcceddbcaaaecad .................... 96 15
addccacabdcacaeedeea .................... 114 9
cdeaacabadacbceabbea .................... 88 16
bbeebdbeaabdeccccbac .................... 108 11
ceddcdecdecaeebeeebd .................... 116 8
ccbdcdaecacbbdbccdba .................... 106 11
cdbedcdeddbcdedaedbd .................... 100 13
bceedadebacaaadeeecb .................... 106 11
cdceeddccccaddeaacbd .................... 96 15
dacaeeeebcddadcaabda .................... 72 16
bccdbbddddbebedccbdb .................... 112 9
abcbcdddbbdcdabbcaec .................... 108 11
ebddecdadedbacdaaede .................... 94 15
ebceeebbcdeeeaddebbb .................... 78 16
eaeadabecabceaedccaa .................... 114 9
eebedbbebcedeedeecbe .................... 106 11
bbebbaaceebadbeebbeb .................... 98 14
cdebebdbaaddeedcdeea .................... 118 7
ccbdbacbdbcbcbdebcab .................... 106 11
ebeecddbcbebbbbbcaae .................... 106 11
caaadbbbeecbbacaacde .................... 102 13
eeaddbacdccbdeaacebc .................... 116 8
acadcacadbeecebcdbad .................... 116 8
cdddeaeebddbababedcc .................... 90 16
ebeaaadeccccadebdadb .................... 88 16
dbeccbbbdadbbeacadbe .................... 106 11
ddbaaacedebbbcceedec .................... 96 15
accedddddacdcceecbec .................... 118 7
ebdbbdeaeaabcbdbbdce .................... 110 10
eeddebcdbccadaecdebb .................... 118 7
dacbbeaabdbceecdcdda .................... 92 16
bbeacaaeaebdeeaeeddd .................... 92 16
cdccceeacdcbaddbacee .................... 118 7
dedabaaadeeadaaebdcd .................... 96 15
dcdcbabeabbebdccbbbb .................... 98 14
acdeebcabebbebdeeeed .................... 104 12
bdccabaacbbecaaecddd .................... 102 13
cadcabcdedacbbaabcda .................... 118 7
bbeeababcdbcbcadaeab .................... 96 15
ebcdaaaccdddeaacabee .................... 84 16
eacaceceacdedebbeaad .................... 106 11
acddabeaadaccadabcda .................... 92 16
eebdadabbdeabdaaedab .................... 78 16
cccbaeabdeadabcdebaa .................... 114 9
daeaededcaceaacbeded .................... 92 16
cbedbaedaacedeecdcbe .................... 110 10
debdbeadbebebdcaeabe .................... 86 16
eaadeccadedbeadbdbce .................... 78 16
bddcacedccbaeddbeddd .................... 102 13
ceedbeaaeaabbcecedab .................... 110 10
aaaccdebaabcbabceaaa .................... 86 16
eaaaababeadabddcceee .................... 114 9
eacdbaedcbddbcccbeda .................... 94 15
eadaeaeaeceddcddbacc .................... 108 11
cecadebaeabbedccdeed .................... 126 5
daeddbddcdbbcaeabaeb .................... 96 15
cdcddcbbbceaaeccadab .................... 106 11
adddaecdeecdceebedcd .................... 108 11
edaebbabdaecebacabde .................... 98 14
ebbacecbccbcbaecdecc .................... 102 13
beaebcceeabbbebceaea .................... 112 9
ccecbcdadcadeabdaecd .................... 126 5
bbdbccbcaaeedbedbedd .................... 116 8
ccaaaaceeecdcbadabed .................... 114 9
adeeaebbbbadababbddb .................... 104 12
cedaddcbdaabbecbcadc .................... 136 2
dbbaebbbeabecdbcbebc .................... 110 10
ddbedaeeebbecccdeebb .................... 100 13
abaacaedbeabbadcaaeb .................... 96 15
adaccdaccdebbebebcee .................... 100 13
eaceaeedeedbccadaeba .................... 84 16
eccdcbecadaecddcbccb .................... 106 11
aeaadaababcdcacaacdd .................... 94 15
debadbaeebbdedebaeab .................... 108 11
aeeeeaccecaeeeabcceb .................... 110 10
aebbaddbdacdeaabdabd .................... 96 15
bcdbcbcbdeabbbebbdab .................... 128 4
dcedbcddcebddcedccee .................... 118 7
cddcbcdedaaeccaeeebc .................... 120 7
ebacecbceccdbdcdeeed .................... 110 10
dcaaeeacabedbecdeddc .................... 98 14
ddbadbcdaeabcaaebcac .................... 118 7
cadccadbddeaeebebacc .................... 112 9
edcdabcedeaaaaebaeea .................... 118 7
deddaaddcebacacadccb .................... 96 15
ebebcaccacbcbdcbbbec .................... 110 10
eebeaedcabbeabbaaceb .................... 108 11
dbccbddceeccdacdbccb .................... 84 16
eebebbeddabddadabcdb .................... 122 6
eaaabcedeaeeacdbbada .................... 94 15
cabaebbebeabcdcccadd .................... 102 13
cbaebeabebabbbeacdce .................... 98 14
ebeaaeaabdccbbbbcaae .................... 112 9
ddadbbbdbadeeeaacaae .................... 112 9
ebedeecebedcedbeecae .................... 94 15
ababdeadacbbaeebbcdc .................... 104 12
bddaeabdeedcdcdbebab .................... 98 14
bebcbadadabcaeeacded .................... 118 7
ccaebccdadcadcdbabba .................... 96 15
bcedcbedcaedccdeabac .................... 114 9
bdacceaaceabdceecaab .................... 106 11
ecbcdbbdbeaeebcdbcaa .................... 122 6
aecccbeebbabcdabbede .................... 102 13
bbebbedacbbdeddacdcd .................... 112 9
cedabbbccaeeaaeaddcc .................... 118 7
eadbdcebeceaaccdaadd .................... 112 9
eaeecbdabccaaeacacad .................... 122 6
bddeeddceabeddcbbedc .................... 106 11
aacabcccbbebbbabcbda .................... 84 16
babbddccacceedddaaea .................... 100 13
dcbacdcdadcdedddbdca .................... 100 13
bbbdddbceebedaabaabc .................... 90 16
ddceaaecbcdecddddead .................... 94 15
ebaceabccaedeeeacccc .................... 110 10
bdcdceddaebeddddcbbc .................... 110 10
bcbeccbececccebaaace .................... 98 14
dbdaaaccebabadbadbaa .................... 114 9
eaceedbecaaedeacdeeb .................... 106 11
ececcebeecbabbcbabde .................... 108 11
cbacbcbeeddcdecebbdb .................... 76 16
ebcaeddddcdcebebaadb .................... 78 16
acaeeecdacddebdadeac .................... 102 13
cdeccccbdcaeccceebed .................... 112 9
acdaebcddeccbaaccbec .................... 126 5
cedcaccdbebbbcadbdee .................... 120 7
aadbecdbaaabebcdaebe .................... 94 15
acabceadaeadabeedeba .................... 106 11
aedccaddadbedabbbabe .................... 106 11
ecdcbcbaacdceccdecec .................... 110 10
ebcebbdddeabcebaaceb .................... 124 5
aaeccbaeddddaaddeecb .................... 104 12
aeacbadbdebbededbbdc .................... 84 16
bacdeebdbbbacdabebcc .................... 94 15
deecedcdeacdbccdbaea .................... 118 7
cdeebabbeddcaacbeced .................... 102 13
ebccacecaecdaacdbdca .................... 88 16
aeebccaabeebabacccdc .................... 108 11
bedcbbcaaceaececdeab .................... 120 7
acabdddaacbedaeaeaab .................... 88 16
cdadecedbcadedbbbddd .................... 108 11
dbcaccdcbbbdeaedcced .................... 116 8
dcbbebdbabcccebecaee .................... 108 11
ddacdedbedcacddeedaa .................... 92 16
beeececabbaddccccebd .................... 132 3
cdcbedebebbbcccabeeb .................... 100 13
acdccdbcddadccebbdaa .................... 112 9
ceecccacadabdeddcdcb .................... 108 11
daddbedeeacddebacbca .................... 110 10
aedeceedadbebecbadbd .................... 98 14
ecdabceccaadbabadbad .................... 132 3
bbceadebeadcdbbbedbc .................... 84 16
cacbabbcdbabccacbdbb .................... 112 9
acbaedbdecbbaedddebe .................... 102 13
adecbaaeecdddecedded .................... 96 15
dbccaedbdaeccebbdaae .................... 104 12
edebbdcadebecedbddaa .................... 116 8
cabcebbaebebcdeddedd .................... 106 11
dcddecbabaeaddeddbbe .................... 106 11
abecabacadadedbdcaae .................... 120 7
deabaaaabaadeeeeadce .................... 96 15
cdeacabbcccadbcadabd .................... 112 9
acaecdebdabacaaacaca .................... 96 15
edadecccbdbbeceacedb .................... 94 15
dbccbcabcaceedaacbaa .................... 86 16
eacdcccbddeacabeabca .................... 88 16
cacbdcbcbcadaecbcbea .................... 122 6
dcbdebabdebabaaeccca .................... 92 16
abeebaccabaeadbadcca .................... 108 11
aebdacbaeebacabeaadc .................... 90 16
cbeccbabeebdabeaeddd .................... 110 10
dbeaababeccbeecbdbde .................... 82 16
ddacdcbecccbeeddadad .................... 100 13
acbebebcdecabbbdccad .................... 132 3
dbaebecdeaadbccbebda .................... 106 11
bceabeedeaeddcdaecbe .................... 118 7
dedeaceecabdcaaabaae .................... 104 12
baabbacabecdbdebadab .................... 106 11
ccdebecdccdbcdedaaba .................... 106 11
eacdebedcdaeecdddbde .................... 98 14
eacdacbbeccebdcbacde .................... 84 16
baddceccecaabadeedde .................... 110 10
adaecbbaededeacaebbe .................... 96 15
ebeadaedcaeceabbbdcb .................... 104 12
dacaebddbcddceeacdec .................... 104 12
beeeacddcebceeeecbae .................... 88 16
abbdabcdcbddedbbeeae .................... 108 11
ddcaacaadebcebeccedb .................... 96 15
adadadbdedaeaacbaccd .................... 90 16
abbacadbcadaaebbaaab .................... 104 12
babdabaabceaacaeedcc .................... 84 16
adbcabddbcdeebddbeea .................... 94 15
ddccedacaddeeeddcdcb .................... 82 16
ccdcccceeacadddebbdd .................... 122 6
cbeabebeeaacecbceabc .................... 120 7
dcaddebaebccbdedabee .................... 108 11
bbccdeaaeddbdaaddeaa .................... 100 13
baeadbeeaccbabbaedbe .................... 104 12
aaddcecdaaeedcdeecab .................... 106 11
dcdadababebaadcdacbe .................... 126 5
adaacddedebdbddbebcb .................... 92 16
dcbbbbdebdabccbebedb .................... 102 13
eabdedebebbcbdeeeecc .................... 72 16
ddabeabecabbacdeeeec .................... 106 11
ccebdbebdbdbddacebcd .................... 108 11
cbaebabbaccdebaecebb .................... 96 15
dcdcbbdeeaaeaceeebbb .................... 106 11
babeedabadbeedcebeee .................... 70 16
dabdbcdabdaaeaccbeeb .................... 90 16
ccecddebaacbdbdcbcbc .................... 110 10
eceebcadcdcdecccbdec .................... 110 10
acaacebddabccebeabbc .................... 114 9
ddbdccdaccadeccbecbc .................... 102 13
bbadceeccaacbbbaaebd .................... 110 10
abbcaaebaeabadcadbdb .................... 72 16
aeaccbecdeaecddabdba .................... 96 15
ebacceaececeeccecaec .................... 100 13
baeeddebbaeecdbdbabc .................... 106 11
eedaadbbdaedadeecccb .................... 116 8
eabebdddceebeadddbca .................... 72 16
caceaedaebacdcecdeca .................... 94 15
beebddbedbdceaeebbdc .................... 92 16
aabeeecebdecbdeaabda .................... 64 16
ccebbeeeadccdddbbccd .................... 102 13
ddbddeddccadccaedeaa .................... 108 11
eebcadbbcacddabcddeb .................... 112 9
deeacebbcdcbeedccaba .................... 96 15
cbbabbbbcbaaedebbcca .................... 104 12
ccbbacdcacaddecdaceb .................... 116 8
adccccacadcadeccbbad .................... 98 14
aaecebeddeedeecbeaee .................... 102 13
bceacadaccdbecedcecb .................... 100 13
cbbcebbcedbebeebdedc .................... 108 11
eaadaaacbeccdaceeace .................... 66 16
abbdbeabbeeadaceadbb .................... 64 16
ceededbdebbabbbbdeee .................... 126 5
beeadebdcaaebaaaecdd .................... 124 5
aacaacebeccbedaaecde .................... 72 16
ecdcbdcbddededaebebe .................... 110 10
eeabdbabbecacbcaaaeb .................... 110 10
eccdaeaddddddbdbaaac .................... 106 11
ecaccabaadbbbbbbbcdb .................... 112 9
beeaeacaeacddacccedd .................... 124 5
ccbdacecdacccbbbeded .................... 108 11
dbbecccebacdcaecceae .................... 116 8
daebdbcececdaacaacdc .................... 120 7
babbadbcdcaaccbebbbe .................... 102 13
bbcaaeacabdedddccdea .................... 90 16
dbbccceccebeddeadeeb .................... 92 16
dbcbecaadddbbeaededb .................... 86 16
ebdccaaadacebedaeabb .................... 120 7
ebcaeededcdceaedbcaa .................... 88 16
eabdcbcdebaecbaecded .................... 122 6
aeecbcaedbbcbcedddde .................... 98 14
bddadbbedaddaaabeacb .................... 130 3
dceaeccebbddbceadeec .................... 110 10
cddbcaadaadcddabdeec .................... 130 3
dbdbcccadbeddcceecae .................... 124 5
acbeeedaecedbdedccee .................... 112 9
aecebaaabeecbcbcabae .................... 90 16
bccccedcecbebcbacbee .................... 120 7
bbbcebaacceebddbcdae .................... 98 14
cacaeabdcdecdccebbad .................... 84 16
bbeeadaecadddeceebba .................... 74 16
dbacadbbeccbccbedcac .................... 92 16
debddcbdeaaabdaccdab .................... 124 5
ddadcbcdbdbebbaabbed .................... 112 9
aeacacedacdeaacccead .................... 88 16
eabbbccbbcaecebcdaeb .................... 116 8
ebccdcaacadbddbcaaeb .................... 110 10
cabcdeccaabbccaacebc .................... 120 7
cdbeaecaecdccbceabee .................... 92 16
cbaaeabeddcbdcddedce .................... 94 15
aceadceceaacbccdabea .................... 106 11
bbcecacabeacecadaedc .................... 110 10
aedaadbadbecdcdaeeae .................... 100 13
cedbdaddcbcdeebaabab .................... 134 3
cecaddeacbbaacaabdac .................... 118 7
dcbbbaabbedcbccbcdda .................... 78 16
ecbeeecbbcccedeeabbc .................... 80 16
bddedcddecdebceeeeaa .................... 100 13
cadbdbababeeabacbaaa .................... 114 9
ebdabecbededdbcbceee .................... 124 5
cdccdeadacdaceabceec .................... 128 4
bebccebdeedccdcdacbd .................... 104 12
ccedcddbbcabccaedadd .................... 92 16
cbebceddcdbbcdccbeae .................... 114 9
cdebbbaabaceabdacbed .................... 134 3
abcdadbdcdddccbaaada .................... 82 16
cedceabdceacabedadcd .................... 112 9
aadedcceccabdbbeaaca .................... 94 15
aeceedadbeedecdacaab .................... 90 16
bdbecbcaabeaabdbebce .................... 112 9
cadecebccaceeaedadce .................... 110 10
baaabcbcaaccccdecabb .................... 92 16
ddabbedddcebaecdcdcd .................... 112 9
baccdbeedaeeedebebbd .................... 98 14
ccccabbaaceadeebaaac .................... 110 10
bedcddecabbacceeeedd .................... 104 12
ccdcadbeccddcbddaaec .................... 114 9
bbabdbabebaebbeadbec .................... 116 8
bcbdbeadcdedcebabedb .................... 108 11
dceccbdbdbeaacbebbcc .................... 114 9
badcaaeedaccbcbcecec .................... 124 5
bdeebbaabdcabcecebda .................... 100 13
acaddaecceabacabddad .................... 98 14
cbaceacdccbeacaecead .................... 112 9
bdcacedeeedacdbcdbde .................... 110 10
dccabcbccabbedaecbbb .................... 92 16
abbdadcbbbaceacdedde .................... 76 16
eebadcdacdccdbdcbcee .................... 108 11
edaacdeeaadedacddadd .................... 98 14
debaaeedcceaccdedded .................... 92 16
aeaadedaabcccecacaea .................... 100 13
edeeacabadbbadecdece .................... 90 16
cabdcceedcdbcbceabbe .................... 72 16
abebcabbbedeeacabcee .................... 92 16
aaaecaebcbbbeddbcdcd .................... 80 16
ccbdebaaacebbceedcde .................... 90 16
aeedeacdacaeaeacdeae .................... 110 10
aeeaebcaccbaceabadbe .................... 104 12
aaceaceebbcddcdeaeea .................... 80 16
bcdbcddbebecbcacdaee .................... 114 9
decaedddcaacbdaeeacb .................... 86 16
bbedeceeebcaedecdbad .................... 92 16
aaeeabcebacebabedaaa .................... 102 13
abacbbeaebbddcaeabee .................... 100 13
adcedaeaccebdcbebbbd .................... 90 16
eeccdbbbbbcadaccecba .................... 110 10
acbcccdbcecbdcdebcea .................... 82 16
eeaaeadcccaddebdacac .................... 124 5
ceaddccadedcaacaccee .................... 118 7
bbbaddcdecacbacebdba .................... 92 16
acdadabeeeeeaaadcdda .................... 108 11
beacdbcddcbaabebdeeb .................... 136 2
ddeebadacccddbeabedc .................... 104 12
abdeaaeababdedadaebb .................... 106 11
cccdccbbddbddeaccaed .................... 126 5
edadaabccbdeeacdccdd .................... 100 13
bbcebedecbeeedaedebc .................... 88 16
bbabedbaaceacccaeaea .................... 86 16
bccddeaaaeaeaadcaeda .................... 100 13
cdbdacadaaeeabccdabe .................... 100 13
ddcbeaecacedadbdcbbc .................... 116 8
ceeebeaddcbadcacdebe .................... 120 7
cbecbabdddabbccebdde .................... 106 11
becebbaeebcbbaeebaba .................... 86 16
ebbcbbcdeedcbaeadabc .................... 104 12
eeabcddabeeaceddcceb .................... 122 6
aaecdaedbdeeabddcdee .................... 110 10
adebcdbeddbccaddedae .................... 106 11
deceaadecbadabaeadea .................... 92 16
ceccdceddcedecdeadca .................... 96 15
dccaeedcbcbcadddbecc .................... 98 14
cdedcbbbbdadcaaccebb .................... 126 5
abcaeacebeadbeccadea .................... 98 14
bdbeaadddedacaaeecac .................... 100 13
deabaecaeecebbdddada .................... 104 12
bbaddbadaacbbeeeaeeb .................... 106 11
dddccdedaaedadceaaad .................... 114 9
ddbddbacadaccbaeddab .................... 96 15
eadcebeabeadecceddad .................... 110 10
ccabcebecccceeedbede .................... 112 9
acbacecaceedbbcacaae .................... 116 8
eabcedecdaedbcedeacb .................... 98 14
eaceebbeabcebdedadcd .................... 94 15
aebdaaddacbceacabada .................... 64 16
eeecccdabecacaacccab .................... 118 7
adabeceeaeeedcbdceba .................... 94 15
aabebceacbbabcbbaeea .................... 98 14
ddbdcccbabecbdbbcded .................... 108 11
cbcaaabaabeeebeaacca .................... 84 16
edeeadcbbbeaeadaaadb .................... 92 16
cdcdceececaaebccedbd .................... 108 11
aadabddbbbcccdacceba .................... 88 16
ddedeacbecccedaceede .................... 90 16
dbbdadacccaeebdbeeca .................... 66 16
eeebbbdcccacceacdcbc .................... 120 7
ddaeeacdadcbcaaedbab .................... 86 16
adcdeeedcbcceecdadca .................... 82 16
ddbadeacebcebedeeace .................... 100 13
eebecbadeabddccacebe .................... 128 4
adaedaaedeeccecccecb .................... 96 15
dcedaadbbaadddebcdaa .................... 100 13
eabaaaeebceebecdbeeb .................... 92 16
abacdcdaececbbbdaece .................... 98 14
bbcbeaebdabbbeeaaaab .................... 100 13
bdedbacadabaeccddbcc .................... 124 5
aacccddeddbdaeededba .................... 94 15
cceddedecdecddbeadcc .................... 96 15
badcebebeeeaececeedb .................... 94 15
cbbdddcabbcdeeebaedb .................... 108 11
bebeeaeaabadeebabeed .................... 116 8
ccaddcaecbcdcddaebdb .................... 98 14
bdeebecbaeceecbedaae .................... 108 11
ddcecebaeadbdcceedca .................... 86 16
debddbbaabdbabdbdeca .................... 94 15
dacebbdbbbeceeaccade .................... 90 16
cdcacaadebcecccdcaaa .................... 122 6
bbbdccbbccdbaccbcada .................... 80 16
ceebbcacbedebaabddea .................... 94 15
caacbbcdeebeaabdaacc .................... 124 5
abdadbdaadaabbabcbcd .................... 116 8
acedbddbeeeecabacdde .................... 86 16
cbcccdeebdedbbcdaeaa .................... 100 13
abcbeecddbaadeacadde .................... 118 7
bcdeaebbeaccdacbcede .................... 110 10
aebeccbdcbadcbcdeece .................... 110 10
daabadaecddbceeabaab .................... 70 16
cadcbccbdacbbdddebbd .................... 116 8
baceccedebaaddacdbda .................... 102 13
caecbbbeceeaaddadbbd .................... 106 11
adcecadadcceadaeeecb .................... 96 15
ddbcccecaeeceedeeeaa .................... 78 16
ddcbdbcbcabdcbebabca .................... 112 9
beebdcbaebbcadcebaac .................... 116 8
abcdddddebaacddeaecc .................... 98 14
aacabbcabbddaedadabc .................... 114 9
bbabecadceecadceadae .................... 82 16
aeecbeeaecbedcdcaece .................... 94 15
adcebacdeadacacecdbc .................... 108 11
dccaaadabeeaacdbeacc .................... 92 16
abbeecdbbabeeccabbbe .................... 70 16
ceeccccaaccdbdaccede .................... 128 4
bcecdaacdcdabbeebceb .................... 112 9
abbccbccbbaceadeeddd .................... 94 15
dcebabdbdecaaddbadbd .................... 106 11
aaaeccdbebbaabbdaaab .................... 106 11
eabbacaeaddcecdadcea .................... 78 16
cdbdddacabddcabdebab .................... 108 11
aaebcbebccaeaccccdcc .................... 106 11
dbabbababaeaeadbcdaa .................... 102 13
caeccbcedcceecabcdea .................... 118 7
deedcdaedbcedbacbcae .................... 104 12
caecaabeecacabbacddc .................... 114 9
aebaabeabbcddaaceede .................... 100 13
aabaeedbbdeaabbcaacd .................... 86 16
eecbbdaccdabebdeebdb .................... 82 16
dacedbcacdabaedaeacc .................... 110 10
eedeaeeddbebddbcddda .................... 110 10
aaaeaeddceedabdebeaa .................... 84 16
ebcbddeecadecbccebda .................... 86 16
dcddddddcddbbdacbacd .................... 94 15
dbbceecdebdbadbdaaad .................... 112 9
babddcabedabcccddcca .................... 88 16
cbabdabadcbedcbccddd .................... 128 4
bacbcceaeababdaecada .................... 110 10
caadbbcddcccbdcebbcd .................... 98 14
dbcedeecedcdeceebddc .................... 94 15
cbdadeceaeccdbeadeeb .................... 118 7
cddbddbbbdabbdcbbbad .................... 116 8
adeaadcddcccadeebace .................... 96 15
caeabaedbeeddbdbbcde .................... 106 11
cddecaabecdaacbbcbcd .................... 120 7
cdabdaccedbbebcacdba .................... 110 10
caaecebaeaccececaacd .................... 102 13
bbbccbebdddcbddedeab .................... 96 15
eeccaaeacaddaecdebcd .................... 104 12
dadcadcaebcabacdaddb .................... 104 12
caeeeabadbaddebaccdb .................... 134 3
cbdaaccdbeebadbbabab .................... 110 10
dcdebceacabeaccdbbba .................... 102 13
aaabacbabcdbdaadeeba .................... 74 16
bddaeebdcaaabbdcbbaa .................... 126 5
caccbaebcebedceedcbc .................... 90 16
aaaecacccbbecbdabdaa .................... 90 16
dbeeabdceeedbdcabecb .................... 92 16
addeeddccccacdbcebde .................... 98 14
aaeedeeaadececadecdd .................... 90 16
caeccaededaccdcbaccc .................... 106 11
ebdbadbcdeccccecbada .................... 98 14
abdedebdeebabadcebee .................... 116 8
dedeaddbaccbaddabcde .................... 86 16
bbacdcaabbdacdbccccc .................... 118 7
daccbbedbaaabecdccab .................... 132 3
abdecebbbbdcabbbcdee .................... 114 9
acccebaeecbabadecedb .................... 98 14
beeadcbdaddeebdcaaca .................... 88 16
bebbbedcaabbdcbdccba .................... 118 7
cbbeddabacbadecddcad .................... 108 11
ccaeceaacacceaababde .................... 98 14
bdccbeddbeeedeadaedb .................... 104 12
ebadbdceceaedbeddcaa .................... 100 13
aecbcccbebeaceedabcd .................... 102 13
cadbbcccbeceaabbdcbd .................... 126 5
aaeabebacdbedbcbbdcb .................... 84 16
dabddaeeeeeaaeaaaccb .................... 90 16
eabbbadddcdeddbbdaab .................... 108 11
cdeaaccedccceabbcdba .................... 108 11
dabccbaabeaacdcaabcb .................... 92 16
aacceeaabaedbdacacbb .................... 98 14
ceabcbdcaeccaecdcedb .................... 120 7
dbcdcabadabdabcbedca .................... 104 12
cabbbcdcbaaceabaeaca .................... 96 15
dddacedcccbedbcbcdce .................... 106 11
bbaebadbaedaebeebbad .................... 72 16
ccbeeededbadbeadabcd .................... 114 9
ecdbeaddaabecdcacbdd .................... 114 9
acbbdacaaeecbabbdcbb .................... 110 10
eabacedabeadacbeaabe .................... 114 9
ebdceabbdeaeaadbddae .................... 112 9
cedbacecaacecbeedccc .................... 108 11
acadddebbaeebeeaadce .................... 80 16
ecbebdaeaccaecabaaeb .................... 90 16
cceadccabeadcbcbebdc .................... 120 7
cadadedeacaceaabddce .................... 100 13
cdcbadadcdbadabcaebe .................... 114 9
daedecddddbcadbeeaaa .................... 88 16
dbadbcaceaaeddddcbca .................... 92 16
ecbcdebdedacacbbbbae .................... 126 5
dddbecedebedbadadaea .................... 114 9
addcddcbaebccebdaaca .................... 106 11
eeccacbabbdbabcacccb .................... 98 14
eaeedccbdeeaceebdcaa .................... 110 10
ccababcbcadacccecaba .................... 108 11
edbadabaedbccbebbabe .................... 106 11
bdcedecaccbdbbcbcacc .................... 126 5
cbddbebbaeadddaccecb .................... 116 8
cbbdabdcecbadbcddeac .................... 112 9
cddedaedecbedecabebe .................... 120 7
caeceacedcdbcaecedcc .................... 88 16
dcaabbbdddaaeabcbcec .................... 136 2
bbcaaaebeebbebbdeece .................... 92 16
caebecaccaedccaeadcc .................... 96 15
bedcadddebaeabeeadce .................... 98 14
dbbcccecbdebeaaaddec .................... 84 16
dbedebcebebbabadcead .................... 112 9
dbeaadcbcdbcabaccacc .................... 94 15
eacababceecbaccebddd .................... 90 16
bbdbdeddbdceebcbccca .................... 112 9
ebbeccadcbeebddcbbda .................... 88 16
eebebcdabdaddccdbecb .................... 104 12
adbcbbadccebbcbcddaa .................... 102 13
dcecadaaacbeddaeadbe .................... 76 16
eccecceaccebdadacaea .................... 96 15
adbeaddaecbceabaedce .................... 78 16
cedcecbbdeddbadacaea .................... 112 9
baaccddaedcadddacceb .................... 110 10
ddabedeaeaebbeadbacc .................... 102 13
babacbceedebbebbbaac .................... 116 8
dadceebdcccdcaddeebe .................... 110 10
dedeededbccadbacaade .................... 96 15
dbcbadddadebdaeebdda .................... 62 16
eceedbaeddadacbdcaee .................... 154 2
abcbdedeadebdebdeeed .................... 108 11
eabccdbcccbdebdeaadd .................... 92 16
cbeecaccebddcadccacd .................... 118 7
cccebadeacdcadbaebdd .................... 90 16
bcdbbbaaaadeedaaebaa .................... 104 12
dcdcbcdebeeddbededbe .................... 98 14
deedeebbbbdaeaddabad .................... 88 16
bdcdaecbaedceabcbaed .................... 96 15
ecccaeaeecadbcdbeceb .................... 114 9
cebbabdbeeadaccccbca .................... 108 11
aadeeeadcbeaeadbcbed .................... 100 13
dececbabbbaabdcecdba .................... 100 13
dcdbbabcededccdbadec .................... 116 8
edcbbbcbebbadaddebed .................... 128 4
eccaeeaaeeceabddbdee .................... 112 9
bdebebdddedadecddebe .................... 124 5
baaedbdabcacdeabeaeb .................... 104 12
bbcabaeacabcabedeabe .................... 104 12
eabecbcbbaeddbeadbdd .................... 108 11
baceabbbcaaeccddeded .................... 108 11
dabbcacdaebdccbadade .................... 118 7
beeedebebeadccaddadc .................... 124 5
adbcdaeeabeeadeeeceb .................... 94 15
aabbecdbdeabcadeeada .................... 68 16
adbdeadecddadecdbaee .................... 90 16
ecdcdddeeeaeddbdbbac .................... 126 5
acaebbbeeaedebeeabde .................... 92 16
bbdeabaeeeacccacbded ....................failed
cbededabdbbcdceeceae .................... 94 15
bbeaaeaecdabadabeddb .................... 88 16
bdebccceeeedcdbedabd .................... 122 6
aeecceaaeaaddbeaeadd .................... 114 9
addccdbaddedbdaabaae .................... 120 7
eaaadecacbaecabbebdb .................... 112 9
ccececcdbadcbaaeabca .................... 88 16
bdcacedcbcddcbaccadc .................... 114 9
bbdbebeecdaaebbdbdcd ....................failed
bcebadabbebbbeddbddb .................... 92 16
aabcaceabdadcccbbcde .................... 90 16
ecccbdbddecbbbeeabde .................... 94 15
aebaedbedccddedeccde .................... 100 13
acdaaabcedccceeabbdd .................... 92 16
baaecbdddaeecbacbbcc .................... 106 11
bbaebabbdbbccacbedae .................... 90 16
debeebaedebaedadabbd .................... 94 15
accceecbccbdeedeecac .................... 102 13
ebdbdcdaabeecdbccbbd .................... 120 7
becdceedbddaaebaacbe .................... 114 9
accbbcbcbcbcabbdcbde .................... 112 9
cbaccdcecbdccdaebbad .................... 90 16
adedbedeabebabceccee .................... 98 14
eccadaaaeeabecbaadcc .................... 110 10
aabcebecadbdcbccdcea .................... 94 15
baceccaedeabaeaddbca .................... 96 15
daacebacddcdacaddcca .................... 106 11
dcdadbeeaeccddeaadbe .................... 98 14
ccaacaeecebedcabeddc .................... 96 15
cceebbdbaecbccdbedbe .................... 92 16
aeeaeedbdcabcbeeacda .................... 80 16
aeeceadbcabcebccbece .................... 84 16
cdbccbbeadebeedaebaa .................... 94 15
acedccadebbcbaecccec .................... 114 9
aadaacedceadeaeaaecb .................... 90 16
dedcbeeeadaaadaccdad .................... 118 7
dbedcdabecdecbebbabd .................... 74 16
abcecabcbbbccddeeabc .................... 88 16
aaabdbddbbdaecabebce .................... 94 15
ceececbadbbbbbabecbd .................... 110 10
bdeeeaaddbabcbbacdbb .................... 118 7
eaaecbedddadbecbecdd .................... 122 6
bedeacdcdaadadecdbbe .................... 120 7
dbcdcddeccbaccaeadcb .................... 74 16
caedbcdcaecadaaaddec .................... 98 14
cacbabbdaddeaaadaeda .................... 100 13
dccacccebdaaddecedda .................... 98 14
adbdbaeccecbceadadbb .................... 84 16
caadecbbbaecbadeceac .................... 92 16
acdecabebeaabbcbabab .................... 106 11
abababbbebdebcceeade .................... 82 16
beceedbbaebacaccebaa .................... 76 16
eecacdbeabedaeaacadd .................... 114 9
ebedcbecdedaebeccbee .................... 112 9
daeeaebdecbbbeebadac .................... 94 15
eeedbcbeebbaaaadcbbd .................... 114 9
deccecdaebdacbcbeebd .................... 88 16
babaeecbdcaddaedeeec .................... 116 8
caabaadcdeaecbabaace .................... 96 15
acacaabbededbcaaeaea .................... 88 16
cbbebcceaccbdebdddec .................... 114 9
dddbeaaddabdddaeebbc .................... 118 7
baceccbcbdbbbbaeccab .................... 100 13
bdadbdceaabebbddcbaa .................... 106 11
ceacdbdbddaceacbdaec .................... 114 9
bdeeeacdcbdbeadadaba .................... 92 16
debcdbdaebbeaeddeaed .................... 122 6
aeebdbacdcaddbcbecbd .................... 122 6
bacbabbcecddbbcabcdb .................... 104 12
ebccaeebadbecbbecccc .................... 98 14
cdeaedabbeacdcdbbdeb .................... 94 15
ecbadbedcdecbeedbcce .................... 114 9
ddcddebcaceaeabaadeb .................... 104 12
cecdecdaedadcaaddabc .................... 110 10
eccddbdcaedeecaddabc .................... 104 12
bcbedbdcacccceecdaca .................... 94 15
eebcaeabacbeaacddced .................... 102 13
cbedeaaabcecacdbbbea .................... 84 16
acdddcbcddaaeebaddde .................... 124 5
eceaaeebeddbddccbcda .................... 84 16
cdabbcebdbcaddbceaab .................... 122 6
baeeeeacecadbebaecac .................... 120 7
dbbddcbebbcbbceacaeb .................... 98 14
bebedcdbacdcecddcaec .................... 96 15
accbecbebcceeacbbbbe .................... 78 16
cdebeceebbcceebabeec .................... 118 7
acaacbdcebbeeeddcddc .................... 114 9
ccabaaaeaaaecbdbaeac .................... 110 10
dcaecabbddccaddddebb .................... 106 11
dadedaacaeabcbcbbaed .................... 100 13
beddbbacadcaadbcebbd .................... 114 9
ebdedbccbabedaebdecd .................... 124 5
bdcebcaadbecabcbabaa .................... 92 16
bdbeccdddcbdbabeeead .................... 120 7
ecaaeeeebdbeaecddaaa .................... 100 13
abcdecdaeaddabdeaadb .................... 84 16
acaabbdaebccdaecdebd .................... 100 13
ebbebdcecedbcddcedda .................... 74 16
abddbbbcbabebbcadbed .................... 110 10
ececabceaaedeeddbbdc .................... 120 7
bbccbcebbabaacbcebbd .................... 106 11
abceccaaabeadbbccaac .................... 112 9
aeecbbebeecbbdeaacaa .................... 90 16
cceecedbceabbcbbcabb .................... 116 8
cabaacdaccdddacebbbb .................... 74 16
cccdadacadbbbbdedeee .................... 90 16
bceeabeccbeadcdeebcd .................... 90 16
dcadcdceaaaaccdeabbe .................... 96 15
aaaabccebbbdeebdcdbc .................... 116 8
bebadeddebdcacdeabaa .................... 92 16
adecacdbadedeeacdebc .................... 92 16
caebaedcbddebbdeadba .................... 78 16
acadbedadedddaadabdd .................... 92 16
dabcccdbaaadccccadbe .................... 94 15
beeebdbabadbedcabdbd .................... 88 16
ebbcddddebdbceeaebeb .................... 92 16
abbcedcddbcaacabcbdd .................... 108 11
ddedceccacbceaaedcaa .................... 96 15
bdcdeeeccdcceabdbebb .................... 98 14
cbcaaeabbbcabbeaebdd .................... 92 16
beabebaeeddaddecdadc .................... 100 13
cdbecadcecbdeddcdada .................... 106 11
deededbadbabbddcdadb .................... 100 13
becbbdbbddbcccdccedc .................... 108 11
bbeeabbeaabeecdaaaeb .................... 100 13
dbeacddedecaebacdcdd .................... 104 12
dcdcaceebbcddabeaacc .................... 102 13
ecccdbacbdcdaeeacadd .................... 126 5
aecedecdcbebbddcedbb .................... 100 13
dddbdeabdbdbeccabaec .................... 114 9
acbeaecaebbbcbeeacbb .................... 90 16
bbccddcbdccdbacddbcb .................... 108 11
caeceaddbaadcdbbaccd .................... 122 6
acbdbcdbdbcaeabadaeb .................... 102 13
aececabadddcdddaeedc .................... 94 15
cbebdadaecaddcebdeae .................... 128 4
dcacbeaaadbccacbceca .................... 84 16
abedbecbedbcdebedbcb .................... 88 16
ecaceeacdacdeecedace .................... 108 11
ebacdaaceaeceababeeb .................... 110 10
abaeebbcecabcdcdddee .................... 100 13
dddeedbddedbdbacadee .................... 100 13
bbcccdaacdccbaaebddb .................... 82 16
cdccebdeadeaecabbecc .................... 100 13
aaeecdddcaebeaddeeac .................... 96 15
ccacbcccedacbbcecabc .................... 110 10
bcabbeddabddcedcdcad .................... 120 7
aedeecdbaabdeabbebdb .................... 92 16
ecdcebabaddbaddedbdc .................... 92 16
cddbddbeadddabbcaece .................... 128 4
aebcebcdabaccbadbbdb .................... 102 13
bdbcdcbaecdccdecacec .................... 108 11
babcaedaadabddbcaeed .................... 102 13
adcbddecbddccccdbbcd .................... 86 16
cbeeecaabbeccecaacaa .................... 88 16
baedcdceacbdcdddaddc .................... 102 13
ecbcddcbecdaedeaabde .................... 92 16
cabeddabacaceeaebcce .................... 84 16
eaccbcaccedebbbbbeed .................... 100 13
bbbecaeeabdeadbddcac .................... 114 9
deaebbadcedbcecedddd .................... 82 16
aadcacabedacdcbdbeec .................... 108 11
ebdcdbabaaadaabcabac .................... 138 2
bdbeedeecbdcdddceeed .................... 86 16
aeecbdadeabbcdcdedec .................... 104 12
acdbacaadececeeabcde .................... 106 11
ebaacddbcaccdbcdbdde .................... 94 15
dbcdcbdbccddadebdcbc .................... 100 13
eeceddbbcccdbeacabab .................... 104 12
dedcbbebeecdbebbedca .................... 108 11
bdbcbcbabcbbedebaeeb .................... 96 15
cdaabeeceadeabebabdd .................... 100 13
aebceeabeebbaeebecde .................... 84 16
bdbddebdcbadceddcbae .................... 136 2
cabbeeecaecdbcadccac .................... 122 6
cdeedbaacadccbdadbde .................... 112 9
dbbcecbbeeebddcbdcba .................... 72 16
ccdaccbaaabdbaaccbde .................... 132 3
ccdeccddeedaaceeeecb .................... 106 11
dbdaedccddcadeddaaee .................... 118 7
adecccbbbdeebbccdaad .................... 98 14
acacedcbbababccaeabb .................... 92 16
bddddbbeedcccdcadcec .................... 126 5
adbdcbcdcdabbcecaade .................... 108 11
acadceaddebbacbaecbe .................... 110 10
aeedceabcbbbdcddbded .................... 98 14
cbedbdcdccbbdebcbbdc .................... 108 11
cabdbbaeeeaddaacbebc .................... 108 11
cacebabadcadcaddbebd .................... 120 7
edecaccaeeaeebceeeeb .................... 106 11
abdbcddaadacddeaabbc .................... 92 16
eabadcdcaedcbabbaabb .................... 86 16
aaedadcecbadeaceabeb .................... 82 16
ceeecaeeadbedbbdccaa .................... 118 7
edecedbaecdcbdadbcca .................... 96 15
cceaeabeeaaeccbebcdd .................... 120 7
bdecabebbddbbbbbaacb .................... 92 16
bddaeecaaddecedaeecb .................... 102 13
dddbcceeeaacebddedad .................... 120 7
adcdcbacadcaababbdbc .................... 104 12
babacebbdcbabceceece .................... 104 12
caeeaeddaaeeacababac .................... 100 13
dcabdaebbedcbaadecbd .................... 94 15
abccbceeacbecabeebbe .................... 74 16
becbaccbcbabeaebdcba .................... 94 15
cadbbcebeaceebabdbde .................... 104 12
debecddcaaceceeacede .................... 98 14
acddcbddcebebaaddcce .................... 116 8
daababdccedddcddecee .................... 104 12
debbcdbbceadcaddbddc .................... 106 11
ccbeeaabdedacbacdedb .................... 96 15
baeadebecccebebabbba .................... 102 13
cddddbadcdedecdadbdb .................... 118 7
beeeaaacdccdccebdaba .................... 96 15
acadeceddddadcaabdeb .................... 88 16
bbeaeddaeadcebaadead .................... 94 15
ceccbbbccdadeedcaeeb .................... 124 5
beacdbbbacbcbaceedae .................... 92 16
eedaebdcdbddaddcceba .................... 124 5
bcdbcdaedcaacdeaccaa .................... 126 5
baddbedcdccaeeedaedd .................... 110 10
bbbdcabacdcabbbbecac .................... 118 7
eeaabacebdddaaedadce .................... 100 13
edeaeabceecdcddccaad .................... 122 6
eccbcccccbcebceacdac .................... 124 5
ddcabdccebabedbaeccc .................... 112 9
bcbbeeeeaaaedadcadcd .................... 96 15
eaadcceeeadceeddaeda .................... 86 16
bddbbadbccbdceeaedda .................... 102 13
dedacccecbdedadabedb .................... 100 13
cbaccbadaceebdadbabb .................... 106 11
deaeaacbcaecdcdddbdc .................... 92 16
deacaadcbdeedbcbddab .................... 78 16
ddebabadcaabcdebcbae .................... 118 7
eccdcecdcaddbaacccca .................... 124 5
abaebaaabbeeebebacdc .................... 82 16
dabbecdcaacecaedecbd .................... 90 16
dbeaccadaccbabdcadad .................... 96 15
cdaebbaeceaedeeecbba .................... 96 15
bbebdabdebdaeeedbdca .................... 110 10
dcecedecabaedeecbada .................... 86 16
bcebadadcadbbdcadddd .................... 96 15
dcbaacbcccccabbddbde .................... 100 13
caccecbdcbbedbadcebb .................... 110 10
debceedcddedeccbadee .................... 92 16
daabeacebbebabebcccc .................... 98 14
cbecbabbcdecbebecebe .................... 106 11
dabbeeecedbabcabaccd .................... 94 15
cedcbdbdacadaacdeccb .................... 122 6
eabcedcadeecddddedca .................... 84 16
abaeaaeccecebdcbeded .................... 78 16
ebcaabecbbbacbdddecd .................... 112 9
aecedbdebedadeeadcaa .................... 98 14
cddecbaecaceacaedeee .................... 132 3
accdbdeaabcacebbebac .................... 100 13
ecbbecdacadecaacadbc .................... 94 15
ebdeadceecdceebabecb .................... 96 15
abceeebceedeebabdcbe .................... 84 16
bcdbdbdbcdabcacebdcb .................... 102 13
adaaaadadbbabaebdddc .................... 102 13
dbadbbbceccacdcbdaad .................... 102 13
abcceacaddbeeadbceba .................... 94 15
ccebeceeeacedeecadbd .................... 104 12
eaedbcbeecbdcaccaebe .................... 96 15
acdeaebaeabadcdecddb .................... 112 9
bacdcdebbdccdceacdbb .................... 78 16
becbeeabdaabadceccbb .................... 112 9
cbcdeeccedbcbeeeeeee .................... 100 13
ebabbdebbeabbbdaeced .................... 98 14
abedbacdbedeecaebbab .................... 80 16
bcdbddbdeedcebbcdcbc .................... 126 5
cadebebcddcaacbccbec .................... 140 1
ebeeeddbcdbdcbcabdac .................... 90 16
abedbdebedabedeadcaa .................... 78 16
ccecdcaadccceeabbbba .................... 100 13
bbadabeaacceaadcbeac .................... 98 14
caeebaabcaaababbadcd .................... 108 11
daadecccdacdedbeddab .................... 106 11
cdbacbdecbebddbbceee .................... 126 5
aeacdccabcddecaeeedd .................... 94 15
aebdbeeedbecbedcddcc .................... 90 16
bccbddebdaddcbdaddab .................... 114 9
eacbacebebcdbcccdadc .................... 104 12
baadbdbbaceddcebaeab .................... 80 16
ecaccbbbacbdddcadadb .................... 108 11
adcceaeaaeedebbaadbc .................... 94 15
cbbdcbeebacdddddcdca .................... 114 9
aebcecaebcdcdacbccce .................... 72 16
baddbbdbdceeecbceaec .................... 110 10
dccbdbbbccbcbbdaabba .................... 94 15
cedbcceeebbadaddabdc .................... 120 7
cddacaadaeebbbaecbce .................... 106 11
eaecbaaadbaeabcdedbc .................... 114 9
daaaadabdedcdcdbdcba .................... 68 16
eaebebeeaaaacccabeca .................... 104 12
abccbaadceeedabecaee .................... 98 14
bdaeecedacdcaaaadcaa .................... 86 16
eaceeaaadcbbbbddcccb .................... 104 12
cccaececbeebabdadacc .................... 92 16
caccedbacacbcbddcdad .................... 110 10
babdeebbdcadbdbbbecd .................... 108 11
eabedebcddadbcadeedb .................... 122 6
aaaacedaaaccbdadbbac .................... 102 13
dbbedbddddceebdccddc .................... 110 10
daecacadcacddbabbdab .................... 100 13
bbcdcccceeeacdabaaca .................... 90 16
cecdeeebbcdecbadecba .................... 82 16
aecdadbeacaacdbecbeb .................... 94 15
cdedacdccdbecbaccdda .................... 92 16
dcecddadbaebbccbecba .................... 96 15
dcebdddcededbddcddae .................... 112 9
babbdbdabbbbbacdedcc .................... 106 11
dadaedbebdecbbaecdbc .................... 84 16
aeeddbdaeebcccaccdea .................... 104 12
ebdcaceecadccabadccc .................... 104 12
cebeacdddebbeadabebe .................... 92 16
aeddcccbbdcccecbdaee .................... 102 13
aaabbdeebcbaeecebedd .................... 80 16
bbababbbaaeccbaacdcc .................... 98 14
dcdddbccacdaadadacac .................... 130 3
cebcdeaadeeadecabadd .................... 112 9
cbaadbcaabcdaebcaecd .................... 138 2
cbaddcebcbabedbcadac .................... 104 12
eeedbbabedebaddacabe .................... 100 13
adeaabeeedaaabebadab .................... 104 12
cbbcdbbbbcebddcbdcdb .................... 100 13
bdbadcbbaeeebceebbad .................... 88 16
caadcbebacddeecccaac .................... 104 12
ceeceeadbbbcedcacbcd .................... 98 14
bbeaebaacddacaeddbde .................... 96 15
ebecddecccaeabbdeacc .................... 116 8
debebaceebeaaecdbced .................... 118 7
dbecebbcccadcdbccebd .................... 124 5
beabddcccebacedceece .................... 112 9
cbddbaadbbcaaaaeadcb .................... 102 13
aadcabaabddadcdeebbe .................... 84 16
dcbccaaccdbbaaaaaccd .................... 92 16
bbaceeeecbaeaecabcdb .................... 98 14
dcddcbbccdedaeceeadb .................... 108 11
edbbeabcbbdadcdbaabe .................... 102 13
ebadddbadcedeaccbbba .................... 90 16
ceecabededaedcaaaeba .................... 104 12
daeadabcdebedebdacac .................... 126 5
ebebdbaaabeebdbcbdbe .................... 120 7
bcdbeabcaceaaecaaedd .................... 110 10
caebadcedbadebcddbdc .................... 120 7
eaddaddadeacdecbbcaa .................... 98 14
dbcacbdcadebdcbdcaae .................... 112 9
acaceabbebcbdaaeccde .................... 90 16
acbedddbecacbaaeedda .................... 72 16
cccaecadbebdbaebbdcc .................... 100 13
dcaeedddabbaebdbdeed .................... 98 14
bacaccaabceadabdceac .................... 120 7
abeeaabeabaebcacddcd .................... 90 16
aaeddebcdbdcadbadbcb .................... 100 13
eeccaecdabcebadcddca .................... 100 13
bcceeaedbbceceaeddba .................... 88 16
edccadbdcddccadaebdb .................... 80 16
abeaaeeaaeacbaedceeb .................... 102 13
ededcaaccdcedbacccea .................... 112 9
ddbaaaaebbaeddebcade .................... 96 15
