bacaaccededabbadcdcb .................... 102 13
aacddcbeccddaccddeeb .................... 102 13
abcdcbeabbebcaebeabe .................... 84 16
dbdcebaccdebbbabbcba .................... 90 16
cadcadacdaaaadbaeccb .................... 126 5
bcbacaeabbdccbadcbca .................... 94 15
aaabaabdadadabdebcda .................... 96 15
cbacedaaebbdbadbaace .................... 96 15
bedccbdeaddabadbbcde .................... 110 10
aecdecabcebcdbadbbde .................... 72 16
beabadaceddbbdccbabe .................... 82 16
dcccaeaddedaeaebcbac .................... 100 13
adadeeebbccbdceeaaed .................... 74 16
ccaceadcdcbeeeedeebb .................... 100 13
bedabedacddbcbeeabaa .................... 82 16
aecddddaaecbcdeaceaa .................... 86 16
addabdaedeeabbcdaaba .................... 98 14
bdbecdbeaaedbadabdcb .................... 98 14
dcdceabcaacdecababcb .................... 100 13
aadcaeadcedcdecbebbe .................... 78 16
adebecdcaebbacaaeecd .................... 88 16
bdbedadbababdcaacaba .................... 98 14
abecddddaabacaedeecb .................... 102 13
cdaacedaceebccccdeeb .................... 108 11
aaecaacaedabcaecceea .................... 100 13
ccdbecacccbaacbbeccb .................... 120 7
dbedddabedabbdecaccd .................... 88 16
bccbbdeccdcdbdeddbdc .................... 108 11
ebaeeeaecadaceebebeb .................... 90 16
ebaebcaecccbacdaaddd .................... 82 16
aecadaaaaedcddbabdbb .................... 88 16
edaaedbaacdccadbbced .................... 92 16
ceaebacaeeaedabaeeec .................... 122 6
dadbcedeaebeceadbdea .................... 104 12
cddccabaddceebaeaccd .................... 118 7
adcadeebcccdddacaaac .................... 108 11
cbccbdcccdbceebcebae .................... 104 12
ebcbabcdedabeeccceda .................... 116 8
eccddeebccaccbbeaedd .................... 102 13
ecbaaadbdddacdcbbcde .................... 94 15
edbdadaeecedbbceaadd .................... 82 16
dbcdaaccaeaabccceead .................... 100 13
abdddbaaaedbddbceead .................... 106 11
caedceccccaeadaaebee .................... 112 9
bdcdaaedaeedbcbbdeea .................... 108 11
ddeeedadacbecaeeaccd .................... 78 16
abdbbbbccabcbbcbcbde .................... 114 9
aaaeeadedbaacbbaddea .................... 100 13
acebbaebebbcdabbbbeb .................... 100 13
dabdacabbecbebaeeecd .................... 58 16
daaaaecccbabadeccead .................... 110 10
ecccdacdbececaebaccd .................... 110 10
ddddddcaeeeaceccbcac .................... 124 5
adabacadcbeaaeceebdb .................... 88 16
dbedcadbbbedaaeeadbe .................... 84 16
abeabebeebceaeaabbda .................... 92 16
deebbaadaedbcccdeccb .................... 90 16
ebadcaeebcdbebceeacd .................... 68 16
deebcdccbaadeddcbacd .................... 120 7
dcedbeabaedbddbbbade .................... 84 16
dbdbedbccdabeccebdde .................... 86 16
addacdaccdbdbacbabbb .................... 96 15
cdbbaeaccbaebdbdaace .................... 120 7
ecebacbeabcddbacaecb .................... 106 11
bbaacddcbbddeeaaeacb .................... 88 16
cdceedbaeecdbbadaaba .................... 106 11
bddedcdeecccecbbdcce .................... 114 9
eeeebbdacaaddababcea .................... 132 3
bdadaedababaabdedacd .................... 104 12
beddcdbddbeebaadbcba .................... 114 9
edccededdeccbadceeda .................... 94 15
ecceaecabeecdcddaebc .................... 104 12
cdcbdaccaedabbbdeace .................... 128 4
ccaecceebbdecdbdabaa .................... 98 14
adbebddeeeaccabecedb .................... 92 16
aeacacbcddcbaecccdbc .................... 98 14
bdaebebadaceabcedaac .................... 120 7
abdabedccaeadaaeeece .................... 96 15
ccaedbabedccdbccdecc .................... 106 11
aaddaebbddaaaacbbeae .................... 106 11
ccdbdbbdaadbeadbdaad .................... 130 3
cbebdcaabcceabbccaad .................... 130 3
bbccebccadedbcaabcae .................... 112 9
dddeecbbabdabceadbaa .................... 90 16
ccdbebabecebaeeceebe .................... 110 10
caedbcdedcdbcbdceeca .................... 78 16
cbaabdcddbbebaacbeac .................... 120 7
dcacdbbdeabcaedccaee .................... 136 2
dcaaabcebbdbebbbcebc .................... 108 11
ebcceebdbeeceeabdadd .................... 94 15
dcccaceeebaddbbdcded .................... 124 5
ceedbcdddcbacddeddbd .................... 104 12
caabceaeceedebdbbeda .................... 96 15
daeeeeeebaebaeeedebe .................... 86 16
daadaeddeccbcdecddeb .................... 84 16
adadcdebbeccddeceeab .................... 80 16
bddeebaacaaaebacbdaa .................... 120 7
ecbacccdeaceabdddcbc .................... 136 2
adadddaaeccddaddbcab .................... 108 11
bbedadbceadcdaccaedc .................... 86 16
eecdceacabdedbbeaeba .................... 90 16
eeacacdddbcdccebeace .................... 102 13
caaeeaadeecebbcbbcdc .................... 96 15
ddbedccdbaadddcbbeca .................... 116 8
ddbbcaaadcbaddbbedcb .................... 112 9
daeecdcbbccbabddcaae .................... 106 11
dcbdacbeadecabbeccee .................... 96 15
adedbadaedcbbeadbaae .................... 104 12
beeeabcdbacaabdbcaec .................... 138 2
eaeaeedeebaedacdccea .................... 110 10
beebebceadbdaebddddd .................... 132 3
baaccddbcdaacabdbbee .................... 106 11
baecaddbacecabbabebc .................... 86 16
bbddcbeecbecccacbace .................... 100 13
eeecceebebdcdaacbdab .................... 96 15
cdaecdabdeadaaebeacd .................... 106 11
adcbbeaaeccbabddbeda .................... 104 12
bbbdbaaebdcacabcbeca .................... 90 16
edbadacbdaebceecaecc .................... 116 8
bddccddbcbbebecabbea .................... 102 13
ebcceadecceeebddbaac .................... 92 16
beecdedaaadecaeaadec .................... 104 12
ecbecbaadcdcdedaadab .................... 102 13
ecbeebbebcecbaeeebbe .................... 78 16
adedbeedebdddaaeaeee .................... 102 13
ddcecbcebebdcedbbecc .................... 118 7
ececbeabcdbacedbbbbe .................... 100 13
adebbcbdbbcaaacadebd .................... 116 8
cbeedeebcdcdcdcbdbdd .................... 102 13
eeaccdccceeaceecdcac .................... 116 8
edbbbbcbedaceeebaaad .................... 114 9
ceccabbaccaacaedbdda .................... 108 11
baaeebeabedbdcecddae .................... 84 16
dbecdbabebedccaacccd .................... 114 9
cacbcaaeecdedbdbcbbc .................... 98 14
adebcaaccbacacadedba .................... 106 11
dcdcbdbebceadaebaaaa .................... 90 16
aeadddeecdecbbcddbde .................... 78 16
adabbeecaacecdcdbbac .................... 106 11
debdccdbbcccdacabeda .................... 70 16
aecbdedebbeabcdbddad .................... 108 11
ddaaaddeccdceaceccec .................... 80 16
ecbbbeadbbeebeddcbee .................... 122 6
cceceaaebcccebdbdceb .................... 100 13
cbdddbccccdaacdbdeea .................... 126 5
edaccadebbdebacdebdc .................... 96 15
decbaeecaabecbaeeeaa .................... 90 16
daedabdddcedbacdbedd .................... 104 12
dbdbbcbddbceabdadabe .................... 120 7
cecbdbdaabcebbacecbb .................... 120 7
aacadeeccebddcaebeea .................... 96 15
abcceddceecabdbebabe .................... 90 16
edeeeadeeabebbbdbbed .................... 120 7
dcccaaabcbbcabaccceb .................... 104 12
ceeedbdaebdaacbcdcce .................... 134 3
dddcecddacececcaaeee .................... 92 16
bddcbadcadebcaebdcae .................... 102 13
becadebececcaeaaebee .................... 106 11
eabbaaaebbaccbdecaae .................... 98 14
cedececadcacbcacdada .................... 126 5
bcabdaeaedaadbbeddbc .................... 122 6
cdeeddbaaaeebabcebab .................... 116 8
ebcddbacecccaecbbcbe .................... 108 11
aaabdedeeaaabceaeaae .................... 112 9
cacaecaadebbeebbbeeb .................... 106 11
bcaaedeecbecbcaebeca .................... 72 16
cadeaeeccadbceeaaede .................... 96 15
ccdaecbbcaccccdbdcab .................... 114 9
bcdeaecbaacdccecdddd .................... 116 8
dcbcabcbdabaeedabdcd .................... 110 10
bceadeecbcdcacaadbdc .................... 100 13
baecdeedbeebccecdbed .................... 100 13
edacbdacabecddceedac .................... 84 16
dbacdaacacbcaeaeebde .................... 82 16
dddaecbdeebacbbcabde .................... 114 9
ecedcaabdceeeceadbbc .................... 92 16
abebedbeeadbaabeedad .................... 92 16
daedeadbeacdeeeebabb .................... 84 16
adaeabcbecaeacebacae .................... 106 11
dededaacdeaeedeaebdd .................... 100 13
edcaaabcdddaabcacbdb .................... 106 11
ddcbeadedcdeabddebea .................... 94 15
dcbcbbcbcdcbbacadccc .................... 100 13
edaebcdbedeeabbadbde .................... 96 15
aadbabaeaaecedcadbcc .................... 88 16
eaeedaccbadcdadacdeb .................... 110 10
aeeabbbeebcabdeadeac .................... 118 7
bcedbabcdebcdeaddaca .................... 102 13
eedceebdeddadadcbbcc .................... 106 11
dbddccdbbeaceccecbec .................... 92 16
dcdccedbbacbdcceebeb .................... 98 14
aeeaececdbeabecbccea .................... 106 11
bdaddbdbcedacaddaece .................... 100 13
adeebbabdecdcddbabed .................... 106 11
acdcbccdeccaaadedcea .................... 118 7
acddceeeabcbebccaaad .................... 96 15
edcccdebccbacebdbbee .................... 118 7
cdaccbbddbceecdaeccd .................... 124 5
eeaebbcdbaeeebddbdbc .................... 116 8
cbeabeaaeebaaacaeccb .................... 106 11
dbbaddbcaaeadbdaedec .................... 102 13
eccbdbcbcbeedbebecca .................... 108 11
baaabaddcadcacaaccab .................... 106 11
aaacddaccbeeccedccea .................... 96 15
cbbbabbadddbcccebecd .................... 96 15
dadbcdbbdbdccbdcbbcb .................... 92 16
dedbdccebaedcdceaaca .................... 106 11
caddebceecddcaacdcda .................... 108 11
cbccbebbbdeaecebcabb .................... 98 14
eacebebbeacbddcbaadb .................... 92 16
bdcdacaccaaeedbbbdec .................... 110 10
dbcccdbeaeaabbebcecd .................... 102 13
cacaaaeaacaebbbedbba .................... 90 16
dbbdbeaadabebbbbdbea .................... 106 11
cbedeeacdcdecdbbaaed .................... 102 13
caaeccddaddbecaaddcd .................... 80 16
daaeacabdcdcebeaeccd .................... 64 16
cbdaddbeaaaaceddadbe .................... 126 5
acaadacbaeabcdbdeeac .................... 116 8
dadcadccbedabbccaccd .................... 94 15
addbabcedcadcbabeede .................... 128 4
cdcbabbacecdeddaddad .................... 122 6
aedebddccaedcbcbcace .................... 102 13
bddbebbcdaaddabeebee .................... 142 1
dadbcecebcccaabacada .................... 116 8
caadcddadddccebddcea .................... 108 11
aebeacbcaadacbaadcea .................... 92 16
ecadebecacebadadebde .................... 88 16
bdaaecaebaaaeaddbbbc .................... 104 12
ccebaaeadcecccbaaece .................... 108 11
aeaccebddebdbdebabcb .................... 102 13
dddeebbccaaabbacbbaa .................... 120 7
ceabdeaabeebddeacdac .................... 110 10
bbcccbacddecaccbcedd .................... 110 10
cccdacbacaaadddbedbc .................... 110 10
ddcdedcaacbdaadeebcc .................... 88 16
aadadacdebbbdccaedde .................... 106 11
ccdbabecdedddadbdecd .................... 120 7
aaaabbcadbadbebacddc .................... 136 2
decbcddacdbebecebeec .................... 102 13
cbaaddcaceeeadbcceae .................... 126 5
aaccceabedcccacceade .................... 80 16
abeacdbdabacebdbddee .................... 102 13
dcaacddebccebbdbecab .................... 92 16
eacdadaebebedeecaebd .................... 78 16
eebeccedadceeedbdbaa .................... 90 16
ecabebedddcbdcaccaca .................... 108 11
bbddccababaabaddccce .................... 118 7
aedbdacdcbdcdbddadee .................... 120 7
addeebdaaaaebbceacca .................... 100 13
dcecbdcaeeecebddabcb .................... 88 16
cebbaccaceddacaadcdd .................... 114 9
cbcaeddbacddeacebdcd .................... 68 16
deeaacececcaddabbcde .................... 96 15
bccdbdbeedaabdeaaaac .................... 104 12
dabacaeddbbcbaddadcd .................... 98 14
ceadbbacbccbdaaceeec .................... 102 13
aaedaedebbecabdecdee .................... 84 16
cabdaebaedebdeadeeae .................... 98 14
bacacdedaddddecbdaac .................... 100 13
bcdbeebcaaccedbaecec .................... 128 4
bcdadbeebdccccbeaebe .................... 114 9
dbdccdbbeaddaacbcdab .................... 112 9
cbebbdcdbaacbecabdee .................... 124 5
bdcdabceadcbcaaccdbd .................... 100 13
ebdeedaccceedebbeaec .................... 102 13
ebeabcecdcdeabbebcac .................... 110 10
baacdbbaebdcdcdaaeca .................... 94 15
cbacdcedecaaeaadebbc .................... 110 10
bdcedaeabaaebbeddaad .................... 126 5
addbbeebcecaaaddaceb .................... 120 7
ebcacecabadebaaabdad .................... 112 9
eccbdebdbacabebdaecc .................... 148 1
baccadeecbaeeaaacedd .................... 90 16
cedcbbaccaecaaddbade .................... 120 7
dcdcedeabdacbdcadaab .................... 98 14
cecabdeadcacedbdbcac .................... 124 5
ecbbbccecabadaabcbae .................... 120 7
bdecddcbdedabacebebc .................... 108 11
bdededeeaccbecabeeea .................... 78 16
edaabdeaacdddccbbbed .................... 94 15
bdaacebaedcbeadceaea .................... 102 13
deecdccbbdbdedbdadac .................... 120 7
aebdeeecbaadbbccbbee .................... 102 13
aabbaccabaaadecbabca .................... 92 16
cbeacaaebebbbcbeecea .................... 104 12
edeebbdbaadacaccaabe .................... 102 13
cdcedcadcdecbbadcaea .................... 114 9
bedddbdddcadeebbbdbe .................... 136 2
beabdadbddabaebbdaad .................... 124 5
adbcbbbacccaeadacccd .................... 110 10
deadeeadcbcdddaeccbc .................... 104 12
dcedecddbdbaebdeccab .................... 98 14
ddccbebeccadcdebbeeb .................... 112 9
beaaeadeebcbaacbdecd .................... 90 16
aebbeaceaeacacadccab .................... 112 9
ccdabcacbeaddbcbbacb .................... 110 10
bcaeedebbceeebccbdab .................... 72 16
dcddbadaabccbebaadba .................... 98 14
eaaddbbabbedeadbcaba .................... 106 11
aedaeaaabeacdeaccdcd .................... 100 13
bdeceedddcbaeecbcdcc .................... 114 9
adddbebedbdbdcdadeac .................... 110 10
bccdeecdbdbbdabcabee .................... 106 11
bcebdccebabdcdbdbdba .................... 132 3
ebcadccacaeabdebceda .................... 118 7
eeceabeebeaedaaebdeb .................... 92 16
cdedebbaddbeadcecdde .................... 114 9
beeabedceaecbbabadeb .................... 102 13
cadcbceebbdbbcabbdec .................... 100 13
eecbbadeddddebacabbc .................... 100 13
dcacdcebdbdcacdbecec .................... 104 12
acadcaeaeaaedbebbedc .................... 104 12
eadebbbcdcadadcdaebb .................... 130 3
baaaeebccdebcedebebd .................... 82 16
dbeecdcccaceecdaaccd .................... 100 13
acaeaabeedbaacbcdeed .................... 114 9
caeabadabdecacbbbcea .................... 106 11
bbcaebeaaccaeaeceaad .................... 96 15
dcaacacccbdcdabbaaca .................... 92 16
eededaddeccabeecdecd .................... 124 5
ecbebbcceaaaacebeeee .................... 134 3
bdccbaacedcdaadacbdb .................... 108 11
abebbaedbaabdbbccbcb .................... 112 9
dbedcabaedeacdbbeaab .................... 106 11
ebebedbbceadeeeabddc .................... 100 13
bcbbddebddeeabccebce .................... 92 16
ebabeeeabcdcbedebade .................... 86 16
ebccabaeabaaeacbdbce .................... 94 15
bdecbeecbdaeaaddcdaa .................... 114 9
edcaedacdddddecdaabb .................... 100 13
adeaabedcabbacebadda .................... 96 15
ebbdcbaabedbecabdaae .................... 94 15
baabadaebecdbacdcdec .................... 104 12
bbedeeecddbebcbedbbd .................... 96 15
beeabacdcdedcdbcbacc .................... 120 7
cdccbdbeeaadcecccaad .................... 132 3
bceecdbeccdacaebdcbc .................... 100 13
dbacaabdebbadadcabcb .................... 90 16
eaccdedeebdbbeddeebe .................... 104 12
aaaddcdedbcbceaaaacd .................... 84 16
ddecdcceaccaabeeaedd .................... 106 11
abaccaccebcbaaecdacb .................... 98 14
ceddbabddeecbedbbedb .................... 112 9
aceeeadbeacbaecadcbb .................... 96 15
bdcdabcdaedddceabcad .................... 112 9
caeccecadadeaedaedbc .................... 122 6
eecbbdcecdcaabdcacde .................... 114 9
ddaeceebaabbeeaeebde .................... 84 16
decbeabacbcabcddaebe .................... 112 9
cddbbdeddcebeabebcce .................... 114 9
addaaaaebeabaebaaccd .................... 108 11
ecdbbdbddbdeeabddbbb .................... 122 6
cbecbbdbbddceedabbcc .................... 86 16
cabdaddedeabebacbbad .................... 84 16
daecdcdbcccebdbbdded .................... 102 13
eacebdcceeeaddbbabeb .................... 102 13
cdbeecbbaaacaeeadddc .................... 104 12
dbdecedbedeeaeecbbcd .................... 92 16
aeccbadbaecbededbcda .................... 78 16
beaacbbcceeeebecaeca .................... 90 16
caceaeeeeebadbabcece .................... 100 13
cdbacadeabaeaedebccc .................... 112 9
dadbcccbbbddeddbabde .................... 100 13
eaeaaebebdeaaecadcdc .................... 106 11
aecddedebbacecbeecad .................... 102 13
abeaecbeebcbdddaaaec .................... 92 16
eaeadebbcadaeeacaddb .................... 104 12
baaadbccbcaecbcccabc .................... 118 7
ebbbbecaddecbadbaaab .................... 106 11
aeacddecbabebcdceeca .................... 90 16
dbbddeebadbcdecdebac .................... 86 16
aabacbebeadaceeacacd .................... 100 13
cdebcddeddaceadcdecd .................... 112 9
dccedcdbccdaadcdbdbc .................... 96 15
dacdbabddccabaadacee .................... 114 9
adbeddaedddbeaebadbc .................... 76 16
dcbbecbaeedbcabdcceb .................... 112 9
cddbeaeadcddabbceace .................... 128 4
cdbeecbdaeeaecbacdde .................... 108 11
bdddcaecbabccaeadccb .................... 108 11
cacadcaacbcdbbabdace .................... 112 9
ddaeadbaedeeecabcdae .................... 90 16
eaedaaebbaacbddaddba .................... 86 16
dcaebaeecbebeedacade .................... 88 16
bceaddabdaaccccbddae .................... 112 9
dcbecdcbeabadaaecbae .................... 106 11
eecdedabdbbeacebdaee .................... 98 14
abdecceaeebdacceedaa .................... 96 15
bbaeecdceeaaacbdeeed .................... 116 8
ccecbeeaecaaeebdbade .................... 130 3
ecedcbacebecbcccecce .................... 106 11
eedcccbedaacbeddcbed .................... 140 1
ebbdbdbbdaadaacecdea .................... 108 11
dcaabeebdcceebdadbcd .................... 86 16
eebebacedcadcbccacac .................... 122 6
abeccaedcbabbbecdaed .................... 110 10
bccabbacacebbabcaedb .................... 100 13
aeeddeabbcbadeddaaec .................... 108 11
abaaadeedaacebecdbcd .................... 82 16
cdbededbeeaaaccdecad .................... 126 5
dbcbbdaedeaecccecdea .................... 92 16
beacdbddebbacdcebdae .................... 114 9
dcebcdbdeeedbaaebbcd .................... 100 13
eccacaeceacdbdebaedb .................... 116 8
aceaacbadbcccabaaebb .................... 102 13
aababadbcbbdcbedbbea .................... 88 16
eebdccddecdedbabedeb .................... 90 16
debecdedeedaeaacbade .................... 88 16
eebedccaaedcbabdbdeb .................... 110 10
bdaebdddddbdecececba .................... 100 13
ebbaeddacaabaeadccaa .................... 114 9
cadaaaabdabdcebedcdd .................... 126 5
aaeaececedcbabedbdab .................... 86 16
ddaaceabdebcaccbdeae .................... 106 11
bceceabdeacdebeadbca .................... 104 12
ddabbaadaedaabedbdbb .................... 100 13
bcdbbdacdeecbdbcaaaa .................... 110 10
ecacacbbaacbadbbbdcc .................... 102 13
accdeaedbdbadaddccdd .................... 104 12
dddedcbeabdcdeddcacc .................... 112 9
ebdbcdccbdcddaebeeae .................... 120 7
cbceebdcacceacececcc .................... 98 14
caecdddabeeabadbdedb .................... 102 13
aaeedcbdaaabeeaadcea .................... 108 11
bbaaecedcedddaeadace .................... 84 16
baeeaaacaeeeacbbbdca .................... 80 16
bbdcbbeddaecccaeaabd .................... 110 10
ddaddaecebeddaadaaee .................... 110 10
caaadceececdbbccaecb .................... 98 14
cbacdbdeedacdcccccdc .................... 118 7
bcbccdbdcbeabddcbcbd .................... 114 9
acdbcabadeeccbaaedeb .................... 110 10
abcaadcddcceedecebde .................... 86 16
ebadebcedeebaeddebbc .................... 102 13
eecacbcbbccbbccbcbde .................... 108 11
bcedbddeeabcaeebbede .................... 100 13
ddabbcadddaacbcecdab .................... 112 9
deadedacecdcaccdcbec .................... 86 16
bcbecbbceebaaecbebac .................... 116 8
dbcdaacbacdacabaeada .................... 78 16
cdceecdbbbbcebcbccac .................... 102 13
eeeaeaacaaadcddadcbc .................... 118 7
badcbaacdecdddcedeba .................... 102 13
aabcaceacdcbdcbaceda .................... 84 16
bdcadccbbbacaccccdcb .................... 114 9
dacccdbdddeeebedacbb .................... 96 15
aededabeeeebbcccbddc .................... 98 14
cbeabbaabaccedddacad .................... 120 7
dbcedbebeedbdebedcae .................... 102 13
aadabbacdabbaecedbdd .................... 106 11
bedddedadeabbedadadc .................... 122 6
edbbeaaadaedabedbdde .................... 122 6
dbddbdbeecdcddebcbac .................... 88 16
adcddedededceeeccdeb .................... 98 14
ecdccccaeacbbeabdcca .................... 126 5
adacdbcbcabdbeabebda .................... 112 9
ccdcaebcbebbceeecdba .................... 100 13
dbbaaddbbbddaecddedb .................... 90 16
babccdccddedaaabbcca .................... 102 13
ceecccaaddabeaabbbca .................... 94 15
ebaebbdaeaccdbcedbbc .................... 98 14
acadaeeeeccdbeabaeab .................... 94 15
dcbadededacdeeedaadc .................... 120 7
cceeebcdaceedeaedabb .................... 104 12
bdaeddacadedbedbeadd .................... 98 14
aaddcaaaecbedbecdcec .................... 108 11
dddeaeaededcdaacebca .................... 78 16
bddbbcebdccdabccdeac .................... 130 3
eeccbaddebeccecacdde .................... 102 13
bbcddccaabcaccebbeeb .................... 112 9
cbccccddccbdeddcecda .................... 104 12
eabceccdaddaebebdeab .................... 94 15
baeacbccaaedccdaadcc .................... 114 9
ddddedaccecdadeaebdd .................... 92 16
dececbccedbaacbbecbe .................... 126 5
bcbdceecebbedbaeeebc .................... 98 14
daaeaadbeceeeccdcebd .................... 80 16
acdbbebbdcbcbccbdccc .................... 112 9
bdebeaadeeadaaddddca .................... 116 8
bbdadcbbbeecbcabaded .................... 100 13
baeaaabbbeaeeeebccda .................... 92 16
abdbccdddaddeadadeaa .................... 116 8
dededbbbcdecedcdaabb .................... 98 14
eecbededcadadadccadc .................... 110 10
edeaabbdcabebaacddbe .................... 120 7
decaeadcebaecceaddeb .................... 96 15
ededccdeaaaceaaacabc .................... 108 11
ecadeabdabeecbcbceae .................... 102 13
dbcbabadbcbadbbcabeb .................... 110 10
acbadcaaeaadedcdbadb .................... 114 9
acdcdcaaaaddeebaeabd .................... 116 8
bdcedecbaaadeebdeadd .................... 136 2
aebcbcddbdcdcbbadcab .................... 110 10
aceecdbddbcadcdecebb .................... 114 9
abaadaabdabbaadadbae .................... 100 13
adaabdeabeabbcadbaee .................... 102 13
bcbabedcbdabbcdaaedb .................... 96 15
ebecbeaccebaccabbeeb .................... 108 11
dcddeaeabcabddddbeec .................... 110 10
cadbdacedacbeecbeccd .................... 126 5
adaaabccacdceabbeeae .................... 96 15
bbebbccebadbdabebccc .................... 106 11
cbebdaaebeadeeadbaeb .................... 126 5
aceedeaabeacabaccaeb .................... 116 8
bbddeebdabcaaeceeadd .................... 106 11
aeddbddacdaecacdabcb .................... 84 16
dbedebddaccbdcddaccc .................... 94 15
bcaeaaeaeaaecdadbeae .................... 114 9
bbecccacaccdbebbbcbb .................... 114 9
edadcdebdcbeaeceabab .................... 90 16
ecebebacdeaebbcaedeb .................... 114 9
ecadabbbbddabbeeccdd .................... 98 14
bbddcbbdaacecdcaeced .................... 124 5
ecbdcaaaeecadaacbaec .................... 112 9
bacccabbecadaeaabdba .................... 104 12
eecbacadecabedcccbba .................... 94 15
bdedabeecbedcdabeaac .................... 106 11
cbdcdedbdaadbdadedbb .................... 134 3
dddbabccbccdcccecdce .................... 118 7
cdbbdeddedadbdadcaad .................... 146 1
cbbcedbeaacbcbaedbbe .................... 84 16
bccbeaebddebecaaedab .................... 86 16
edccacbdaacdbcbdacaa .................... 130 3
cedeeddccbbaaceecbed .................... 110 10
ceaedbbbebedddccdaab .................... 118 7
bebecaaddbaecaaacbca .................... 102 13
eaeadbbcaceabadeddea .................... 104 12
cdcaccedeacbddcedebc .................... 114 9
cccebaddaabcbdcaeeee .................... 110 10
decbcdceacaeaeedcbad .................... 116 8
dbbaceecbbcbcbabcddb .................... 94 15
aeecaddaeddcacedddaa .................... 82 16
aedacecedadaeebbeabe .................... 126 5
dccebaeeedcadceadebd .................... 96 15
becdeeadaabaceebacde .................... 104 12
bcddbabcbadeebecbdec .................... 108 11
baabdabaaacdbbbbaceb .................... 132 3
dcaabbeadadcbdedbcbc .................... 114 9
caddcccdeecaaaecacaa .................... 120 7
abcedccedeaaabaaeeee .................... 118 7
bdccabddabcedabebdac .................... 110 10
cadaebeebeabedaadddb .................... 98 14
adaacbdadeadabcbbaeb .................... 124 5
cddeddcadbbbbedeadcb .................... 118 7
bacaaabeabdcededcacd .................... 86 16
bbadaaabddcaeeaadccb .................... 90 16
dcacbdcbbedececacadd .................... 88 16
bcaaabddbaacaaebaead .................... 112 9
abaeaebcebcbadbbdaeb .................... 104 12
caedacdeeedebaddbceb .................... 92 16
ebbbbccbcdcebdebbbad .................... 96 15
bccaeddecedbcadccaec .................... 90 16
ddbecbddcbdcdbbecbcc .................... 104 12
ddeccdceeecedaabddde .................... 100 13
ccebbabaceceabbbdeba .................... 120 7
aeaddcbedbdbbadcdccb .................... 92 16
adeeebcdaeabcccebbea .................... 94 15
baccccecddeccaaaeceb .................... 94 15
deacebccdbebdeaeacba .................... 94 15
deeabcaddbabbdbbbeec .................... 124 5
bcbddeccceeeeeaddeaa .................... 108 11
dbababcbbaadccbddcea .................... 134 3
aabddbabbbeaceedbbce .................... 90 16
ebebeddbaadbaeecbceb .................... 98 14
deebddadacbdecdaeddb .................... 98 14
cbbcbcbcaddddebabddc .................... 104 12
aebbcdcdadaccdebeeec .................... 106 11
aeccbbecaceaeacacdeb .................... 94 15
cdebddccbceacedadebe .................... 124 5
ababbabdcabdcebddebe .................... 130 3
caedacddcddacedcddbd .................... 92 16
deabcdedcdceebdcaedb .................... 92 16
bbdceceabddabaaeacea .................... 92 16
ebccadcdcdcbacbeabab .................... 98 14
dccccacddabbbaadcecd .................... 130 3
addbddbbcceaeebedece .................... 112 9
abdcbdeeadecadaeaeaa .................... 76 16
eddbbaddacedaaddcbdc .................... 128 4
dcaeaceceeabbdeeacae .................... 86 16
dbaddacccbcbddaaaacd .................... 92 16
caaaaddbdddaabdcddba .................... 84 16
edaaeedebdbacaabcadb .................... 100 13
dabdbbbbbaeddeeacdbe .................... 100 13
bcaeadedeaecaaaaaacb .................... 86 16
dcedbdcacdedeaecdacd .................... 94 15
adcceeedebadaeedaddb .................... 114 9
dbbddabccebaecaebcea .................... 94 15
caecaacbcdbcddccbebb .................... 92 16
cbeebcdeceaadcbecebc .................... 114 9
deeacaeaeeddedacacee .................... 108 11
cdaeaceccceeabbdddac .................... 110 10
eabbaaadcadcaaddabcc .................... 94 15
ecddcdceebcdccddebad .................... 124 5
ebcedaddecbcedbddcdd .................... 118 7
cbbccbadabbcaeeeddea .................... 106 11
bccbbcaaeccedcabcdad .................... 108 11
cecdaedbddebeaddcbeb .................... 94 15
dacbcebeebcbcceaeeae .................... 102 13
eeabbdbdaeccedcacede .................... 100 13
bbacccebdaedcddbebba .................... 92 16
bacbbaababceccdbccda .................... 94 15
caeabacadaeaeebbadcc .................... 124 5
ebcaeaacdcaecdcbcaad .................... 106 11
becdedcddaeaeedbebee .................... 108 11
eadecabcabaecdeaddca .................... 100 13
acbaddbbebedbeadbbbe .................... 104 12
abbeabeaceeabcdcaebc .................... 92 16
beacbeebccbcbdcabbdb .................... 80 16
eebcaaeccaadaccbcadd .................... 116 8
aacacecbbcbebcbbebee .................... 102 13
aacbcbaaacdecbadbcbb .................... 98 14
bbbacaadbeaaaacedccb .................... 104 12
cabbdeaeeadcbccacdcc .................... 106 11
dddbedcabcbeaacdebaa .................... 104 12
aedbbebaeeabcddcebdd .................... 106 11
cbdbbbbcebbedadaedda .................... 110 10
aaaccaeeedadbdaeaabc .................... 94 15
dcbddcbbdbcadbeeccec .................... 116 8
deddaeebdbbdeecadadb .................... 102 13
ebedcdbaabeceeacaeac .................... 100 13
ddcbadbbebcddabadddc .................... 110 10
eddceccddbabcebeeaea .................... 128 4
ccabddcdbaececadbeea .................... 122 6
baeabbcdabaacecadeba .................... 118 7
ebbbccabdbadccaaebbd .................... 108 11
acadacedcbceaeccacae .................... 96 15
dedaeaabeadbabbeabec .................... 100 13
aebbcccbccaeabbaecdd .................... 112 9
dabadcdaeebdbaddbedc .................... 108 11
cdeddbccdacedcebdbcb .................... 124 5
becebccbddeaddaeeacc .................... 94 15
becddcddacacbdadbbdd .................... 100 13
eeeacbaacaacaabaeaba .................... 120 7
ebdaacdcdeaedebbebed .................... 114 9
adbdcedbeeeecbdbedcd .................... 78 16
babedbcecddbcbadbbba .................... 90 16
cdaddeeaedeedadbacea .................... 102 13
cdbdaecbedccaeacbbca .................... 92 16
eebeabebdebcdcecebea .................... 86 16
adeacabcdceaedbbbdcd .................... 110 10
aadaaabebebaecadabdc .................... 94 15
eebcebaaaeccacebdbcb .................... 88 16
bbebcbdeceabbacacdad .................... 112 9
bcceabdaebbeaaceaddc .................... 96 15
aecbcebaedccccceadda .................... 86 16
aadddadbdbcdaacbaaab .................... 106 11
bdeaceacabacabcccdde .................... 116 8
ecabdacbebdaacbaacdd .................... 128 4
aadebaeebddcbbbecbdd .................... 86 16
adacaddaddbabbcbdaab .................... 98 14
caacedcecacabecdddbc .................... 112 9
ebbaaccdbebeccdeeacd .................... 88 16
cdccebbaebabdbacedaa .................... 112 9
dbdaedecdaabecebaaed .................... 102 13
dcdadedadaedeceabdac .................... 126 5
bbcaaadbaecbdeccceeb .................... 92 16
ceccdbaebcbdcdcbadca .................... 100 13
ccdbdbccdeecdbceaaee .................... 128 4
dadbbeddeeaeccbdbbbd .................... 118 7
cbcbedaeaaeedacaeebc .................... 88 16
cdbbaeeaadbbbbdcdace .................... 102 13
edeeaeeaeecacacbdddb .................... 100 13
edcdecedecceddceeaca .................... 78 16
eaadebbbbeccbceacccc .................... 94 15
bcbcaedeabbeabbdaede .................... 108 11
aeddbacecebecbebebce .................... 86 16
bdeedaabdeaeeeeabdeb .................... 108 11
cbeeeebacbebbbcbcbdb .................... 96 15
ccbcddbdabaaeededceb .................... 124 5
cabbbdaedeaeddeebbca .................... 80 16
aeceabbbcbedeeacbdbe .................... 94 15
edbbbbbaaceebdcededc .................... 108 11
eeebddbadcbcaaeacddb .................... 114 9
bcdadaebaeceeecbecbe .................... 102 13
ccbbbcbadddcbdddeecc .................... 110 10
ccedbaddecbbcacebdae .................... 94 15
ddcbcdccccecdcdcdadc .................... 104 12
ddedbcaacaadecbbccbb .................... 124 5
cdbcebadecaddcddbdbb .................... 120 7
aaccbbdcededdbdcabba .................... 84 16
dcbaabccceeabeabbbbc .................... 102 13
dedddebebebbabaecedb .................... 106 11
caacccbebcdacdaadeac .................... 104 12
debbcdabcbcaaedbadbc .................... 100 13
bbcaddddeceebdbbddab .................... 106 11
aacaacebacacdbaadcbe .................... 78 16
bdadeeddecdcadeeadeb .................... 84 16
eacbeceddbbbeddaaede .................... 98 14
becaaccebbaaaddeabce .................... 98 14
cedeecbeaeacacdeeaac .................... 102 13
dddbbeabaadbbbeeedca .................... 84 16
ddbbabdbdbadebcaceab .................... 120 7
eebeaddebbbdbbacabce .................... 88 16
ddbdbacabdbbaecaeecd .................... 96 15
dbceabbeebbaeaeccbbd .................... 98 14
eaedacadabbaadabdacc .................... 100 13
cebcbedbbcddebcbabbd .................... 84 16
eecabdccceedbbcbcbab .................... 106 11
abeabbbdabadacbecdad .................... 130 3
aecbebcceabeebdaebea .................... 102 13
eaacbeccdbaaaaaddabe .................... 128 4
adabccdadaebeabdbeec .................... 124 5
eebbedaaadeecdeebbde .................... 74 16
accbbecbbddbdbaeaccd .................... 86 16
becaccdeccbabaeebbbb .................... 86 16
ecbdcdebdebdacbdcddb .................... 120 7
aebbeeacaaaedcebdedc .................... 100 13
abbaaeabbabbdabbcdae .................... 96 15
dddbbdccbdaceedecdbb .................... 108 11
dcbeeaaccaeeeedbbcab .................... 92 16
cebacdceecaedcbdedcc .................... 116 8
aacedeaceabbbcabadcd .................... 92 16
dcaaedddaabebccebace .................... 84 16
eeaeadcdacabeadbeece .................... 88 16
bebdeeceaacbaeaddbec .................... 112 9
aaedabbbacecadcaaccc .................... 78 16
dabeceabbcbaedccabbd .................... 80 16
caaedbbdbbddacaaceed .................... 132 3
cebbcadacdadbbdceedd .................... 120 7
ddebcbaecddbdacbcaed .................... 106 11
cdbdeadbdbdddbadbdea .................... 102 13
bcbadbaccacbedecbacd .................... 106 11
baeabaebdbcaabcaacdc .................... 108 11
aabaecdcbcbebbabcdcd .................... 78 16
eadcbeaaabdeecaeaead .................... 96 15
dbaebacaaaeeddeeecee .................... 96 15
cbedaebacbabcecabbda .................... 92 16
dbbeedcebdaadbeeedec .................... 88 16
aeceecaaccbbccacdaab .................... 84 16
cdcedcdbbdcdbcdeadcd .................... 98 14
bbcdcecedbbabbcbaadc .................... 114 9
bceedcaceadcccacccbc .................... 114 9
aadbabbecbabdebbecbc .................... 118 7
dacecdceddcbbabeabec .................... 98 14
eeacdeeacbaeebeadbbb .................... 102 13
bdbeecbaadaaabbbdece .................... 114 9
dcabadecabebbbadbdea .................... 86 16
bdddcadaebbbebccaecd .................... 106 11
aabdddeeaaeaeeeecbac .................... 86 16
cedabddabceebcbecdce .................... 106 11
dabaddbddabebbdbaaea .................... 106 11
edeeebdaeaacadacaedc .................... 122 6
bdbbcaebcbbcaeaadbba .................... 98 14
dcaeabdcddeccccebdad .................... 84 16
eccbeeaebabbeaacecca .................... 94 15
ddacbdeedaabcabdeada .................... 104 12
ccbcbcbaebdeccdaaeac .................... 106 11
aaccebaadacbedceabca ....................failed
adecaababeeceebbcecc .................... 104 12
caecdeddbaaebcdbacbb .................... 120 7
eeccdbecbdacbaaacddc .................... 114 9
aebcceeacdedeebbccda .................... 108 11
edbdcaececdebecedaea .................... 92 16
aacbecddcddaecdeeaea .................... 76 16
ddcdcbabcddceeeaccaa .................... 92 16
ceedadbebebdbeaaecea .................... 102 13
edcbdebeeedececbeeed .................... 114 9
dedaaddaddcaabebbdcb .................... 98 14
eaeaacbdcbddcaedbdca .................... 92 16
abcbaededecbdcdcbaca .................... 82 16
cdaaebbdcdcacbcebcea .................... 112 9
cdddbccbddedeceeedbd .................... 104 12
bddcdabbccabaeabebdb .................... 110 10
edeccedbcaaeeebeccdb .................... 126 5
aecabebccceaecbbabea .................... 94 15
bbeebdddebdccdaddcaa .................... 98 14
caabedcccbdebedddcad .................... 112 9
dadeaccbaeeeecaeecae .................... 82 16
cdadacaeababccbcdedc .................... 106 11
ecdbdecedbbaaccbcbae .................... 146 1
caeaeadcccaeebeadcdb .................... 94 15
edaeadaddebaedadbaaa .................... 104 12
adeccdeeadedbcdccacb .................... 98 14
ebdcccadeedaceacacca .................... 106 11
ccbccadaccacdcaaaece .................... 102 13
ebcbadeccebecbdaedde .................... 84 16
aaaadaaebbaddbdeabcb .................... 86 16
babeacaebbceaedcddda .................... 82 16
aadebbeddeaacaccceed .................... 126 5
ebeecacdcbabdbbbdbdb .................... 118 7
becaceabababcacddddb .................... 98 14
baeeeeeccccebdeadded .................... 92 16
bdbdcbbaeebdbeeabbcb .................... 110 10
dedeeaddeeadcdaddcdd .................... 120 7
eaaadccdacaaecbaeede .................... 118 7
bcbeeaaddabedaddadbb .................... 102 13
aecccdaddaccaebbeedc .................... 118 7
eaaebedaeeeeecdccdde .................... 92 16
bdcdbeaaaaacebcdbacb .................... 102 13
eacbeebeebeebaabceec .................... 112 9
dccdeabeedbabcaedaab .................... 94 15
adbcaeccebecaaebcdbd .................... 98 14
badacaddebbeeeaddeea .................... 120 7
eaceabdeceecadcaddcc .................... 84 16
addacabcdecbbdebabbe .................... 104 12
caeeeabaecdeacbacbce .................... 102 13
dcdcacaeebcbeacaccbe .................... 98 14
adbadecebecccecbdeee .................... 110 10
bdabaabdecadbececeec .................... 130 3
bdcdadacadcddbdbcced .................... 106 11
daddaeedbbecdacedcea .................... 86 16
bbccaccacedecacadeab .................... 90 16
caeacbedebeeccececbd .................... 112 9
accceeaedbcdbbdddcbb .................... 114 9
bdbaadddcdccbadeeebc .................... 86 16
eaccbadacabadaeadbba .................... 94 15
edecebdecabaabcdbbbb .................... 116 8
dbecbecaceebedcedadc .................... 90 16
cacdbdbcbcceedaccecb .................... 92 16
dbbadaebadeecbacedab .................... 80 16
bcdcadabeaeebbbaacbd .................... 108 11
dddbcebecedceddadadb .................... 102 13
edebaeaebcaaeadacabd .................... 112 9
acadceddcccbedebbeab .................... 90 16
bcbbccaeabaccaeeeedb .................... 90 16
bbddecdbebaeacdebaba .................... 88 16
dbdaaeacdacecebdcdab .................... 128 4
bbcdedbbcddcdbbabbad .................... 78 16
cecbddbaeeddebbccaec .................... 134 3
ecaddbdabbaccabeacdc .................... 116 8
bceababbbbdabeedcbee .................... 116 8
eedddeeaabaaaccdecec .................... 138 2
eaeaebbcabaabbaeacac .................... 116 8
aceadbadbabacacaadeb .................... 116 8
cbbeedcdabebcdcabcba .................... 86 16
bdedcdecacacedaeddbe .................... 88 16
aaaadcedaeaedebaadba .................... 90 16
becedcbddeceadaaaecd .................... 110 10
caedeebeceeeecbccddd .................... 98 14
ceeccaadeeaecedcbcec .................... 128 4
baedcacceecaaaeddcbb .................... 116 8
aaecadcbccbeacaaaaca .................... 74 16
ccddcabdecadcebabbaa .................... 132 3
cccaaceeeccaeaedbaec .................... 106 11
baaeeaeedebccacbaeaa .................... 76 16
dcbcebeeeadcaadaaaad .................... 94 15
edcebdbdaeebeebaaadb .................... 96 15
eaeddeceabbadcaedeab .................... 112 9
eeedbaabdeadeabaddba .................... 104 12
babbeadabaeeaaedccca .................... 100 13
baabccacccebacadceda .................... 98 14
eabecedabdabaecaeedb .................... 98 14
aceaecabcdcaeebbaeba .................... 88 16
cbdaadcdadaeabdbcbae .................... 118 7
eeccababdbaabdadddea .................... 120 7
ebcdedccbceaadaabaae .................... 98 14
babbecbadcaebbabdccc .................... 108 11
acabedcabdcdbcaaceea .................... 110 10
bdebccbceacadcedbabb .................... 126 5
deeccceaccaecdbcddeb .................... 112 9
eaccdcceceeeaaebbdcd .................... 92 16
bcaaadeecbbabbdeadbd .................... 86 16
eddbeacdcbeddbbccaba .................... 136 2
aaaaecaeebabacaccecc .................... 94 15
aecbcdcecedbaceeadee .................... 88 16
beaaecddbbeecbedbcce .................... 94 15
bcbaadbdebbadaddbada .................... 102 13
dbaaaaeacccedadcbcab .................... 88 16
ccecdcedebedcbadebdb .................... 116 8
cabcaeebbadbceeeeaba .................... 72 16
ddaaabeaeacdccedbdbd .................... 114 9
ecdbebcedeeeccdbccbb .................... 126 5
edadaedadabeececbded .................... 108 11
adabadebcbbeabcdddde .................... 92 16
bebdbebebeedbcaeaccb .................... 90 16
adccacbacecadeedaecd .................... 100 13
ddaeeedaaebddcadaaac .................... 104 12
ddebbaedbedeadcaacae .................... 104 12
aebdecaedacdcaebdeed .................... 100 13
edbcddcbbaabecaaddcd .................... 108 11
cccbbaeddbcccdacdecd .................... 118 7
edeacdaebecaecacaecb .................... 100 13
ddbcabacbeeaddbeaaeb .................... 100 13
dcecbcebacdabcdadeba .................... 84 16
ddebeeaeadeaecadadbd .................... 94 15
decabbcbdbbccbaeddde .................... 102 13
aacbcadaaabaebaabbbb .................... 96 15
eddbbcdcbdaaeabecedd .................... 126 5
ddabdcddcdedcaabbdda .................... 96 15
ebbabdedeeeceacbdeaa .................... 82 16
eeeaedbaaaaeabdbaeaa .................... 106 11
bbcdacccbdaeedacbaab .................... 94 15
bedbaadaeddadedaceba .................... 108 11
bebdaccaaaeccddbabab .................... 86 16
daeaceeccaaddbddabbb .................... 110 10
ceeeebebbcbccbbeaadb .................... 92 16
bbdcccbcaabaecbaeaae .................... 124 5
beaddcabbdaceaecbcbb .................... 86 16
debdaeaaccbabbeeadcb .................... 76 16
caacbeeebededdcacacb .................... 84 16
eceababdbacebddadace .................... 116 8
acaeedbcbddaaeebbced .................... 94 15
abbbeadcdbaebebebddd .................... 102 13
eabdcddaddacabbcdbdd .................... 106 11
dbcedcabbcdecbeaabad .................... 74 16
daedbcdbbaabbcedcddc .................... 98 14
aaaacedeabcdbbecdbcc .................... 94 15
caaabebbceccaabeebee .................... 96 15
bcdeaeeaaaebcaddccdc .................... 116 8
bcedaeddacecbabbbeda .................... 90 16
eaaebacebacaedbacdac .................... 122 6
cdecadecbceaeaaabaea .................... 92 16
ddaceeaecbbceedddbed .................... 98 14
eabaadccacddbdaaceee .................... 104 12
cbaabecebdeabddcacaa .................... 106 11
bdacbddeaaadeadaeaeb .................... 104 12
bcbecacdcecdacbceecb .................... 124 5
adbeedcacbbedbaaecad .................... 98 14
aabbcdaccaaaadbccbaa .................... 116 8
bdedabdebbedccacabcd .................... 96 15
beddceabddaeeadaabee .................... 104 12
dcdedbcabcbebccaddab .................... 120 7
aeeccecbaabbcdacedad .................... 104 12
accdbbbbdbbeabebdaad .................... 108 11
eccecdbdaebbedbcdadb .................... 106 11
cecceecadededdbdebeb .................... 116 8
eadbaebaeceaadedddbe .................... 118 7
dcdbebdecabcaecabcbd .................... 116 8
cddaacdbabdbeebaadcc .................... 96 15
dccdadadabaababdeeda .................... 102 13
adeeccecdadedeeabeaa .................... 100 13
ccdbaeaaaaaccecddebb .................... 126 5
dabdcbccdecaddbdcdaa .................... 124 5
debadbabcbcbbeddaeed .................... 112 9
dbcbedbaadbdacbdabbd .................... 106 11
adeadbedcecdceaaecdb .................... 118 7
beaaceadcbdacebeddbd .................... 110 10
aaddbbdcaecedadadddb .................... 86 16
ddbcbcdaebbbdeaddabb .................... 102 13
aedcddaeecaaaceeaccd .................... 104 12
bcccededcabdaecdcaad .................... 126 5
adcbcebbadccdbdebdda .................... 84 16
eebbbeebdeaeecacbcdc .................... 110 10
ddcbededadcaccbddeee .................... 120 7
aedaebbbcebcdbaecdac .................... 100 13
bbedabddadccecbbebbe .................... 90 16
ddcbecddacbbbcecabcb .................... 82 16
dbeecbdcbdeceeadadce .................... 90 16
eddaedcbdbedcbaaadcb .................... 108 11
cdbbeadbeccbddadbace .................... 98 14
dcabcdebebbeeabaaaca .................... 88 16
ecbbababbecebcabccbe .................... 108 11
bebbabedeeaedbccabea .................... 100 13
bbaedbdcaabdddaeaace .................... 104 12
ececcbeabdbccecaeabd .................... 106 11
abcbecedeedbaebabdbd .................... 92 16
bcebbeedcdcbecddeeab .................... 110 10
badecbeecaeabebeedcd .................... 114 9
bccccededcbdeeddbaad .................... 122 6
ecaddeaeccadecabddbb .................... 104 12
adbecdbeededaeaabece .................... 100 13
cecbebbbacbcaccbedee .................... 102 13
adcbdcaeacebdebeabcd .................... 86 16
dbdeacacdbaacaebeddc .................... 100 13
eeeaceddcccbdadecbda .................... 94 15
caccdcedabcbbedabeae .................... 110 10
dcaabbeacbdeaceeeabb .................... 88 16
ddeccbccaceeaeceddea .................... 106 11
edebdbebbcbbabcbeacd .................... 108 11
dcbdadecaeadcabcbbad .................... 94 15
eeabebabeadeecdeaaad .................... 94 15
bebdcbeccecedbcdbaaa .................... 98 14
ebcebbcecbecdbbbbdbc .................... 108 11
edcaacabddcdababcabd .................... 112 9
cbbcbadabbebbdddbaae .................... 104 12
ceeeedbadcaddddabdce .................... 108 11
ccdedabecabcacaadccc .................... 128 4
dedaceeccacadbccddbe .................... 116 8
dcaaeceaeabebaadccba .................... 104 12
edebddaaebeaeaadedee .................... 120 7
abdaaaceeceaccabbdda .................... 90 16
ebbdcecdbbcdbbbeabdb .................... 114 9
cbcdedeadaedabebabcb .................... 94 15
ebbbacddcaaebbabcabb .................... 110 10
addeabdcaedddddecdad .................... 102 13
dccacbbeeeddecbcdcda .................... 114 9
bdddeadedceebdccbccb .................... 98 14
bcbaeaccaccaedccecbd .................... 100 13
aceebdaebcddbcddbcaa .................... 94 15
ecbaddadbebdcddcdcaa .................... 114 9
edadadccadcccacecdad .................... 88 16
baeaadabaddeedceaabd .................... 60 16
baaceabedddeedceddad .................... 80 16
dbaedcdccdedbddedeca .................... 84 16
adeecdbccabbaaaeaeee .................... 104 12
acbeacdddbecceadccdb .................... 102 13
bdadcbddebadbbaddabe .................... 132 3
daadcdeccaabddacbaca .................... 82 16
aabcbddcddebebaeddbc .................... 72 16
cbbebbdbbcaddeddddad .................... 116 8
edecdbcbeaaccdbbedae .................... 136 2
bbbbbbeececdacdbaecc .................... 108 11
cbdbdcbcbcbbaceeecdd .................... 112 9
ccbecedeeabddcedccba .................... 124 5
aeacdacbbbedabcecead .................... 112 9
abaedacbaebccadddced .................... 102 13
cddcdbadcbbcceadddbc .................... 136 2
dcdcdaabbbaecaeebcce .................... 102 13
bdcaceacaccdecbabdbd .................... 112 9
cdbadcdaeeacbaaecbbb .................... 104 12
dacddeaecebceaaacbdb .................... 80 16
bbeebeaeaadebdadbaeb .................... 102 13
baecacbedebcbccaaaad .................... 92 16
cbcdddbccdbabceeecde .................... 100 13
cebdcecbabcbdbcdabcc .................... 98 14
cececcdceecbbaeebabd .................... 90 16
deceaedaccddccbcaccd .................... 98 14
baadbdbedecaeddbcdab .................... 96 15
eccbdcaebaecbceddccc .................... 116 8
ddbcbeaabdebbddebdee .................... 90 16
abedaeeacdabecbeaecb .................... 82 16
aacaabeeabaecacaddeb .................... 88 16
bdabddedaaaaebccbacd .................... 116 8
ccacaedddecdcdccbdab .................... 112 9
eecabecaddaaadbacbed .................... 142 1
aaeabecebcdeebcebaed .................... 84 16
bacecbdbbcadeadddbbe .................... 104 12
cebbccceeeabceeececb .................... 110 10
aaceadedbcdeddcbabdc .................... 64 16
ebaacbbebaadcbacddde .................... 124 5
ebeaccdbeabadbbbceae .................... 128 4
badedeecdedcbdceaeea .................... 96 15
dcbcdbdeaadeaaceaeee .................... 100 13
dcbedaeabcebbeebeebd .................... 90 16
bdedcddacbeebeaaeadd .................... 98 14
ecbabbedcdadeabcedda .................... 112 9
dbbadcbeabbcaaaeaecd .................... 86 16
adbddadddcdbeddadace .................... 90 16
beadbceeeebeeeeccbbe .................... 86 16
ccdbbccbceabeeecddbc .................... 116 8
dbcaebdddaddabbaecad .................... 126 5
aededbabebeddadcbcdc .................... 116 8
acbbbecddcbdccdbbdea .................... 116 8
bbdedbbbddbebedceaac .................... 124 5
abbbaabaabebddcbdabb .................... 82 16
bbabdcdebadecddaecbb .................... 96 15
edeaeadeacddebcbddea .................... 90 16
baececdebdacbeccddce .................... 86 16
cadacbadeabccdeaadec .................... 124 5
ccdaceccaaceebbaedeb .................... 132 3
dccbcddacbacddbaeebc .................... 112 9
ebeccecbbcbbdddeebdb .................... 90 16
abaebebcdbabdaebceda .................... 96 15
bbadeaaeccdbbccbdddb .................... 68 16
daaaadddabddbbbedebd .................... 92 16
bbbcacdbdddeadaaecab .................... 86 16
bbcaacebdcbbbdbcbbec .................... 100 13
bbcecdbbedcccccadebd .................... 90 16
dbeaddcddebbaadcddcb .................... 106 11
cbdebccbecbddeccceac .................... 128 4
dbceebcccbcdddbcacad .................... 122 6
aebbadbddadaacdeedbc .................... 100 13
bebededacbccbbaadbda .................... 94 15
cddaccdbbabeceabebad .................... 114 9
ecccedecbedbcdbecbad .................... 90 16
dadebcdbabadddbcedaa .................... 102 13
cdedeeecececcaddddbe .................... 96 15
bbabbbcceeaaeaebdcad .................... 122 6
dbaebadaaddcdbacedec .................... 80 16
aecebcadbcbdedecaede .................... 92 16
eaedacabcbdaedadbbce .................... 80 16
cbeeedcaaeadabccddac .................... 116 8
becaecdebebbcbcecbdb .................... 76 16
bbcabacbecadccabcdad .................... 116 8
eaabbbeabccedbddcade .................... 112 9
cddaeeebdedaabacebaa .................... 106 11
ccbdbeabacbddddcebba .................... 86 16
eeeceaebdeabeebabace .................... 102 13
dcecebedaaedbadecaac .................... 116 8
bccecdbaaabcaeecaccd .................... 108 11
bbcbbbcbbdbebdadcead .................... 124 5
bbaceedaecbdbebcabdd .................... 106 11
adcaccbcebdebebbdcee .................... 120 7
abbecebbbbbbdadbeebc .................... 88 16
abdbaaacbacdedabacda .................... 102 13
edebdeaaebcdecbdbecb .................... 138 2
acbdddaaeddacdacbddc .................... 90 16
adbaceaebbcbbaddbbcc .................... 96 15
aebbeaaabddaddcebeca .................... 74 16
cdcbccdeeceadcccaaca .................... 98 14
edaaaececbbebadcaeed .................... 112 9
bbccecbacebbeceddccc .................... 96 15
bacdecbcdaecaadebdbc .................... 88 16
dcaeedbdccaddeeceeae .................... 104 12
ceaadeadaeebdaaebeed .................... 100 13
cdebdcbcbeaebcdeebaa .................... 108 11
ceccddbbbbceeaaaeadb .................... 94 15
aeaeeaceaaadcabadeae .................... 116 8
acbadddacdbeebdacbbd .................... 90 16
cdbdcbedcccbbeddcbee .................... 124 5
baaaeeeabebbdeedbbde .................... 86 16
beabebcbeeeaceeccbcb .................... 104 12
bbabadabdebaaebabeae .................... 112 9
daebebcebebbbddcadae .................... 100 13
addddbcccaaddbaeeaec .................... 136 2
cacbcebdbdbbbaddadad .................... 114 9
ddbdecddaebdbeddbaeb .................... 104 12
dbdacdadcbaababeebad .................... 114 9
bcbdcaaaebbddaedceda .................... 112 9
aaadeedcaeecaceabdbe .................... 66 16
beaabcbbcdccaacaadba .................... 76 16
dcacadadbedcedebecae .................... 78 16
cbadaeceabaeaabebbcb .................... 96 15
ceeecbceedaeaecadaba .................... 118 7
dccbccdedcecdaceecdd .................... 88 16
ceeacbcadbacdebeaccd .................... 136 2
caaacabaaeecabdbabbd .................... 90 16
edddcabaaaeadadeaece .................... 112 9
