ecadccbdeadbcebbcbbe .................... 114 9
dccddaabbcadcdedeeae .................... 108 11
bbcecdadcaddbdeeedab .................... 96 15
ddcacdcdaebececceabb .................... 100 13
edccceacdbaddbdbbced .................... 136 2
eebaacbdccdeaadadabc .................... 94 15
aaccaddccaeddeeeacbb .................... 82 16
bdcaccbabeaeddaebbde .................... 100 13
ccdbabcbeabdaeeaabbb .................... 130 3
ebadebeabcacbdbbdcdc .................... 110 10
abaceeadabedadcaccac .................... 108 11
badcdbddaadceedddbcb .................... 110 10
becabbceaacaabaeacae .................... 122 6
bbbbcbaecbeedbebacad .................... 104 12
dcaeccceaacedccddcbd .................... 110 10
cbdddecbaacbaccbbcca .................... 112 9
cbebececcbcbdecbcaca .................... 94 15
adabeabbcaccdecccbce .................... 96 15
aadeebdcbbadddccbecc .................... 108 11
aeeaeebbcaceeccadbea .................... 88 16
eebacbdcdcdeaaadcbac .................... 118 7
dbeaaedebbacadebecbd .................... 94 15
eaccebdacebbddbbebde .................... 94 15
ecdecaceabaaacabadce .................... 122 6
beabceaeaaadeebabece .................... 124 5
dcdadeebabdadaebbeae .................... 106 11
ecacaecbcbacdbbdeaec .................... 122 6
cacdedcdcebadbdaacad .................... 104 12
eedccaaeebdabebeaace .................... 114 9
eeeacdcedabaacbdbdea .................... 138 2
ebccdebdcecbbaccbadb .................... 104 12
baecdbbdecebddcadcbd .................... 110 10
ebcebbbdacedddeeaacc .................... 98 14
cccdcacadebcecbeeacc .................... 112 9
adeecacabbccdcbccaed .................... 128 4
acbdbbcaeceebadebebc .................... 96 15
cdbadceaddcbeeaceecc .................... 110 10
ccebbedadccadcbbadbc .................... 126 5
adcbdbdbebdebaeddaba .................... 102 13
baadeeceacaaecccdaeb .................... 98 14
aaabccbaeedbcccdbccc .................... 94 15
bbceccebcbdcdccbabdd .................... 74 16
bdadedabdcbebddbbbec .................... 90 16
bcbddddaaacacababcec .................... 122 6
cddbdcbceddbcbebbcad .................... 120 7
ccebedaedcccdddcaebc .................... 102 13
aedecbbbaaeebabbacea .................... 114 9
daaaeeabcacbaebebebd .................... 94 15
ecebaeceaaeabddeeeae .................... 116 8
aeccbabaabaabbbcbedd .................... 118 7
dcaadbacdadacbbdbded .................... 132 3
beadcecacbbebbbadade .................... 118 7
aecadcbabbbaacabcaeb .................... 120 7
bbdcdbaacebdbddccaee .................... 136 2
bcebbdacceaeccceccea .................... 104 12
aacdbbddbabcecceaebb .................... 84 16
aadbcebbeebcaeabebeb .................... 104 12
eaeabcddbebaababdbcb .................... 98 14
ccebabbdaebdcaedcbdd .................... 124 5
eaccecaebdadcbcdeaae .................... 100 13
adabcdbaeeebdcdecacd .................... 94 15
aaedbccdaabebdbbeddc .................... 104 12
beedbbccadbeaaadadee .................... 112 9
bdeacdeeccbeaebddbdb .................... 112 9
beadbaebdaeaccdeebeb .................... 92 16
bedeabacbcadbaaaddcc .................... 112 9
edbadbbddeeaacadcdbd .................... 138 2
aedcaedecbabbccadbdd .................... 94 15
dbacdcaaabeacabcadca .................... 90 16
debceeeaeccdecdaddba .................... 88 16
caaeddceddccbedaaeea .................... 104 12
cabbcadabbbebcbbeaed .................... 118 7
eedbeebcccbcacbccbdd .................... 122 6
acbacaebdabdedabaaaa .................... 102 13
adaddaadbbbdbebadddd .................... 118 7
aedbeabcdbcdbdbdacbd .................... 134 3
acaddbdbcabcaccdebbb .................... 96 15
edaeddabbdcebeccccdc .................... 108 11
cbeccdccebecddddbced .................... 120 7
dadbedddacbaadecadde .................... 96 15
badbebbddedacedbcbee .................... 126 5
abbdcacbabcaecbccebb .................... 108 11
edbebadddcccccdcedde .................... 100 13
dcbcdcddeaebabdecdad .................... 108 11
dcdeaeabedcabdcacece .................... 104 12
daabddbeccdedaecdaea .................... 84 16
aecdceabcbabdcebeaac .................... 92 16
abbacdbedacdedadcdeb .................... 118 7
eeaddaabceacdbbaedac .................... 102 13
eeedbaabbdebdedecadb .................... 84 16
ddccececcccbeedecdec .................... 92 16
ecbbdceccccbaeedcabe .................... 116 8
ccdccbdbebcbedacacea .................... 118 7
dbebacbcdebedbecbbcd .................... 90 16
eedcbddebedcaaacbdac .................... 96 15
beebbaadebaccbebcaaa .................... 112 9
caaecceeabacabcddeec .................... 112 9
beeeaecbdebbbabcbcbc .................... 114 9
cdcabbcaeadbdbcaaccd .................... 116 8
adceecdcdcbdeedbeadd .................... 94 15
eeebcdbdeddedccbbbbc .................... 100 13
caadbeabcaceebddbbde .................... 92 16
dcbacdccecdadbddeadc .................... 104 12
bbdaeceebaccacadcaec .................... 120 7
eabadeaacaaaeeeeccdc .................... 122 6
aabadedccbdadaedceaa .................... 100 13
cbccdcdcbceaaebccaaa .................... 120 7
adeaebbbdbeeedccdaec .................... 108 11
bbeceeaedcdecbdcdecc .................... 94 15
cceaecdbbecaecbaccac .................... 118 7
edcdedaccbccdbccacbb .................... 88 16
edddbaddbbceaaaccade .................... 120 7
ecccbdbeecaabdcebedb .................... 102 13
adadebaaadbacbcaccaa .................... 98 14
aaecbbbebacbbbacadda .................... 92 16
dbdbbceaabcabdbdaccd .................... 122 6
decadceecdbacadcadbe .................... 92 16
cacaaaeebcceeaecbaec .................... 90 16
dcaeebdceecedbceeaea .................... 82 16
eddbaedabbceedaddcec .................... 132 3
ebbbebbebeedcdadabea .................... 102 13
ceddebeceadcdcecdcbc .................... 112 9
ecabdbaaeeaaeceaeece .................... 118 7
ccaedeadecdbbceadeaa .................... 102 13
dcceedbeeebddccbbaee .................... 96 15
ebceccecbdeebedebcce .................... 90 16
eaecabedacacbaedbded .................... 106 11
cebdcccccabccacddbad .................... 110 10
baccdbbbeebeedccdcea .................... 106 11
cecdacacaebcbcceeaba .................... 70 16
cacdadabaaadccadcbcd .................... 100 13
eabcbdeccaddcacaacaa .................... 90 16
acbcbbebbccbaabaacdd .................... 98 14
edcebeacbebecbbdbcca .................... 108 11
bceacbecabbdadcdaaca .................... 114 9
bdebdeeadedaadddebba .................... 116 8
eccaacaaaadcccbddbac .................... 108 11
acddceacbbdbcdcaccea .................... 102 13
ecddddecaaaacceeadae .................... 112 9
dbeabadbededdadaecad .................... 94 15
dedcecebcbdadcedeecd .................... 92 16
dbeccdbedcbdcadaadea .................... 98 14
eeadeeaaacaadaaaccba .................... 98 14
cddeaacbaceeaacbebbb .................... 92 16
ecaaaeabdaabbbeacbee .................... 112 9
aacbbcddeeabcbaacadc .................... 100 13
abdccdcacdceddecddab .................... 104 12
babeecaaebddbbceadcd .................... 78 16
bbeedcccbcabdaeaeded .................... 102 13
debbcacadbaabbacaead .................... 132 3
eeccbbebabbdedccdbac .................... 108 11
eebecacebcadadceccdb .................... 118 7
cbbcdcadaddcaecaeedb .................... 92 16
badecdecddcebcecdbde .................... 100 13
eeedaeeeacbdeabbbdcd .................... 94 15
cccbcbcbaceebbedeacd .................... 112 9
baacacaecbbbbceedcca .................... 74 16
bbbbabbacaeccacabbdc .................... 96 15
bdedbcbeeebabeeeccec .................... 118 7
cbdbaeeaebdacbccdcae .................... 122 6
baadcebbcaaccbeddcab .................... 110 10
bebcbddedcedaebebbce .................... 98 14
ddbcbadeeaeabeeeddad .................... 102 13
bebddbebeaaccbddacac .................... 120 7
cdbeacebbcaaddaabdba .................... 88 16
adddbdaddccebdaadecd .................... 104 12
dedebbecbdcbacbbcbbd .................... 112 9
dcdaaacabccadcecadae .................... 110 10
dddcddcbeabecdaebccd .................... 114 9
bdbcdcddaaacddababde .................... 104 12
edcecebaaeadacdbbcdc .................... 128 4
bcabddacebdacebdecdc .................... 124 5
dceedacecadaacebaebc .................... 114 9
dbaeeddaceeebdabedab .................... 72 16
aeacedeebcaaeaedbdda .................... 76 16
eabcdcddeadeedabcace .................... 102 13
adeeeaceabacccceccae .................... 104 12
cadcabadbabeadebeace .................... 112 9
bdbebdaeddbabdabaeaa .................... 98 14
aabaacbaaadeeebdecce .................... 94 15
bcebbaababccabdecdbe .................... 100 13
dbbbedbcbcdccbabeebc .................... 78 16
bdeddcdbaddcccebbcea .................... 86 16
ddbecceaaeebdeddcaac .................... 104 12
daddcedccadcedaadead .................... 100 13
ebaadaebecaabdcceade .................... 104 12
dbdadecdccbebdcdbebd .................... 122 6
ebcacdbaaeaddeaadbbb .................... 106 11
cededbabcdaedeceeced .................... 118 7
bcdecbbcadcaabecccec .................... 140 1
dcdaaadcbcabbecacdec .................... 110 10
ecbccaacaedbbeaadacd ..aebedeaddbddaaccdaeb .................... 114 9
aabeeedecaedbebdbade .................... 104 12
dcdadaeaddabccacdbec .................... 122 6
eddeebceaedbbcdebada .................... 94 15
aadcabeaaccaceebccbc .................... 110 10
abcebcbcedbbabbdbdbc .................... 102 13
cedbaeceaabecbcedabd .................... 114 9
bcddcddaaacacacaeedc .................... 110 10
acbcbadeabceeeecbddc .................... 86 16
cdeebdddbdcbdbabbabb .................... 96 15
eaceadaaebeaabeeabcd .................... 80 16
cdaeccabacedacceccde .................... 104 12
adbacebabaececdebaac .................... 102 13
cbcedadceeccbcbcddda .................... 104 12
ddbedcddabcdeeabdcec .................... 120 7
bbdebecbecaeaebcbade .................... 124 5
eececcdbbeeebbccdcbb .................... 92 16
abdaeccaadaeecdecbbb .................... 92 16
eedeccbbbecceedbceba .................... 102 13
caececcbdbeceadebbbd .................... 84 16
bcbecbbcdbcbdaedecdb .................... 114 9
deddcbdddcdababebedd .................... 118 7
babebacceaedebbaecdc .................... 116 8
adacdacdbbaabccdbadd .................... 126 5
acbbcaacdbbeeaeeadbd .................... 90 16
beaebbacdbcdcebeebee .................... 118 7
aebbdccadbddcecaccdb .................... 122 6
eaacbccddecebacbbbad .................... 102 13
ddeadbcdbdaebcecbada .................... 118 7
cadbdcbcebdbbeaebece .................... 110 10
babcbcbadbeabaadbcad .................... 116 8
ccddddaccaddeaceccaa .................... 112 9
deeceebcdeeaedbcceca .................... 108 11
cccbcbebcdadbcceedce .................... 110 10
baacdedbabddbeaccbad .................... 106 11
eccceaddbdeeededdebb .................... 96 15
bbacebdeacbeaddadace .................... 90 16
dcedaccebbdcabeeeebb .................... 80 16
cdbbcabbdcccccaabddd .................... 108 11
eebcedcadccddeaabcbe .................... 114 9
dadbddceeedbdedeeabd .................... 94 15
cdabbbebcdaeeadedddc .................... 102 13
cbececadacceeebedbdc .................... 96 15
edaadaeabdddeceaebea .................... 96 15
dbccacbdbbecebeebdeb .................... 80 16
dbcbddaebadddaeacdce .................... 98 14
cdccbdaeebeccaadaceb .................... 104 12
ccecdaccdedccbeccedc .................... 122 6
aaaacebdcecaeadebacd .................... 90 16
cbadadebebdbdbcbbcda .................... 70 16
cdbbcacbacaceecaaecc .................... 108 11
dadbdedbacbacdaebada .................... 94 15
ebeebdbadebaddbcecee .................... 124 5
cdcadcaaacbeaeccabdd .................... 104 12
cbbaeebddedbaccccdbb .................... 102 13
bcacdcddddddcbbcbbcd .................... 112 9
bcadcbaaebebddaddacb .................... 104 12
cccccbaedeccceeabbdc .................... 108 11
beedaddadadbdadacbbd .................... 90 16
cdaceaeaadcddacaebac .................... 98 14
badadebbcbedecdabeed .................... 118 7
bacadecaacacabccdcdc .................... 118 7
ebcacbbecacdeacebdad .................... 112 9
ecbdaadddeacacabccbc .................... 114 9
cbbbaaacbaebbbeeadbb .................... 84 16
babbabecbcedabcebadd .................... 94 15
aecaababebdcbaaaceae .................... 94 15
acabbadbdcadabecdada .................... 104 12
ccbeaeedebdbdeaaaeda .................... 90 16
bbeceaabedebbccddcac .................... 98 14
abeadcdbeddcedeececc .................... 80 16
acabaeddaaddebacdbad .................... 102 13
bebeaeccbbabdabcdbba .................... 100 13
bacadacbbabbedeecdaa .................... 98 14
ecddddabddceddacadde .................... 102 13
addccecedeccadeaecab .................... 120 7
dabaddbcecbadcebdaac .................... 102 13
cbcbbcddedecadcedaea .................... 96 15
eddecbecaccdcbadaebc .................... 128 4
bdacadbcdebacabbcbbd .................... 110 10
edadecdcdddbcacdbabd .................... 86 16
cceecbabcaddcabedeee .................... 126 5
acadaaeacedccacdadee .................... 76 16
bdcbccecddeaedcdeeca .................... 104 12
cbdaccdbeeccbcbdaeeb .................... 120 7
caccececdabeeabedadb .................... 100 13
abaddeaabbdedadbddaa .................... 82 16
abadedacbcbddebbbceb .................... 96 15
caaeabeeeabcdecbacae .................... 102 13
babdcaeacdbdebaedaab .................... 94 15
dcadbebbadcaeebeabdc .................... 90 16
cbeaeeaebedbaeddbeea .................... 98 14
bbbcacddceebeaeccdba .................... 74 16
eddaddaedcbecdeaadec .................... 114 9
cbaaecaacabebadabbdb .................... 90 16
eddcacdddaeaceeceabb .................... 118 7
ecadcacebcbbbeebecac .................... 108 11
daabeadaaceeddaaeaba .................... 70 16
ddabaeabdcaeedbddaba .................... 106 11
ddbdceeaabdcedaaeace .................... 82 16
beabdbbccaaaabaaecac .................... 140 1
aeccdadbceaeceedcacb .................... 100 13
cccabbbbabeccbbacdca .................... 104 12
bbeebeeecbdbbdcecaca .................... 80 16
ecebcabecdedddddcedb .................... 124 5
aecbbedcccbcaacabace .................... 88 16
eececeeeddbadebbaadd .................... 116 8
decaaeadddbabbcaccae .................... 116 8
bccddebeaceeaaecedbe .................... 92 16
becbddabdbdeaddababd .................... 102 13
adcbecbedccbcaaaebac .................... 92 16
aaccccbcacbdaddbedea .................... 94 15
beabedbdaaaddabaabcb .................... 108 11
acdddeecdccdbdbdacdd .................... 132 3
bdcdebecaeedceeeaccb .................... 90 16
deeceebcbbeacdecaddc .................... 96 15
adbcbbaabbeadcaabdda .................... 94 15
eecbbddebbededbcdabd .................... 110 10
acdccedeaeddacaedecc .................... 104 12
eddbdccdeadecddcdbac .................... 136 2
badbaedbccadaaadbadd .................... 114 9
bdcaaecbcbeebcebbcec .................... 110 10
adedececcebeadbbecba .................... 90 16
eedecdbcdcedeaddceac .................... 130 3
ccabbeecaacdccbebbab .................... 118 7
acebcedacbadadabaabe .................... 120 7
ddddacebbbbecdaaaeec .................... 98 14
aeabccaddeacbdebaace .................... 98 14
cdcbcccdaddbcddbebeb .................... 106 11
bdabcceddceadbecbeaa .................... 112 9
abeeaeeebacecabbeaee .................... 98 14
ccdbccbeccabcdbeceda .................... 122 6
cecbdededcdceceeebce .................... 88 16
cbababccecdcdcdaeced .................... 108 11
eeededebdadcccedaadb .................... 86 16
bddcabbcaedcaadbdcbb .................... 106 11
ccbaeccedcceedbbddca .................... 100 13
daccdbeacdaeccaccbea .................... 106 11
adaadaadebacabadbedc .................... 120 7
bbcedbaedecababecabe .................... 120 7
caddcacdeabbbcedcbaa .................... 126 5
cadbaccadbcacdbaeaab .................... 132 3
bbbadaeddaaabbaebdae .................... 122 6
eebededcadebdcdeccee .................... 102 13
deccacbaadbaebbeccae .................... 108 11
dbacaceebdebcabeeacd .................... 68 16
bdbdeceebbceccadcaeb .................... 102 13
cdaaecabaedebcceeada .................... 68 16
dbcaeaeecdeddacddccd .................... 90 16
cebacdceecbbaecdbcad .................... 118 7
bdebebdeaadbebbacedc .................... 116 8
eecccadbecddcceedcbb .................... 96 15
dcdbaaabeadaccaedaeb .................... 106 11
abedcabaddbdecbabbcc .................... 108 11
abaaacccdebbacacbdda .................... 86 16
cddbedeaeabceabceaaa .................... 116 8
ebabbbcebdcacccbbdeb .................... 112 9
adbdeebebebeacbcccdb .................... 106 11
dbbcdabdddbaaddcdabd .................... 118 7
daaedaaebdeabbcabcab .................... 92 16
dbbccacdcdcadaaacbec .................... 114 9
bebcacabddaeacecabbd .................... 88 16
dddbccbeedcdcdbbecac .................... 134 3
ddbcdccdccbaceaebdba .................... 102 13
beaaeaceeecceceaeaed .................... 92 16
dbcdebacccebdbdddaec .................... 94 15
aaaaabbabebdaedeaacd .................... 94 15
bdaaacedaeaabaccedba .................... 90 16
abddedbadcccccaaedcb .................... 82 16
accbebcabcbaeaecaebc .................... 108 11
abdddcaaceeeaddbcaba .................... 94 15
cdddcacddddbacbceeca .................... 124 5
aaddeeaceaebedebcbce .................... 84 16
eecededddcbdabeaecda .................... 116 8
cdbdacebbeabadadcccb .................... 102 13
eccacbbbaabababeaeda .................... 116 8
acbacbddbabecabccebb .................... 122 6
cbdedaaeeababcbabadc .................... 132 3
dcccdcecbdabcadbbcca .................... 90 16
ecbdeeebadbddceedeeb .................... 92 16
ecaacecdaddcdabaaecc .................... 108 11
aeceeeeecbdaeedeaeba .................... 74 16
beeebccebecccccebcaa .................... 90 16
ddbbccbedbbabcdadbbc .................... 116 8
ceceecbbccccaebddcde .................... 112 9
dabadbabddddbddadbae .................... 102 13
edcaaaeccbcaaacbebbd .................... 98 14
caeaddcbaddcabeebecb .................... 86 16
aceacbbebbdddbeaabad .................... 104 12
bdbaaacaeebececcbcda .................... 102 13
baedadeaedecdceadeda .................... 72 16
eaccadedaabdbcbacecc .................... 118 7
edacdbbdddcbcdcbcbbd .................... 120 7
aecbcceecbaeacbddade .................... 118 7
accdcbbbacaeacccdced .................... 112 9
dbccecbbabebabcbdeca .................... 74 16
bbcdaeeccdbdbbdaccde .................... 104 12
edcabdcececdeebcdbdd .................... 116 8
bdbaaedccaebbcebdcdd .................... 100 13
bcdcdbbaaebbbddaeecb .................... 114 9
cadbbadbabeddaaaebdc .................... 100 13
dccacbadcedeeaecccce .................... 102 13
bbecbdccdddbaaaccecb .................... 102 13
cedbdeddedaeecbccddc .................... 140 1
ceeadbdadaccdcedebba .................... 116 8
aaeeddebedbcdbaccbcd .................... 82 16
cedbaeebaebdbacecdbc .................... 108 11
adcbcdcadbaaabdacded .................... 138 2
bdddaaaacebecccadceb .................... 106 11
dbdccbbedbacdecececb .................... 118 7
bdcdceccbadbeaeedcee .................... 108 11
bedceaeacdbacaaaeeaa .................... 100 13
dbbcbaadbdeebecedeed .................... 92 16
cdcbdcdbaeecbcbcadcd .................... 102 13
aeeacebdadedeedcceba .................... 108 11
bdaaebeadbcebbcaeeeb .................... 112 9
cecbacebbbbacdecdabd .................... 102 13
cccabbbaabdeedcaecaa .................... 102 13
acaccccacbaecabdedea .................... 114 9
ceccdabadbdddaceebab .................... 108 11
bbecedacbecdbdccdaab .................... 98 14
aeecbedacdcbceacbcda .................... 92 16
cbcbeddddadebadcecde .................... 106 11
dcaacbcdbaaeaaabbced .................... 134 3
bbaecddcbcabcbeaddaa .................... 84 16
cdbecddbddbcbaeecdbb .................... 92 16
bdddccbdaadbcbbdcbdc .................... 126 5
cccdbdbcacedabecccba .................... 104 12
eddcdbcddadaeebadada .................... 148 1
dedadbddaeaeacaadaed .................... 126 5
ceccdbaabdedcdbcacdb .................... 124 5
cddeabaeabbdcdbecdae .................... 128 4
decbbcecbcbdbcaeeaad .................... 98 14
becbbbaecebdcccddddd .................... 112 9
dbdcddaeeeceecbdbdab .................... 108 11
aeedcaaaecbbdbbdbeaa .................... 104 12
bebdeccadaebabebadcc .................... 96 15
bebcacddeeacabebecde .................... 96 15
ddcdaedcbecccbdaaabd .................... 82 16
eddeaebbbedcceeecdae .................... 98 14
abbdbabaabadaaaaaaab .................... 100 13
ccbedadcdcbeeddcdcac .................... 118 7
adbbabcdbaccabbdadcc .................... 126 5
ddedadbbddedaeadecce .................... 104 12
bcabdeaddecbbedeaaab .................... 112 9
acaaecaecccbdaabaaad .................... 76 16
bdeddbedcecacddeebca .................... 98 14
cbeeeecebcdcdcaedbea .................... 84 16
bdaaccaeeaaaecceacbe .................... 108 11
acaacaabebdeecaecbca .................... 74 16
caccebaabcadabddebac .................... 118 7
cdaedeeccccbdebecbbc .................... 112 9
ebbecaccabdaacabbdec .................... 112 9
dccebaadacecdedabeaa .................... 86 16
bdddeccdbeaaadccabbd .................... 114 9
ceddbadccbbabadbbdda .................... 102 13
eeaedabcabdbadaeeedc .................... 96 15
cecdaabcbcddbbdaccce .................... 104 12
dadeedabacceceaeacce .................... 74 16
bcacbbacaeaeadadadad .................... 110 10
bcbaeddbaabbebecdaaa .................... 82 16
ecccbebaadcbaecedeae .................... 108 11
cbacceeacebdaeaccddc .................... 122 6
ddaeeeadadeecaeebcee .................... 86 16
eeddaccbbebbdaecdaaa .................... 92 16
becdedeebbeadecaccba .................... 88 16
eeaabdbecdbcbaeaecaa .................... 86 16
ececceececcdbeaddeaa .................... 126 5
eaeeceebdacbacdceeae .................... 114 9
ddebdceebeddbdabcdba .................... 102 13
eabaecddeceabcdbceca .................... 92 16
ebaedddedabcdcbcacda .................... 106 11
dddebdebbcbcabceabcd .................... 78 16
eacaceccbeedecddacac .................... 120 7
eaccaeaddcbddacacaed .................... 114 9
acaccaaddaadcbdadeae .................... 128 4
acbdbceaedecebbbbaac .................... 90 16
caecdebadabacbceadee .................... 124 5
dadccccdbaeaaaecaded .................... 120 7
bcebaacdebadeaddaadd .................... 126 5
bbbaeaabdedaedbdccbc .................... 110 10
aeacbbaebbbaabddabbd .................... 102 13
eebededddcdbdcaebace .................... 94 15
aacaedbcbaaadaeabbbe .................... 88 16
ccebbdeebcacedeabcee .................... 106 11
abccdbeeeecbdcedcecc .................... 106 11
dedbebadadecbcacecdb .................... 102 13
cacbcbbdbeaeabbeadce .................... 120 7
ceecbeceacdeedeaacee .................... 102 13
aacbdbabcedcdddaacec .................... 96 15
abcebcceaebddcbaccab .................... 112 9
addadcdcbaedbdbdecbe .................... 132 3
cdddabadceacacdadddd .................... 116 8
ccdcdeaeaeebebcbbdcb .................... 94 15
cdcaadacebcaadabacbe .................... 110 10
bdedbbdeddacdecdadee .................... 114 9
abbebbdcaccacccddbba .................... 86 16
acececebbbaeacdeecde .................... 90 16
bbbcdeaaddeccbadeead .................... 108 11
cdbeaaecadbadbababcc .................... 90 16
addcebabbabceeaeedab .................... 96 15
ebcdcdccedadbadeeebc .................... 108 11
eddaabceaeeabdccaeea .................... 116 8
deeaeeabdededbdecdae .................... 88 16
bebdcaaaebddcdecbece .................... 100 13
aeeeeaeddcbecbebdbde .................... 88 16
debbdaedbdedaacaaeea .................... 104 12
aaddccbebdbaeacbbbad .................... 90 16
abedaddddeecbddadbca .................... 70 16
eacbbcdebcbeeadeabbd .................... 76 16
ecbdccbeebebdeaebacc .................... 92 16
aebecccccaecacdbbaab .................... 100 13
aaaacdeebdcbabaeeeaa .................... 74 16
badedbdbadeaceeceaed .................... 108 11
cdeadacaeaedabbbccac .................... 160 4
caadeaaadcebadbdaeae .................... 106 11
dcbaaeeabadbbddcbbda .................... 82 16
aaeeedacedcddcaabaee .................... 90 16
baaaebedbbecaaabcdbc .................... 98 14
bcaddceacdcddadddede .................... 110 10
ebbbdebbadbbdddaccbb .................... 106 11
debcedcccadcdccaaecc .................... 84 16
ecdedccacbcaacacaece .................... 130 3
bebdaacbeecebaebbeeb .................... 92 16
cccdadddbaececdedacd .................... 86 16
baaccabaadbbeebabbae .................... 100 13
ccdccdbcdcdcedadceea .................... 120 7
dabcacecccbbeeebabae .................... 70 16
cecabdcecbededaedeac .................... 110 10
ebbebbbacabdbcbdadca .................... 120 7
daeccdadbdaeaeadedce .................... 100 13
abddeecddabeabdccacc .................... 124 5
daedeebacbeedeaccbcb .................... 88 16
dcbaddcbdcecbecddeed .................... 112 9
cadaeddcdaddedcabdbc .................... 104 12
dcadeedcddbbadaddede .................... 100 13
ccbccbabaaedaeddcdad .................... 132 3
caabcceaddcdbbcaadae .................... 112 9
ebeddeceacbeccdebdec .................... 104 12
eebaaaaecdcebbdaddee .................... 94 15
babbbdacddddcbeaadeb .................... 92 16
bcaabddcacbacabeceae .................... 106 11
bdcbbcccaaadbeedceca .................... 132 3
cbdacecceedadcbdadde .................... 128 4
becedabcedadedcbddee .................... 116 8
ccdbaacaebdbbbdaaaea .................... 114 9
eaddaeabcbebdcbcedcb .................... 88 16
ddeaddcdcbdaddedacba .................... 112 9
abaeabaddeaabceaaede .................... 102 13
caeaeaacebedacaecabc .................... 108 11
aabbcdcccddacdbcedbb .................... 96 15
daeecabceebddaaedeba .................... 94 15
bdabdcaacdacbceebbee .................... 104 12
beebbdddbabecbaedcae .................... 112 9
dbbadedacaacaeecdada .................... 106 11
dbadedebbdabbbdebdce .................... 64 16
ecddaedddabccecaaede .................... 114 9
cdeacdbeababbabdebba .................... 110 10
eabedbacdccaaccdaccd .................... 118 7
bdddbbcdcadebdebccac .................... 136 2
bceadcbabacbccbcbdea .................... 120 7
ceddbdeddbbdbadddbcc .................... 122 6
beacbdebecedcabeaecc .................... 90 16
dabcdcadcddecdaeadab .................... 78 16
cbbbccaecaececbbddca .................... 96 15
aadbacbaaebabdccbbde .................... 96 15
ddedecccbabaacaacdad .................... 118 7
dcebdadbeeacececdcaa .................... 104 12
dabcdbebdeddeeadacec .................... 114 9
daccadacbdeccdcdcccb .................... 80 16
eacbdbddddadbbabbeec .................... 140 1
eaebdedbeddcbbcbecce .................... 94 15
dcddcddbceebacadcbee .................... 102 13
ececbaaddbeeedbbceae .................... 126 5
ceccccdedddcddccebcc .................... 88 16
eedcecebdacdbcbeaedb .................... 118 7
eeecaacbdedebcaeedba .................... 84 16
bbedbaccbdedecabeccd .................... 98 14
dcaddcedddccebaabaae .................... 98 14
cbdbbcaeacadabeeccda .................... 114 9
dbecaababeadbbaaccac .................... 120 7
aedaceddadcbdbeecedb .................... 100 13
cecddcedaecbabdaecbe .................... 102 13
dadacddeccbecbebbadd .................... 88 16
cecbacbdeadeeaeabdee .................... 104 12
bcedbbbdadcaccceecae .................... 110 10
addebdeadecdbbbaccce .................... 126 5
aebdaccbddacdcdaddea .................... 86 16
debecebddebcacddcada .................... 112 9
acdceddbbabeacdcceca .................... 98 14
aecdeccbccabdbcbbbea .................... 76 16
eabdbdeacaaebabbabbe .................... 96 15
cdcedacbacbabaedaeda .................... 110 10
acaadebbabadebebbeec .................... 114 9
edbeadddbaabbcdabdca .................... 92 16
ceeeedaaaedbbbebbaee .................... 86 16
cbbdebcddeaaeeeeaaba .................... 104 12
edaccccccbbbcdcbedee .................... 108 11
dacacceadbdeadabcedd .................... 104 12
dcebcacdbccccccdecde .................... 116 8
bbdaeccacbebebdeebea .................... 88 16
ddbedbabdddbecdcabba .................... 82 16
ecbbacddeacacedacaad .................... 124 5
adceecaaedeaaedadcec ....................failed
debcdaaeabeacdaeebba .................... 78 16
caebcacbbedbbacddedc .................... 108 11
aadcebeddeeabbabaddb .................... 100 13
cdcaeeebbdacedacbbde .................... 92 16
dedacebaddcebadaeecc .................... 114 9
edcaabcaebaadeacdbcd .................... 126 5
cbacbbdaebddadabbeea .................... 114 9
ccdacabbbeccbdbedacc .................... 116 8
cccadbeeaeaeaaceaadd .................... 104 12
bcddcdecabaeabaaddea .................... 108 11
deebcddcccbcacbdcdec .................... 122 6
adebeabbccddabbebede .................... 104 12
dcaccddceadebdccebbb .................... 86 16
dedadbdeaceadccdbabd .................... 110 10
cacbbccceecbceeebdaa .................... 94 15
bcdacbadabdbadeeeedd .................... 108 11
bddadabcddacbaabbdcd .................... 118 7
ebeceeaadbabbbcacbca .................... 100 13
cdbaedaacbbeabacacdc .................... 106 11
baecbbaccdebaeedddae .................... 104 12
cceccdcdccbcdaabbdcb .................... 102 13
abdebaabacaabedbeedd .................... 98 14
aecadeeddacbcbaedbda .................... 98 14
bcbcbacbcccaaedbbcac .................... 118 7
cabaecbdcadbeddaaecb .................... 86 16
daccdaeccaaeadeecbcc .................... 102 13
eedabedcacaaeddaacdc .................... 114 9
cecbbdadcbaecbcaeaae .................... 108 11
dcecaaeaedcaedcaabaa .................... 86 16
dbeaadedbdcbdebeacee .................... 96 15
acdaabdabebaadcdacec .................... 124 5
aedbcccdcaabcbdebcba .................... 116 8
eeeebdbdaecdedccdbde .................... 100 13
eccecbcecacbdcceddeb .................... 114 9
ccddedeebdddececceab .................... 102 13
dadbebccabecedbcebac .................... 110 10
badeeadbabccadeddcea .................... 100 13
badaabacedbbedadcdcb .................... 102 13
ebdabcebcbaabbbbdbab .................... 118 7
edaaccddcdbeadbbadca .................... 102 13
aebaaaedbaeceadceace .................... 80 16
ecbdccedbabdcddcaead .................... 118 7
eeddecbacaacddbcabac .................... 118 7
edeeaceceacddabdcadd .................... 128 4
deddebadecbaacbceada .................... 112 9
aeddaadcbadaaecccdbb .................... 102 13
ddcadbabcdcaeddcbccc .................... 110 10
baedddcdcdebdbbebaab .................... 100 13
ddbebbbcbdababbecebe .................... 116 8
eaeeabcebabcbdecbcbd .................... 110 10
aebaeacdcddbdecadeca .................... 80 16
ddbceeaddcccebddccba .................... 104 12
cdbcbecaedbdbbbcecdb .................... 132 3
bddeeceeedaebacecadd .................... 100 13
cdceddaabecacdbddaee .................... 130 3
ebcaebebdbbbbecabecc .................... 102 13
dececeecdeacdcbabcbc .................... 114 9
ecececabdddacceceeeb .................... 98 14
caaebcccdddeaeebceda .................... 100 13
eedcecdaabcedeaacaae .................... 112 9
ebebabebeadbccadbbbe .................... 100 13
deddaabdeeaecddeedda .................... 88 16
cbcbddcdcccacabbacbd .................... 126 5
acaaacadbbbbbaaccabd .................... 94 15
bdbbeabdedddaeadcaee .................... 130 3
ebbecaaecbedcdaddcbd .................... 110 10
bcdaeaabaabeaeeceecd .................... 104 12
aedbccedaaeecaddcdaa .................... 112 9
ecadbdcaebadebdadaca .................... 106 11
bdacccbcebaabdadbcec .................... 136 2
deddcabbbaeaeddbabba .................... 92 16
ccebdcdcbdadacadccae .................... 144 1
dcdbccbaecacbabaadec .................... 126 5
caaabccdbcedddddddbb .................... 108 11
bdbabcdeabcacaaaadbe .................... 92 16
dceabbcdebadaadceebc .................... 134 3
baeceecdaebbdaddadcd .................... 94 15
bacecebacdddbeacaeea .................... 106 11
daedbedecadccbbabdda .................... 82 16
baebcdabdacccbcbedec .................... 104 12
bcccccbedddbbbedaede .................... 102 13
bdebbadecdeaaeddebca .................... 100 13
abccbecdadcbddaaadee .................... 96 15
caceacbaadacddaeedda .................... 76 16
dbacabdabeaaadddbedd .................... 110 10
dbbdeacbbdeecccdaaca .................... 70 16
ebdeebccbbcbbcdeeece .................... 106 11
aebccadcdabdedcedaad .................... 108 11
babdedcdaddecabadaca .................... 78 16
dadbccacadcceaaaddda .................... 84 16
cccedceadeaabaedaebd .................... 122 6
eaaabdeaddaacaebadda .................... 88 16
caeedcbdaacccebcdadb .................... 120 7
cebeabddacaaebeedcdb .................... 102 13
aadbeacdeeabaaceaebd .................... 102 13
edadaddebdbdcedecace .................... 92 16
beddcacdaebeeeaadebb .................... 112 9
ceeaeaabcdbeabceebeb .................... 86 16
bdecbacedecaabeedcca .................... 112 9
ddbcbaedcaceeabcbdee .................... 112 9
bdcbbbaccdedecddadac .................... 116 8
acaeabcebbbdbabeecdb .................... 108 11
eaaacdbcdbbcbcecccbc .................... 114 9
adadebbcacbdccaaceba .................... 98 14
dadcdebdddababacecca .................... 116 8
ecbebcbeeeeeeaabceee .................... 100 13
eebebaadbbcbbcddeddc .................... 102 13
ddedeebdebadababdbcc .................... 116 8
eddcabcdcacdedadeeae .................... 144 1
cdcdbbcaeddabaecebcb .................... 104 12
eaeedeedbabbedbbceca .................... 114 9
eccaecebccdbabceeabd .................... 74 16
adebecbbaecbacbecdeb .................... 102 13
adabaadcedbedacebdba .................... 74 16
cdeabcaaeececaccaabd .................... 100 13
dacddcbdbdddceecbead .................... 102 13
ddaacadeebabcedeccee .................... 114 9
dbdbabdecdbaeacabada .................... 92 16
bccadbaeabacacececae .................... 118 7
daedbeccbeebeeaaebab .................... 82 16
accedecbcdadeecaabda .................... 96 15
ebcedadddcaaaeccaccd .................... 122 6
adbbedaaddbaccbbcabd .................... 112 9
ccadbdbccbcabcecbedb .................... 104 12
dabeabbdcdeeecbbdcda .................... 92 16
cdcabcdabdadbeacdced .................... 130 3
aabbbcdeebacadadbbed .................... 100 13
aaedddbddcdebacedebb .................... 86 16
cdbdaacdcebdeecccbed .................... 118 7
aeceadbbeeaddaaeaaee .................... 88 16
eadaecaceabebecaaddb .................... 98 14
ccebcecedecebabcabde .................... 126 5
eaebaabddadcdebbcece .................... 122 6
ddaebabedcdbabdcadcb .................... 86 16
bdecbdcccecdccedabca .................... 100 13
deddacaebddecabdecdc .................... 94 15
edaacabedaebabbbcbbe .................... 124 5
debbdcabaaeaacdbacdc .................... 106 11
cbdbaedacdcddbcbaeac .................... 118 7
bdedddadcdddabbbebda .................... 102 13
adcceadecceeddccdbee .................... 84 16
eedcaecebebcbeebaeda .................... 100 13
aeaadcbaeceaaaceadcd .................... 88 16
bbdbdebbdbcbbeaeabdb .................... 110 10
ddaeeceeeddbabdbccbe .................... 88 16
ddaedbecbdeddecabbdb .................... 98 14
eabcdbbccaaedbdadedb .................... 118 7
bcdaaababaddeeabbcbb .................... 116 8
cedcacdcebedbecdbcae .................... 124 5
abbdecbcddaccadddccc .................... 94 15
acecdaddcaadeebcbccd .................... 132 3
eaacebdddbebeecddadb .................... 102 13
ecbadbddacbadbaacded .................... 124 5
caecbeacadcaddeabacc .................... 98 14
cdecddeddadaadbacbbb .................... 134 3
eabcdabcabadcadeecae .................... 112 9
aaddcdaadceedbccebeb .................... 88 16
dbbcddbacecabbecceee .................... 114 9
addbecbbbdedabeecedb .................... 104 12
bbaadeacbdbcdeccbebc .................... 100 13
acdecbbbbeceeadececd .................... 102 13
edbccbccceccddacaabc .................... 114 9
cadbbedcdbcadcdedabc .................... 122 6
dbedcdbabececaabcede .................... 96 15
abcbceeaabaddeddceeb .................... 130 3
cbddabacbbebbdbedaac .................... 112 9
ccddacdeeeeebaaaedca .................... 80 16
abcbadbccbddceebccbd .................... 100 13
eadaabccaaebcbbebbaa .................... 106 11
aaacdecedaccceddacdd .................... 116 8
baccbecaeceebbdbeaec .................... 106 11
dcaeecbccbbbdabadbec .................... 98 14
bedadabadabceaaddddd .................... 126 5
cbbeeedbcdbdaeeceece .................... 96 15
eacbbbaeeeaebbcacaea .................... 110 10
deaebddebeebdeecbcbc .................... 80 16
bebecaacdbcbccedebae .................... 102 13
eebedbbdadcacdedebce .................... 110 10
cadacaebdaceacaddeee .................... 134 3
ccbeadcecaddcabcbece .................... 110 10
cbceecaedcbabddeeade .................... 92 16
ddcdacdccdaacedaeecd .................... 92 16
bbeaccdbebebebbcebbc .................... 94 15
aedbcabddddccbcaacad .................... 112 9
babaacaeddaecedadebb .................... 92 16
dbcebdcadcadedaabaec .................... 114 9
cabbdcabccdbeeeedace .................... 80 16
dcdbdbcacbaccbcdbece .................... 134 3
bcaaaecbaaddbabeaccd .................... 106 11
bcbceeecdbbebaabedae .................... 100 13
dadcbcaddccecacceaac .................... 102 13
debdadbecddabccaadac .................... 78 16
acbcdcedcddedbbeadba .................... 82 16
bbbccccbaaaeacbdaaca .................... 112 9
addccbdbcdcabadceaec .................... 118 7
accdedbedabedeadaaeb .................... 102 13
daddaaebeceeadcaeaab .................... 80 16
edbcccbbaaebcdcbddac .................... 102 13
dbadadccdeaaccdaaeae .................... 100 13
ebdceeaceaaacaacdeab .................... 124 5
aabdaeceddeadbbdbdce .................... 98 14
aceebaaabadaacdeacae .................... 104 12
bdbadebedbcccecbeacb .................... 106 11
eabeadebddbdbdbdacaa .................... 104 12
ecdeeecdeaedbaaacdab .................... 132 3
addbbadbeddebcaddeaa .................... 104 12
cceddaccedebcebdabed .................... 122 6
beeeecaebcabadbdbcdd .................... 108 11
ececcebddccbebcdeecc .................... 118 7
eecaecaeeeaaccbcdbde .................... 106 11
cedcceacdebbabeaabcb .................... 106 11
ceeacacababbbeeadabb .................... 120 7
aadcbceadbaacdeecbbb .................... 104 12
cebbccedaccecdedcdba .................... 104 12
dcdacbbdcdadcabacdcb .................... 134 3
edbebeedbadbebecbcbc .................... 104 12
eabdcaabbbceaabacecd .................... 104 12
dadecaeadbbdeeccbcdc .................... 120 7
bcbadadecabadbdaedaa .................... 104 12
bdeedadabddbaabccded .................... 118 7
bbbbcbdcccbedddecabe .................... 104 12
ecdadcdbddbacacbcdba .................... 110 10
eedcbbebeaedaccddcca .................... 124 5
ccebbadddeaacccadaed .................... 130 3
acbdaeadebcadbcabeeb .................... 100 13
daccadeabbcccdeaaebc .................... 80 16
eceaaacbaddebadaaccd .................... 90 16
ecaedbceededbcdcbdec .................... 126 5
abecbbeceeadccacdeec .................... 120 7
dddcbceadacdedadaaab .................... 126 5
ddadadeebacdbeddcdac .................... 112 9
acadcbbccbacddbdadee .................... 118 7
bcdbebceaaeaabdacecb .................... 130 3
ecacedabbaacdbcdceba .................... 98 14
aecdadbdacaeadcdcbdd .................... 94 15
addacbdaccbcdaebbdde .................... 102 13
bacaeadabceedaddaded .................... 88 16
bbdabccddbcdcaaecaec .................... 134 3
bdcbcdddaaddcdbbdcce .................... 124 5
cabeeeedaeedacdaecad .................... 102 13
eedeaaaceebdcdeeddbe .................... 100 13
dddceaaecaaeddceeeed .................... 106 11
dddabceeddeeceeeadbb .................... 88 16
ddaadcdbcaeddbdcdbba .................... 96 15
eaaaecedeadebccccabd .................... 98 14
bbbddeaaebbbbbcddbee .................... 108 11
bbdcabbedeecebedccdc .................... 116 8
edcdcacbbceabedadcbb .................... 112 9
baaceeaadaaeadedccbd .................... 122 6
dcadeddaadaabddcdebd .................... 94 15
beaeaeadceeabcceebbb .................... 80 16
cdbbbededbccedacdebd .................... 114 9
deabdbdecddcccaecdda .................... 86 16
aebaebbeadededbccddc .................... 104 12
eaddbadcaabebdbaedac .................... 112 9
adcdabbbadaaebdbbcad .................... 102 13
abcacdaacbcbbcbcbbcd .................... 94 15
ebdbceeabcadecdabbeb .................... 122 6
cabbaecddcbacaecebec .................... 116 8
ecaadcccbbdeddecbddc .................... 104 12
eeabaccedcecdbcbacec .................... 104 12
bcdabbbebecceeabdbde .................... 106 11
dcbabadcecbbcdbacadd .................... 102 13
bebdecdcbaeeeedcddda .................... 80 16
edbadbcbdeaabeddbaab .................... 140 1
eccecdbabbacebaccbda .................... 102 13
cbadbcbabdedeacccdda .................... 90 16
cbabcedccedcaddabacd .................... 96 15
bbcecabcadcdadadeabd .................... 110 10
ccecdeabdecaeababcbe .................... 124 5
dbdbcebddaaddaaaedda .................... 126 5
bddcbaaeccbadabdeecd .................... 118 7
ccebbacdebabaaccadac .................... 128 4
dedddcceacebaaceecbe .................... 92 16
acaccceebeaceadedcad .................... 90 16
ccbbebedddcecbbdabba .................... 114 9
eadbdebacacdebddedec .................... 140 1
cdbdebecdddcbbedbdde .................... 98 14
bccacdeaddbbdeabcacc .................... 108 11
ddeecdacecbeecadeeba .................... 92 16
ebbcebbccdbaaaebcebc .................... 112 9
bccbbabaeeabdadbebaa .................... 98 14
cbaabbdbdecaccebcbdb .................... 104 12
dbaaceaeacdbebcdcadd .................... 86 16
eeeabcebbddcaaddeeac .................... 96 15
cddbddbdaecadcceecde .................... 122 6
bbcebcdecceadceadcbc .................... 92 16
deeaccdeaccdedccbbdc .................... 92 16
ceebbdeabadadbaeaadd .................... 102 13
aebaaabddbbadeceabeb .................... 98 14
bdadbdceaecddcbbaadb .................... 102 13
cbbdbcccebaadccbebac .................... 108 11
cddacacdbbbacbdaeeea .................... 134 3
bbbcbbecdbdcaaebdebe .................... 100 13
eeededcbddaddbaeaaea .................... 100 13
eddcaddeeadcabbbabdd .................... 104 12
decbeadadbbeacbbdcee .................... 124 5
daddabdedeccdeabcaec .................... 108 11
ccbadedccdddbdecbdee .................... 112 9
aabaaeddbeecaaeacbab .................... 80 16
ddbbbdaacceddedaaeae .................... 102 13
cebddeeeabaeaaeaeeba .................... 96 15
ecbeedeedcbebbaebace .................... 84 16
abbbbebdaccbdcadeeab .................... 100 13
deddbddccbabbdbddbda .................... 102 13
babcdbdeeeaaecaaeaba .................... 98 14
baeabeddcdeceaebeeab .................... 86 16
dcecdcecabbbbaedeabd .................... 98 14
ebdebceecbbddbaedaec .................... 112 9
cacbadedeeebcadadddd .................... 86 16
adecaadabaedbcbcdedd .................... 118 7
dcadadadbaaedddbcdbb .................... 94 15
abdbeedeebebacdccedb .................... 104 12
ebdebbdeadacdbbaabdc .................... 106 11
aaadaaaeceaddeddebcc .................... 84 16
eeceddeaabeadbecddbb .................... 98 14
badceaaebbaebcabeedc .................... 102 13
becabdbbdcedebbecabd .................... 106 11
ebaeabcabeddadbedbbb .................... 106 11
aadbcdbabeebdcdabead .................... 100 13
dadbdcbaedebdebbdbcc .................... 110 10
bccbaabccababacaeaaa .................... 106 11
ddccabddcceebcdbccae .................... 110 10
cdcccbebedeccebaebcd .................... 104 12
cbdabaebaabaeddcecec .................... 120 7
edbcaaabddbcdaadcaad .................... 106 11
bebbdebbbcdadeceaaab .................... 98 14
dceaadbdcdabdbabebea .................... 88 16
eedbcccbbabbccaceaac .................... 124 5
decdedcaecbebeccabab .................... 88 16
bbcbdacdaaccbdbcaecc .................... 128 4
acaabbcccebcbbbacaaa .................... 112 9
ddbcdbbebccbcaaebebe .................... 98 14
caeccaccecdbaaecaaac .................... 106 11
ecdeaeecabbadecaaebc .................... 110 10
bceedaabeeccebcdecdb .................... 98 14
baccbbbbbbdcabbcebcc .................... 98 14
dbeabaceeecbeebeeeea .................... 98 14
dcdaedeebacdeabddddd .................... 114 9
ddabbecedcaabceaabbe .................... 112 9
ecbdcabacbdededbbbcb .................... 92 16
cebacaebaabbabedcaaa .................... 110 10
caedebbcabebdebbcccb .................... 108 11
ebaaeadcaaddddcbdbcc .................... 90 16
cdadebcdcbcaaaeeaece .................... 112 9
abbcbecebdcddaedaccc ....................failed
ccebeeaddddceaebaceb .................... 104 12
eebaebbbadcedabedeba .................... 92 16
dceabbbeacbdabaaabda .................... 98 14
aacbbdbeaaabdeebebcd .................... 84 16
abadecbdeedadbecebea .................... 76 16
eaecadbaeaeabdddbdbc .................... 110 10
bdadeebbcdeecdecabae .................... 82 16
bdccebddbbeedaaabcea .................... 104 12
edaeacdcbdabdbccaade .................... 88 16
ddeabeeebcebedacaebd .................... 88 16
bdcdaacadeedcdbaacea .................... 118 7
ebeccbeadcceedecccdd .................... 120 7
dcdeadcdceadacecbbab .................... 114 9
edacbccabcaeaceaecea .................... 112 9
eebbdadbdbdcdedbbcbc .................... 108 11
dbedccdbcccceacabeeb .................... 80 16
eccaedeaccccedaaeebc .................... 88 16
abacddcccacddedbdcba .................... 110 10
ecadaddddebcdccabcad .................... 96 15
cdeaeadcbbacdccbbbdb .................... 96 15
dcebacdcadddbcdabaed .................... 98 14
bdcdcbceecddeebdacda .................... 122 6
ebddadbdddcdaeabbedc .................... 120 7
acdedcebeceddebeaaab .................... 106 11
daebbcbecaaacadbbbea .................... 102 13
adabcbeacbacbebebbbb .................... 112 9
cebecaaceadcbdbdcedd .................... 122 6
dcbbeabdadecbadacdac .................... 98 14
bbadbeaaacbeeaadebab .................... 84 16
acedbbabaabaaccaccac .................... 118 7
bdcdecbbcbbeeeaacdce .................... 92 16
dcaaaeebadedeacdcdca .................... 80 16
ebbbecadedddddcceeae .................... 100 13
accdababaabdcabcbacd .................... 102 13
ebabaecdbecdeecbcbcb .................... 108 11
ecacaaacceeeddaecccb .................... 88 16
bccbcdcddbecebdebeae .................... 114 9
edcedadddaeacdabedea .................... 118 7
dbbaaebcbebeccebbbed .................... 86 16
cedceebabcbabdeaddad .................... 118 7
cababcbeadcecaebbeae .................... 90 16
ccbbeeebadabdcdbdbcb .................... 88 16
cceeccbbcaaeaacabebb .................... 112 9
bceaddaaebbdddacbdee .................... 120 7
dacdcbddbeadceebdcae .................... 116 8
aedabbccbcbbcdcbcbba .................... 100 13
bbeecbcecbddeccebadd .................... 104 12
dddaddadbaacbecdecaa .................... 124 5
ddebbdebbeccebeeedcb .................... 72 16
bbdddaccdeceadebecdd .................... 118 7
abeadacadecaaacacdbc .................... 120 7
ddedccdabbedbceecbcc .................... 100 13
cadadbecbbedddebebce .................... 110 10
ededaededbaaebbecebe .................... 122 6
deacebecbbecedbaecec .................... 102 13
bdccccbecabbdcdecdba .................... 100 13
ccabdadbabcdcbbcedba .................... 112 9
eabbdaaeebabbdeabdab .................... 104 12
baddbcacabbbbecacdcd .................... 94 15
bbaceddbcbbeeaebeeea .................... 74 16
ddeeceebcccebacddbce .................... 94 15
ceabccadcdbddbcbcebe .................... 118 7
cbcaebddbceabddcdcad .................... 116 8
bacdebdbceaccbdcdded .................... 92 16
abaeaecdebbcbcebddcc .................... 94 15
ebabdaadaddbdeeeebbc .................... 86 16
dbbdbcbccecdddcaaeaa .................... 86 16
accbeeeddeeedeadbbac .................... 106 11
aeaebbcabeceadcecded .................... 106 11
ddbcecbedddebaabcbbc .................... 90 16
abadecebdaeeceaacdbe .................... 84 16
aaabeccbddccbcaadbce .................... 84 16
daebecbdeddcebcabcaa .................... 84 16
bcebcacaccacabbacade .................... 134 3
ecaeeabdbabadcdacbde .................... 112 9
ddabaeccbdadcecbacdc .................... 116 8
ccbcebedecdbcdaabdee .................... 100 13
acadeceaceebabcccecc .................... 84 16
aadedebdbeaeadaabaea .................... 112 9
bbebcdccbcacaeaeeece .................... 106 11
acccdcabadaedbbbebcb .................... 88 16
abbbccdeadadceedbacb .................... 98 14
debbecaebcddbaeeadbb .................... 72 16
bcbadeadddabeacecaac .................... 114 9
dbaabacadcecdececadc .................... 98 14
daeebcddeadabddebcce .................... 96 15
abcaecaebbddeeeadbbe .................... 78 16
beeacbcbaabadeeabbee .................... 122 6
eddaebcedcaceeeebaee .................... 122 6
daebcebccdbbebaaaeec .................... 104 12
debbdbdaeeedbddbeede .................... 112 9
caebdebbaeaeddaabccd .................... 110 10
beaeecbcdccbcdababeb .................... 88 16
deacbdebbabcecbeaceb .................... 92 16
ebebcdedeccccbadaaab .................... 108 11
cbaebedcbeadcadccdca .................... 100 13
aedbedececdbadebdabc .................... 90 16
ebebdcdabebebadbedbb .................... 98 14
dacdbedbeededdceadaa .................... 62 16
baaecdccacbabcaceddc .................... 98 14
ccdeeddcbceaedcadcda .................... 94 15
daadcedaeaebbeaadaba .................... 90 16
cabeedabcbebbcebdbce .................... 70 16
dcdeceeeeaeccbbeadbe .................... 104 12
baabdabecbebaddcaedb .................... 100 13
aecebebeadeeeaeaaaba .................... 68 16
bbebeaaebccbcbecedce .................... 82 16
eedccdacdccddcdeddae .................... 116 8
cceccaaacdadacabeebc .................... 124 5
cdbaeeabeeebdaaaddae .................... 90 16
acaaceeaccababbbcbdd .................... 110 10
abacbbdbdcbeeaabadcb .................... 78 16
bdddbcbebcebeddeceeb .................... 100 13
deecbbccbdebacccabdd .................... 96 15
ecadedcaadcbbbcabbae .................... 88 16
cdaeccececdbdbadaeeb .................... 102 13
cabecddecaeadacadaca .................... 86 16
aaddbadaaddcdeadbaec .................... 94 15
cbddaacdbabbcecceeda .................... 108 11
ccedcccdbcddbeaedceb .................... 122 6
bacabeccdedaebceacbc .................... 100 13
dbdacacdccdbcededcde .................... 106 11
dbcaeeeaeecadbbdcacb .................... 110 10
bacddbbeeeededbccada .................... 112 9
dbbaeccadacdcdeecdce .................... 106 11
dadbeddedeeedbdbeebd .................... 88 16
aaacccdadeeaecababeb .................... 88 16
ebdbdbddbbedccccdeec .................... 140 1
dabcbcdcbcebcaacebba .................... 62 16
abdaabaeebbcccecdddb .................... 94 15
edaebcaeadeebcbbeeda .................... 88 16
bdeeeeeaeeebeaeccedd .................... 96 15
aabaacdebdcebaaeabed .................... 68 16
beedcdbacaabecbdabee .................... 118 7
accceecabdcecaabdeae .................... 102 13
ebbeedcbabaaeecedbad .................... 92 16
eeecdaacebaceabeeecc .................... 110 10
ddebdebcbcbbdebcbeba .................... 116 8
ddcceceaccaccbbedeac .................... 104 12
bcdcaccbadacbdedeabe .................... 104 12
caedeedcbedaedeeedba .................... 70 16
ccbbbdedaeeebdbcdacc .................... 108 11
dbaaadaabeaebcedccdd .................... 98 14
eedbbbcaddcabaadacde .................... 142 1
eacbdccddeeadecdabac .................... 124 5
eeebeaacbeeeedbdaede .................... 104 12
adecbacbadbabecebabe .................... 98 14
bbcdeeadadbdabbdabee .................... 112 9
cccbccaecaedebebbddb .................... 106 11
ecdcdaaeaceebecbadee .................... 106 11
bddaebacdbbdacaedbdd .................... 122 6
ebbedbbbcbedcabdddeb .................... 124 5
ddcdbeadbaeeceddaaab .................... 106 11
aecadcdaaaeedeccdbdc .................... 96 15
aaccbdbbbedadbccabba .................... 66 16
ccccdaadccdaccaacbcd .................... 108 11
adbcadbdbdaecddcdebe .................... 98 14
edbedbecdaecdbbcaaae .................... 126 5
bbdadebbdbbcaabedbde .................... 118 7
bcbdaacabaeacecaabdc .................... 100 13
bdbaaebebdbdccabaddb .................... 96 15
deccabdaeebedbdeacdd .................... 92 16
aedbbeeeecaaceebbddc .................... 110 10
acebeeebbcaaddddcabe .................... 110 10
adbbddedbeaeacceceed .................... 114 9
bcebbddebadddcdeeabc .................... 100 13
caeedacbeeeebaeacdec .................... 110 10
eaccbaacbbbeeebddede .................... 112 9
caaaeaabbecbaebceaed .................... 100 13
cdeeabaebdcabcbcacea .................... 120 7
bcbdbeaaccccadaaadbe .................... 90 16
eddbabcdeaddcadededb .................... 132 3
aebeaedcbdbceccacedc .................... 84 16
ebdedeebebecbeedebcd .................... 102 13
eacccddcaccbbaeaeeeb .................... 88 16
eeadcddcaecedbaaeccd .................... 86 16
eedbbedadebededbacea .................... 120 7
ebdbeabacebabcaceada .................... 108 11
cceebbaedeebecdabdab .................... 100 13
abbedbecacabdbcddcda .................... 96 15
ddbdaaeaebacbddaeeee .................... 100 13
bbaeedccadcbaabeedbd .................... 84 16
becdedeaedeabeeadeed .................... 98 14
dadcbeceabeaabbeeedd .................... 112 9
eddeccabdcebeebbbdca .................... 100 13
bddedcbbcbbbaadeddde .................... 106 11
bcbbcaedeedeacceddae .................... 102 13
aeaddeccdbcaaccddbce .................... 116 8
cdeebebbbadcbbcabdcc .................... 100 13
addbccdbeddabcdbdbbb .................... 100 13
eaccadececceebaddbae .................... 90 16
aeccbeaedccbdccaeece .................... 86 16
aaaeecaaadbdacddaabe .................... 88 16
cebeaeacbacaddaaecca .................... 98 14
bddaccbadaecdbedebbc .................... 120 7
beebdeeabccceceabcdc .................... 108 11
aeeacbdceabaeeeecaab .................... 116 8
eebaccbeeeeeccaeddea .................... 90 16
deaededaadaadebdecea .................... 120 7
cebeaaeccaaaaedecbaa .................... 108 11
eeabaabcbcdadddcecca .................... 92 16
bacdcecdccbecdcbeebe .................... 100 13
caabdbedbcdeabbeadde .................... 108 11
cbcccbbcaacbaacaeaae .................... 114 9
cddbdbdcabdbabedeece .................... 124 5
bbbebaecaaeaecadeded .................... 100 13
baebbbbddaadbcabeeda .................... 130 3
ecbadbabadceeedeedec .................... 100 13
ebbaebdbdeccdccbbdba .................... 82 16
cbeddccbceeccdeceecd .................... 92 16
abacbbabdadbaccdadea .................... 94 15
daebdbdcccbbebeacbec .................... 106 11
acddccbcaabaabbcbcbe .................... 128 4
deaacdcecbadaccdddec .................... 124 5
acbedbcceaacabcbbded .................... 122 6
abbbbcccebdaceebacbd .................... 100 13
aebaaadadecdecdebceb .................... 98 14
eabdacbdeaeecacbdccc .................... 94 15
dabdcbdeddeccbebccbc .................... 96 15
ebedbacacdedbaccdabe .................... 106 11
addacacdbedeecababac .................... 106 11
aabeeabeaceaaadadadd .................... 80 16
cecdadcebeecacebccbe .................... 96 15
bbdbebecbdecdaabccdb .................... 104 12
cdeadcaddeeabbddbdbb .................... 122 6
bcebbeaccdceccedbbbe .................... 102 13
aacccdbdddeebbdacdbb .................... 96 15
bddaaedbadbeaabdbcbb .................... 114 9
debbcbcdaadaaeaeedea .................... 116 8
edbbcbaacdaccdadadbb .................... 114 9
ecedbaabadeeabddeced .................... 102 13
daecbaacebaabbdccadc .................... 114 9
edecabadadedadaeabbd .................... 102 13
cbcebdbdcedcdbabacbd .................... 90 16
adaceadaedadbddeaabe .................... 96 15
becdcecbaaaaadabcdee .................... 128 4
bdcdaeedccedeceeeecd .................... 88 16
edccbdbedbeccddddbac .................... 110 10
addcaabaddddeaaceccc .................... 108 11
adecbadeaeceeacddbeb .................... 90 16
abddbabcadeebabdaeee .................... 106 11
cbedbeccdadaadcceaab .................... 120 7
ccbccceceeadbcdbabeb ....................failed
ebbadccacabdeadddeee .................... 132 3
ebaceabacaddccdcdccb .................... 106 11
dbaecbbdcbcdaddbcceb .................... 130 3
eecaeddecaeacbdededb .................... 92 16
aaadcbbcdabccbebcdea .................... 104 12
ecdeaededcdcdbedebcb .................... 90 16
eabcecdeaadcaaabbeac .................... 88 16
eccceccccbddeaceacdb .................... 94 15
deceddeceeaeabdebdce .................... 90 16
ecbeabcadcaeacaacbea .................... 120 7
eaaabaacbcacbebbbeea .................... 104 12
ebeacaaaeddeaabeddec .................... 110 10
daebbceeedaceaeaebbe .................... 78 16
deeeccbcccbacebdcded .................... 126 5
debecadcaedbcbdbebed .................... 78 16
eedcaaebeccbdeccbbba .................... 86 16
aebababdedaabcdaedec .................... 110 10
bacaccaaaecbeeedeeee .................... 98 14
edbdcbcceacceeeddbcc .................... 120 7
daaacaabddbacddddcce .................... 104 12
aacaeeededbaeccedaec .................... 94 15
cdaaeaaaabcbacbabddc .................... 108 11
edaeadebdebccdcbcbdd .................... 86 16
edcebaeacdeecbbabbce .................... 96 15
eeeaadcccacabbdbdeca .................... 108 11
eaadbeadeedbcbebccce .................... 90 16
dddbdadcdcaaceaebede .................... 126 5
ebcdbabecaeeabeebacb .................... 88 16
cacadcbeacbaddbabcdb .................... 112 9
aaebdbbcecbcdabcbbdc .................... 110 10
debbadcadadddebaecde .................... 120 7
decccbcaeeacdcccabbd .................... 106 11
dabaceacddddccadeaaa .................... 98 14
baaaccccdcbaecadadeb .................... 112 9
cddeaadabbbdeeddaddd .................... 118 7
caadebabbbeadabcacea .................... 100 13
bdaaaadceaaebbabacdc .................... 110 10
ddacaddcebccddadcdcb .................... 92 16
dbcdaccddcdeedecbeae .................... 92 16
dabaaeeacdedecdcacaa .................... 86 16
acbcabceccbaaebabbec .................... 118 7
dddbbdcdcbaaceedebed .................... 132 3
ddbecedaeeaceeacbbbe .................... 98 14
abadccecaeceebdacbcd .................... 76 16
dbeceaaaeecdaadccbae .................... 106 11
beebaededdcbecdcebad .................... 96 15
caeeeeaeddeecdddbacd .................... 94 15
ddacaddddaaeedddbbbb .................... 102 13
cddbebbddcecedbdecba .................... 130 3
aedecdbabeecccbdecca .................... 100 13
aedccebeedeaaebdaace .................... 122 6
bebaadecdbedbadbdbad .................... 98 14
ababbebdecceeacaaeae .................... 96 15
acecdbcbdbcdceccccce .................... 134 3
ceeaeadaededaaaccbde .................... 108 11
becdbdaadaaacdbbaaee .................... 122 6
dadbadbaacacdcabccec .................... 112 9
bbbcebeacbaceecdbebd .................... 104 12
bedbecaeddaabebadbda .................... 116 8
dddbecaeecddbceecdec .................... 108 11
beeeaeebedcabbbbdbed .................... 108 11
ddadbcebdbeaacdeacec .................... 102 13
ccbdbbcaceaaecdabbac .................... 118 7
bddeacdababcacceadeb .................... 102 13
eecabedeccbcadebeedd .................... 94 15
decceacdedcedacbceaa .................... 100 13
cdcedaebeabadeceaabd .................... 110 10
cbdceaebededdadcebbd .................... 94 15
adaeadedcbcedcacddec .................... 96 15
deeceeebdebceeceadbb .................... 76 16
ecabbdbdbdebbdbebcab .................... 108 11
ecbdeceabececabbebdb .................... 84 16
ddcadcccaeabcbeedbde .................... 96 15
debbeeaacbcdabaaddee .................... 112 9
eaacaabedaabbeaeeeed .................... 108 11
ecaecebccbacadbdacea .................... 128 4
edeaebaaceaaabbbbbad .................... 126 5
adbdecaabcadeaddaaaa .................... 90 16
eaccececddabdccaaddc .................... 88 16
cdbdebacbecbdeaadbbc .................... 96 15
aacbbcadaddeebbacdbe .................... 90 16
eaedbeebcaccdacebcce .................... 86 16
becaaacdeaaaaeabddee .................... 132 3
debababeadcddccbddbb .................... 90 16
bebeddcdaaccadcbbbad .................... 108 11
aaceccececacdecbceba .................... 88 16
ebadeeaddbbdebbabeae .................... 118 7
ecabcbbcccaeececbebd .................... 116 8
adeddcaecaaeedbccdbb .................... 112 9
acaecaeecaeaabbecddd .................... 108 11
beaeabdabccadaecaacc .................... 94 15
debcacdbcaaeddcdebdd .................... 86 16
deaecaecadcdeabbabed .................... 98 14
dbbacaddacceacdceadb .................... 92 16
aeadbebdeddaeebacada .................... 100 13
cbabbbecbcccdacabcca .................... 92 16
ebdabecbdababccddacc .................... 134 3
dedeccaceacbdbbecacd .................... 112 9
eedbabaceadeeddabbcb .................... 102 13
aebacdccbbadeddccdca .................... 104 12
ecbbcbbcebcaccabadde .................... 120 7
cebcbcdecdadeebcdbad .................... 114 9
bbaabdaeedebabbdcbda .................... 92 16
ebbcbdbedeaeecdcdcdb .................... 102 13
dbdbabbbeddedaacbbde .................... 92 16
aceaaeebdeabdaadbbea .................... 92 16
ecbacceaabcedddbbeab .................... 104 12
ecbbcdebebbedbddccbd .................... 116 8
adccbbabbabdedaacced .................... 122 6
ccadcbbeeecdcddcddec .................... 124 5
bcecceddecbacdccedee .................... 116 8
eaebacdaaacccaeddbec .................... 104 12
abdaaeaadcedccebdbdd .................... 98 14
eccdcbdacacacdedcada .................... 122 6
cebdacecdbaddadaaeeb .................... 108 11
bacebeebbedeadcdddec .................... 94 15
ebabbdbcabadcdbeaeab .................... 114 9
ecabdcabacedebeceabd .................... 96 15
