aacdcbdcecabccecebac .................... 92 16
daabcaadaadeeadcddbe .................... 92 16
eaaccbcebebadcecacdb .................... 110 10
aebbdeebcceeaaddeeec .................... 104 12
cadcdcebbbbbdbaacddd .................... 106 11
ccbededcbebcddeddbbc .................... 104 12
cabbcadbabebbdcedaeb .................... 92 16
cdbabddaedcdbcccabdd .................... 102 13
abdaadcebdcbabbddded .................... 112 9
dbedeacbdebccbcedcaa .................... 86 16
aabcabcddcbaaabbbbbd .................... 112 9
eaacdcdaeaabdeeccaeb .................... 118 7
deacdccadedadebbaaba .................... 108 11
dacbcbecbcdcaaabcaee .................... 104 12
badcaccbebbeeabdbeee .................... 118 7
bcebcdceababadcccddb .................... 116 8
bccdadaecaceabcbbbad .................... 90 16
cbcaeaabbeeecaeeabda .................... 62 16
ddabaaacedcadddcbcbc .................... 106 11
caaebbebceaebcbbcebd .................... 112 9
accdccacbadebbaadbdb .................... 86 16
bbaecbaecacbcaebeeba .................... 90 16
cecebbbecebdaebebece .................... 120 7
cdaeebbebeddbedacdbe .................... 110 10
adeaecebaeadeedaeacb .................... 86 16
deceabddadebedeeadac .................... 78 16
eedadbbcabdaddecdbcd .................... 116 8
cdceeceeedbcccecddbd .................... 90 16
bcccbabeaebebacccaea .................... 100 13
edaabdcaedceebecbccd .................... 104 12
ebdecedbdcbdbdaacaab .................... 124 5
eadeeaaedbeebbedccde .................... 112 9
abceeaddbdcaebeeecdc .................... 84 16
edeaeabcecaeaabdbabc .................... 124 5
cacbabaddaabedccbaac .................... 122 6
bcdcdccaddabcbeeddbe .................... 118 7
cccacedbecabeabdbdea .................... 112 9
babdecbeddadabeabaad .................... 102 13
adcdcaccadabdbadcceb .................... 118 7
bbeaeedccecbcaaecbcb .................... 80 16
aacaaedbaabbbbcedaeb .................... 82 16
adeedbeadcdeeebdbaad .................... 122 6
bbcaaedbeebcecedceae .................... 98 14
dcdcdddeaceddbebdcbe .................... 104 12
baaccdadccdddaebaadb .................... 84 16
dcdccdbaeaacaabebbcc .................... 118 7
eaaadddcaeeeedadbcbb .................... 90 16
aabebaacccbccbbbbabd .................... 84 16
eacebbbbdeecbddbceba .................... 98 14
aecbadedabbbbcceeead .................... 86 16
ecdbceeabbbcacecebcc .................... 116 8
bedebeebdbabbccaccad .................... 122 6
aaecceecbccddeaabbed .................... 102 13
acdddebecdaaaebecbdd .................... 124 5
bbbacaeebcdbebcaecde .................... 80 16
dbdadbbebeabddbbbbed .................... 120 7
addbcbadecdaddccdedb .................... 120 7
cdebcadeebeaedeadbba .................... 104 12
acababdcaddbcaacecec .................... 92 16
ddbeaebdcbbcdbddbdad .................... 104 12
adcbcaeaaedbbddacecd .................... 98 14
dbcbedeadddeadbbdddb .................... 94 15
bebdaeceddbdcdbecaca .................... 106 11
bcacbdebeaadebdeebac .................... 100 13
cbbbecddbeedcccdddeb .................... 106 11
dcbdaddacaeaabdceaab .................... 94 15
acecdceebaecbaeaadeb .................... 92 16
ddabdcadcedaccaedcda .................... 98 14
ddadaccaeedaeceddead .................... 102 13
ccebedccadbcbccacdea .................... 104 12
ebcddeedededacacbcab .................... 118 7
ecbbedabbabccaabacbb .................... 90 16
aecbdbedbeacaabddbce .................... 120 7
dcddccdbbaeeaebdacce .................... 116 8
cabdaaaececddebbedeb .................... 98 14
beadacbdbaeceacbbdee .................... 88 16
abdeedbecedabacdeaab .................... 88 16
bcbdbebdedcacdaeaaeb .................... 104 12
eabbcdebbaeebceadebd .................... 96 15
bebbeccaeeceecdbbaac .................... 104 12
cbacdbabacaeddcdabce .................... 98 14
dabcaeceaacbddccbeed .................... 98 14
dacbddbddcacbdeebbda .................... 92 16
cbddcecaaedbaaaceebe .................... 108 11
eacbbeedadeadbaaecec .................... 110 10
edcbaddeabecddbcaead .................... 102 13
abbccddebccdedbabcde .................... 98 14
bbdaeeddedeedbdddaee .................... 112 9
cedabcdaebcbdedeadac .................... 108 11
cadbcdbabdbacedddede .................... 128 4
edbbdeecaddcdedeadbb .................... 90 16
dadccacbdecebeeabacc .................... 108 11
acabdaccdacdadeebaae .................... 128 4
dbdadbaeacceacdceaca .................... 98 14
bdeccddceabbcccdacba .................... 106 11
bdcacbedecbbbadbeeed .................... 116 8
cbadcebaedcdbbbbbaab .................... 122 6
abccadceabbdebcbeadb .................... 84 16
baedbcbbeacbdaedcddd .................... 98 14
eaeebaaacdbabbacddcd .................... 100 13
baedcdcdabdadebedcea .................... 112 9
ddcaceceabbedbeabcca .................... 100 13
edccaaceddeeccccaeea .................... 102 13
cecbcceedbcbeaedecbe .................... 110 10
edababdbeabeccdacccd .................... 116 8
bdabaedcceaadabacedb .................... 118 7
aeecddeecbabccacbecb .................... 94 15
caaaceacacbecebdedea .................... 106 11
dbccebdcdeeedddeadec .................... 90 16
ecabeedbdcbbbbceedbc .................... 90 16
dbbeeeecdaddaacbcceb .................... 110 10
baebcaaaebaccbdddabc .................... 118 7
cbdebdbbcceeaaddbece .................... 100 13
acdcadbebaaaaeecbbec .................... 118 7
dcebadaccdeeacacadae .................... 90 16
ecacbcdbcaedaeddbbad .................... 112 9
abcbabacdbdeebcacdce .................... 92 16
ddabdedabeabbaabaacd .................... 102 13
dcacbeaaacaacdcacebc .................... 108 11
cacdbaaccdbbbeeeabab .................... 80 16
caebdbbcacdebeddbaec .................... 124 5
dadbbcbeebcdabdeccbb .................... 118 7
cbecbacbdecbbdebddda .................... 98 14
abadaccebbbbdcbebabc .................... 86 16
ecaeecccaadcceababdb .................... 86 16
bbaebbdceabebbbdaabb .................... 114 9
eccbaaadbbcceeedabca .................... 92 16
cadebbebbdbbbdeaabac .................... 98 14
daeabaceccdecdabcdcd .................... 88 16
baedebbcabbaccdcdccc .................... 108 11
cacaabcaeeeacbcdcbcd .................... 112 9
ddbaaaedeaeddaeeeacc .................... 94 15
caeaebddbbddddeaabeb .................... 102 13
bdadecbebdbbcececcbe .................... 90 16
becacbcedeabdcbeaeac .................... 126 5
dbcabbebbdbaadcadeee .................... 106 11
bebdeceaecebabdecece .................... 84 16
cebcccadceceaeaeabbc .................... 98 14
acebbbbcdededcdbcbcd .................... 104 12
cddcdbaecdeebdbecedd .................... 128 4
abeeabaddcbdbdabdceb .................... 116 8
eccecaebaebaeebbecee .................... 114 9
adbbecddbbcababbeeac .................... 114 9
abdcbabebecdadacbadb .................... 106 11
eacbddceccabbaacbece .................... 106 11
badcecddaedcbeddcbeb .................... 100 13
ebdcdceaeeccabecbcdc .................... 116 8
eeebcbbbeaddacdedeee .................... 132 3
ccdceedbbacadbbddeea .................... 132 3
aebdacbeaeebdcdccdcd .................... 72 16
ceccaaecceabacdcadac .................... 102 13
cceadecdceeedceebabd .................... 110 10
cbecdbcbcabacaaeeaec .................... 126 5
adeeacddbcbeddbeeada .................... 84 16
cebdcbdabbddacbcadeb .................... 122 6
aecbbcdbceeadaacddac .................... 92 16
ceeeddcabeeeccbddcbc .................... 126 5
aaadaedbccabdbadbdaa .................... 74 16
eecbbcaebcbcdcdcabba .................... 82 16
aaeaacbdbcaeedcdceee .................... 106 11
adbacdcaabbbbdcecdbe .................... 98 14
edabaedebbedeaacddbc .................... 104 12
bacccdeacbbbeeacbbbc .................... 92 16
acedbeaabcaebdcddbde .................... 98 14
aadbebbccbbaddedcede .................... 122 6
acbcaeaeabcaaeddbabc .................... 104 12
dddcdddacbcabccecccb .................... 116 8
dabcbdabcebeebdddcae .................... 88 16
aceaecdeaddcbabbecdb .................... 80 16
bceaebebccdedccaccab .................... 98 14
baaabbcbeadebdcccdbb .................... 104 12
eeaabbeedbeabbccdaac .................... 118 7
ddbeccbaebbdadbedadb .................... 118 7
bcdeebaeeccdccdabece .................... 110 10
cadbadcaeccccecadaec .................... 116 8
cbceaebbcaacaedbecad .................... 112 9
adabedaacedeacacbaba .................... 80 16
cddddceacecceddbdcea .................... 112 9
cacdeeaabddaadecbacb .................... 88 16
ebcaccdbbcecccaeeaca .................... 70 16
ebcddaabbabdbabbbbbe .................... 110 10
decdaaaabdddababdcbb .................... 92 16
cbecabababecdbbedbba .................... 86 16
ecebeacaacaceeeadbcc .................... 104 12
cbceedbebbbdeaecebbe .................... 88 16
dbaceccdacaddaecdcce .................... 102 13
eecadabaceedddcceabc .................... 110 10
aecdbedcdabcabcaecbd .................... 100 13
beecbacdceadbaecebaa .................... 110 10
cdadcdcbebceabeeabbd .................... 96 15
baddddccacdddbccccea .................... 112 9
ebeaeddbcdebbedeaddb .................... 70 16
baebcebaccceaeebbeee .................... 118 7
beaaabcdbbcdcccdaecb .................... 116 8
abedcbbeeccabacbedab .................... 98 14
dacacbcbdebdbadacbcb .................... 110 10
bcacbbdcaedaecebbeac .................... 100 13
cdaabaacccbbdaaeabcb .................... 80 16
eaacdcaedaabedbceaee .................... 118 7
aeceaccbdedbdbcbcaac .................... 90 16
abcdedbededceeeaceab .................... 80 16
abbadbecabecadbeeabe .................... 96 15
cacbebceaabceabbbbcb .................... 104 12
cdeabddaaddcbeeecdba .................... 86 16
aebdccceacaebdaebead .................... 94 15
ccacbbcadccbdadbceed .................... 128 4
cecbededeaaccccabcee .................... 116 8
dabbcbdcdcbcecbbebbc .................... 102 13
bddaadecadcceabcbdcb .................... 92 16
dedceccbecaedcdcbaca .................... 94 15
beaadbbcbebcbabeddbe .................... 108 11
daadedadaeeeeeeeeedc .................... 64 16
dedddceaddaacaeebbde .................... 102 13
acbaccdebebeadbcebde .................... 94 15
abacbbcbbbcecdaceadb .................... 94 15
eaccabaedabdeaaaccbb .................... 116 8
caeddaedbaadcbbacbbb .................... 128 4
edcddaabcedebdbdbeeb .................... 112 9
cecabbebacabdbddacba .................... 100 13
accbcabecbeeebadbabe .................... 102 13
bbabcdacbadeaadcdceb .................... 108 11
cdbecaccecabceadbbdb .................... 114 9
cdeaacbbabeebcbcbbde .................... 102 13
adcebbdbcebbcaabdded .................... 92 16
adaeccacccdcddbbdcbd .................... 94 15
baabcdcabbecccdbccdd .................... 108 11
ddcaeaaebeaebaedbebb .................... 94 15
babeddeadaecedbedbda .................... 90 16
ddacebdcbdaebdbdbddb .................... 108 11
ddbaadbcdaeadbcbdcdc .................... 108 11
ebbababedeaeabdddbea .................... 110 10
aeeccaedeceebcdecdeb .................... 100 13
aecdaadbeacaebbcadac .................... 100 13
acebcacecddaddbaadda .................... 102 13
cbeeceeeedbbdadcebab .................... 94 15
bdcbbebbecbcabbebccc .................... 114 9
badbadcdadacdddabbcb .................... 96 15
eaaadeaaacbabdecabbc .................... 100 13
cbbaceebbecbcabbbbce .................... 92 16
cdaddbddccdbbecbebec .................... 106 11
bcbacddcbdbcedddeade .................... 92 16
ceaaaabddebaededebea .................... 106 11
cdabddeeecaddabeaeda .................... 112 9
bbcdedacbbddccedabde .................... 82 16
cdaabebcadcaeeacbaaa .................... 108 11
edaeaaabeddeccbdaaba .................... 88 16
dbebbbdbecdcbaaceade .................... 88 16
acebbeabbdeebbdacbce .................... 90 16
acebbdbceccddbadbdcc .................... 108 11
ecbbadaceecdebbcbadd .................... 108 11
cccddabdbdebdeeaeadd .................... 100 13
cebaeeccaebbdccbaeab .................... 96 15
edaaccccdbebcdeccdbc .................... 116 8
daadbddbeedacacbbdca .................... 58 16
deaaaacbcbbcdcbbecbd .................... 98 14
aaddeecdcadcdedcdcde .................... 106 11
cbdbbcbebedcbdcbcaab .................... 106 11
cbdebeabcdebbeacbdca .................... 88 16
bacaeabdeebcecaecadd .................... 92 16
cbbedaeccbcdaaeaeaca .................... 98 14
aabdbdcebaabeabaecad .................... 98 14
cabcabeceeeebecaedda .................... 82 16
cdedbbcccdebdbabacbc .................... 110 10
bbaabebbdedcbaaeacca .................... 78 16
aacebedceeebdaadcdce .................... 84 16
edacebccdcbcebacadca .................... 98 14
bacebdbebceedeaeeaae .................... 80 16
cbdaedcececadaabccba .................... 108 11
ecabebbddccedcebadbd .................... 108 11
ccadbdbadcddcadbdeae .................... 108 11
bbcbbdbabbaedddaadee .................... 106 11
dbebdcedbdecbeccaced .................... 106 11
bebbaabebaabdbdaedce .................... 96 15
deebcdedcbedddaadcde .................... 112 9
baebdcacbcbcbeabecca .................... 94 15
bbebbbdeceabaeceaedd .................... 102 13
eeceaabdeeebeaababae .................... 86 16
ecebaeddcbcbaabdeced .................... 130 3
acdbdaabdabcbbdeebbe .................... 106 11
aebddeaecbcaaccdbbdb .................... 98 14
aebebbdecabcdbabbeec .................... 102 13
beaadbeddcecdcbccaaa .................... 120 7
dcbaececdaebaceadeeb .................... 100 13
beedbabdedceccbeeebc .................... 106 11
bacacacebcadcccacabd .................... 114 9
aeababcbdcdccaacdbeb .................... 94 15
acadbdedccddacebeebc .................... 88 16
becaecebbaeebbccdebb .................... 90 16
dadacdbabecbedbbcead .................... 114 9
dcdacbbcbeebbceaeadb .................... 102 13
cbbadceabdbdbdedddbd .................... 112 9
ebebcacacecbcccbecdc .................... 112 9
becbbabaeceeceaedced .................... 110 10
ccdecbdaedededecaccb .................... 118 7
ceccacdbccbaeabececb .................... 96 15
aabbaacbcabaebcdadba .................... 90 16
eadaaeaabbbeecedaedc .................... 106 11
ccecebaddabeebeebdbe .................... 110 10
decaeeedbabbbeebddbb .................... 96 15
daacdbdacadecbbecdca .................... 98 14
cebeeadcdacddccdaecb .................... 110 10
acedccdeaabceceeabcd .................... 74 16
cedddabbedecddcacaab .................... 108 11
dddbaccbedbabbbaabed .................... 120 7
bddcbbeaadbbbaaccabd .................... 116 8
ceddeebeedbabcebeaca .................... 98 14
dbaeeedebabbecebbabd .................... 80 16
ceabbadcbebbdbdeabee .................... 92 16
aeeebbdedecdceaedbab .................... 102 13
eabdcaedbdecbcabccda .................... 92 16
abadacecebaeddaaeaeb .................... 84 16
cbadbecebaebbbcbecde .................... 100 13
baccddbbbcbdedeeeded .................... 92 16
eeedbcabecabdddbdccc .................... 96 15
abbdaabccddececddaeb .................... 84 16
ebaecebdcddaaaebeded .................... 104 12
aabaeebbebeaebdbeebd .................... 84 16
acbdcecdcdbdbcdedbca .................... 96 15
baeabaacaceccaceecea .................... 76 16
eadecddddadeeaecadcd .................... 98 14
ecabcccdbddcdebababa .................... 108 11
dacdcdeaccdcebbcadba .................... 72 16
daacceececbbbdcedddc .................... 86 16
aeacdacbcdbeeedebade .................... 90 16
baaeeadbbaedebabdbcb .................... 80 16
ddaddebabbddedbedada .................... 104 12
aeaedadcebcddbeaddda .................... 94 15
ccbbdeeadeacaedddbaa .................... 126 5
cdabaeaddbccdacdbcde .................... 118 7
aaacaddedebeeadeacdd .................... 70 16
deaabcadedccdcaadcab .................... 96 15
dadbdeeacdadeedcecca .................... 114 9
ceeadcbccadcbcabddad .................... 112 9
bcdceaacdaecedddedae .................... 110 10
bbbdaaebadebabababcc .................... 66 16
bcdceaacbadbaadababd .................... 100 13
aaaabaebbeedaaeceaad .................... 84 16
eddeacbaabdcabadcdcd .................... 110 10
abcdeaeddcbbccabdcbc .................... 92 16
dacbeccccecbbbcedbcc .................... 82 16
edcccbaeaddadeaaaada .................... 98 14
aecedddcaecaabaddddd .................... 100 13
bcadeccdecececeeaacb .................... 76 16
cbaddbaecebbabdeeadd .................... 94 15
adaaccbddaeadcecddcc .................... 114 9
dbdaacabdcdcaecaccce .................... 94 15
bbbeeaeceacbeddaebae .................... 86 16
bbbaecedbbadcaaacdca .................... 96 15
ddecabcdaabeaceeccec .................... 130 3
ebaadabcaebdbadabbde .................... 102 13
ddebabdadbddcceeccde .................... 118 7
aeaadecabcedabcdeeac .................... 120 7
acceccaacddeecbadbbc .................... 90 16
bebebedebcdbcdebebbc .................... 74 16
bbdeccebcdbeaededada .................... 92 16
aacadeadeaccebabdaad .................... 106 11
dacaccaebacedbcdbdda .................... 88 16
ddeedcabcbebcdedaabb .................... 90 16
acbddabdbddeeeececde .................... 92 16
aaadadeedccdcbdaddcd .................... 78 16
ceeadcebecdaaddedbcc .................... 98 14
caaddabcaeaabeceebed .................... 102 13
aedbbbcdbeeedbcdbeae .................... 122 6
dccaeaabcbeadcbbdaaa .................... 96 15
edadeacaacebbecddddc .................... 100 13
ceaebeaadcadaadaacbd .................... 118 7
adddceaeacbebdbbdded .................... 112 9
ecebbbdeedebcaceeccd .................... 94 15
bcdccbeeddddbceecead .................... 126 5
dedeadcecbcdbbdeccdc .................... 114 9
beabcedcdcdeecebadca .................... 84 16
beedadeeedbcbedeebba .................... 68 16
addebccccbacdadcedee .................... 110 10
aeacaeebadceaebcdcbd .................... 98 14
caecbcdadbccbdaceead .................... 110 10
bdbdecdbcbbbaecadebe .................... 90 16
aeaeadddbdceabddbecb .................... 86 16
edaedbeaeaccebddaadc .................... 120 7
dccbacedaaeccdddccaa .................... 106 11
caecdedbedbddddaabac .................... 108 11
ebcdccecdcabadaceabc .................... 104 12
bddeadcbeaeabeaccbad .................... 122 6
ecdeececdeeeeccaddac .................... 100 13
cebbecaaccdbaaddccaa .................... 102 13
dbccaaebdeeceebedeea .................... 86 16
eccaddbabbbbacbcdaaa .................... 120 7
ceeaccebdcacdbebabda .................... 90 16
aeeabcaeccaceaacabec .................... 86 16
ebadceabbdaccabedaee .................... 100 13
eddeadccdccdceadbdaa .................... 122 6
abeebeceacceabbacede .................... 110 10
eadbbddcceacddeedcce .................... 98 14
decbbcebaddbcceddbcb .................... 74 16
bddeabcbaedbbbcdeeeb .................... 108 11
eaeacaaceebcededebbc .................... 94 15
bebcabbcbdddedbedbce .................... 96 15
ceabbeebecddeceabdab .................... 96 15
aedcceceaedbddbddacb .................... 108 11
dbccedbebdbdcbcbcebd .................... 94 15
dcdbeaaeececdbeecdba .................... 84 16
daaecddbeeeaadadecdd .................... 92 16
babcccdacbbddcdccceb .................... 118 7
dcbabeaacadabcdccdad .................... 112 9
ebacdccdaaeaddceeadb .................... 104 12
bcccdddddbdceabcbccb .................... 108 11
aeabdbceddbcdcddaadc .................... 116 8
aabacdbeeeedcdbcbede .................... 100 13
caedceaaacbebbcaddda .................... 90 16
bacbdeaecbcecdaeabac .................... 98 14
adeaabbaddcbcaaedede .................... 102 13
ccbeadabccaedeebcacd .................... 90 16
dbcbccbdcaadebcceeec .................... 126 5
deaeddaccdabdcecbeee .................... 96 15
dbdeceddaeaeedddbcbc .................... 114 9
ecebebaabddbbeeacdaa .................... 102 13
cbeebcbdcdacaeebbbde .................... 102 13
dbcceecddeedeeccbcca .................... 102 13
cbeebaccaeebddabcbdb .................... 94 15
eeeeceddcddeddecbebb .................... 98 14
caeeadcbddebdacaabeb .................... 82 16
ddbceebdeadcabbcadad .................... 112 9
abadeadbcdadccacebda .................... 72 16
babdddecdbeabcaaaccb .................... 96 15
bdebdbebbbcecbdedaac .................... 118 7
bdbcedaaadebbadcbebd .................... 84 16
acbabedcbedcabcbeccc .................... 84 16
ecebedddedbaaedacece .................... 118 7
dbbbceaacaceaedcbbcd .................... 106 11
ccaacceabbadcbdbbacb .................... 112 9
eccedaebddaedccbdeea .................... 108 11
abdccaadddbdcaccedba .................... 102 13
deceeeebcbeaaeaacbce .................... 92 16
adacadaaabdbacedabcd .................... 76 16
eaadaeadddcaaeaadcbe .................... 110 10
cdccaaeeeccceebeabab .................... 94 15
cbbeeadecaadabaccccd .................... 118 7
bdaeddcaaedaaceddbeb .................... 112 9
ebdbcaebebdbbacabbcd .................... 94 15
beccdccbccdabddbbedb .................... 102 13
dbacbedccaaababeadeb .................... 108 11
dbdcdcacededbcaacebd .................... 114 9
cbeeccddbeddececcaba .................... 100 13
cbccdbaaaebeeebdeedd .................... 120 7
ebbbebcbcbccccccacdb .................... 102 13
babaadeebadecdbbaeed .................... 92 16
cdcaceadbeaacabbbbbc .................... 124 5
decbaebcbdccbaacabcb .................... 84 16
debbbabcdcecdeecbcaa .................... 98 14
eecabaadbbbcaeddabde .................... 106 11
aedcedbeacacaeedbaca .................... 90 16
eeadecbebedbbcdcddbd .................... 80 16
aecdcbdbcbcbeaeaeaee .................... 88 16
ceedaacbedbbadbedbda .................... 94 15
becbadcdadbaeeacdcca .................... 104 12
bedbedcccbeaacededbd .................... 114 9
deebcbeedbceaddaaebc .................... 118 7
dbbeaeddebaaaeabbbbb .................... 100 13
debcbdaeeaacbbcdbebe .................... 100 13
cbebcaceddecddbddaab .................... 128 4
edcdcaebdeadcdbaacbd .................... 122 6
cdcbabbdebccebdecbeb .................... 118 7
cdbecaacdbbeaabccdea .................... 126 5
eaadcecdacabeceaeecc .................... 98 14
aececadeceecbbeadcca .................... 78 16
edcdacebcadbdacdcaaa .................... 90 16
aadababdeaacacccaaea .................... 112 9
edeeaabdceeacabdacdc .................... 120 7
cacbccbceaaeabddcdac .................... 136 2
bbbcaeaaeedbbedaceba .................... 88 16
addbdacabeddbccdaaaa .................... 122 6
bbcccecdaacbabcecdce .................... 112 9
cabcaadcdcdbededeaec .................... 92 16
cdeaeebccbbabacecbae .................... 114 9
acbddcededbadbbebcad .................... 110 10
aeebebedeaaadccbebac .................... 116 8
eccccbbbccbaacedbcca .................... 116 8
ebccdeeeceedcaaaedcc .................... 96 15
badcbdacbdbdbaabbaee .................... 106 11
beccbeaaadbeceadaaaa .................... 98 14
cdaacceeeedbecabeacc .................... 88 16
aeaaeecbccddeaaceeea .................... 86 16
adeedeeaabbeecbdbcac .................... 124 5
cbcccbbcdedaceacccac .................... 134 3
ababbeedcabbdcbcbacc .................... 108 11
dcaebdcccdcdaaecbebd .................... 102 13
cdbbedeabebacaeceded .................... 102 13
aaecbddaaadcddbbdace .................... 88 16
abcdcedebdacbeedebec .................... 96 15
cdeabcaebebeceecabab .................... 96 15
acdcaeadceedbcebbddd .................... 100 13
adbacaceebebbebecbae .................... 112 9
baddabbedaaaadecbaac .................... 130 3
aadaedbaaddebedeabec .................... 82 16
cdaaddcaeeedbbbaacae .................... 132 3
cedbeaaaaaecdecbcdca .................... 102 13
cedcdcbaecbceecadbec .................... 118 7
ebbdedabebdcbeedbbba .................... 70 16
aabbeaaeaacaecabbdab .................... 88 16
bebbcedbacbebadecaec .................... 104 12
acdecdbdacadeedeeaac .................... 112 9
cdbeaeaddbbdebceccac .................... 124 5
dbeaedaccddeacaceebb .................... 78 16
bdedeccabcdaeebcbbca .................... 96 15
edeceabcbecacccdbdbd .................... 108 11
eaccdecbbeadeebebbde .................... 114 9
deaceedaeeedadbdeead .................... 114 9
addbdbdccebdbedbadad .................... 126 5
aedbbcceadacdeacbaeb .................... 110 10
dadabaadebacaebeebab .................... 110 10
dcdabaececceadbabeea .................... 114 9
ccaaaaaeedabedaebeda .................... 84 16
ceeecaeeddaaebcecaca .................... 104 12
ebeabecbddeaccbaceec .................... 132 3
cbdeddbceaacbabdaaad .................... 134 3
eedbdcbbedebcaddaeac .................... 116 8
eccdadeebeaebabcbdbe .................... 94 15
aeeddeecbdecbadcceab .................... 98 14
baceebdbbcdaabbeeecc .................... 92 16
eaaabdaeadeedcbcbcec .................... 98 14
cbaccbdeeccbeeeadaba .................... 94 15
deebceabcadadbabcadd .................... 110 10
dcaddebcedbeeaccdabd .................... 96 15
adddcbdadecbaeddbeea .................... 124 5
ddbcdbdbebcbdeaddeca .................... 106 11
abcdcabdedbbbabaeabb .................... 96 15
adaccabbcccddeedeebc .................... 108 11
aedacaaedbcacbdaebce .................... 104 12
aeadbdbecdeddbaceacb .................... 78 16
eeebebaddbeeaedceaca .................... 110 10
baadbaececeeaabaddcd .................... 88 16
dcedddbbaacbbdcdcdce .................... 102 13
eaddbeeaadbcbbbdedbd .................... 106 11
cdcccdadeeebddceeccb .................... 92 16
dddcdcbcaceaccddeabd .................... 112 9
bbedcadaccadbeacdbda .................... 104 12
cceccdebebdedebcbcdd .................... 112 9
baeaebabcbdcaaebbaee .................... 90 16
daacdaaacdadbeaacbea .................... 108 11
becdbedcacdbcedebbdc .................... 76 16
deebceadcbaebccaeede .................... 112 9
ccbdcdebadddaeaeaaee .................... 94 15
ebabdebbccdeeaeadbac .................... 94 15
eceaabcdeeabddcacada .................... 114 9
bbacabcbeedabadedbcd .................... 88 16
cecbecebcddabcbbecae .................... 106 11
abcbeceddbcdccbbeaea .................... 110 10
cedccdecbbddbeceabdc .................... 104 12
cbacdebadebbbddddcbc .................... 126 5
babaadebeaacbddadbdb .................... 84 16
bebcabeedccbceedaebc .................... 102 13
adbebbcadbdbbedeadaa .................... 98 14
abdbddcccbabbeaeddde .................... 112 9
cbaccddaceccdaedabdc .................... 90 16
bcdaaaebbbacbbdaeebd .................... 102 13
eaaeceaebbcdeedeeacd .................... 94 15
ebaacaedeeaecabaddde .................... 110 10
bdbbabbeedaecbbcbdee .................... 122 6
dacbdeddcabbececcbea .................... 106 11
eaacebcbedcbecebeeed .................... 96 15
bacdaeeadaedbecbbdad .................... 106 11
caacdddeaedcdedabadc .................... 84 16
accdedadbbdddaccbceb .................... 92 16
cdeddebbdebaccbdbcab .................... 138 2
cbeaaadecebaebcebebe .................... 90 16
aedbeeacdcaadbbceeab .................... 124 5
dabedbcdededeadbbbce .................... 100 13
becddbedbeeaecaeecea .................... 102 13
ceecbddedbecdcdeedcc .................... 88 16
cebbbcdaedaddcbeebdc .................... 112 9
caeacebccaaacceaddde .................... 120 7
adbacbcecbcbaeedcbaa .................... 116 8
edadebededadbcbdebac .................... 128 4
cbbbbaeeecceaeebceeb .................... 112 9
cbecdaededbdcceddadc .................... 124 5
edabebcaaaaceaecbcbc .................... 122 6
cbecededeebacebdecbe .................... 118 7
eaccbceebaaebedcdaeb .................... 110 10
cecabdcecbdaaeedcdab .................... 118 7
adccadcbcececdaccedc .................... 98 14
aaabcdadcbeeceaaebdb .................... 82 16
adbcdeabddaaccbbbace .................... 114 9
dcebeaacdccebdcbdcbb .................... 102 13
bdccdadecabbbcdabddc .................... 108 11
aebbcbecccccaddabcea .................... 104 12
deacdecadaedeeddddaa .................... 126 5
eeadaaeeaeceaaadbcdd .................... 92 16
bbeebacbcbdbeaeedaab .................... 84 16
cbeabeacdaaeaabadecc .................... 130 3
aaaccebaadbeeeebbaec .................... 96 15
eedeedaacadaebebabec .................... 100 13
accdbeeaaebedbaabbad .................... 86 16
aacddbdbceebcdaabbde .................... 76 16
acbdddbecdcaeebabebb .................... 100 13
ccdabbdbbddacbeccabd .................... 114 9
edebbacbbbcaadadeeab .................... 130 3
ebbdebadecabbdccbada .................... 92 16
beeceebbaaabbadaaeda .................... 94 15
eeebcaeadbceeaabdaec .................... 122 6
cbeadececebabdeccbcc .................... 120 7
decabaecbedbdcbebbcd .................... 78 16
ededbaccaaedeadadbcc .................... 108 11
acaaeccbedaccdecbdde .................... 86 16
cdbadabdccdccceeaedb .................... 96 15
cebdcdeebcdccececaab .................... 84 16
eacddccddeebebeacebe .................... 106 11
dcbbebbcecbeaabdaaea .................... 114 9
eededadacaddbbbadebe .................... 132 3
cbceceddceebddebbbab .................... 92 16
bccdcededbecaecaaaee .................... 106 11
caecbcecacecadabaaba .................... 80 16
dbbebcbcaacaecdccced .................... 112 9
cdadaabbeebcaeeddaea .................... 102 13
cbeebceccdeabdddaaca .................... 92 16
ebeaadbbaeddbbdcbcae .................... 98 14
abadbccbdeddeacccbde .................... 86 16
caecebbaabdaeadbabba .................... 88 16
eabbadcaeddbbabddbeb .................... 104 12
adddaedaddcaabcbbeec .................... 118 7
bbebeacabcacddccdadd .................... 106 11
ccdcaedbeececbbdbceb .................... 124 5
ecaebaacbceceaccbbba .................... 72 16
ebabeabcadbacaeededc .................... 96 15
bbaeccebabaedaaedcbb .................... 88 16
caedccbaaaeebcdedabc .................... 102 13
bedeabbcbccacbecaadd .................... 108 11
aeaabaeecddbbeabcaad .................... 88 16
aecedeabbcbcccceccbd .................... 90 16
eeaeabeceaaeaebeecea .................... 118 7
bcbbaddedcaadedaecbb .................... 104 12
cbaeeaadbbaabceabced .................... 114 9
debeedadcbabadcedcdd .................... 90 16
dcdcadbeabcdacceecdb .................... 100 13
eedecceebbcdebacdeed .................... 122 6
cbbccbabcbacbdbabced .................... 124 5
bcadadacbeacebaeacdb .................... 76 16
addebbadcbdedaeeeede .................... 96 15
eeadedabbeeaabdcdcdd .................... 90 16
acaeddeeaadbedccebbb .................... 72 16
ddeddacbabaebccbdcac .................... 118 7
cadbaeabecbecceeceaa .................... 100 13
dcedadacdaaabeeecdec .................... 114 9
beeccdabaebbbdddebdb .................... 86 16
bbedecdeadecedddddba .................... 70 16
acbdabbecebcdeabdebd .................... 90 16
cbeaacccbbeeeadccced .................... 112 9
ceacebbaeccabbaaddea .................... 112 9
ddabbcbdbebcddaccccc .................... 110 10
adddebcbddabaacdbbda .................... 104 12
bdeabedbbdbedacdbbae .................... 98 14
aadeebbccebedaeaadad .................... 90 16
ddacaaddaeddbedcdcab .................... 104 12
ebdedbddbcababebcecd .................... 124 5
abedeacbeddbbbdaadce .................... 72 16
ccddcdacdeebcbbacecb .................... 114 9
bcedeeccebbcbbccebad .................... 102 13
aaeebedbdbecaeeedbed .................... 88 16
dcdeeabeaceaaebddeee .................... 124 5
cdddcdbaedddddcdcbaa .................... 118 7
ecdcacdceaeeaeecbccb .................... 110 10
bbabaddebcccbdabdebc .................... 88 16
bbdcadbcebbecbceddeb .................... 98 14
dbbbacbcadbbcacddcca .................... 82 16
cdaecdcdaaacbdaaddbc .................... 120 7
ebbcceeaeacdabcbbaaa .................... 116 8
ecbaaebdbeadaddbedcd .................... 110 10
dcddacebabdceaeaabaa .................... 64 16
baddacbbdceedacbadba .................... 74 16
ccccecbeaaddeaadbbea .................... 100 13
eaacaeeadaabacdcaead .................... 114 9
bddcceeccaeddbacccaa .................... 132 3
dbcbaaacbaaddbbedcdd .................... 116 8
cbdccedecedeecababea .................... 92 16
adaeaeaebbccddeddbbe .................... 86 16
baacebcecabcaceebaca .................... 90 16
bdabacbaccdddddeaabe .................... 94 15
dacdbeaeceedbdaecbce .................... 82 16
deaebdbccbbacbdeacce .................... 90 16
baeebcbeebecdaaaaeec .................... 94 15
bceddcbecdcdacbcbcdb .................... 122 6
edaaceabaccdcbbecbed .................... 116 8
baaddbeaedacdcabbdde .................... 98 14
baceadacaadcaaeaebea .................... 70 16
eccdaaadadedaebeaaed .................... 108 11
cbbededcbbecbdceeaae .................... 94 15
dedccedacedaeedeeddb .................... 94 15
deaaaaeadbdcbaeebeeb .................... 86 16
aadcbedcabadbbcecbde .................... 104 12
abcecedddeebdddbdbda .................... 84 16
ebdccbeeecbbaeddedae .................... 120 7
cbbdeecaeaedeaaaedaa .................... 100 13
eadcbcaabbadcbbabaed .................... 128 4
bcaeabaccccbbdbbebad .................... 98 14
bbecbeccaecbdcddaced .................... 112 9
eeeebedceacacaaacbcd .................... 110 10
edadacaaacaeabcbcaba .................... 92 16
dbbedacaeddeeaacdbcc .................... 90 16
ebcbdbebdbddbeebeabe .................... 116 8
bababaaceabcecdaacca .................... 86 16
ebaacbcaeaededbccedc .................... 142 1
bebdadcbebddcebddeea .................... 110 10
bcdaadeaaddddbabdbad .................... 98 14
ddaacedbaaeabccecebb .................... 102 13
dddccedcdbcbcacabbdc .................... 108 11
daadadabebdacbecdaac .................... 80 16
ecacebaceeddbeaceeab .................... 108 11
ecddcdbbebdbaecbdbdc .................... 102 13
dbeebaedaaadecccbaeb .................... 110 10
dcccdceacacbbcacdeea .................... 110 10
bdbbeedeacdeebdbabce .................... 76 16
ceaaddcadaedeeababba .................... 112 9
beaedebbdebeabddbcde .................... 116 8
dcabccadececcadaadcb .................... 84 16
dababbeccecaaebdcdab .................... 120 7
ceebeeedaebacaabcabd .................... 112 9
eceeeecdcbebcceeccad .................... 112 9
bcdcccdcbcceceadedeb .................... 112 9
ccdeddeabcdccddcdeac .................... 112 9
aabcdbaaabbeacaaeeeb .................... 104 12
ecaeeeedcddcaeccbcad .................... 100 13
ebaebeacebebdcaaacab .................... 94 15
cdaecdbdeceedbedaacc .................... 104 12
abbacadbccbadadebeab .................... 86 16
cbaeecdcbbbdadadadae .................... 106 11
bdeacceedddbacaeacdd .................... 98 14
dcababadcbdcccdcbabb .................... 94 15
beaabbcbadaadecddedb .................... 116 8
cbadaabaebddaaddbdcd .................... 102 13
beccbcedcdbcbabbcdbb .................... 102 13
dabbabbcebbcecceaadb .................... 84 16
aaadcbdaacdcecddacea .................... 84 16
cacabdebdaedbebecdab .................... 116 8
aabbebaacdcebbccbaeb .................... 94 15
dadcbcedcbaaaeacdded .................... 122 6
cebeebbabbcdcdbbedab .................... 118 7
adaeeacdcdcaecbdbbba .................... 102 13
cebbcbcdcceedebceede .................... 128 4
ccedebebdcecabcdccab .................... 114 9
dcdaabcedbabedaaddce .................... 114 9
cacabedeecbdabedaedc .................... 112 9
eeceeccdccabdecbbdac .................... 104 12
cdebacceabddeeeeadbc .................... 102 13
cacbeeddbdabcdcaecce .................... 98 14
dcacaebeceebebaacade .................... 86 16
dadedabcddbbddbecbee .................... 116 8
eebbbacadecbbadcbedb .................... 112 9
ddeababccbebcceeaada .................... 82 16
dcdbdebeacdcbbbbdbdb .................... 108 11
bdececbbbbebbadaccae .................... 104 12
cadbdabddcbeaaadaadd .................... 130 3
ebaeacdbbeaacbbcbedc .................... 102 13
cebabeedaeebbbabcdee .................... 104 12
cedbedecceaeedeecaae .................... 106 11
dedcbecedaeeadcdeddd .................... 118 7
ecdddeacdeeecadcaaaa .................... 106 11
abdeeceaeaacaedeabcc .................... 94 15
bacecddcbaddebcebcac .................... 98 14
dbcaacebaacbccdcccbc .................... 94 15
bcbdbbaceeedbbabaedc .................... 104 12
edbbceacbccecacbbcbb .................... 104 12
addacedbbcecbbdacebe .................... 104 12
bdceccddaecbdbdaeaad .................... 98 14
adabdabeeecedaeeedcb .................... 86 16
adbdabaebebdbadaeaed .................... 96 15
aeaebcddcccbacacdeee .................... 98 14
caedabdbeaedacdbacba .................... 102 13
aabddcadbbacdeacbdaa .................... 90 16
bebbeadccceecbcdcace .................... 94 15
accbbdbeabdcbedaaabc .................... 88 16
eeecdaadaecdaccccaaa .................... 120 7
eabbdecdcaaccbbacccd .................... 138 2
cbadbadbdcdcaeadcbbc .................... 98 14
aacbeaacaccbceaedcce .................... 80 16
aabdecbcedbceaacaecb .................... 68 16
aacbaeadedceeccacecb .................... 90 16
ebeeceeeaedcacdabccc .................... 94 15
caebeabecabcacaceebc .................... 110 10
bedbbdcbbdeadcceaaba .................... 92 16
acdeddbaaaaccaecdaeb .................... 114 9
beadbebadceebdbddaba .................... 108 11
edbbdacaeaeedbbeadcc .................... 122 6
acdbeeebcdeadeecadbd .................... 94 15
ecbaabdaabedeecadabe .................... 104 12
cedbbabbadbdcbdacddb .................... 116 8
cbabeabecdebababcdea .................... 96 15
aeddcacddadcbeeceaba .................... 108 11
aeacdddceababdecabec .................... 106 11
ebebedacaaaccdaacedd .................... 106 11
ccbbbcccdcbddbeccbbe .................... 122 6
ecbabbabaabbbadbbbda .................... 90 16
dcedadaadbbecedacebe .................... 102 13
adeadcedeeddedcacacd .................... 104 12
bbdaacdcddecaedbcbbd .................... 100 13
ccbcdbadeaedbbaecbed .................... 132 3
ebbdccbccbdadababdab .................... 102 13
abeceeedcabecddddbdd .................... 100 13
abaaacecbeaaabacacab .................... 96 15
adeeeecaebbaaccbbaea .................... 112 9
edeaecedebbcbddbdccb .................... 106 11
aabdbbcacabaeeedcdcc .................... 114 9
dcddbcbbdccaeaeceeee .................... 106 11
adccbebcddbdeeebcebe .................... 116 8
acbecebdcedddeaceddc .................... 102 13
cadaacbabbbccccabeba .................... 96 15
bdbecbebecbeacacbdbc .................... 106 11
abcbbdebddecbbdbaaba .................... 74 16
cabaacbdcdbbceacdada .................... 90 16
eabceadbaeedbbbedbee .................... 92 16
ccaaecdbaabedcccaaad .................... 94 15
adebdabaedaaebbdeaee .................... 136 2
adbcddebbabaeddbbdae .................... 100 13
caecbdbabcaeebcabedd .................... 98 14
cedaabdddddacebbaada .................... 118 7
debcebccabbdeddbbddc .................... 104 12
aebedbbedbcaacbbbaba .................... 118 7
bcacebceaccaccceccea .................... 108 11
dbddeccbbaecdcbaedda .................... 88 16
ecedcaebaebdcdedcedc .................... 114 9
ebdeecddacecdaecbbda .................... 76 16
cccbcbebcbadabbcdeca .................... 134 3
cdedaccceaabeaeaccde .................... 116 8
acdcaacccdbbabdabbec .................... 106 11
dcecdacdaaddccadeaca .................... 114 9
dcebbeabcbcbdaadaada .................... 92 16
bdadbdbabadcadbdbbbe .................... 106 11
cdeedccadcaddaceedec .................... 128 4
bcddedeadacaaeaeeabd .................... 112 9
beaaeaaaddeebcbecdac .................... 106 11
cbeeedbdaccbcceacbac .................... 96 15
bbbdedadcdbacdabdedc .................... 92 16
dbadacdbdbdedaddaedc .................... 80 16
ebdcdbcacbddcceeabae .................... 120 7
baedaacaceacbdeaabbd .................... 88 16
edbaadbcbedaeccaaedc .................... 90 16
eeacdaeeabecbbbbecae .................... 108 11
abaecdcebeccaeceabcd .................... 76 16
eaaaedecaeaecbbbeebe .................... 90 16
dceadcabeddcbaecbdbb .................... 82 16
cdccbbeeaaadddaabceb .................... 130 3
bbeaecabbebbaaaecbad .................... 84 16
ccdadabacdeedadedbac .................... 112 9
dabeabdebeabccdacebd .................... 90 16
cedccbbaeebbcedbdacc .................... 124 5
bcddceebbbbaeeededdd .................... 110 10
beadebceedadeedeedbc .................... 102 13
aeebbedaaddeccdabccb .................... 88 16
edeecaadbdabdbaeeaab .................... 104 12
ceadbbccccacdbabdaeb .................... 112 9
beecacddbbcbdbedbebc .................... 102 13
dceccdedcdbebcbcabca .................... 94 15
ebaddaedbecbdbcadebb .................... 94 15
cdaccddebbbddecedacd .................... 104 12
abaccddecdaccdcdacda .................... 82 16
acbacbdabcbecceaceee .................... 110 10
aedbebbbceecedcdbada .................... 90 16
cebbbeaeeaddeabbaece .................... 112 9
aaaeacdeccecbdddabce .................... 64 16
abaeaaadccacbaadadaa .................... 82 16
aadcdaebabbecedceadb .................... 94 15
eaccdbaedecdbeeaadcc .................... 112 9
bcceededabaccaceedde .................... 80 16
aceddbeacdbccdcaebba .................... 84 16
cdeeececcbabccbeacdb .................... 104 12
debeabcbbbcedbbbcdcd .................... 104 12
bcccbcbbbcaaebbcbcbe .................... 114 9
eecddeeaceebebecaeea .................... 92 16
dbaeaceecedceddaaadc .................... 64 16
edadaccecdaebdceabba .................... 80 16
ecedaaedceeaacadcacb .................... 108 11
dcbeeddeeddbcbdcbbbe .................... 68 16
daccbebabddbacecdbae .................... 90 16
cbcdedaebabcabbbabcb .................... 88 16
cecdbaddbcdbbabddcde .................... 108 11
adaadddcbcdecebebada .................... 84 16
ceacadddbdedbcadcbdb .................... 102 13
acdbbdcbecbcacbecaad .................... 118 7
baebaeeeebeccdcccbae .................... 96 15
aababeaabdecaaadbabe .................... 86 16
ceaebdcaaeedecadabad .................... 102 13
becbcaabaeadcaaaebcc .................... 98 14
bbbddadcdaaaddccaeba .................... 108 11
dccbcbacdcbabbeecbab .................... 116 8
baadebcbaaeaadbbebcb .................... 98 14
dbaabdccceaecabdcbaa .................... 104 12
cdbcedbaebcaadcebcad .................... 114 9
ebabedcccaaedcdabbdc .................... 104 12
ddeedecdededdcdaedba .................... 108 11
ecdebedbdcedacccadbd .................... 110 10
dccaddbccbcdbdbcedab .................... 118 7
acbbddcbbcebedebaaea .................... 84 16
ccaecedaecedbcabdeee .................... 120 7
edacbaaddabbeddeecbe .................... 108 11
ebeacedbcabbccbdddbb .................... 114 9
eddadaaadecbddbedcec .................... 136 2
ceceaaaaadcdabddcdee .................... 118 7
bbdbabeeeaaccdbdbcdc .................... 134 3
addceddbebdbadcdbcae .................... 100 13
ebeeadceadcaaadccecc .................... 106 11
eeabededeaddaaadcbba .................... 108 11
dbcdaabdedabcabdbecc .................... 104 12
becebbcacccacdeeeabb .................... 102 13
caebcdeddbaddcebadba .................... 112 9
beccacccacebcbbcecde .................... 98 14
becceabeeabcbdceedeb .................... 94 15
cacbebcceaaebbbcccaa .................... 140 1
deeedcacedaabadceddb .................... 100 13
cebeabdaddbcabcdbdbd .................... 106 11
aebcabdbddadebecbebb .................... 98 14
cabbdddecaebadecccaa .................... 108 11
bdebcdacbdedaabddbaa .................... 118 7
caeebbdebabadbcdbdba .................... 106 11
becddddbbeacdecbeeaa .................... 86 16
bdbdaabcaaddcdecddcc .................... 98 14
adeaacdedaccaccdedbd .................... 100 13
dbbeaabbdaebabdddded .................... 102 13
ddebaabcabdbeeeeeeea .................... 86 16
bdcbadccbebaeacdedee .................... 108 11
bcedbbacabcadbdadacb .................... 104 12
aebdebecccbacbdbbcba .................... 86 16
ebcdbeeeabadacbdcbdc .................... 124 5
aeaebabeeeeccdedbdcb .................... 78 16
debbceddceaaedccebad .................... 106 11
bddeecebdeeeeedbacbd .................... 96 15
dcecddbcbcddcbabbbea .................... 96 15
bdbddaabcdcdbeddecae .................... 116 8
ceeaccdabacdbbebbbea .................... 114 9
bbdbdbedbbbbdeccdedb .................... 124 5
ddcddccebabdbcbdabee .................... 130 3
ebbcabdeddbebbcbbbde .................... 92 16
bdaedbedcebeeeeecdde .................... 106 11
bdcabeedebbacddceeed .................... 122 6
bdcbaebadcebabaddbac .................... 118 7
edddcbbbbcceedbddbea .................... 122 6
beccebccadcecadadbce .................... 94 15
cebcadadbbccceaadddc .................... 96 15
bbaedacecaadddbcebde .................... 122 6
ccaddeedaddacbdedcea .................... 104 12
ebacccaededdadaaaabd .................... 100 13
ccbcddcaaabdbaacccad .................... 138 2
ecdceadadcebaabcebad .................... 112 9
daaecddbabcbdaedadda .................... 68 16
bbeadaaadcccaeeedebd .................... 108 11
daebbcbbcbdabeceeaee .................... 94 15
ededebbdaabacacaeebe .................... 114 9
cddaebaeaababdeacade .................... 126 5
bcbdecbadeccaacebacd .................... 86 16
cabedaabbeabcbaeabcd .................... 80 16
bceacaecbcdbeccbadbc .................... 86 16
cabacebacadeeeaccacd .................... 110 10
abeccbdedeaadeddcecc .................... 126 5
aceebeddbbcebcbdeded .................... 116 8
accecaaccabaddbaeebe .................... 112 9
bbabdcbabdaecabcdbdd .................... 112 9
eabcbddeecdccaecdada .................... 70 16
cdcdbebaebbadcbdcded .................... 140 1
aecbaabaacabbedcabbc .................... 94 15
eadcdeccacccbacabacb .................... 104 12
ebdddaabedbccaecaace .................... 92 16
dbbbeeeccdbbacadadcc .................... 90 16
ccaeedbadcbbdcbadeac .................... 114 9
aeedaabaccbddacdacbd .................... 98 14
dabddeaabebcbbcadbeb .................... 88 16
aebcccdbeaaaedaabdaa .................... 96 15
cecbaccddeacdaadaadc .................... 118 7
ebbddcbcedcabdeecadb .................... 102 13
cadcdcbabaeceaaeeaed .................... 108 11
deedcbbecadabbdeabbe .................... 98 14
caecdaabcaeabedddaac .................... 124 5
cbccbdeeabcebcadebcb .................... 88 16
ddacaccbcceedcdbcbbc .................... 88 16
eddcaacadecdcbcccded .................... 136 2
eccaecbecbaccaebebbb .................... 86 16
ceacacadbbbcaecedbcd .................... 90 16
aeaaedadbcaddcbeabcd .................... 88 16
addcbbdbadbceaccecab .................... 96 15
cdceceacedbedbeedbec .................... 106 11
badacaaacbbbacecbacc .................... 108 11
abcadeeddbbccdddcdac .................... 120 7
aeeeedcdbddcacceacbd .................... 82 16
ddadcbcdaaedebacebaa .................... 110 10
eddacaadcaebebbaacda .................... 118 7
edcdbdcaacaedcdbcacd .................... 106 11
eebcadcabbeaddaeebce .................... 88 16
dcdbbcaaaabedcdcbcbd .................... 114 9
becbcccecddbeacaaeed .................... 96 15
cebaacaacbdedbeebdcd .................... 78 16
eaaecebebeeadcbbbcae .................... 112 9
ddcdcdccdeedeaeadccd .................... 104 12
decaddecdabbcdbacdbe .................... 114 9
adeabdecaddacabceedb .................... 92 16
dcadbebdbcbaebbcbdae .................... 110 10
dcdcedceeadddbebabae .................... 104 12
cbdeaedcbdbeccbcdebe .................... 112 9
dccdacbadcabeeaaeaec .................... 100 13
abaddbdbaeabccbceabe .................... 94 15
abdbecedbbaaadaddced .................... 130 3
ecbdcdbbdaaacbedbdbe .................... 116 8
dcebabccebdcbadcdbca .................... 96 15
cbdecbaecbcaeacbbced .................... 122 6
bebccadbebcccedadaae .................... 102 13
eeccccecbbddbbdccbcb .................... 104 12
ddceeebdacddcbddedea .................... 98 14
cccaacadedcbcdcdabbd .................... 94 15
ecbcdecacdabeedcdcbe .................... 122 6
adaacccdedbbedddaeeb .................... 110 10
dcabeeaeceeaedcedaaa .................... 82 16
bbbbebecebdeeaccceab .................... 100 13
dcabcaaddbddadcdbded .................... 124 5
bbeecdaecdbbacccddcb .................... 86 16
edaecacbcaaadbdebddd .................... 114 9
cbbeaecabddcccddbece .................... 96 15
ccacddcddcbededacbca .................... 112 9
decbbcaeeabddeddeecc .................... 114 9
ccbedddcbccadedacadc .................... 112 9
becbcabcbdbeeabacccd .................... 116 8
adecaeededeecccdbaea .................... 96 15
aabadcabcdeddebddaed .................... 108 11
beecedcdaccebdcbabda .................... 84 16
eabdabcdedeabadcedbe .................... 100 13
dddeeeeddbdecedddced .................... 124 5
bddabdcacbdaeddcbdad .................... 116 8
daacabebaacedbebbcac .................... 94 15
bbebacddaaceaaebeeac .................... 106 11
cdcebbccdecbbecbedeb .................... 118 7
eeeeeadcabbecebecaea .................... 104 12
eaacacaacaeadecccdbd .................... 100 13
eecdbbdddebcaeaeeeec .................... 114 9
cdacaecdbcaadecacecc .................... 126 5
ececeeedbdbeaccbcbbe .................... 104 12
bcbbeeceaeedcacebdac .................... 98 14
aeceaecccccbeeeabbce .................... 80 16
bcacaeadbbbeaeeccdae .................... 112 9
becdaadacecbaaecbaeb .................... 90 16
ecaaaccebbabdbebedac .................... 100 13
daaecdaeadccceadcbbe .................... 84 16
bbbbaaabaeccddccaccc .................... 82 16
ddeacdecbeadaeecadeb .................... 112 9
ececdacdacedecdebddb .................... 108 11
cadcbceddceeddaeccde .................... 110 10
bbcddeceddbadccacdcd .................... 112 9
eaccaadabcdaebaedddc .................... 84 16
ecdbeeeabccaadacedde .................... 116 8
daddcbedaaeaabbeabdc .................... 114 9
bcbceecabcbbdcbedbcc .................... 100 13
aadbbcccabacecaadbbd .................... 100 13
dcadcdcbdaabcdadedec .................... 114 9
dbdaddcbdabcbddeeccc .................... 112 9
bcadeccbabebaaaaddbc .................... 86 16
dedcccabbabdbdabeaeb .................... 114 9
bdbcabcabeadcabbaeea .................... 124 5
acdaeaacedceeedbeeee .................... 100 13
ebbcbbadcbaedcabedec .................... 112 9
ddaaebeedeedbeceeacd .................... 94 15
bceadbedceeedbcebbcb .................... 94 15
bebecbaabaaebabdebea .................... 120 7
dbdacbeddadadcadadec .................... 132 3
bbcbeeedeedecbbecdaa .................... 98 14
ebaeedadbbbacdbaadba .................... 92 16
eaacbdbdacccdccbddbd .................... 86 16
ebbacaeaacdbbebedcda .................... 94 15
aacaabcbbeaeabddeacc .................... 100 13
ddaabccccdaeceacebaa .................... 96 15
bebbdcbdbdacbcebeadb .................... 104 12
accbdaeedacadeccbebd .................... 120 7
cecbcdadedeacdbceaca .................... 108 11
baedaddbeaedbcadddac .................... 102 13
bddccadcdbbdaeecbbbc .................... 130 3
ccadcbaecabedbbcedbe .................... 114 9
cdaacecdbabcaaddcdbc .................... 136 2
aeabebeccbdcacbaabcb .................... 88 16
aaaabcdcadeebecaecaa .................... 74 16
eeebaebccabcddadaada .................... 106 11
cdddabbbadacccdacdda .................... 104 12
ddbaaccecebbedcebddb .................... 76 16
ebccbadcedaacdabdcac .................... 116 8
eceeaabebbcbaaabaebb .................... 96 15
cbebbbbbdcedaadbabca .................... 104 12
dddececcaeccebdacdac .................... 116 8
edcaddadadbdbdbbbcca .................... 116 8
deeacdccdabaacccabaa .................... 114 9
cabcdaaeaceedececdaa .................... 86 16
adcbaaebedacedbaaeaa .................... 94 15
ecbaaceeadaebbdcebde .................... 86 16
adecdbdccbccadcaabba .................... 96 15
eeeadeedeeeeadeadbee .................... 112 9
acaccdaeeebdeebdcbea .................... 110 10
ebdeaaeabaadadbebbaa .................... 118 7
acebbcedbabecbbbcdaa .................... 114 9
dddaaddbbdaebbbaddbb .................... 100 13
edbecbdbeeebecedcbee .................... 106 11
cbaddeacdeadacebbccb .................... 116 8
dabcadeddbdabaeabacc .................... 86 16
cbcceebbabbbdddccdde .................... 98 14
cbacccacdabebaaeecac .................... 112 9
abbdcbdecaddbbdacecd .................... 104 12
acbeecaabccedcccdcbb .................... 84 16
aacabaccbaaeacacbbda .................... 98 14
ccdeccadadcbeebecbde .................... 112 9
ceeaebbcdaeeecacccdd .................... 124 5
baaaadacbcedbebbedcd .................... 88 16
ebabddebbcbbddaabdda .................... 82 16
aaeadacddccabaaddade .................... 122 6
bdbeabbbbceabeecdeaa .................... 102 13
dbdbeeedabcbbedeeeeb .................... 104 12
cbddddeacccbdccddaab .................... 108 11
dbdbcbbeaeeedabccede .................... 120 7
caabedcdeecbeddeacbe .................... 94 15
cacbabeddeccceddedca .................... 102 13
bbdcdebeabdbbbccadac .................... 106 11
cbdeeddbeaeabeadecab .................... 114 9
deacdebdcceabbbbdcec .................... 128 4
