bccceaeebaedaeaeccae .................... 116 8
cbaeaeaecebabecdcaab .................... 108 11
ceaddddaacedbedcddbd .................... 102 13
ccbebbaebbecadbaddaa .................... 106 11
eaccaadbdaeceacaeaae .................... 86 16
cdebecabaddcecbedbde .................... 86 16
ebeeddcbeacdabaeccbb .................... 124 5
aaedaccaaadedbaaeaaa .................... 80 16
eacdeabbbedbecdaaaca .................... 62 16
bcecddabbdddadaaaaad .................... 102 13
aeabbaebceecebecbdac .................... 80 16
bebbdddaaacaecabcebd .................... 116 8
abdccedaeebcaadacbad .................... 108 11
ebbebebaeacadcccedae .................... 112 9
bbbdbadbbdedbebccbbc .................... 102 13
eddceeabbaecddcccbdb .................... 102 13
ddbbdcbdcebacadbedab .................... 108 11
bdcdeccbaedaeccdadbb .................... 84 16
eaaccadcdcedceaeccca .................... 102 13
accbbdbaeeddddcadecb .................... 96 15
dacacdabdcbebaedbceb .................... 98 14
bcedcaaaacdeadacebdc .................... 92 16
bcddedcddcdedddaecbb .................... 102 13
aeecebcaecadbedceacd .................... 116 8
cbaadbeebacbacbcedaa .................... 116 8
aeebdabdbcaccdebbcee .................... 116 8
ebeddaedcbadcecbdcec .................... 130 3
dcaeaabcdadcceebecdb .................... 92 16
dcaeebceddedebcbabbd .................... 94 15
bacceabcccecaacbcaeb .................... 92 16
bdccdccabaedeecbbcee .................... 130 3
cdbecbceadadcdbbcdee .................... 140 1
abcaabadbcaacbedbeca .................... 98 14
ddcabdaccdabeaebaaed .................... 88 16
aaadabddadcebcddbadb .................... 86 16
aecbbeaadeaeedcaceaa .................... 106 11
aeeeaaccdabaddaeddbc .................... 108 11
aaebabccaacccbdadbeb .................... 104 12
dacbdbbcbbdcccaedcea .................... 102 13
dcdabddaebccceeeebae .................... 94 15
edbbddccdedaaccaeece .................... 116 8
bdaeabbebdacbdcaebcb .................... 88 16
ecadbcbecdcaaeadbadb .................... 106 11
badbbbbceedbabcecddb .................... 104 12
bbdeaededebbddaecaac .................... 104 12
cbbadbebacadedbbeced .................... 124 5
dabccbaeaabcecbeddcc .................... 96 15
bbdceceebcdaeddacdeb .................... 96 15
caddddbaeaedaecdcbce .................... 128 4
dedacdaabbbeeeeedccd .................... 100 13
dccacbdadabbcbdeddac .................... 116 8
eaeceecebaaaadabebdd .................... 112 9
ddecebaebaacddeebeba .................... 94 15
eccdcbbbdbddebcbedde .................... 106 11
ebaddadcaebeaabdaaca .................... 96 15
bbecacacceccbceadbac .................... 88 16
baccabcddeebecabdaee .................... 108 11
eebbbaabddebecadccbe .................... 106 11
bcdebabeaaedabdaaead .................... 120 7
cbdaedbacbbaeceadcbe .................... 112 9
dcdcbbadececcbbcbccb .................... 114 9
aabccbebdbdcbbcaedeb .................... 88 16
ceaeddbdbdeaeaadeddd .................... 102 13
bbcdeadcaddceadeedbd .................... 60 16
adbcebabbedbcdebbcec .................... 88 16
cbabdaccaabaaaabddbb .................... 122 6
dbadbabeaaecdcebacdb .................... 80 16
dbbceaceceaebacbcbae .................... 94 15
daabdedceceabeadddaa .................... 106 11
edaddcecbcbaecbbeddb .................... 102 13
decadccabbeabdbecdce .................... 116 8
cbbcaccccbdaceeacbad .................... 104 12
cecaaedabaccdbbecedb .................... 112 9
eaeaaedbecedbdaceace .................... 92 16
dddbbbdbadacabbbbebb .................... 118 7
daeaddcbeedaebbdedbd .................... 102 13
aedebdbececdbdbddabb .................... 114 9
cbcbaedeebdddccbcbde .................... 102 13
baabcccdbeabdadcacce .................... 106 11
aeaeeccdadccccededdd .................... 84 16
cddbeabaabeaacaccabb .................... 128 4
bcadacaacbabdabdcbec .................... 112 9
abbadadcadbcccbabada .................... 86 16
debdabcbbbeaabbdecbc .................... 116 8
bccaebeacddbdccaacbc .................... 92 16
cedbcbbbddaeaeeaeacb .................... 126 5
eddeaebbeadcbcaecaac .................... 114 9
caccacaedeebaeeacabb .................... 92 16
cccecbcdbbccbebdebbb .................... 130 3
ccaeeedaecabdbabbceb .................... 106 11
abedcabcbbbeebbdcceb .................... 120 7
dcadbbaebbeccebaecba .................... 92 16
bbedbbdaccededebbbea .................... 92 16
eebacbaaaeeddbbbcdbc .................... 120 7
dbbbdcaceeebaaddeddc .................... 94 15
bbdcabadccddbaadaabc .................... 112 9
dadaeaeedbdceeabcaba .................... 88 16
ecbdbecedebcecaacdbd .................... 104 12
aacbadaaadeadadcdbaa .................... 76 16
bcdaececbceabecaddeb .................... 104 12
baeecacccecadbbbabac .................... 114 9
bdcadaaadcccaebeecab .................... 122 6
bbbebcebeaecdabccbde .................... 94 15
eeacdedcdcdbcecabbee .................... 100 13
ddceabacdbebbcdddddd .................... 104 12
bbeecdbaebedebabebbd .................... 98 14
eabeccaecbccebcdaaee .................... 94 15
edbaeeecbdaddaeadedd .................... 106 11
beeacebaccbccaeaabce .................... 92 16
cdbedbaeaebcadeedbbb .................... 96 15
aeaecdbacabdcdcceaab .................... 104 12
ecdcddadecaddeaddbaa .................... 128 4
baccbbcaaebceabadcaa .................... 108 11
aecedeaedaebabdbacdc .................... 106 11
ababeebddaaabbccbaaa .................... 116 8
eeaebaecaaaccbbceaba .................... 100 13
bbcaeebddbcdcbbdccab .................... 140 1
eeaccbdeaecbdadbdcaa .................... 98 14
eacdcbccecacadbcbddd .................... 120 7
ddccdcecbdcbcaabecee .................... 100 13
dedaaeebcdbceeaaccba .................... 92 16
cacdbcabdeabeecceebe .................... 90 16
cbabbccbacacaeddbcee .................... 120 7
cbbceddddbdddbecbcec .................... 112 9
abceacdeabacddeaccae .................... 90 16
adedddbddabebbeedade .................... 110 10
edbebcebddbbcbedcece .................... 102 13
ecebbbcacaabbedccdeb .................... 142 1
daeeadadddbbcdcbbdcc .................... 80 16
ceceeabcedacddadedbd .................... 100 13
cbbdbadbeabdcdabdcdb .................... 106 11
cdeebbdadeaaceececcc .................... 128 4
acdbdddaadbdabddbecc .................... 122 6
bbbddcadbdbaebeecdbd .................... 94 15
dbbbbaeeecaececbcceb .................... 106 11
aecbbaecebdcecccedaa .................... 80 16
cbbdcaaceacccccaaddb .................... 92 16
beacdcaeadcaedddcbea .................... 102 13
cacdebdacbdeacdbdbdd .................... 92 16
eebdeeceaccedadbaeec .................... 96 15
ccddceccdbbdcacedcac .................... 138 2
aadbddcccdedcaedacea .................... 112 9
adbbbaaaccceececeebc .................... 94 15
dbcddebeaceeecbbdeab .................... 98 14
cdedadcadbccbaacdbba .................... 102 13
ccadeaeddbebaaabebbe .................... 92 16
aadcbeaccebeeacaeacc .................... 84 16
ccbaccacabdecedcdcbb .................... 102 13
eeeeceedbabccccdbdec .................... 120 7
cedeceacbccdebebccaa .................... 120 7
edcaaaebabceacadcdce .................... 104 12
cbacbedcceddaaacbccc .................... 104 12
ceeabedabdbdacbbbcee .................... 132 3
aedbdcadcacacbdbccca .................... 122 6
ebdaeaccecaababeabcc .................... 114 9
dceadacadaddbcccdcce .................... 130 3
abaacbbaabddcadaecac .................... 108 11
bbdaecaacecdededdaaa .................... 104 12
aaeddeddcbcceadddcbc .................... 104 12
bdeeeeeabccacddaceeb .................... 114 9
abbcdebbeeceadccdabe .................... 98 14
ebbeeabdccdadcdaecee .................... 100 13
acbcddcccdcaebbddecd .................... 116 8
bbbdbebedacabccbcbde .................... 110 10
abccbcdebbaddceabeea .................... 96 15
cedbcbabbeddeccccaec .................... 128 4
ddbceaadeeeebdbdeebc .................... 106 11
edececaddcebdcdabecc .................... 100 13
dbecdabceeadadccadbc .................... 114 9
adbdeeadbdecbdaedbcb .................... 72 16
dacbebecbdabddddceca .................... 98 14
abccaaaaecbeeeadbbeb .................... 90 16
acceecdeeeabebdddebb .................... 88 16
cecccacbcabaececabcc .................... 110 10
ecbbbcbdccbabeaecdec .................... 122 6
deeedebdebdaadaedacc .................... 112 9
deececdbbeebcaddbacb .................... 74 16
dcabcecbcecdbdabbcea .................... 116 8
cbcecbebbbdceceddcdc .................... 104 12
ecadcadbbcabcdbdebce .................... 98 14
ebeececbeceadbdabbbc .................... 104 12
eaaaaebebaabacbcbcde .................... 116 8
edddcceccadadabcceeb .................... 132 3
caaeaeeabdaedcceedda .................... 76 16
abaeeecabdedbbddcaec .................... 114 9
ceaabdecdcbabaeeaeea .................... 96 15
accdcdcceecbaaeceacb .................... 88 16
bcddeeadccbdcacedcae .................... 110 10
bcecaceacbbdadecdbac .................... 112 9
cadacabdabacaabdcbba .................... 128 4
deabdccedccaecdceccd .................... 112 9
acccacbccdcadcabacba .................... 88 16
acddecadbacbaabcaebc .................... 110 10
aebbebcebbbacaaeeddc .................... 98 14
cebceaeadcecbacbaadc .................... 90 16
ccaaeacceaaeacedccbc .................... 134 3
aadadebaedacdaeacacc .................... 110 10
ecbedddebecaceebeada .................... 90 16
dbecedaeceaeedcdcaae .................... 94 15
ceddbcbbdeaeccbbdbca .................... 106 11
decccbaaaedeedbbeabe .................... 96 15
aaecabadeedcebabdeda .................... 80 16
ceeaabbaaeccbcdcecbe .................... 108 11
dcbeabcaeaebcbceddec .................... 104 12
ecaccadccddbdcaeddea .................... 86 16
baabaddcbdadcbadbcde .................... 104 12
beebccbcbdecbcadcadc .................... 114 9
adeaeeadabcaddbadaea .................... 112 9
dcccebceabaaacdedabc .................... 114 9
aacccaecebaeadecccbe .................... 110 10
bcbbdccdabbcbbeacbee .................... 120 7
beecadddbecdbcbababc .................... 110 10
bdbcccaaeebcbcbeecaa .................... 104 12
adeeadaadedeaddbddcb .................... 84 16
bdeeeedccbadeebededa .................... 112 9
cecddccaddedbaacacda .................... 114 9
dbaaeedccadbbccbbaab .................... 84 16
eaeebadcbaceeaebbeda .................... 88 16
aacbadccdddccececbda .................... 76 16
bcebbdbabececdabddbd .................... 102 13
cddecdecddcedabcaeaa .................... 118 7
aabcdecaedaeddddcedc .................... 120 7
ecaabeebadeccbbcaebb .................... 92 16
abeaadeabdbbdbddebec .................... 86 16
babebdeaecbedaaeddac .................... 84 16
bcbeeedaabdcbcedadeb .................... 90 16
acccdaabebcccebdabbe .................... 104 12
abedbeabebcbdacdeadb .................... 82 16
bbddadaadecacddacccc .................... 110 10
ddaabdadacbcccdabcca .................... 82 16
cecceedbdeeeadebdabc .................... 98 14
baebdbcdcbaddedebbea .................... 128 4
badabdbbaeaebcaacaaa .................... 100 13
abcacccceaaebbababea .................... 104 12
dbbaecdaccadcdecddda .................... 86 16
eabcddcaadedbacceeeb .................... 106 11
baebceebacdccecdcbba .................... 88 16
aaedeacecdaedcaebaee .................... 88 16
ebebcdcceedcccedacea .................... 106 11
bdcaaecabdcbacbcbcea .................... 120 7
abecdebdaddbcaaadebe .................... 94 15
adecbbeaacdccbcbeeac .................... 94 15
ccdbeaeebbcaabdaaaad .................... 120 7
ccbecbcdcdaabdcedcbb .................... 126 5
bceaecdbdaabdacacced .................... 114 9
aadbdceeccbbeecaecba .................... 88 16
aebcadbaabbaabcdecba .................... 94 15
edbeabbdcbdedeaabbed .................... 106 11
aeedeceecbabadbadebd .................... 98 14
cbcddcbcabeacccdedce .................... 100 13
ccabdceceaacacbbdedb .................... 130 3
dbbeededeabebbcbcbbb .................... 88 16
dbcabadecbaecebabbce .................... 96 15
eccdbadcbadccbdbbecc .................... 94 15
cadcddccedadeaebbdad .................... 120 7
ccbcbcbddadccaaedcbd .................... 108 11
baebeccdeeababbbaaca .................... 106 11
cbadecdbdadeeebbecde .................... 96 15
abcacdbaadabdcaaddaa .................... 88 16
bbacbcdddebdeeaabcac .................... 114 9
bcebbddecdccaeeaebdc .................... 92 16
acbbecacadbedaabaddb .................... 74 16
bebeddccdbdceeccadcd .................... 94 15
acdaddaddaaeeeababea .................... 114 9
ddedaebbaadcebacddcb .................... 82 16
dcdacdbbaddeabababdc .................... 90 16
eeecaedbbcdbdcebddba .................... 74 16
bedeeaacccbccbbacdca .................... 96 15
eeebeacbbaeabcccddad .................... 116 8
baabccbbabdaeadddeed .................... 106 11
daaeeedaddcacdabccac .................... 108 11
adebabedaebecccdeaae .................... 106 11
bbadceeeecedbbdedeed .................... 102 13
bdcabdbbceedaebabcbc .................... 116 8
aeaacdecdcdabdbeacba .................... 92 16
acbbedcbcceeceecdeab .................... 90 16
bdcbaebdbddcaebadceb .................... 122 6
abdaeacababbdeceeeca .................... 92 16
bcddeddabbeebddaddcb .................... 90 16
abadedecaaeabecddeac .................... 96 15
ceecdcedebedcdbadeea .................... 128 4
cbaaebdddddedaedadac .................... 102 13
eeecbabecdaaebdbeddc .................... 104 12
bbeebeeccdeddbbcbaca .................... 98 14
beddaddedbeaaacbbbba .................... 88 16
cadbadaaeecebbebedec .................... 104 12
aeecbcdaceebdeceeced .................... 86 16
bdddcaecadecbdddebaa .................... 96 15
cabdcbcaedddeacedebd .................... 104 12
cabbbcbbacecaacbdeba .................... 82 16
caadedaeccaaddadcebd .................... 100 13
aeddcdbaeaaecdeaebab .................... 104 12
ebecdadbbddbaeccdbcd .................... 90 16
badeabbedcbdcccddaae .................... 122 6
eebdeebedbbbdebabceb .................... 114 9
bacdcacaceebccabeacc .................... 90 16
edbeaadcacbacbbdcddc .................... 114 9
bcbdacebeeccdbeabdce .................... 72 16
ebdaddaeaedddaeaedad .................... 96 15
aaecaccdcabaabacabdc .................... 106 11
caccbaacccdebbbbcadd .................... 102 13
dccdbcbbdbdbeeabcbdb .................... 86 16
bedadcadaaaedbbdeedd .................... 132 3
eecdddbcdbcdaceddeda .................... 120 7
aaacdcdabdacaecbccea .................... 102 13
cdeebdeadbbbbdbdcabe .................... 128 4
adeeaadbdebeaeaeacbe .................... 92 16
beaaddabbdadbccbaddb .................... 94 15
cceacccebeadbbcdbeeb .................... 132 3
baebdeaadbbddedcddea .................... 126 5
cecbbcdadeebcccddbed .................... 108 11
abcdabcaaacdabbdbbcb .................... 116 8
ddeadcbdacbbadddaabd .................... 110 10
aceecbeabcbcddebbbea .................... 92 16
bebacabacacdbddddaee .................... 132 3
eadcdaaacdcaacdaaadc .................... 116 8
dbeecebbcceebdbaadcc .................... 94 15
cbebcbcabecabeddbccc .................... 140 1
eecaaeaebdcacecabebd .................... 98 14
dbeaeddcbbbabbdaddab .................... 94 15
aadbcddebddcedbcbebd .................... 94 15
aaccebadccdbbedceaae .................... 88 16
dccbbddceddcaeaecacc .................... 92 16
bebebcccbdeaacdcbcdc .................... 108 11
bcaebdebccbedbddaebc .................... 90 16
ebbccaeddbeeacadeebc .................... 116 8
acdabbaedaeadaaccdeb .................... 124 5
ceadaedbedaeccbbbadb .................... 96 15
cdebbdaaeaeeadadaeed .................... 126 5
aecdacccceddcadbddea .................... 84 16
aaecaceabbacaebbecab .................... 104 12
acedccdecdabbbdddbbd .................... 94 15
ddbcbbcaaaeadbebdddc .................... 114 9
aeddaccbbadbaaccbcba .................... 88 16
dbddadacbbcdaabdacbd .................... 112 9
aabedccebbdebaeacebd .................... 92 16
eceeedecdbaaaebeecea .................... 120 7
dbcebdbabbdcebaaccee .................... 96 15
aebcbcdcadbaedbbcbda .................... 88 16
dcbbaaebddaddcebadce .................... 94 15
edceaaceddabedecdcec .................... 118 7
dbedddcbbccdcabdedac .................... 112 9
eaaacceaeeebebebdbbe .................... 82 16
baaeddadeeadeeebbdeb .................... 104 12
adbadbcedbadceeaedcb .................... 120 7
ccdbcaadbaebaeaebebd .................... 124 5
eeaaebcedabacbabcedd .................... 128 4
ddbebcdeedcbbcadbdde .................... 90 16
aaaeeedecdadeddbebbe .................... 78 16
eebedbbdaaabdeadacdb .................... 126 5
acebacbdebecebbbdacc .................... 104 12
cdbdcdbecdecebcdaedb .................... 90 16
addaeedebcccebacdbab .................... 92 16
bccdbdabaadeaececcbb .................... 90 16
cbaeadcbecdedcadadbb .................... 82 16
baceceeabcdbeceddbcb .................... 82 16
aeabbbddadeabddcdaad .................... 108 11
ecbaeceaebaceebaaaac .................... 110 10
dabacabbbacbedbdedcc .................... 100 13
aabcdbadebecbadaecea .................... 98 14
ccaababdbcecedcadbee .................... 98 14
adaeeabdeacdbeabbddd .................... 110 10
adacbbbabbadeabcaeab .................... 124 5
bbcbdaedeecbbceabbeb .................... 104 12
aacbaaedbeecabdedeac .................... 90 16
baddeccaddaaddacdcba .................... 114 9
aadbcaaccdaeceadadea .................... 106 11
ebcdedbeaacedbdcccee .................... 106 11
cebcdaacccdbacceabeb .................... 88 16
abdecacaacdbadcddcaa .................... 106 11
addcdbdbdbababbbdcae .................... 140 1
ccedcedaebeccdaddedb .................... 112 9
cdcadebaeaeedabbeadc .................... 126 5
baeadaaeaebbeeccbecc .................... 92 16
dceeaadaebaacdeeaddd .................... 94 15
aacedeadababecbaaedc .................... 104 12
abecdaceecccdccbbeab .................... 100 13
cddaebaeeedaedccdbbd .................... 106 11
babceeaccabebacebdca .................... 76 16
abbdbaabaceaaddbeacd .................... 74 16
acedaebcaeaddaeccdca .................... 92 16
adcdbbaabbdedeabbead .................... 100 13
beceaaccdcbdccabedcc .................... 104 12
eaaacbeeceeddbcbdeaa .................... 100 13
ccdcebaaebbaddddbcdb .................... 130 3
cdeabaddaceedbcbbaba .................... 92 16
aedeccebccebecbcabea .................... 86 16
acacbaddacdcebaedacd .................... 74 16
cbbacddedacccccaeada .................... 92 16
cccadcacddbeedbaacdc .................... 118 7
bdbcbbaaeeccbbcdaecd .................... 106 11
ebeacbaabdadeadeadba .................... 100 13
dcecceccaecabdcabbad .................... 110 10
abbaabdeabbcabeaaaba .................... 76 16
decbdcbdebbaaabaedae .................... 126 5
cdabdbcddeabbdabacee .................... 144 1
baccbdecedbacbcbacaa .................... 90 16
dcceecddebebeaddceda .................... 90 16
beeddbdcccdaabbdbaab .................... 122 6
caaadaccbdbaabcbacab .................... 116 8
ecededadacaebdebdedd .................... 96 15
aebaeceedbedaedddadc .................... 106 11
deebababbceeedebebaa .................... 76 16
edbcccdedccdeadbdaca .................... 100 13
addecddaabbdacdddeea .................... 122 6
beadceaabaebaaecaaed .................... 102 13
eebcdabcececbbeabead .................... 104 12
ecebbedaddaedcecebad .................... 114 9
cbaadeedceabcdcbdaae .................... 110 10
abebeacbecbedaeacbed .................... 96 15
bcaeceaabecdaecdbaea .................... 116 8
aaaabdadacedcccdbcaa .................... 88 16
acdbceaeeccabccbcebb .................... 118 7
bbabbdcabdddedccbcba .................... 96 15
cebebeeebcecccdcdaaa .................... 88 16
eeeddbadccacaecbeacc .................... 112 9
dcaecebdacedcabbaabd .................... 106 11
dedcedcbcedcdbbdbabe .................... 98 14
ddddeceddbbcdccddaba .................... 102 13
dcdcbdaedbceeeecadce .................... 96 15
eddedaaabdadccadacdd .................... 132 3
eabaedbadcbaaeaedcae .................... 110 10
ddbadeaeaedaaabdaadb .................... 106 11
edbeaaaaaeaaacebddde .................... 102 13
baeecacaeaecadbdecbb .................... 124 5
bebaaacebebdeacdebcb .................... 90 16
babbbedbccdecddcaadc .................... 84 16
aeeccbdeeccaaceccced .................... 124 5
ecbdaeebbeadeedacdde .................... 100 13
ddcdcebdedcadabdccbd .................... 132 3
abeeebcbcbdbabbbcdce .................... 100 13
adddeecbccdbdeeabeda .................... 84 16
ddcacabecbcecdedabeb .................... 104 12
ccdaceeedbccdedabdbe .................... 118 7
bbeecabedcebaedbbdbc .................... 102 13
daeddbcddededcdaceec .................... 122 6
dbecddbcebecbdccdeac .................... 106 11
bedddebcbebcceeedbdc .................... 102 13
babadacbdaacbdabacea .................... 116 8
bdbcaceeecbdaaabdeab .................... 104 12
dcecbcabaececdcabdda .................... 74 16
cacddcbecaebecdccecd .................... 102 13
cbeebdbabdeabcadaaac .................... 110 10
bccddbcceaabbaabacba .................... 118 7
ccddcbcacceabbecabca .................... 112 9
eadacacdacaaceaecdec .................... 132 3
acdeeccbddbdbaaadaca .................... 100 13
bacaadcddebdeedbbced .................... 116 8
bceccdedabcbcaaeaaba .................... 86 16
dcdcedadadaccabbeebb .................... 98 14
cdccaecaddddcbdddaec .................... 132 3
eabeabebacabdeceaebb .................... 78 16
acbbbabcdcedceaeebec .................... 104 12
bdacdaddeecebdbeeeae .................... 116 8
daddaabeeaeeadceaaba .................... 82 16
bebbdcbadbadebdcccba .................... 130 3
dceebecbacebacbbbecb .................... 98 14
bacbecbecdedabdcbcde .................... 102 13
eeaebadecceceaeceace .................... 74 16
dddeabbeebecbabecaec .................... 120 7
cbbeebddcbaeeaabbeea .................... 102 13
cdbabdcbbcdcddbbdbdd .................... 96 15
eedbdebbccabeaeecded .................... 116 8
eabaedcdccbaedbddcbb .................... 114 9
aeeedaaabebbbdcbcbca .................... 86 16
addaecaddbdbdaabbecb .................... 94 15
cdbaabdcbaaabcccbece .................... 120 7
abdbceaeabbadcceecdb .................... 102 13
ebaaaebccaebbabbcabe .................... 108 11
ccdbcaeadcecedcecbbb .................... 108 11
cbdbcbedbccebdebabca .................... 106 11
cdcbccbebdbcbeebdcca .................... 106 11
bbcbadeacecbacdbbdab .................... 90 16
cbbddeecdccabaeabaed .................... 112 9
eaaebbedebbebcdcddae .................... 110 10
bebaebabeceeaaabbdaa .................... 84 16
eecbdcaedabddcaebedb .................... 118 7
dcebbeecbbccbabddbbb .................... 110 10
caaaecabdceeeeebcabd .................... 86 16
ebeabdaeccbebcdaaadd .................... 88 16
bedaddbddcaeecbdacca .................... 126 5
beddbbaeadedbebebcea .................... 114 9
ddedbcaedaadbddedbbc .................... 110 10
cbbddacccebaeccadebc .................... 110 10
aaadddcaaacabddddcbd .................... 114 9
acaccbbebdcdeabbcbea .................... 112 9
bdaeddeeebbcadaebcea .................... 100 13
cadadbecbbeebeeecacd .................... 114 9
ebbedeceeeababeedeca .................... 100 13
dcebabaceabbcabccceb .................... 128 4
bcecaadbedeedaabecbc .................... 88 16
bcdecbbcacdeddbcccab .................... 128 4
bedcbaadebcbbebeddca .................... 108 11
dbaddbebbbbebeeedebc .................... 96 15
dbeeaeecbaedcbebeeec .................... 102 13
bdeeeccceaebcdbbcabc .................... 118 7
daeceaacdecddcabeadd .................... 94 15
debcededbdebdbddeebb .................... 80 16
eecbebbcecbeaaeabecc .................... 108 11
dcbedeaabaaabbedadbe .................... 116 8
aaaddedceabaaebadbeb .................... 116 8
cabeaceadeddbaccdcab .................... 100 13
dbbbaaebcdedcbbadeeb .................... 100 13
beabcddeacaacddadcca .................... 98 14
bccaebdaacdaeacdbaed .................... 102 13
bdddadeaccabbbbdceeb .................... 124 5
baeeeaaceccaabcabbba .................... 84 16
bedcaddaaabcbaedcaad .................... 112 9
adabccebabeebdcddccc .................... 100 13
cedccabcaebadbdbbecb .................... 114 9
cbcebababbeaaddaccaa .................... 116 8
eeecccdaacbbecdbcdab .................... 100 13
abadcadeacbecbdbdbae .................... 80 16
ebdbadcceedbcbecdbee .................... 102 13
bcceccccbbbccaeabeed .................... 108 11
cbbebeabbcbeccabccbc .................... 100 13
cacacaedecaaccbdbaad .................... 130 3
cddbeaabbbbeceadcbaa .................... 116 8
eadcaacaededebadbaec .................... 122 6
ccbbdcaeabaacabdeaea .................... 124 5
bcacceaacbebceacceab .................... 112 9
cbeebecdbbebadcdaebd .................... 114 9
cecbdeddaaaeeaaddbce .................... 120 7
dedddbabebbbddaacede .................... 112 9
bdcdbdadedeeccbcdecb .................... 100 13
aeeddceedbccabedebab .................... 98 14
babecdbbaeeedebaecbe .................... 90 16
dbdecbdceddeeccdedbc .................... 98 14
ebbdcadbddabdecbadac .................... 96 15
abdabeeeacdecdbbabdd .................... 86 16
cdeddecddcecdcacecbb .................... 120 7
adabdeedcaebcaeddade .................... 110 10
dadadbccebeeaedacaba .................... 120 7
bdbadcdaccddddedadaa .................... 100 13
ddebcaedeadbceebcada .................... 108 11
ecaaaedcaaabdecadedb .................... 102 13
ceaaeacabbecbeeedcca .................... 94 15
bcaadedadabdeeadedca .................... 118 7
ecddadebdebddddedaec .................... 108 11
bedceebeaeddaeebabad .................... 102 13
dadbaecabbacbaebbdec .................... 114 9
adbdceedaccbeacbbbac .................... 86 16
eccbccddaaccbadabece .................... 110 10
deadbabbcaacbbebdebe .................... 96 15
ccdaadaeccddcdcbbcae .................... 104 12
bcabadeaceacbeebebcd .................... 86 16
babcbdadbeaddddbacdc .................... 102 13
cbeccdacebadaaaceeac .................... 124 5
acabcceccaddceabcedd .................... 112 9
cccaccbacbddedaaedce .................... 104 12
cabcebddbaebceaccbad .................... 108 11
babdcceacbbdeabecddc .................... 104 12
deebeaacaedacbecbeae .................... 94 15
ceeebbcbbaaceebdeadc .................... 130 3
dcddaaebbcdaeeeebaaa .................... 78 16
aaabcebbbacccbeddeea .................... 104 12
abeaababcacbddbcaddb .................... 94 15
dcdccababaeaaadbbdbd .................... 118 7
ddaaabceabedacebdbdc .................... 106 11
aecdbddebecaceddbccb .................... 90 16
bccdecddcaceccccbcea .................... 100 13
adaedceeccacccecadeb .................... 90 16
eddabcdedaadcadacadb .................... 130 3
dddcdbadcbceabeaeeac .................... 128 4
bebadeacdbdcabdbcdde .................... 108 11
eacedeceaecaddcbceee .................... 118 7
ddaaaebacddaabbeeaab .................... 102 13
adbceabecbdccbcecccd .................... 84 16
eebbeeaeadcbcbbabdce .................... 92 16
cbbcadbcddcdbbededae .................... 108 11
acdabcecabceabecaada .................... 92 16
eebdcbebabddabcedeea .................... 100 13
adcdccabcbebedbaccee .................... 104 12
cbaabceecedacbaeeccd .................... 84 16
cdccedbcddccddbbbdca .................... 98 14
dcbdccaeebccbdaedbee .................... 90 16
eecdabccabcdcbbabacc .................... 118 7
aeecaeeedeedeededcbe .................... 96 15
adcdbaabccbacaebbedd .................... 86 16
eeeeecdcecbbebacbaee .................... 94 15
adeabddadceccaebaebb .................... 84 16
caacdedcebbdedbdeebc .................... 126 5
ceaebaeeaedbebbcdaae .................... 94 15
decbcbcaedbcdcdceadc .................... 114 9
eabeabbcbeacdcbdbabb .................... 106 11
bccddacdbabdceebcccb .................... 130 3
cceddacceadaebddbccc .................... 128 4
edbccadcaeddaebacaae .................... 124 5
ceeebadabeabecaaedca .................... 86 16
ebeaabdecccbccbeadee .................... 98 14
aeceebbaadebcacbbcce .................... 82 16
ccbceabaabbcdbebcaca .................... 94 15
bcebbdddabbebebddbba .................... 112 9
edebacaaeacbaeacbcbc .................... 122 6
edaecbbebbaccddbdcca .................... 110 10
edebbadeeaddabbdbcbd .................... 136 2
eeadeabacdedcabebeae .................... 102 13
cbcddcdbcdcbbcedceed .................... 108 11
aeccbadeaeaacdeeccda .................... 90 16
edcbbadbacdaabcdbcbb .................... 106 11
acdaddbabeaebbbbddaa .................... 116 8
dadabdcbddeceebbebdd .................... 94 15
bbaceeddcbbabebcceab .................... 124 5
eadbceaeadabbbdabbaa .................... 102 13
ceeececcacccebaaddae .................... 108 11
ebccbbcbecbbcbecdece .................... 104 12
dbecbbeeddcdaedaedac .................... 114 9
aeedbcdbeccbbcdcccad .................... 96 15
ceaacdcbcebddebbabde .................... 110 10
eacbdabceeceaaaddbec .................... 120 7
cbdbbaaccaecddcedddd .................... 102 13
edceecdacabceecaacbb .................... 96 15
ddeaacaccddebdceccbe .................... 88 16
aeebdbecdcbcbdebeeee .................... 114 9
eebeecaddbecbbeceace .................... 90 16
bbdaacceddcbbaebaeea .................... 100 13
bebdacdacdddbdbdaede .................... 100 13
aaccbceaaebebdacbcbd .................... 88 16
caeeaceceabcaaaedbab .................... 92 16
eabbbabadddcdccabcba .................... 92 16
bddbeadaadceaeccedaa .................... 104 12
cdbabddddcbabcabdaea .................... 114 9
aaacbadaaabdedddcbeb .................... 106 11
dacbeebadadccabecebd .................... 108 11
aceebcccbabcbdbccaad .................... 122 6
bbbbbaecbdacecacccee .................... 110 10
deabaabcdceeedaddedd .................... 100 13
caabaedbebdcaacbaacb .................... 80 16
eeebdabbabbbecdcdeda .................... 104 12
eccccbaebacdabbddaaa .................... 138 2
decbdedecbeeaedaedea .................... 100 13
eeddeddeabedaedcabca .................... 88 16
daebdbecbaddeacebbac .................... 104 12
cabbebebeeaeaceeecca .................... 90 16
bbbdcaceeddabeeacbed .................... 106 11
deddccaddbbaeadcdcab .................... 120 7
adcdcacebddedcdceaba .................... 84 16
cbebcbbdcdbeebcebdaa .................... 106 11
ddcbeacadbcebdeceebc .................... 116 8
ddbbdbcdccccddabdcae .................... 126 5
bdaebdaeecbcecaaecec .................... 94 15
bbdeaabcceccccacbecb .................... 94 15
aabcacedceacbabbcceb .................... 102 13
ceadcadebaeecabebbae .................... 98 14
bceedcebeeebaebdeabb .................... 106 11
addbeddadbaccdedbddd .................... 110 10
aebaeccdedbeabedaeac .................... 106 11
eabdcaeeedbddbabdadb .................... 96 15
bdedddeacbbbdebcacba .................... 108 11
eaaeabadaacebeedabaa .................... 98 14
ccdaeeceedabedcdadbc .................... 114 9
deaddedadaacdadbbede .................... 108 11
ecabbbadebaecaddeaaa .................... 118 7
bbbcedabdacdaeedccbe .................... 118 7
aedcebdcaabcebceacba .................... 88 16
cdeaaabcddedceedacbd .................... 120 7
cbdeacabacebbadaaeda .................... 76 16
bedeeebdeebbccbcebad .................... 112 9
abbbddaaaddedebbcebe .................... 100 13
edcaacedabeaccdebdcb .................... 90 16
decbbaebadcbddddabed .................... 90 16
edbbeabbdcdcacdbdaad .................... 104 12
eacebdcdcccacabcbcaa .................... 112 9
dadcecabdcbaacdcacdd .................... 102 13
ccceaaececddbacccacb .................... 98 14
ddcbaadaddaeacaacbea .................... 110 10
bbbecbbeddccebaabbbe .................... 96 15
cadccccabbcadcabebce .................... 114 9
aeadaeddbabcebecbeac .................... 94 15
aeccacaabddbeddcdabd .................... 76 16
bbdcaeccaddabdeedbcc .................... 96 15
bcbbbadbceadbbbbbacc .................... 114 9
cdedebbbbcacaeeebdab .................... 102 13
eeccadabadbcecdaedad .................... 76 16
cbcecbddedeacccecdbb .................... 106 11
ceecacbedabbbaecdccb .................... 108 11
bdddeceaeebbecebbcce .................... 94 15
bddebcaaeebdacbadeda .................... 122 6
ccdccabedaadaeabdebc .................... 150 2
aabdebdaadcdcbcdcdbc .................... 96 15
cccabbaebaeceddabead .................... 108 11
abdeecaecbdacaddabde .................... 84 16
abbdadbaabdbecddccac .................... 90 16
aeceeadabeaaadeebeab .................... 94 15
eaedaaedebcbbdadeecb .................... 96 15
eaedaeceeddeadbedceb .................... 106 11
bbaddaacedbbdbdcedec .................... 96 15
cadbcacbcbdceabbdceb .................... 122 6
adbeadaeeacbddebbcdb .................... 84 16
dbabdacbcedbcbaadedb .................... 92 16
acbabdcddcadaacbbcbc .................... 118 7
aadecedcdbcddbbcaedd .................... 122 6
bbbaebecbeedceaceebd .................... 98 14
edcaeaeebdabbdedeeed .................... 106 11
adabecbdcdacdcdaecbd .................... 98 14
bebcceaaeeabdaecdbee .................... 104 12
dbcbddddccaeedbedeca .................... 98 14
daaacecebdeeebaacaee .................... 100 13
ebbcbcbabaeeeabebdbb .................... 94 15
deeeabbdaaeaebaaccdd .................... 114 9
edcabaeababdcbaaaaec .................... 122 6
acccceebedeecebcaceb .................... 106 11
eedceaadeebcbaabbaab .................... 104 12
caeaaaececcbddcddded .................... 100 13
caeccbcbcbaacacbaddc .................... 116 8
ddddaedaaddceeebadde .................... 80 16
ecddebeeedbabeeebcac .................... 116 8
ddccebddaccddcbbbbcb .................... 104 12
baebaaebbeceaedbadee .................... 94 15
cdbdcedceabdcedceebd .................... 122 6
dddceeecbdadbedceada .................... 108 11
bdbaeaccdbcecddecbcd .................... 104 12
eadcacddaddaeddcddad .................... 98 14
decabcaccededbcbbcee .................... 88 16
ddaabececeacdeacebdc .................... 100 13
ccabecebecaeadcbacab .................... 102 13
dbceadacabcdbdbabaaa .................... 94 15
ccecdeddacbbdaaeddad .................... 106 11
ebebdadaecadcedecddb .................... 120 7
ceadcbbdceaeaaabdebc .................... 120 7
eaddccdccdcdaacbddad .................... 108 11
cbdcccdbbaedcddddada .................... 114 9
beaedbdcdcdececeeebb .................... 94 15
addaeedebeebebaececa .................... 82 16
dccedbceaddcccebddbd .................... 94 15
cebbebdbaabecbeadbee .................... 104 12
ddbeadecccdaaecbcece .................... 90 16
edcadcadacacadabbccc .................... 114 9
addbdcecbcebecebdede .................... 100 13
eabaeababbcaacebeead .................... 106 11
deedbdbebaabbcbbbabc .................... 106 11
dcadeeeeddacabeacecc .................... 98 14
adeebaaddacabaacdcea .................... 122 6
ddbaccdebddadcbdddac .................... 110 10
ddaebdbcdbdcdecdddee .................... 102 13
eeeabbdadbdcceccceba .................... 110 10
cbebbbbeaaedbceabbae .................... 118 7
ddddbcaadaeeeeeabaeb .................... 108 11
baebcaecbbddadbeeecc .................... 112 9
eaccedaeeaddebeaecee .................... 96 15
eaaacdbedbacebeaacec .................... 108 11
bbbdeccecdbedccdbaae .................... 92 16
dabcdcbecededcbcbeaa .................... 92 16
bcdcaddacbbcecacdbce .................... 94 15
dabdaaeaebbacbecdebb .................... 90 16
ddbeabbcaeddeebebbba .................... 88 16
bedccaeddbdecccecebb .................... 112 9
deddbecabedcdbedcbbe .................... 102 13
edbaebbacecccaddcdce .................... 108 11
edaaddcceceaabdcdaee .................... 124 5
abebcccbebecdaaedacb .................... 88 16
dbaebadedcbadcaeeede .................... 88 16
abbacebaeeeeddcebbcd .................... 80 16
acebebaebcbacaddcdcc .................... 108 11
ccbbadbebceedaaeabdd .................... 78 16
dcaddbdecdeceeebcdeb .................... 94 15
baceaeecddcadbebcebc .................... 104 12
edadbcccaaeeaceedbab .................... 98 14
bcaacaecaababdbebada .................... 108 11
ededabdbbbbdccbbcbaa .................... 114 9
aaeebbcadccbaeacbcde .................... 114 9
eddadcaaacbceebaabce .................... 108 11
daaecdeccaeddbbdebca .................... 92 16
bbceeceaacdebcccbbac .................... 80 16
bebebeeddeeddbcebbde .................... 94 15
abbeedaebabaaaaaccdb .................... 94 15
accebacaedecbdbaebbe .................... 96 15
edacbdebebdddaabbcaa .................... 96 15
edebbebdbccaddabadec .................... 124 5
eeadccaeaaaeaaceabdb .................... 86 16
ecbacbabbbbdccadddcb .................... 114 9
dacdadbdecbdbccbdede .................... 94 15
eccbedbbcaabeeabcead .................... 114 9
bcdadccdcadbaddcbbba .................... 114 9
daebaddbbbbbbbadcbcd .................... 88 16
eadcbbeaccdabbdbeeac .................... 114 9
ccaeacdbbadbeedbbcbb .................... 86 16
addccaadecdceedeecbb .................... 96 15
bbcebaececcbabbcbbae .................... 102 13
eceeceeeebdcbacaaced .................... 104 12
aaeaceedaaaeeebdbabb .................... 116 8
edadbeacbcdbdaaaedbb .................... 78 16
bcaabaeaceaabdceccdc .................... 112 9
bacadbeededbbebbdeee .................... 118 7
cbcabbccabbcaabeedac .................... 116 8
cdcdddcabbbaddeedada .................... 108 11
abbccbbdcabcbaeebcea .................... 104 12
cddebdcbeeacdcecdaba .................... 106 11
cbbcacdebdcdcebaecdc .................... 106 11
ddacdccdcdbebcdecceb .................... 118 7
bbcdacdcedadeddebebd .................... 90 16
aebabcadccdccadadcce .................... 80 16
bbbbdecddbcbbbbdcadb .................... 140 1
aaedbaebaecadaddbacb .................... 80 16
eadbaddceacbdaaedcee .................... 108 11
bccdbeaaecdeacbcdcdb .................... 108 11
cbdacbbdadedadbdcddd .................... 144 1
bcaadccdeaacbadbaadc .................... 120 7
eeececddbcaaeeabceba .................... 106 11
eddbdddbceabeecedcca .................... 102 13
dededeebbeeecdaeccde .................... 100 13
abbdccbabccbdbebcebd .................... 90 16
cdeaaedeeaaadcadbacd .................... 122 6
cbbadbcedbdcbacddeba .................... 114 9
bdaddcdebaeeecdbceea .................... 102 13
cddbdaebdabebcaedbbb .................... 122 6
bedbdeddebdecddccdcc .................... 122 6
dbdcbdedcbbebeacacdc .................... 108 11
deabcacedbeecbbadecb .................... 114 9
ebeedeedcbbbaadeabab .................... 100 13
cabddbceedceeaecbbbc .................... 100 13
adddeacdceabcbdeaeba .................... 94 15
adbccacbcbaaaabcabec .................... 124 5
beccdaababbceeaceadd .................... 94 15
cdecaebeddacaeecaeba .................... 110 10
daebcaaccbdddbbaebcc .................... 102 13
eeedbeccbababaebabbd .................... 108 11
badcadbacaabeeeabbeb .................... 102 13
cbcdceeeeeeaabbeaaed .................... 110 10
bddbbebedaaedcdcccae .................... 146 1
ddacdcddbddcbddedcca .................... 86 16
eddeecaebbcbcabbebdc .................... 100 13
ebeaabcadeacabddcebc .................... 134 3
ecbbedeccadcbcadcdeb .................... 106 11
ebedecbbcbdddbbaaade .................... 96 15
aebbaaaabdaaaccebcad .................... 102 13
acaabddeeebdabaebdbb .................... 86 16
cbcdcddccccdddbcbeae .................... 114 9
caeceebbbecdaaceebca .................... 82 16
eeadaeaeacbeadcddcdd .................... 96 15
bdcedcccbcbcbddbddec .................... 114 9
bdceacedaeceddabbcac .................... 100 13
bbcbaccdebcbbcbcddbe .................... 116 8
eaeccbccbbdbcccacbda .................... 100 13
aabcacededdebdbaeebc .................... 86 16
cbdcedececcaabbddbde .................... 118 7
bcbdebaacbccbaabcecd .................... 100 13
badbdaacdbeebcedccaa .................... 126 5
ebebedbcbcacaacccdbc .................... 104 12
dbaedbaceccaacbcbbee .................... 118 7
bdeedbbaeecbbededbcb .................... 108 11
cdeadcbeddccbaaeeabd .................... 106 11
bcaaceecebbdeabbcdbb .................... 118 7
bbabbbacaaedaeadcebe .................... 128 4
ceadaddbbcaececcacea .................... 86 16
daedccebbdebebdcdaee .................... 82 16
dadbcedbdcdbcaccaabc .................... 94 15
daadcededebdedcedbed .................... 92 16
ebabdeeaabcecdebbabe .................... 104 12
adebecbcacdeaabdebec .................... 104 12
ebbecadcecccbcadddac .................... 106 11
dabbccaceaddcdcadaeb .................... 104 12
eacbcabaeebecdacaeec .................... 116 8
aebccbeeacaeeedbbbaa .................... 88 16
bcabcbaaecaebdcdbecc .................... 122 6
caecabdeadaaabdeddae .................... 106 11
bbeddaaaaaccaedbddcb .................... 102 13
cbcdbdbbcecedadeaaac .................... 84 16
eecdabaeebcbcbdddcdd .................... 106 11
dadccaddbdccecccbdce .................... 92 16
baddcebbeaeeadcbcaac .................... 118 7
eebabdcbbeebaedbeeee .................... 98 14
eaeabdeaddaeebddeeec .................... 112 9
dcbceedceedabdbdabcd .................... 96 15
abaeaabcbeacbdaabbba .................... 74 16
edaedccdaaaeddabeaec .................... 126 5
debceacecacbbcddebac .................... 102 13
dedeaddcebbadbcdedcc .................... 98 14
adeeaedcddecdeeaceda .................... 90 16
eeeeddddeaebedacdcdc .................... 112 9
dddceeddeadadbbdebcb .................... 116 8
abcdccccaaaebddeadce .................... 92 16
ddcbdcdabbcccbdcedda .................... 96 15
ebdcabbadbdacabbecae .................... 130 3
badaecaaadededccddec .................... 100 13
cdceeddbcedeeaebbcab .................... 80 16
cebbbcecddededaaedcc .................... 100 13
ddcabeaaccddaabbaedd .................... 108 11
ecdabedcededeccaadae .................... 108 11
babbebaccbedaecdeaab .................... 110 10
ebeecadcedebaaacebda .................... 84 16
eceaabdddadacdeecada .................... 112 9
adbdbcaebbeaebabaaea .................... 82 16
aeadbdabcbcecceceadc .................... 76 16
acbbaeaebbeaeddaeedd .................... 90 16
ccdaeadcaeccbacbabcc .................... 90 16
edbaceebaaddeabdabaa .................... 108 11
beaccdacbaeacaaabaed .................... 104 12
deaddecdacdbaebcabbd .................... 102 13
ebebbcdeeecbcbecdaaa .................... 94 15
baeeccbdecddadeccbbd .................... 108 11
baadccbdebadedcaaeae .................... 110 10
eaaaceaacedebadcaeea .................... 92 16
cdabcadbcdbaeebbedee .................... 118 7
aceeecdcaeeeaeaaedcb .................... 74 16
cacddecbbbbdbdccedbb .................... 108 11
cbddceebecddddbcacac .................... 122 6
aeababeddeacdbdccbbb .................... 104 12
acaeadabdecaababacec .................... 98 14
bddababdbacbbcbbbebe .................... 130 3
daaaaebbbecdbeacdaca .................... 88 16
dbeedeacadcabbdeebdd .................... 90 16
dddabaebaaecbbaacacb .................... 100 13
aaedbdacbbbddacedcec .................... 94 15
cecaadcaebdeeaeccbbc .................... 98 14
cdedcbcaceaddedaceac .................... 146 1
eaaaddedbccebcbccccd .................... 114 9
deeaaaecadbbdcbbbebb .................... 90 16
aadebadacddbcadccaab .................... 90 16
acedeccaeaacbbadeaee .................... 114 9
acdbdeeeceebcacacabb .................... 100 13
aabcecbedeaeececbcbe .................... 88 16
bdcecbdddaccceccaeac .................... 128 4
decacdeaaceccddcacae .................... 90 16
cbbbacadacedbabcdeed .................... 116 8
abecddcdecabdacebcae .................... 104 12
cbdbcceeebadddbbbebb .................... 132 3
cddbabeecabdedecabee .................... 126 5
ebcaeeaadaeccedbcceb .................... 116 8
cbddbdedbcadeaeaadcb .................... 96 15
cecbbeddbdbddaadaaea .................... 116 8
ceadbbcdabeedaecaacd .................... 100 13
ecbbaaaceebcdddecabc .................... 98 14
dadbebdaccbdecccabad .................... 104 12
baaebdadececcacecebc .................... 82 16
caabaccecdeabdaebeab .................... 98 14
edbdccbbabbcbacbddeb .................... 96 15
addaadedddcbcdebddee .................... 102 13
deadcbeaecdabbbaebbd .................... 100 13
adddebddbbbaccbdcecd .................... 130 3
bbbcabaaebcbdbdcbbce .................... 92 16
bcdccbdacaaeecdaabae .................... 122 6
cddbaeeeadecdbdeadbb .................... 90 16
bbeacbbbcbbbbbddeecc .................... 112 9
edacdbbaeacbeebedbaa .................... 122 6
bcedbbcdddecdbdeddda .................... 100 13
bdcabcecddedcadcadec .................... 108 11
deadceeabecaaedaeabb .................... 98 14
ebdadabdcadadceddcee .................... 138 2
acceaecdddecdcbdaede .................... 110 10
ddedcdbebcbccbdadeac .................... 100 13
dbabbdabebabcaadbdcd .................... 88 16
ebbeaceaadbeeeaeedab .................... 76 16
bebaaededaddabdebaee .................... 108 11
cbedceededcedeeaaeab .................... 106 11
eddedaaedbacaacaaada .................... 112 9
bdaecacddaacddbaeece .................... 130 3
aaddddaabadededcdabc .................... 100 13
aabcbdddbcdeeabdebdb .................... 76 16
daaadcadbadcdcceabbd .................... 78 16
aaacdadcccbddbbaadaa .................... 96 15
addbdadaceebdbecedae .................... 104 12
bdcdbbbddecaaaccbace .................... 118 7
adbcecdbddaabdacebea .................... 92 16
edbceadcdceecbbecded .................... 108 11
adccaabbbabecdbbcddc .................... 108 11
bceaccbebaeaeebadebe .................... 122 6
ddabcaeaabbcdaaedbad .................... 96 15
abcbddbaeebddedaeeab .................... 110 10
cadcbaeecaadaebeeeba .................... 122 6
acaacbcccabeaeddbddc .................... 124 5
cdbecccbebccadcdedce .................... 108 11
cccadccccbcabbeebcdd .................... 120 7
cedabedabdacbccecabc .................... 114 9
beeabdadebdebaecdeeb .................... 102 13
dababbceeaceabeebbaa .................... 96 15
ddbecedadcbbdcecedae .................... 100 13
aebbbceddadecbebeeba .................... 90 16
bedceceecebddbdececa .................... 96 15
dacbabcadcadebeadbae .................... 116 8
eedbedbeeebccbeeadad .................... 94 15
dddbacdcdeedaacbcdca .................... 104 12
addcebdedbbcdacaadbe .................... 98 14
beeaabdbaadeceddebdc .................... 96 15
ebacdecabccbdbaddacc .................... 114 9
bcbbbbcdddaedbeadaec .................... 132 3
adaecacadeadcdebeaba .................... 108 11
acaeadbeccaabbbedcee .................... 106 11
bedcdabeebbceccebccc .................... 108 11
bdacdbdabeceeaeadcbb .................... 106 11
caadecaaccdabaadbcce .................... 90 16
eaceeeaedcedcaecbcce .................... 94 15
bcacddbcdbaceabbbdcc .................... 112 9
beaabdeecbeaedadedbe .................... 90 16
cddaaabecbecedecdadc .................... 106 11
ecbbdaaecebeacedceae .................... 122 6
eebdccecbadddbdabced .................... 110 10
abacbbacededabbecdea .................... 106 11
cccbbeebcebdaccdaead .................... 120 7
beabcdddbeadcbdbaade .................... 108 11
bcdcbbebcceedaceabde .................... 86 16
bcbbceddbbacdacbeaae .................... 110 10
ebbbedcddbabbacaddce .................... 106 11
baaaaceeeedeadbcbdac .................... 92 16
dedbbacadebabaeebddc .................... 116 8
aabadcdbbaddeddcbade .................... 90 16
bacbddbabbbaaeaeacea .................... 114 9
cdbbcacccaadceecddba .................... 130 3
bbaecdbaedcbabccaedd .................... 96 15
eaacbaebbdeaaceeabeb .................... 82 16
debeebbcdddaeecbeeeb .................... 98 14
eeedabcbbebabedeaecd .................... 102 13
eeedddbbebcdbdebbeab .................... 112 9
cdbeacecdeaacbbdeecb .................... 116 8
adbaebaaceadaaaccceb .................... 122 6
ddceaeeadbcacaaeeaad .................... 102 13
abbbcbaeaaaaaebaebca .................... 110 10
cdecedbcecceaacaeace .................... 96 15
adceedcdbedbbdaceccb .................... 86 16
daaebcbcbaaaeabeccca .................... 102 13
bebebaabbadddeaddddb .................... 100 13
eeaceaeddbacaabeadda .................... 100 13
adaeccbbebbcddddbbae .................... 98 14
daddcaecbbbbddcbeaab .................... 92 16
cbbcaadcdbacbceddbce .................... 102 13
dbaecbceabbbdcbaaaae .................... 108 11
bcaaddecebbdccdedbec .................... 110 10
caedecadaeccaecceeab .................... 92 16
ddaadaebadcdadabcceb .................... 116 8
bbeeddaeeeebeccdddab .................... 90 16
cebbcdecdcebaccbccab .................... 112 9
adbecdbcacaaccadebea .................... 98 14
ddacdbcccedddaaeedcc .................... 102 13
ddbdadbdeadebeecbeec .................... 104 12
bccbeaeeceecddebadab .................... 82 16
bcabbacccaadadbeacad .................... 138 2
adbdcacdcaeabbeddcdc .................... 124 5
deeadedbcbbcaadeccba .................... 98 14
deccdbccbbabaacbbedd .................... 116 8
beebccbcaedcddaeeead .................... 94 15
daeedccebebbeccacaae .................... 98 14
eaeddeeddabadacaadbd .................... 112 9
addbdeabdacddbdababc .................... 130 3
ccdcccacccbdeacdcbac .................... 124 5
dcdddeeeabdaecaccbcb .................... 100 13
cddbbccadeeecdadddee .................... 134 3
dbaeaecacbabbbcbdbda .................... 88 16
bbdecbbaeabdeedbcbea .................... 132 3
bdbecaacbedbbabcdbaa .................... 94 15
aeadaecbecadbbccdddc .................... 100 13
ccdbadddaacaaaeeadcd .................... 108 11
aacaeabcbbcccaceaebd .................... 76 16
abeadcdcdeceddebabcd .................... 86 16
bbbdbaadaabcccdbbbab .................... 90 16
eabedcdadaadcddabebd .................... 120 7
cacdccdbbeedaddcebcc .................... 90 16
bbdaddebeaeddbedcbaa .................... 114 9
abceddbecabdeccbdeaa .................... 100 13
adbaadebbcceadebebbe .................... 72 16
dbdbdcadceeecddbbddc .................... 102 13
ededaaaaabcdadadbeae .................... 120 7
beccedbadcbdcebdbcdd .................... 124 5
ceeabbddeddbddbeaead .................... 110 10
daebdbeededdedaedbbe .................... 100 13
abdeabdbdaabaddedcbd .................... 110 10
ecebccabadaceddecbbb .................... 94 15
eeadaddabdebcbaecbdd .................... 74 16
ebbddbdccaebecdaeeed .................... 104 12
cccbccebdbebbcacedcc .................... 104 12
decabedeccbbccaededb .................... 84 16
ebaadabeddbdcebcedce .................... 118 7
eadbeeeddabbceddeaad .................... 126 5
ddeedbddeeabeebdccde .................... 136 2
edecddcdaadaceadddab .................... 130 3
aadeebdcadaebabcecaa .................... 102 13
bcccdaadbbacbbeeccce .................... 114 9
ddbddbcdedbdbeaebeca .................... 114 9
baccedbeeebaceaaaccb .................... 90 16
eeceaacceeadeacabbcc .................... 100 13
aeddbdeeeecaeddceade .................... 90 16
bbaaddbeaacaaaceedcc .................... 96 15
abbeacaaaeeabaabebab .................... 72 16
dcdcadbecdcaeebedcab .................... 110 10
acedbabbbceaabccaebe .................... 92 16
dbececacdbbaeacaaeeb .................... 96 15
cbdaddbaebadccabdabe .................... 130 3
eccbdeebdbcdaeabddee .................... 134 3
badecaecadacbcebabae .................... 96 15
bedabeecccbaabebcdaa .................... 112 9
ceeadabeaccdbbeebcad .................... 116 8
dbdabeeaaebddaececac .................... 110 10
cdccacddaeedebbcabcb .................... 98 14
cedddbbddeaeaedcdeaa .................... 140 1
debedaeeaaccedeebbce .................... 78 16
cdaceadbedcbdbdddbed .................... 100 13
bdeabaecdbceaebacabd .................... 128 4
ddbcaaebdacabebcbbed .................... 118 7
bcaaddaabdbaccbadcbc .................... 118 7
aadcdaadbaabcbeabded .................... 112 9
bcddbccedaadecedcaab .................... 138 2
baccabcaecaadabcbead .................... 126 5
beeaeeabecadbedddeed .................... 122 6
eeacacedbdececcedada .................... 72 16
eabaabaaabdbebbedbca .................... 78 16
abeecbabbededdaeacdb .................... 80 16
edebcbadabdceeebcede .................... 118 7
caecddcaededbbdbedec .................... 118 7
abbaedaacddbcaddcdea .................... 76 16
edbdddebcecdcacabdee .................... 98 14
ccacbeeccabdbbbdacaa .................... 130 3
abcccaedeabcdeaaabdd .................... 96 15
ecaeaadeeeccceadabeb .................... 92 16
decdbebebacbaaabeeac .................... 102 13
dcdbacbcbaaaacbcdbca .................... 122 6
bbbaaacaeeacdcbaeede .................... 106 11
bacdadeedbddbeabcead .................... 102 13
ddcdadbacecdaaadadec .................... 106 11
cdcbebbacdedbaedcccd .................... 128 4
cbbdaeaedaaeaabdaded .................... 120 7
abecacaddaeadaeebdbb .................... 88 16
