accbccabaabddbdcacca .................... 100 13
bbbadedebaeedaeacacb .................... 96 15
cacccbddeccccacadaee .................... 110 10
cdebccebacceceaecaed .................... 112 9
dceccedcaaeedaeabded .................... 100 13
dddcbcadbdbcaabcbaee .................... 118 7
eaabcabddecaebcbcdca .................... 108 11
bbacbbaadbacddaabedd .................... 110 10
cedcdeeebabcdebaeddd .................... 122 6
eaeaeddbeacaedaddebb .................... 102 13
ddccaeedcacbeeeaadab .................... 96 15
bddaaeeaddbcecdbeaaa .................... 102 13
adeaebdaeabaeabdaddc .................... 120 7
ddacceceeecbeabdaeee .................... 118 7
abbdcccdeeaedabaabbd .................... 98 14
eaaebdedebebbbbbaeae .................... 100 13
dacbbbcedabdaeeadeda .................... 124 5
dddacaaccaecbaddebbd .................... 106 11
bcbcedadaabedddcdabe .................... 98 14
eecaedbcdeadbabadcdd .................... 122 6
daccbbedabeeabadabbc .................... 98 14
daaccccbbdebdbcabbec .................... 84 16
bcdbdbbbaebbdcdbeead .................... 118 7
bedbcaaeaedbdebadeda .................... 104 12
adecaecedcbbdddedaad .................... 102 13
edeabaaeadaceadcadca .................... 84 16
adbaacdbabdcadceccbb .................... 78 16
cabeabbbeebeddccedbc .................... 90 16
dacbedecdededaeeecec .................... 82 16
ccacabbdbbedbcabbcbc .................... 122 6
aeabdaecbbbbbdbddeee .................... 122 6
dccdddcbdaababacdcad .................... 124 5
deaeeecadabdaebcdbeb .................... 132 3
daddcbbeaadeccdbbeac .................... 108 11
daaadaccccebcbbdddca .................... 96 15
dbabaebcecaeedbbbcce .................... 104 12
bcaedcabbcdeabbababc .................... 98 14
bccddbddbaedabadaadb .................... 124 5
eddbdedadcdaeabcbdcb .................... 126 5
adcadaecdadecdcdeeac .................... 114 9
daacbdbaebbccddeaeaa .................... 82 16
edababadedebcbedabbd .................... 100 13
dbaebabeebeacdbcaece .................... 100 13
bdacdcacdbacbedbcbca .................... 108 11
eedabbadceeeaabdbdac .................... 128 4
beadadadccecebeeaedc .................... 70 16
cbbbecbedcdcadeaecba .................... 88 16
eddabeebddadaacdaded .................... 130 3
aadcaabaaebdecdaeccd .................... 96 15
baeeedbaceaecaeaebce .................... 78 16
eedcbdbbadcccaaeaebb .................... 86 16
baebabbbaaaabaaebeca .................... 102 13
dabedcadeedebceedcbb .................... 84 16
bbbdbadeeeacccbeacad .................... 96 15
ceaeeedeaecebdbcbebc .................... 102 13
ebebeedeecbcaaaaeaae .................... 98 14
bacaabecdeacccdebebb .................... 94 15
ccdcdecdbaedccdbbcdb .................... 140 1
ddacbeecabeeedabbaab .................... 90 16
eecacbddebadbcbcabee .................... 138 2
aaadacbcbbaddabdedee .................... 104 12
bddbdecbeacadbddedbc .................... 140 1
deabdbecabccaeebddec .................... 114 9
aecdabbbbbadccacdbea .................... 100 13
bbaeeeedcceddcdecaba .................... 88 16
babdbbeedadcebacbacc .................... 92 16
ddaceaeedbcbcceeaaae .................... 88 16
eadcccaaebbeabbbcbeb .................... 126 5
dbceacdebeecbbcdbbbb .................... 70 16
ebadbbdddbdadebdddbb .................... 120 7
beccbeaedebeacedeace .................... 102 13
cecccbdaedeeecadebdc .................... 106 11
aeaedadceacbdeeaaeea .................... 96 15
ddbeebddeaacbcbcbebe .................... 120 7
abcbcedbbaddaaadbcae .................... 116 8
deedecccccccdabdcced .................... 114 9
ddbadcceedcaaedbeada .................... 106 11
cbaaddaedebdadcdbbcc .................... 110 10
decbddbbbbbeaabeeaec .................... 110 10
ddecbdbccabcbacbeaab .................... 98 14
dedecabbebbbaeccbcad .................... 116 8
bcaeaabcadbacbcebced .................... 98 14
bbbdcbdacdabceebbbbe .................... 94 15
cacceaddbbcbeeebeedd .................... 92 16
eaebeeaedaabccdbcccd .................... 116 8
ecdbedebadaaeaeddecc .................... 108 11
eceabaabbbaaceceeecd .................... 102 13
adbaeeededaaeadbbbee .................... 100 13
cebaacedeeaaacaccbad .................... 116 8
cdcaebecdbbcadcdacab .................... 122 6
baeddcececddbdedeaeb .................... 102 13
ddecebcedacdbaddeadd .................... 128 4
cababcebdcadaedbeeea .................... 108 11
adbaddbeadeedeaaeaac .................... 92 16
eecdcbabcabbdddddbcd .................... 104 12
cceaebecedbedcbaeedb .................... 110 10
aceadcbadccaeedacced .................... 128 4
abbbadbaecbebebdeace .................... 100 13
beeadaeccceaabdaecce .................... 106 11
edadeeabceaceabdbeec .................... 108 11
bedaecacbaeecebedcca .................... 102 13
cecadbbbcebbbcbebdeb .................... 114 9
cccacdbdcacaaedeecab .................... 126 5
ccadedabedcccdbdcddd .................... 98 14
babdbadebdbdaadcceeb .................... 104 12
bbeaaaeeaeededebedec .................... 88 16
ceaceebaedabbcecdeea .................... 108 11
aebcdcaddeccacacedcb .................... 94 15
adbbedeeceaecadbcceb .................... 98 14
dabdcbadbebadbdbcccb .................... 104 12
ebbedeeadeddaaddcded .................... 124 5
bacebaaceebeeabdcbba .................... 94 15
adadaededbedcaceeadd .................... 84 16
eabdcccccaaeadccceea .................... 118 7
bddacdebcebaceadddac .................... 120 7
ceceaeaaeaaebceecaaa .................... 108 11
adeacadbdaebcbdccdea .................... 106 11
abecbabccdaaecdaceec .................... 114 9
bbdeedddabcaeeeddcac .................... 116 8
cedcccceddaceadceeae .................... 122 6
eaebcbbbaacabdebbcbd .................... 122 6
aaaeccbddaedbdebacce .................... 106 11
ddacdeaeeaabbcadbcee .................... 126 5
bddebcddbaaedecbbbbd .................... 112 9
bbaaccccbdadcaaabdcb .................... 102 13
bcaebdebbbdcccbdcaee .................... 104 12
aacbbabeebbecedaceab .................... 106 11
deeadcedccaccdaeebdb .................... 88 16
eaaaedbccbdbacecebca .................... 70 16
cdabccbdadbaeccddbcd .................... 114 9
cabadbbabceebeecdbca .................... 98 14
bbaeeebabdeedecacceb .................... 100 13
ddaecabcdbabedbedcbe .................... 116 8
bcaedceadcddadaedeca .................... 100 13
ccaccadbadacacedcedb .................... 110 10
cbeedaaebdcbaabddebc .................... 118 7
dcaadcbaedcaacddebca .................... 102 13
dacebedcdaabddcbbabd .................... 98 14
adbadebccacdabaaedaa .................... 114 9
eaecbebecddebbdddbaa .................... 94 15
cdcdedcdeaebecbbcbcc .................... 112 9
dddadbbddbaebebabade .................... 146 1
cdcbeabecbbadbdeaaad .................... 110 10
daecbbbcdcceabeaeecb .................... 100 13
bdbeeceebadedeaecdae .................... 92 16
eabaeeaeadedabeeedba .................... 74 16
bdedddcaaecbbdbcbcdb .................... 116 8
dbdbcacddedeabacdbcc .................... 118 7
aeaebeaaaaaacadedbae .................... 98 14
cceacddaedaadddbecdc .................... 118 7
cbdecbeeccebceeaabbb .................... 94 15
aaaedbaadbcedbaabdab .................... 102 13
dcaeceaeeebebeeeeeea .................... 90 16
cadcaabcaaedddacebcb .................... 102 13
cbbeeeacdbbcdaecabea .................... 88 16
bcbbcdeababdddbbcabb .................... 126 5
ecddbcecaaabbbacebca .................... 96 15
cdcbdbcaeeacddeeacaa .................... 124 5
eddabacdbeedeebdbbbb .................... 130 3
ccacbdeacceabcbbeebe .................... 106 11
bacccabadabbbcaadddc .................... 114 9
eabbcdaeadddaabeecee .................... 104 12
debcbecdedddadbadaec .................... 126 5
aebeabbcaedaeeeeebaa .................... 72 16
abeadddaaaacebcbdcae .................... 104 12
ceceeeeccedbaeaddccd .................... 100 13
cebceaedccbbacadbecb .................... 100 13
aeabacbbeecabcadacdc .................... 102 13
eaebaaaedbbccbcccaae .................... 108 11
ededbbbaeaccbaeebdcb .................... 104 12
cbbacbdcccceaedddaee .................... 122 6
eebccabdcbbbcacabbec .................... 106 11
cbbcebdcabedadbcbdad .................... 116 8
dddcabaabcaccdbdeaae .................... 122 6
cbcbacbcebeebdaddedd .................... 110 10
ebaabecacccddedbadba .................... 102 13
cacddddbaceededaadab .................... 80 16
bbdaeabbadeabbbdbddd .................... 108 11
baeadadaaddcdaeebbed .................... 82 16
dacddbdcadacbabacbad .................... 106 11
cebbdcedeacbcadddbec .................... 124 5
edaebaeadddebcbababb .................... 104 12
cbedeebddbeadaccaedc .................... 110 10
ddbaaddcbbbbadccddcb .................... 84 16
ccdbaabaacbadbccadea .................... 112 9
accdbbbdeebcebdbcace .................... 100 13
aabbeeaeeeeacecbeded .................... 86 16
abcaacddeaebabdecdca .................... 82 16
dbbbbbdecadbddbababc .................... 102 13
bacdaebeaaceebdcbeee .................... 98 14
ccaecbecdcabeebeadca .................... 104 12
dccebddbbcabaabedabb .................... 88 16
abcdeeeddcaddebdbcab .................... 122 6
ecbdccddaddbdbcadcbc .................... 92 16
abdcebeebbeccebacbea .................... 102 13
eedceecaeecbadabaccb .................... 112 9
daaeadaeacbaabededdb .................... 76 16
dddebdedbbbebeacbede .................... 110 10
adbdaebbaededdebcccc .................... 82 16
ddebdbcdaecadbbeacca .................... 124 5
bacbbcdaeecbdeddddae .................... 104 12
bcacbeccdcbddceedece .................... 112 9
beddddcecdecadeecabe .................... 102 13
ecbdcdbcebadbdebcaeb .................... 122 6
ccedbaaccccbdeabccac .................... 112 9
acacccbdddbecbddeeae .................... 112 9
bebdadaabeaadececaea .................... 92 16
abcbedbbdbcdcccaebcc .................... 90 16
ebcbdeedbaeeeadcbeab .................... 114 9
cceadaeeeecbeccbdecd .................... 102 13
dddeeaadecbcbbbbdacc .................... 110 10
ccaabdcddeededbbeedb .................... 118 7
ecddeedadbeeeabebadb .................... 104 12
ecbecabeddadebecaeae .................... 118 7
ccdacbedcebecaacacec .................... 130 3
eebddebdedbacdabcdbc .................... 118 7
cbdeedddaacadececdce .................... 106 11
eebbdceeccbccecaddda .................... 90 16
daecaeabdbadcbbdebcb .................... 106 11
ebcbdcbcbdebadccbade .................... 102 13
dadbbdaacdacaeaeeace .................... 94 15
edccddcbdedddecbeaab .................... 112 9
ecebdaddaeaaddcebddd .................... 112 9
dccdcededaeacdbeebeb .................... 108 11
bebddacaeadcbcccdbae .................... 108 11
daebccbaddebdddeecae .................... 100 13
ccbbbebdaebcdeadcddc .................... 120 7
dcaeabaececbbbddecbd .................... 94 15
caabbbdbebbccaedcbdc .................... 106 11
acbceaeeadebeecddbaa .................... 72 16
dadaeacaaadcdcabbcdd .................... 100 13
eaddcaeceaeecbbdceca .................... 118 7
aadbdadcacebedcceaab .................... 90 16
caecacbaccceacedadeb .................... 102 13
ccaaadecdecccacdaeec .................... 102 13
cbebbaeebaaccabcbcbc .................... 122 6
eeabbddacbdddecadded .................... 106 11
acecdeadedbadcaaebed .................... 110 10
dbbcdeddbbedddcdebac .................... 108 11
debadceaebbbbbeacdbc .................... 102 13
ccbcededccdbaaceabed .................... 80 16
cadebcedbbccacebcded .................... 114 9
bcdadeddbaadbeebbcaa .................... 138 2
adaeedcbbabeebdacbbb .................... 88 16
dccdbeebeeaedbccbbda .................... 80 16
bacccecededcaaaccdeb .................... 110 10
ebdcaeeecbedcdaeecea .................... 102 13
bdebeddceeedcbcadaaa .................... 98 14
acdbedeeacaeeddbcdec .................... 102 13
eacddabdecbbebbaabcb .................... 96 15
eaceaabeabeaaaeadabe .................... 92 16
bdeacaedbadeceaaebdb .................... 102 13
aaeaceacdcdbcbeceeda .................... 82 16
eacbeabcbaaecbcaddde .................... 104 12
dddddacebaccaccdbcee .................... 132 3
aebbcabeccadbdceccdd .................... 112 9
deebccabadcbbbbedaed .................... 102 13
aeeebbabeabbcabbbced .................... 112 9
bbdcdaaaaacaabbeccdb .................... 134 3
cecddcbacaceadbecdee .................... 128 4
acbdcecedeedbacceecc .................... 104 12
dedbbcdadbcbbedbdadd .................... 114 9
abbecbcdedbaeacbcade .................... 110 10
caabdbeaacaabcecbece .................... 118 7
bdddcdaabecacdaacdda .................... 106 11
aeedcedebceecbdebbdb .................... 74 16
bcbdcaaaeacecebedecd .................... 112 9
cebabaeeabddadeebbae .................... 94 15
cddbdaecdbddbdadbaeb .................... 142 1
deddbcdcadeebadcaddc .................... 84 16
cdcedbcdceccccbdcbdc .................... 138 2
aeeedceeecebeddbeabc .................... 82 16
aeadaadceaebbccabdcb .................... 74 16
dcbbbacdabbbdecacddb .................... 106 11
edaeaeaddeaabcbeccbd .................... 128 4
cdceabddedccddbbbaca .................... 104 12
bdeaaaacbcecbebcbcaa .................... 104 12
bdbabeaedbcbcbbcbcae .................... 120 7
eaaccaebabbbbabcadee .................... 100 13
abcbddcdeededadcdcca .................... 96 15
ddbbabeaacdbbcebcabb .................... 92 16
baaabbbebedebbcbebed .................... 88 16
bbccbbcacbbdbaebdcce .................... 120 7
bcdbcdbeecaeccecbeac .................... 122 6
ceaddcdccbdccbdededb .................... 88 16
eadceecaadadaacdcded .................... 132 3
aacdbcdbadaabedbbddb .................... 80 16
bcdcdeeeacecdcdcbcda .................... 100 13
badbbeccbedccaabbdcb .................... 94 15
abeeccebbabedcbaadbb .................... 92 16
cdedeadeeaababacdbae .................... 112 9
daeddebdaceedecbbbcc .................... 88 16
aeacddccdaacdbbeeade .................... 112 9
bdcbacdbeaadeedbabce .................... 104 12
cbcdaadadbdaddaeaecc .................... 94 15
eedbdccbcdedcddbcdee .................... 128 4
acdbaeaaecdcaebbeacb .................... 102 13
ceecdccdbccbddabdceb .................... 122 6
eaceadbaddddeabaccae .................... 112 9
adbbdbedaedddadadedc .................... 112 9
deeacbacbacacededbeb .................... 114 9
aecbdcbbdecbbbacacad .................... 108 11
bbababeeeeecbbebceaa .................... 94 15
adaaadeccabddebcbdbc .................... 108 11
acdeaececbebccbbccdc .................... 116 8
dcbbaebdadeaecbabacc .................... 104 12
bddadcdcadacecddabcc .................... 106 11
dabbdeeebdbcacccbedb .................... 94 15
cacbbaeccdebacddbcda .................... 98 14
cacbaaadcebdbeecddbe .................... 108 11
eddcbacdbcaaeaebddbe .................... 122 6
aaabeeeabdcabebcbadc .................... 106 11
dcadcabbbbebaadeeced .................... 92 16
badcbecbccdbbececaea .................... 98 14
adbedceacdbcdabbbced .................... 106 11
dadaceadddcedcbbcabb .................... 120 7
adadadaabdcdddbbedce .................... 88 16
ebadcbaebbceacdcdaec .................... 114 9
aabbaaedcaddaeaddabe .................... 108 11
aadbcdbeeacaeaadbaed .................... 120 7
dbebceaabeddabbddaca .................... 114 9
abbbaececeeacedccace .................... 100 13
badbeccdcdecdaaeecdd .................... 96 15
ccacaebcacddeecaeeba .................... 90 16
adadceeaaabbadcabdce .................... 94 15
bbdedecbbdaccaeabdec .................... 112 9
ceaaaaadbbcdbbeadecc .................... 110 10
beaedbaccbdccacdccba .................... 102 13
bdddaccdeaeebacbeeee .................... 116 8
deeebcbaeecedabacbcc .................... 102 13
aeeaaacadccbdeeccbda .................... 96 15
eecaebbbacdbacdedceb .................... 96 15
ddccedbedeeceedddbae .................... 94 15
bccdeaedebbdebcddaee .................... 114 9
eaebeddeeaadecbaccdd .................... 124 5
dbabbceceecbddeddaec .................... 100 13
baedecbebaeddbacecba .................... 92 16
bdceabdebbddeeabecba .................... 96 15
cbaadddacbcaabcbadec .................... 112 9
bcadcbabaecedaadacdc .................... 100 13
daceeacabcbeeceedbbc .................... 80 16
cadeceebbaeebcbcddac .................... 122 6
adceaedbaaaaceaccecd .................... 108 11
caeccccedcecebeeebbc .................... 90 16
ecccbdaeaeaebbdcacde .................... 98 14
aebbbcdaaecddeecabba .................... 84 16
cdddbcebacbeabaaeeba .................... 94 15
eadeedcdabddeeaedddb .................... 98 14
bdbabaabbebbbaeecdbb .................... 84 16
dddacebdcbecdabeaeba .................... 108 11
daecbdceaeececaebbcb .................... 66 16
babbeebbdbddecbdcbdb .................... 112 9
bcbaebabeeebddbdaeee .................... 106 11
cedceccaeebebcbdcdde .................... 130 3
aedabcccacaebabbcedb .................... 116 8
cdbebdeadbccdaacaceb .................... 108 11
eacbabdaacececcbcdec .................... 98 14
eaccaebccdabaebdadda .................... 104 12
badbbaacbeacddddaeea .................... 108 11
cbbadddedccacdeedbab .................... 98 14
eedacadbeecdbbecccba .................... 118 7
decdeacecebcabaedcdc .................... 92 16
ebabadeadaebeecaddac .................... 100 13
deaeebbdbebaeabeaceb .................... 106 11
eedcaeabcabcbcaebcbd .................... 104 12
acbaaeaceeeeaeceacaa .................... 82 16
dbcdceabcdbcaddabaea .................... 86 16
caaebbdbdeeceecaaeba .................... 82 16
dbdaeceeaeadceceeeea .................... 92 16
aeeeeaedcccaadbaeaed .................... 108 11
adebdcdaaaaaddaaeccb .................... 116 8
bedeacbbdbcecbddcccd .................... 116 8
cabcbbedaccbcaeadade .................... 94 15
ececbeebccebabccebde .................... 88 16
bcbdbdceeebcecdecaec .................... 98 14
bcceaaecadacbdbbbcdc .................... 104 12
acbbabacbcbebecedcce .................... 94 15
aacaedaedeaeadceacdd .................... 82 16
bedcedbbbcadcdecadee .................... 106 11
bcacccbcabdeddadaeba .................... 94 15
beeceabababecaeeeada .................... 88 16
ecbbdaeedccbaeedbedb .................... 116 8
deaccdcbbeaaadbbaeac .................... 118 7
aeeaeeecbdeaabccebba .................... 80 16
eeeebabaabcaaaebabca .................... 94 15
eeabadcccaaeadcbabeb .................... 108 11
eccaeabbaaeddcdebbba .................... 88 16
cdcccebdbaaeecabeaeb .................... 126 5
bceeeaecdeedcabaaecb .................... 102 13
accdacdcabababcdbcec .................... 102 13
baececdcabcccacabade .................... 80 16
deeaabcdabbecbdeebda .................... 90 16
aeacceccdaacbbedabdd .................... 114 9
cdbeddaedcacbecccace .................... 112 9
deeebccaeebbccecadee .................... 98 14
eddabcdcddccdcadedaa .................... 108 11
ecceaadacccdcbebbaae .................... 102 13
ddebbcbebcedadbbceba .................... 116 8
bceaeadddcaaaeebcedd .................... 124 5
daebbdebadceccbebaba .................... 78 16
aacecdeebaeaaacddade .................... 96 15
ebaeacadaccdbcbeabcb .................... 88 16
edeebbbecaeaeccbcebd .................... 120 7
acdbdbcadbdaaaceccbc .................... 140 1
dccaaeccbcbdaeeebdcd .................... 100 13
bccdbaecddbbdecdcaed .................... 112 9
bcecbaadcdbeacbbbcaa .................... 114 9
aaabbeadabeeaaecbeab .................... 94 15
daddbdcbcabbdaadbbee .................... 100 13
edbcbcdeddbcdabdcdac .................... 118 7
eacbacbcddbcdcbbabae .................... 102 13
daabcaddaacaebcddaee .................... 116 8
eeedddccaeddabbeeeeb .................... 114 9
bbbcdaaecdcabcceabce .................... 86 16
adcbeeccecebeaeeddad .................... 90 16
ceedabbaeaeaecaaedcb .................... 104 12
ddbccaebdceaaabadddc .................... 110 10
acddbebecabcaddecddb .................... 104 12
eddcdedbaeceaeabcedc .................... 124 5
eeacbdacdaccceeebacb .................... 92 16
aababbaaceccddbcedeb .................... 96 15
edeebcdedecdecabeccb .................... 104 12
ebaacdddaecebedddece .................... 104 12
bcaaabaaaabccbededbb .................... 98 14
dcaadbdedeacceadbbeb .................... 114 9
dcddcbbaaadeaebbccaa .................... 132 3
bcdcccabbdeabaebccac .................... 116 8
dbddbaaaebebcedcdaec .................... 106 11
deeeadebaebdccaebead .................... 84 16
acecbcbedbdeaceaaebb .................... 94 15
ccdeddaeacbedaedceea .................... 112 9
deaeacaddbbbeeadadcd .................... 90 16
beadacebaadacbedaacd .................... 82 16
eeaeeccaacebdadbbdcb .................... 78 16
ddababcebdedddecddbc .................... 108 11
eeabcecddadcadbedcec .................... 142 1
bddbabcbeaeaebdddebb .................... 132 3
babedcdaeaaddbeadcbe .................... 116 8
eecabbceeccacddddcec .................... 134 3
abcabdcbadbadcacbdbd .................... 88 16
bedbddacbbccedccedbc .................... 104 12
eacdcceeeaabadddeede .................... 108 11
eaabeaadcbaaaacceaac .................... 112 9
bbdbcabeccddcbdbcadb .................... 114 9
debabeaeeccbbcdebddd .................... 82 16
cdaadeebedecbbccccbc .................... 112 9
dddeccbabccdebaeebcb .................... 98 14
eeebdbdbeaaeddeeaaea .................... 114 9
bdbaaebcbedcbbdddcec .................... 110 10
abaedcdabbcdbacdaede .................... 102 13
abbacaccbaeaddceeeed .................... 104 12
dcedacaeaeeabdadcaea .................... 94 15
ddbeebebddcbccdcecae .................... 98 14
eacbbedacbddcddadcbe .................... 110 10
bccdddcbcbbcbaaaeeae .................... 102 13
aadacaeeebdcabadcdcc .................... 104 12
decdcbaedddbeebbdcdd .................... 104 12
bbdddbceecceccceaaed .................... 112 9
adaedbdacaaedbcbebdc .................... 106 11
debedddacbbddaedabee .................... 102 13
abcadadeaaedceebbabd .................... 98 14
cccbeddcdacebeeabadc .................... 112 9
baaaedeabcbdebadcabd .................... 98 14
cdddeaabbeddcbeebdca .................... 82 16
acadcbebaeabdacccaea .................... 92 16
dbdacedabaeddcbcaccc .................... 126 5
dbdaeaeceeadcdceadcb .................... 90 16
ceaceebbccaacbedecbb .................... 106 11
abadcccddaeaeabacceb .................... 126 5
eabaacebebddcbabaaad .................... 88 16
beebabdaecdaeacdeaae .................... 106 11
eacbdddbbcedcadeddab .................... 92 16
aebdcbddbddbaeceeecb .................... 82 16
bcadaebdbaaecaaecace .................... 104 12
abaddbecdcbdecccdcea .................... 108 11
eccebbbeeccdebcbeeeb .................... 112 9
aeaceeceaaeeedeeecbc .................... 86 16
eadbdcbddebcebbbabbc .................... 120 7
ccaccebbcccddcbcedea .................... 116 8
dabaaacceccdadaaaead .................... 104 12
ecceebeeaedbbadbeeda .................... 78 16
cecbbadaaeacccbdedcc .................... 112 9
acaababceddecbdacdcb .................... 86 16
aadaeccbaaedcddacadb .................... 102 13
bcaeeccaaacdebaabada .................... 100 13
ebeededcdbbdbdecbece .................... 120 7
abccdddcbcbeaeccccda .................... 96 15
eddddecadebaecbcaade .................... 138 2
dcaecbbdaccdeeceadea .................... 100 13
ddecacbcbacadbbbdabc .................... 118 7
aadceaeaaedbceaaabed .................... 80 16
adebccecebaacdcaadca .................... 100 13
ecacdaecedabebcadabc .................... 104 12
aceaaedbadbabecdcdde .................... 100 13
aabeaadaccceebcbdbac .................... 76 16
acddabecacaeadbdebcb .................... 104 12
bdceacbaebeebddaeadd .................... 96 15
abbebcbdabaaaaeacebe .................... 106 11
edbbeebcbabccecadbae .................... 110 10
eabbcbeaacedecdacada .................... 104 12
ecaadbcaaddadddebede .................... 112 9
bddcaedbcbabcbecbecd .................... 104 12
ebdaaeedbaaabacedaaa .................... 114 9
baedbdbecadddceaaaee .................... 96 15
babeeeeeabbecaaecbce .................... 76 16
aeccedcbcceeeaeceaab .................... 74 16
ddcbbacdbdbccddaaeea .................... 106 11
aedddecdbddcdacbdbea .................... 96 15
aecebdeecddccebdaadb .................... 82 16
cccbdbccedbeabedcbdd .................... 134 3
ccaecaabbcebbabbbbea .................... 92 16
bbcecbddecaeaecbddcb .................... 108 11
abbdceaddbaddaeeeebc .................... 104 12
cededdbdbebcbaaeabac .................... 106 11
ebdcceddbdcceeebcbaa .................... 106 11
ebceeceddcebdaadccdb .................... 100 13
edeaeaecaecbddeceade .................... 90 16
bbeeaadecaebedbcadcb .................... 86 16
accbdbeceaebcedcedbe .................... 108 11
bbcdaebacdbbecdaecea .................... 88 16
daadeebdeccabbbcebdd .................... 98 14
ebeebddaeaadbabedbed .................... 120 7
bcbcbbacadadcebdcadc .................... 132 3
bbbbbccaabcacdecedac .................... 110 10
bcebddbbadacbbabbbbc .................... 102 13
cbecbcdabbeccbacdbca .................... 86 16
bbadeceebabbabdabaca .................... 78 16
deecacceecaadeaeecae .................... 106 11
dbdadbeabdbccbabaddc .................... 104 12
bdcbaddddddcbaacaddc .................... 94 15
deaaccceacddcdbaacad .................... 108 11
badbacaeeccaaaceacdd .................... 98 14
caedacddabdeabeabbec .................... 90 16
ddcaadcebbdcecedcdcd .................... 90 16
cadadcbdcebddaacadeb .................... 120 7
daaaedcccedcceeaeeda .................... 68 16
cedbdeadcbbacabebbab .................... 130 3
dddcbcebecdeeaadbdbe .................... 90 16
aadaebeedeebaeadebdc .................... 98 14
cdabccbdaeacbdeecbcd .................... 108 11
dbbbaddeccdaaaeaeaea .................... 76 16
aadecbebaaccdaacecee .................... 106 11
caeabddeddeacceacdee .................... 104 12
dceebabaeddadcdebabb .................... 92 16
dbbadbdeeadbceebeccb .................... 94 15
eedacdeaabbdbbbadbbc .................... 124 5
bdbdacabbadbbcccaacc .................... 80 16
ecabceabcdcabcebbadc .................... 108 11
aeccbecbeadbacdeabeb .................... 92 16
eccaaecbeccecbbabdeb .................... 110 10
cebdcccdaaaadecbcaad .................... 130 3
bcbbecabeeccdaeccbdc .................... 88 16
bbbcdcaebabadecccdbb .................... 108 11
bbdceeccbcebddacadcd .................... 94 15
eeedabebebdcadaaebcb .................... 82 16
dbdedddbcbdbcaaebcad .................... 88 16
ddabcebeeabbddbaadda .................... 108 11
bdeeadbbbebaebabbbde .................... 88 16
aadeaaebbdddcbddbcdb .................... 90 16
aebccbaeddceaeddedbc .................... 108 11
ddbcebadccaaeddeebeb .................... 98 14
eadabcbadaecaaeaaeea .................... 110 10
abbceeecedcdaaeaceda .................... 92 16
ecbaebaebaeecdacedec .................... 104 12
ecbdaaaedcbbceacadea .................... 88 16
bbaddccbdbdbbeaebecd .................... 94 15
acbcecbeeeccbaabaead .................... 86 16
ebacabbddcbbccedecad .................... 114 9
eeceaadbaeeeaebeebbe .................... 82 16
ddecebacbeceebdbeade .................... 92 16
cadbeaebcdbebbadbceb .................... 112 9
aaeedcadcdedabddbeca .................... 98 14
adcadbaaabddcebcddbd .................... 120 7
ceeceadebbcddbaaebbc .................... 100 13
eccccebecabbbbddaedb .................... 116 8
dbcdcdabaeecbbccdeaa .................... 74 16
eadbbccaeaddbbebcccb .................... 128 4
bacdbceaeabaedbeebde .................... 96 15
adbceddbedadbabdcbcc .................... 106 11
edbdbeecddbbcdeaccbb .................... 104 12
bccbaabddcdccdcbaaab .................... 98 14
aeebcdbbeadccaebedbe .................... 86 16
cbddaddeadbceeacdada .................... 82 16
baabdebceadcbcdadbda .................... 98 14
bbbccacaddbacdbecdca .................... 114 9
ecabcaacdccddceedecc .................... 114 9
ecdcdbbcacaeeaceeeeb .................... 116 8
cebcaacedaceabcdedbc .................... 116 8
aebadcbeeaadadbedbbc .................... 120 7
aceeedbbabedacdcbcee .................... 102 13
cbbabcebdbbcbeedbcae .................... 110 10
cadcccdeecdeebabcdab .................... 100 13
adcabaccaddcdeccddbb .................... 88 16
bebaecdcbedebacbdeec .................... 88 16
ccabbbddcceaeedcacec .................... 124 5
bebbcdbbaccdaaccedee .................... 104 12
daaebacbacdbcaccdcbe .................... 78 16
bcaaecebacaacdeecebc .................... 94 15
edbabecabadddcdecdae .................... 122 6
aeaddddabcdaeccdccda .................... 90 16
ddecadaaaacccbeaaaaa .................... 86 16
baeecbbdaeaaddadaabb .................... 116 8
beebdcdaaeabecabaeaa .................... 100 13
eeecacabcaaccdecbbbd .................... 92 16
cabbcedadccecabacacd .................... 118 7
dabdbadeadcbbdcbcece .................... 78 16
bbbceccaaadbdeceedcd .................... 80 16
daceededaaecdbebbeee .................... 84 16
abcaeaadaceacdebcecd .................... 88 16
adcdbccdababaaedecba .................... 102 13
dcacceeeaabddeaecdae .................... 112 9
caabcdabdbecdebebbdc .................... 98 14
ecabbdaadabeaaeaeeed .................... 116 8
caaaaabdcdcdbdbebcdb .................... 110 10
adaaabcdaeabaccaebeb .................... 102 13
dabedaacabbcabcbadee .................... 90 16
ebceaaecdebadedeedaa .................... 90 16
cdeeabbcecdabdccecda .................... 106 11
ceccecccdecbdbbeeded .................... 108 11
cbceabeddcabcbcdddad .................... 114 9
eeeebcbdebddbcebaeaa .................... 106 11
ceceabbacabcadeeecea .................... 108 11
aabaadceebdeeecbaaab .................... 76 16
cddbebaddcceadcbcbac .................... 134 3
aecebceacdddeadbcbdb .................... 82 16
ddceddaaeacdebcdeecb .................... 110 10
bcbdebceceeecdebadcb .................... 82 16
bacedabdcbededbbbaed .................... 120 7
cebabbbaededceeaedce .................... 106 11
ceddaebcdbecacdcaabc .................... 112 9
aeedbabcbddaebedbdac .................... 94 15
acacdedddcabdceabcce .................... 106 11
eceddcecbcbeaedceaae .................... 108 11
dbacecdbbecbaeedeced .................... 90 16
bccbcaebadbbcaddeecd .................... 96 15
ebeeeedadbdaadabcebc .................... 116 8
eaabbeacdeabaccceeec .................... 114 9
bacacedbecebaededacc .................... 90 16
ecaacaceaddbadcebebd .................... 94 15
becbeaeecaeddbcdebae .................... 104 12
deebecbebdcdbbdddbda .................... 98 14
bbcaeaaaeaedabedbdcc .................... 108 11
dccbebcedbcbacdbceac .................... 128 4
cdebcbadedcccceeaddc .................... 112 9
acdedcecdbeaaabbebda .................... 108 11
ecddccbcbcbabaabcecd .................... 118 7
ceddddaabdeecdcacdbd .................... 102 13
aacaaadeaebbadaaebca .................... 62 16
ceebdbccdacaceccbdde .................... 142 1
baebaabdcbececedbcee .................... 108 11
aeabcabacdcccbeeccce .................... 98 14
aeabdbadccedeaadbcba .................... 108 11
ddbceaeecceddeebebbc .................... 84 16
aacbabebedeacdeacdbc .................... 92 16
accbcadcdaadcaddaeda .................... 120 7
cedccccceebbbeeaaacc .................... 114 9
ceebacccaaeeecdaddcc .................... 104 12
dcacdcbcecceadabccea .................... 112 9
ecdddcdbbeccccaaaebb .................... 96 15
edddacacebbeacadebca .................... 98 14
ceaeeaaebbbedeeeebea .................... 80 16
bdccbdeaaaeeadaeadbd .................... 92 16
ccbbeacdcabbcebccade .................... 132 3
abdcbdebaadbcecbcaaa .................... 86 16
ceabcccdaccacbdbdcbb .................... 120 7
edcaedbecbeeeeaaeaad .................... 94 15
dcdcbbebcbaaeadaaaae .................... 112 9
acddaecaacedaeeabcec .................... 118 7
ccebdaceddbccaaebbcd .................... 108 11
cbacebaebbaddecbeeab .................... 110 10
edaacaacdddbcbebaded .................... 98 14
cdeebecacececaeaeddc .................... 106 11
caddbccbccecbbabaede .................... 94 15
dbaccecbbaeedacdaedc .................... 102 13
ccebcbdaccbebbaecccc .................... 124 5
ddecbbccadecaeebaedb .................... 102 13
cacedbbceaeaadadcacb .................... 130 3
eaadcbbedaceeaeadabe .................... 106 11
caadeedbadacbaabccae .................... 94 15
abbddceeabdabaeaadda .................... 70 16
dcccddbdebccccddbdcd .................... 106 11
aeccdebeacabadcdbbdc .................... 102 13
bacaabaceddcabbcdcee .................... 110 10
bacbceaceeeececeeeee .................... 98 14
daddbcbbbbcbeeeaecea .................... 88 16
bdccebbaddaabadeabec .................... 118 7
dacebbcdaeddccdbdabc .................... 104 12
ddbbbabdadcbbbebecee .................... 106 11
dacdabbdbbaedadbaacb .................... 90 16
bedccdceeebcdcdeadcb .................... 94 15
dccacaeceababceeeaad .................... 108 11
cdedebccaddbbcabceac .................... 114 9
eededbceebaadcebcbdb .................... 132 3
cccdeebdbeaaaaaddbab .................... 118 7
eebdceabeabdcddecadb .................... 108 11
aeaadacbccddcadcdedc .................... 102 13
cdebdeeeacacdabcdaed .................... 128 4
ebadceaebeaccedbcdca .................... 90 16
dbaccbbaaeadebaecedb .................... 110 10
dddbbcababaeedbadcda .................... 110 10
cdcddeeadcadeacdbbcd .................... 118 7
edccbcbbeeeededbabbd .................... 90 16
deceadbeaedeaacacabe .................... 78 16
cbdaedaabeedaeccbcee .................... 116 8
ceccbbccbebceeadeeae .................... 118 7
abdbdebeadbddebebadc .................... 120 7
cbbcaccaacdacbcddedc .................... 104 12
dccdabeeebddbedacdac .................... 108 11
cbdaabeccdbbbbaeaacc .................... 98 14
cacaacecdbddeddbbaaa .................... 94 15
eedbabcedadeddbecbad .................... 132 3
badbebceceeccbcdeaac .................... 110 10
ccdabbbdbdaaebadceee .................... 148 1
dbbaeaeddcdbadebdadd .................... 86 16
babaedabdabddddedbae .................... 94 15
eaccdabddccdaecaecce .................... 122 6
eaadeeccdbbdccbdddbe .................... 122 6
eaacbaedbcaccbaddbbb .................... 96 15
abaabdcbdaaddadedadd .................... 104 12
aeedbaaeccacdeddecae .................... 98 14
dedcacddedecbaababad .................... 88 16
bceeeceeacceedaadebc .................... 88 16
eeeeabaadddadeeddadc .................... 114 9
ddcedaccccbeccadaaec .................... 116 8
acbbbddcaedcebadbeba .................... 76 16
acacadecddbecbbabbbb .................... 86 16
bbdcbbdadacabcddceec .................... 150 2
bbccaaccacdbeebaeeae .................... 96 15
ddbaeabbeaddeabbbcbc .................... 108 11
caeaeaedebbaaadebbba .................... 94 15
acddbebdecdccbdacaed .................... 108 11
ecbabcacbbdbecccbcba .................... 84 16
daecebcaabdaeebaadbb .................... 102 13
dbbabaeccbccbbecceab .................... 98 14
adeeadebcabcbecdbeae .................... 98 14
beedaceeaddcdaabadeb .................... 70 16
cbeeddaadeeeebbadecd .................... 108 11
ccdbbeebabeeeadcceab .................... 114 9
cceabadcdeabdcadcccd .................... 122 6
cdbbcadcbdeecbcaebdd .................... 94 15
deeacbaedbdcdedcadea .................... 100 13
daccdbedcdeccadadaad .................... 98 14
cbecccbaaccdbdcbbaec .................... 118 7
ecdeaabeeacecdeecdba .................... 102 13
cbbbdceabecbeabddacc .................... 112 9
bdbeaaedacdaeabacbed .................... 102 13
bedebdbcdeeacbccebaa .................... 98 14
ccddebeaeeaaacedcacc .................... 132 3
edadeacacbcbcacedaae .................... 98 14
adbecbdbbacdeeebbaaa .................... 104 12
cbabababaeddebbbcabd .................... 106 11
ccbeedebcdbceecabeda .................... 74 16
eccdceadaeadcaeaebbe .................... 102 13
bbcdaadcbabeaebcddcc .................... 106 11
cdbaccceddbebcecdbbb .................... 110 10
bdbceaeadbbdcdbcccaa .................... 128 4
abaccdaaaccdeedccbce .................... 92 16
edaccdabdcdbdaadacde .................... 96 15
bbbdadadbebabbeebbcb .................... 74 16
aabcbddddccbcabaeacb .................... 84 16
baadbccdddaededdcdbe .................... 114 9
ebdedabaaecdaebbeadc .................... 130 3
edacaeeaecdadedbecdd .................... 102 13
aeadccaabcaccabedcad .................... 98 14
ceeceaecdbdcecebedde .................... 88 16
aedddedbcccddbecdaca .................... 96 15
ceddcabddaaedbdacecc .................... 138 2
cceaedadccaacebbbeda .................... 112 9
deebbbecaeaeedacdcec .................... 116 8
cadedaacccadbcdebcdb .................... 116 8
deecdccaecdceebddbba .................... 104 12
eadcacaebcbcaedadcbd .................... 100 13
dbabbaebabcdeabbebad .................... 96 15
cdcecbbdbebbebcbebcb .................... 100 13
cebebdddadaadcbbaabd .................... 106 11
bacaeecbecbcaecbcccd .................... 102 13
bededcacddbeaadaaead .................... 114 9
bcdaeaedddedbebdbabe .................... 130 3
cdadacecdaedbeeeaabc .................... 104 12
bddedcaecbdcbbedcaed .................... 118 7
acaedccebbddccbaadbb .................... 102 13
eddccecbcdeecdcbbdcb .................... 104 12
eaaeadceacdcddecbced .................... 84 16
dadedbeeebccddebedbb .................... 96 15
ddebcdebbdbdeddbedee .................... 102 13
deebdbcbbcaeeedaeaad .................... 116 8
bdeaebbdebcadbcbdccc .................... 124 5
ecaddbaaecdcddadbceb .................... 112 9
cebbaceaaccecedceaab .................... 96 15
dbdebeabaaeaebbcaacd .................... 102 13
bacacbdbbcbeaccdaedc .................... 104 12
abceeebeeabbeabbdbae .................... 96 15
cecccedacadcbdabdbee .................... 110 10
dbcdcccdddadbccadccd .................... 118 7
edcdbdcdeeebebdbecdd .................... 98 14
abeacdcbadcbcdbbcddb .................... 96 15
abccecaaedbdaecbaadc .................... 94 15
cceabeebdabceecddeeb .................... 122 6
baeabddeeecdcecdccbd .................... 110 10
bdebbbdebeddebacbdad .................... 110 10
bdbbbdacaecaaedcdbbd .................... 104 12
cdeacebabedcedcecaec .................... 112 9
dcaceeedaabadebcdbad .................... 116 8
badcbebdbdcbbcadbabc .................... 114 9
dcddaabcabcabcbedade .................... 110 10
deadcdbecdeaeebcadba .................... 86 16
cbbcabedcccdcedacdae .................... 116 8
bacedebdaebaaaccaccc .................... 110 10
eabbebacaaebdebeccaa .................... 108 11
aaccacaddedbdacacebe .................... 82 16
daadedebeabeebbccbcc .................... 86 16
bcdbdedbddaeeadddbad .................... 124 5
ccaeadbceadaddaeeaca .................... 86 16
ceddbadcbbaecaaebdea .................... 100 13
eacadadcbacdebcdaace .................... 110 10
abcaeebeceabcadcaebe .................... 86 16
aecdceceabecaeacdbba .................... 90 16
ecbcdddaceaaecedadee .................... 112 9
cccbbeacceaabaebdbdc .................... 112 9
badbebbedecabadcedcc .................... 114 9
ceecaadccdecbadbaecb .................... 84 16
bbeabbcdabdadbcecdad .................... 114 9
ecaebadadeecdbebcebd .................... 100 13
dcaecbecbbcadcedbbbe .................... 106 11
accaeacbcaabaeacadec .................... 110 10
edeebbeeebadebbbccbd .................... 136 2
ddccdcaebdaeacbeccbe .................... 116 8
dbdbbcdcdbabedaccdbb .................... 110 10
dbdadbdbaeaacaebcdcc .................... 110 10
bacbbecebeddaeddbead .................... 120 7
ceebeeaeeabacddaedcb .................... 106 11
bceaedbbdedbdcbaccee .................... 110 10
edbbabadccbbdedabbbb .................... 100 13
bdaeaaedbdcacccdaabc .................... 102 13
dbaebbaedabaaacadecb .................... 106 11
acececaaaaeacddaaedb .................... 92 16
bcdedcddbaedceedbcdc .................... 132 3
dceeecaeabbbeccaeaaa .................... 74 16
dacacaecabbaeabdedbb .................... 100 13
ddebbdbbabbdebebccbc .................... 112 9
caacbeedccbaececabde .................... 94 15
ebabdebaaedeeceacbad .................... 102 13
ecadedccdcdacbeedbbd .................... 88 16
bdaebddeedbeedadccdd .................... 102 13
cccceadbbdacdbbeeaed .................... 100 13
cedacbbaaddbbdcedcec .................... 120 7
cbdcbdbbbedcdabbcbea .................... 98 14
bdedbcecdcdcccebcceb .................... 102 13
aaeabaacdbaaeaeeadeb .................... 94 15
bcbbbcedcdaededbdcbe .................... 110 10
cbedccaacdabeddcaddd .................... 94 15
cadadaedddaabbaeabdd .................... 118 7
acaacdcceadbbacbbcce .................... 96 15
bcdeaabbdddccbaaceba .................... 96 15
baaddbbdbecbddeacdba .................... 96 15
abdbeeedeeccacddadeb .................... 108 11
eadebcacbeaedaedabac .................... 100 13
dcddaeeeddcceaeacbba .................... 84 16
bbecdbceccebcdcdadea .................... 104 12
cdedbbcddbecceadbcda .................... 126 5
dcacdaccebcacaceddeb .................... 110 10
bdcddeabdbdbbaeabedb .................... 96 15
cadadeecaeaaeabdbcad .................... 134 3
cbbdbeabeabdbcdbedba .................... 96 15
ecaeddedadeabcebcbbc .................... 102 13
bebaededcaeacbdbebae .................... 94 15
aedbcaeabccadbaadaaa .................... 110 10
cbbcddedcebbbdabdeeb .................... 106 11
bbdcddbddbdcdaddcedc .................... 124 5
cdadecadaeecacdbddaa .................... 86 16
aacebadcadecadecbbce .................... 70 16
dbceaaaeeeceddbbbdaa .................... 84 16
ccccdddaadadabdaaecb .................... 112 9
eabeaceeccbedeedaeae .................... 88 16
bdbddaceabdabccedaba .................... 96 15
eedcbadbdcdadeecdeca .................... 102 13
bcbbceacdebceacddcca .................... 104 12
adaedeeaaadcebecebab .................... 88 16
ceebddccdbbbabcdaaad .................... 130 3
dbdeaccceedadcaebccc .................... 96 15
eddaeeebebeaacdbdaae .................... 118 7
dbbcabbbcaebddcdeaab .................... 92 16
bcebabaceaeeebadaade .................... 110 10
ddcdedcdbbcdbaaaecbc .................... 108 11
bebadbabbacdedcdbdea .................... 114 9
caeaeceaababddbbbbac .................... 104 12
cccbaacdacecbbeccddc .................... 110 10
ccdcaccccecccebbaaab .................... 116 8
bdcddeadebcdeeadbeda .................... 120 7
beacdadedcaacbddadcb .................... 108 11
edcceddccdbdbecbddee .................... 106 11
caaaeaadbbedcdbcddab .................... 110 10
eabeeaebddedbbcaecce .................... 88 16
edaeabebbedbddaecabb .................... 84 16
bbcaceebbcaeccadbdeb .................... 104 12
ebdaaddcabdeabaabeab .................... 96 15
cbdeecbacebabdbcdeda .................... 116 8
dbbdabcaaeeeedbbbdda .................... 84 16
ccdddcdcceceadebadca .................... 96 15
dcacbdebdedeeadbceba .................... 78 16
acbededbbaaadcdeceab .................... 112 9
caeeccadabdbcabebcbd .................... 98 14
aacdabddeddbdbbbecea .................... 88 16
aeacbbbbaedaadcdbcae .................... 104 12
aeadeeeccbadebecdacb .................... 90 16
deeeaeaacbaaacddccce .................... 120 7
ddaccedaadbbaedeecad .................... 102 13
ecbdceedcebabdcaedba .................... 96 15
ddbdcdaebddbeeedaaeb .................... 82 16
bdccbccceedbdbbaeecc .................... 104 12
cceedebbdbdeaebcbbac .................... 128 4
eaebccadaaaeddadcadd .................... 124 5
ebaacdbdaddebbccaeba .................... 86 16
cbadabdadcedcdcccddb .................... 104 12
edbbceddacceeadbdece .................... 106 11
decdbcbaedceddadceea .................... 104 12
aaaeaadebecacaedbcec .................... 92 16
edaceaaebeddacbaeeca .................... 96 15
adcdacaeabddbbbeeabb .................... 84 16
aabbddadacbaddbebdec .................... 104 12
decaaabadbabbddbdddd .................... 104 12
ebbbebcdcddedbadbbdd .................... 104 12
ebecabeaeedbbbbbedce .................... 96 15
eadbbdeddcceebbeeaed .................... 114 9
ebeacddcabcedbcbecee .................... 102 13
eaaaadcdcdeaaaacaaea .................... 96 15
aaecbaaedbeeaeabacbc .................... 98 14
cececabceabbbcaeccca .................... 110 10
daaadccbdbebbdadddaa .................... 100 13
bdbecadadcaedbbcaebc .................... 120 7
ecaadeaedaaedbeedbbe .................... 110 10
cecbeaaeddbccdaeedbe .................... 90 16
cedeadacbabbcdaeaaca .................... 86 16
aceebbeeccacacecaeae .................... 102 13
acaecbdbdcbecbecccbc .................... 108 11
aeeabbedcbcabcbcbcda .................... 118 7
bcadcbbabbbacbdaccbe .................... 124 5
bceaeabedcccbcdceeda .................... 96 15
bbbaedebaddebdceacbe .................... 66 16
caadbebbcdadddeccead .................... 112 9
beeaebcceaacabecbdcc .................... 118 7
eeccabaaeaacdeaddbec .................... 124 5
aabcadbaddeecbcdabdd .................... 78 16
becaeeeaecabeacbbeab .................... 94 15
baadaedbaaecbcedbaaa .................... 80 16
daedbecdcbabcaabcdab .................... 106 11
badbcdddbadadbabadec .................... 116 8
ddaeadbcececeedecbcd .................... 76 16
adbbceaedeabdadacbdc .................... 106 11
bebcddeaacceeedadbde .................... 90 16
dbabaabcbcebcddbcbbb .................... 82 16
ebabbaeabbbacbcaacdc .................... 108 11
bdaabecdcadabebddada .................... 130 3
acddbdaabceeddabacab .................... 90 16
eeabeebdebaedcebcccd .................... 118 7
edbaaaeababdbeceeeae .................... 112 9
accedaababcaccddeeab .................... 104 12
cceaecdedcacacdaddae .................... 108 11
bcacbaadaadcbebdddae .................... 116 8
bdceddeaceccceeeabcb .................... 82 16
becceaaeadebbebcebbb .................... 84 16
cddabeadeacdeeabbcab .................... 138 2
acadecdbeeaedbccabdd .................... 72 16
bbadcdbaaedccabbecde .................... 88 16
ddcccbeccaccedcedeba .................... 98 14
debdddbeeaeeabbdacab .................... 114 9
edbdecddbbdaddcaeade .................... 90 16
cabddebbbeadbeeedccb .................... 106 11
ddcccddacdbbadadbadc .................... 104 12
cceaaaddeabbaebdadda .................... 118 7
edcaaeadacbdcaebeace .................... 98 14
caecccdbadbecccddbac .................... 98 14
ceeaecdcededaadbaadd .................... 98 14
eaacddacebbccebeaccb .................... 98 14
cbadcdcdbadedbedecbe .................... 108 11
babcbaddadbdeccaedeb .................... 92 16
eeddcaeeceadabceceea .................... 118 7
beeaeeaebdaabacbcdab ....................failed
bababeecacdbbacbcbed .................... 84 16
dccaaeedddcebdddbdbd .................... 104 12
ecdbdaeccaddcaeeedeb .................... 116 8
accbeedaedcacceceaed .................... 104 12
eccabcacddbbbeaebdac .................... 102 13
bbecababcedacbddcebb .................... 102 13
bbdbeddcaceaaedcedcb .................... 94 15
babdccccadcaeccecede .................... 96 15
ddbbbedcacaaceedeeaa .................... 108 11
adbdeceeddccabcbecdd .................... 84 16
caacbcdbbabdebbdbaea .................... 112 9
cccdceaddbdaebadabbc .................... 114 9
ddbeeabecbaeabdbbaeb .................... 102 13
cdcaacdaccbadebaabcb .................... 102 13
ecbeabbccdacbebbaaaa .................... 108 11
cdaabebcbdaaacdadedd .................... 122 6
caaeacebaddbbcebaaca .................... 58 16
aecbdadeeadeccdedada .................... 90 16
cdacdeacdddceecaecaa .................... 102 13
acedeeabbaabcaabccaa .................... 96 15
bdcadaebdedcbeeccccb .................... 106 11
abebeeddebcacebaddcc .................... 114 9
ecadaeddaabbadbbacee .................... 116 8
bbcdcbbadccaabacdbcd .................... 116 8
abcbddebbaabcababbae .................... 102 13
aabbcacccbddccccbaec .................... 110 10
bedccbbcdcbcbaccdbed .................... 122 6
bdbccaacedddddaeddde .................... 98 14
aeebceebbbcbdabebebc .................... 102 13
deabcddbacebbcaaebdc .................... 76 16
ccecadababecceacbbeb .................... 88 16
ebdeddedaaacdaedddee .................... 120 7
bdebcaedbcdcccbcedbe .................... 108 11
eaddeceadeaacbededba .................... 100 13
ddbacbaaadcdbdabdecb .................... 110 10
cecdeacdecbadddbacbc .................... 112 9
ecbebddcdecededecccb .................... 98 14
ecaceceadedaabdeacdc .................... 100 13
eecddaddeebecadecbde .................... 98 14
ebbeebddedcadacecbba .................... 90 16
caadcabaacbcdbacadce .................... 88 16
abcdcabbecbaeceaeedb .................... 86 16
ecabdbcedaccbadccabd .................... 136 2
bcbcdecbdacaeaccedcc .................... 116 8
ebdbecdeacdaaecceaba .................... 92 16
eaeedcdbcebbbbbebeac .................... 102 13
abeacccbbadbbecdccae .................... 114 9
aaebbedcdedbdddaaded .................... 90 16
addcececbcbadaeceded .................... 98 14
dabdadbacbcecbccdbea .................... 78 16
bbcebcaaadbececcdedd .................... 92 16
dcabeadeacabccdbdaca .................... 80 16
dddcbdbbecdeeaaabeda .................... 84 16
baebabecaeaebbdcdeba .................... 100 13
aedabadeeabbdaaeaeca .................... 86 16
ddbbdebcbaecccbabcdd .................... 120 7
adacabcecadbaecddcba .................... 106 11
debdecbaabdadabebaed .................... 92 16
babaedebbeebbbabecec .................... 80 16
ceedeeeaaceceedbbddd .................... 84 16
aebeccabceebeddbdeee .................... 82 16
ebdbbceacaebdeabddde .................... 108 11
acdbbcdaddcaacdadaca .................... 110 10
cadccebbedbbcaedbcee .................... 118 7
cebcecdcdeabecbaeace .................... 98 14
decaeedaaaabeadbbddb .................... 88 16
eebbacbacabaacdaeabd .................... 112 9
eccdeacbeccedadaccdb .................... 100 13
aececaedceccbebebded .................... 102 13
decacceccedccecebdcd .................... 74 16
beebcacbeeadaeaaabeb .................... 124 5
cedaebabadbdedaebcdb .................... 104 12
dbddccbbbeddbccceedd .................... 96 15
daaadccbcecabcbbacaa .................... 106 11
abbabdcececdcbecebcc .................... 86 16
ddadbddaebdaededbcbc .................... 98 14
debbddecccecbbabcdbe .................... 92 16
eebdadaaceaeeceddeaa .................... 90 16
adbbcdcddeacacabaede .................... 116 8
baeeeaebcdcbcabbcbae .................... 90 16
dcdacdeeebdbdbeeaecb .................... 84 16
ebbcdaecceebdecddeeb .................... 104 12
abaaecbcbcccbeeaedbc .................... 78 16
cdbdecdbbebddeabcdab .................... 100 13
aeecaadcccdeabddcdba .................... 86 16
ddaeeaabbceaddbbecda .................... 86 16
baecbbdbedaacbadedac .................... 112 9
bbaaeacdccbdaebbdeae .................... 126 5
ecaaacbeabaebacdcbda .................... 96 15
deaecadbdbbcadbaaccd .................... 104 12
edadeacddeccddbbaaab .................... 112 9
deebebabcdbbedcccbad .................... 94 15
aecbecdeccebebaceebe .................... 76 16
aacebaeacdaedacaceeb .................... 94 15
ccdcdeeaecdaaebbabbb .................... 124 5
bcaecdbbcecebecaaebb .................... 90 16
cecdadedbbbcecdbbabc .................... 90 16
deccdbacdbccccaecbad .................... 110 10
cbdcdccbbdbbccddedcb .................... 106 11
aeecbadbbadbcbdbdcdd .................... 90 16
eddcdcceccecdcbebecd .................... 114 9
cbcaaeadebecacebbebe .................... 100 13
cabedcdbdebebbbdaecd .................... 108 11
bbeeadbceedeabecbeaa .................... 86 16
bdeeaeddeaeeeebcbbdb .................... 108 11
cecabdabcbbdbdacbdec .................... 110 10
deadddbebbeccbdaeacb .................... 78 16
acebebaabcecddcbddaa .................... 88 16
acdedabcbaadcbecdabe .................... 126 5
cebabcacbceadeaaeaee .................... 100 13
cccdaeaebdaaeeceadab .................... 92 16
abeadacbcaceedcdddea .................... 106 11
bbceebaaedcdcbedeedc .................... 108 11
bebddaecadecbaaacbaa .................... 84 16
cdbecaecbeecaacdccdc .................... 112 9
cbeccccecbdeacebdbcd .................... 100 13
edcddaebdcaaebeaabbb .................... 100 13
beecebdccecdceacdcec .................... 122 6
