aecdbdcdbbccdaebacda .................... 84 16
bacaabcdedcdaaabacda .................... 110 10
dcaebabcceaaccebeccd .................... 98 14
daeeaaabdbcdbdadaead .................... 106 11
ababbdedadadddeeccdc .................... 102 13
cecddadaedccdcdadddc .................... 102 13
adccabcabbaedecbbddc .................... 110 10
cbcbcaabdeddcacdeeae .................... 112 9
dcaceabdbedaabcddaae .................... 106 11
abeadedbbbadaccabcba .................... 106 11
bcebaccecaeddcbeeede .................... 116 8
dbddbecbaabaaabaacbe .................... 120 7
edaebebeadddaddaabdb .................... 94 15
eebadddbddccaaeeedcd .................... 84 16
bebaebecedcbaecabedb .................... 96 15
cebebacadaabeaeceebc .................... 116 8
dacebbddbdadbdadebdc .................... 108 11
beceaebcebaecaeabcdc .................... 104 12
bededbccbacbdcaeddbb .................... 118 7
bcdecceddeeedeabdbce .................... 106 11
dbdaaabcedbccbddacbe .................... 102 13
deecddcaeceddeecbacc .................... 110 10
dddacddbbdddcbdcadbe .................... 96 15
ddacbadeedddedbaddab .................... 100 13
aecaacbdabeeddacadcd .................... 82 16
dddaedcdcedeacbabcab .................... 116 8
edcedeaebbbaaeaceeea .................... 120 7
eaaeaadedbeeeaebebee .................... 80 16
cddaddeababdbedecebd .................... 136 2
cbcbbccdadbcaccaaccc .................... 108 11
dccbdaaaacceaaadbecd .................... 108 11
cbcaeecdacceaaaedbaa .................... 96 15
cbeeecdaeeeaeaddabcc .................... 90 16
ccbcaaccabaaeaeabdce .................... 102 13
deeccdbcdcaacbcbbaca .................... 100 13
dcbcaeabbdadbccdacbb .................... 100 13
baecbaeccbaccdeadadd .................... 96 15
bcdceccadcdcdcbcbeee .................... 122 6
eebdaeeedcdaececacbc .................... 92 16
bdadcedecccbeaaedccc .................... 90 16
adcdeebeebdbebcddcbe .................... 92 16
cdedceabadbdbabdcbed .................... 128 4
cddbbdccdaacedcbcbce .................... 128 4
cbbecabbaedeabaeaebd .................... 86 16
eabeeaeacecacbcbeaea .................... 86 16
bdaebaecdeddaceddbdc .................... 108 11
bebcbedccbbecdaadccb .................... 98 14
acceecdabdddbddddbec .................... 98 14
debccceeeadbedabdedc .................... 92 16
caddcbbdeadcbacaadca .................... 102 13
ddecdecbbecdeaabcceb .................... 124 5
bbbedccacacdbdabedea .................... 114 9
cbadaaabeaccbaaadbdc .................... 88 16
dcdbdcddbdcbdeceaecc .................... 104 12
eedaeebedebdeabaedbd .................... 116 8
cebcbabeddbdccdddcdc .................... 124 5
edecbadbcaaebaabaaac .................... 112 9
daaccbdbcdcaabccddbb .................... 96 15
bbbcbabbcbebdcccdcdc .................... 94 15
abdeedcbdcddaddacaae .................... 108 11
ddeceaaeacedccdcdbcc .................... 90 16
debadaddaeddceccadcc .................... 94 15
eccabeebadeebaecdedc .................... 94 15
eaecedbbaaeeadabdbcb .................... 84 16
eeadabadcebbcacccbeb .................... 96 15
cbaaddcdecbcbdadcdee .................... 124 5
eeadbeebadecbbbecaba .................... 84 16
adbdabeeeebbcdaabbea .................... 80 16
cbccccbaecebeadbddbd .................... 94 15
ccbcbcbedaacddceacca .................... 100 13
bcddbeacebacabecbabe .................... 112 9
cdbceebcadbeddaeeedb .................... 92 16
dcdadabeadbaacceaaaa .................... 104 12
eecadeeddbabaddebabb .................... 116 8
aebebebcedabcaecaeed .................... 96 15
ddaaeacccaddeaaecdee .................... 106 11
cbceaeadedbaeebecbde .................... 108 11
ddeecceaebcdecaacccc .................... 118 7
bdcdbeabdcdaebaaeeea .................... 94 15
abddccacbaebcbbbaede .................... 100 13
cbcbcdbebaccceabadbb .................... 102 13
cdbaccedddacecdeacba .................... 102 13
ccabeedbecddeaaeacdd .................... 92 16
becbdaedecccdcaecbee .................... 110 10
eecadedacbabbddcedad .................... 114 9
cebbbeabccebcbaeacaa .................... 86 16
ebadadecaeaccbdcaade .................... 78 16
adecaebbdcadebdcbcca .................... 104 12
ebecbbcdbaebbbecbdcb .................... 110 10
bbbeceebabcedebbaeda .................... 94 15
adceabdccecabecccacd .................... 104 12
bbaadbbcbcdaacebbcde .................... 110 10
aeaddddadedabeccdaec .................... 104 12
bebdcceabababaeadedb .................... 104 12
dbcacbbacbdbccddeaae .................... 106 11
decceedcbabcedebbeba .................... 84 16
abbdadccaceaacdedcce .................... 82 16
accacdbeaabdcebcbacb .................... 112 9
ddbcdbdccbbccbcdadad .................... 108 11
bcdbdddccaacdeceadda .................... 104 12
ceebccaadddecedccabd .................... 116 8
abbbdedccdaaebcdccad .................... 120 7
dcadbcbbcabedcbceabb .................... 96 15
ddababaacdecbededebc .................... 98 14
bccbdcacbcadeecadddb .................... 110 10
adddccedceccabcdacbd .................... 108 11
daeeeededeeebdbebacc .................... 88 16
ecbebcecacbbdcbcdccd .................... 100 13
bbeeddceeacadcaecaac .................... 122 6
eddccedbbaaaccecbbed .................... 128 4
babcccacdeeecdcabcea .................... 92 16
bdbedaeeecaeeaceebcb .................... 82 16
abbabebadbbecbcabada .................... 92 16
dabcddcbcceececccada .................... 86 16
cbbdbdaedadbbadbebad .................... 86 16
dddbaebcbdcacedecbdb .................... 110 10
cdccebcdedeacbdeddcb .................... 110 10
bbbeeacedbddacadeeec .................... 118 7
ecedecddbecebbedcbea .................... 100 13
ebaccaceaacdaecaeaad .................... 120 7
dbbeaeacbbaddcadbcab .................... 108 11
dabaeaaaedacbdcdddea .................... 90 16
acecdeecaabaedbbbdcc .................... 114 9
edeceecebabaaadbbbbb .................... 114 9
cddcbedecceaedbdddbb .................... 120 7
daabddbddcccdbabedad .................... 100 13
eeedbdcbbddbcedeebbc .................... 78 16
debeebccacaaaaecdcdd .................... 110 10
eaeeccbdabacacbaadae .................... 116 8
aceceecdebeaabdcbcba .................... 112 9
cedebcdeeeeecaccdbeb .................... 96 15
eaecaccccbeebedcabcb .................... 90 16
ceaecbdbbeeceddebbcd .................... 80 16
dbdaeadacdbbacebaeea .................... 92 16
ebcadbbaadabdeeadeee .................... 120 7
ceddbcedaeacdbeabdce .................... 96 15
beabeaaeeccaeecdebce .................... 92 16
bcacaedeedaccdceacad .................... 92 16
eddeeedaccecadbeaecd .................... 104 12
dbbcaceeeedbedeccadb .................... 72 16
edceaabaaacceedebaeb .................... 102 13
abdcbbedcabdedaedccc .................... 118 7
ddacbdabddcbadeadced .................... 100 13
caecbeeccedabbeddaad .................... 108 11
acbcaddeaaceabdaecca .................... 80 16
babadcddeaacdababaab .................... 114 9
ebaadbcbbcbcbddcddce .................... 106 11
cdaabedadbcacaeaabba .................... 102 13
bebcdcabddeebdcacaab .................... 100 13
eabcdadebabedeaaeece .................... 100 13
daaeacedbdccdadedaab .................... 74 16
edbaecbadacdcbdeebba .................... 102 13
bccadebcbbdecacdaceb .................... 112 9
aacddbddedacaddaaccd .................... 102 13
abdcecdeaaaddaebcdad .................... 106 11
dcbdaaadcbdabcedabeb .................... 92 16
aebebbcedeaeddadaebe .................... 110 10
ddbddccedbdadeacbcac .................... 120 7
aadebcedaeebccdeeaac .................... 82 16
eacdaeeaceecdacbdcda .................... 76 16
bdcbeedcabbddabcdaee .................... 124 5
dbdcceadccddabcacddb .................... 110 10
dbdadbcbcdebaaeceeea .................... 106 11
daeececbabbdacddebea .................... 108 11
cdbbbacbeadebceaebcc .................... 104 12
adaadeeacbcbeccaaabe .................... 94 15
bddceaeaaaedbeaaeedd .................... 116 8
dbcbcbebeebaedcbeacb .................... 94 15
cadcacbadebcabbecaba .................... 112 9
ddaeebbdacceadcacbac .................... 106 11
ceccecbabcddcbecaaca .................... 88 16
bdabbbbceccbcceccebe .................... 116 8
deaebcdedddcabedddcc .................... 86 16
aadebcceeeabcabbbebd .................... 104 12
decacbcdebdbbcdedddc .................... 108 11
badcedeedabbccbcdaec .................... 118 7
beaeecaddcaedceaeecb .................... 90 16
dccccbbaaadcdceebbcc .................... 94 15
bcddbeeedacaaeddddea .................... 130 3
debbaccededecdccdecb .................... 90 16
daadddacdbdbdeadaeeb .................... 94 15
bacaeabdbcbacdebdddc .................... 98 14
aecbacddaceacbdddcbb .................... 98 14
ccbbdecaaecbdccdbdea .................... 116 8
decdabdbbcdddeaeeeba .................... 76 16
acebcbebaadeeecbdecb .................... 98 14
cedabaeaceeaceabeaba .................... 102 13
aaabcacbbacbaddadded .................... 108 11
cccbdcdceaceeedbdeae .................... 124 5
bcdacabbabeedaeacdcb .................... 100 13
cdbcbaddcecabdbabeed .................... 126 5
ebbebdeecebaabaadcbc .................... 100 13
cdcdbbccebeeaddcecee .................... 126 5
eaadecbcbcecbcdeeaaa .................... 70 16
abcbacadeabebbcebdda .................... 84 16
daccebccceabcbaabbcc .................... 92 16
bbadadbdcccedbdddcee .................... 102 13
bebbddddcecbdeadcceb .................... 120 7
eceeeaebbdacdbcacecc .................... 96 15
dbbacecbbcbbbebecadb .................... 104 12
bcdcddbdceebcbaaddbe .................... 106 11
dbadceaeceeccbabccbd .................... 88 16
cdcbacaccbbcecdccdbc .................... 106 11
eaacadacbacecdaceabc .................... 90 16
bcaaebeddddbbddbbdab .................... 98 14
beedecaaeacaeadeccce .................... 102 13
ddebecaeebdbcababbdc .................... 92 16
cdebccbbebcecbeaddbb .................... 110 10
dddabecbdececadebedb .................... 106 11
adbaaaeeebaecbcebebd .................... 88 16
ebaceccbdabdaacbeddd .................... 106 11
cdacbbeddedbcbabeabb .................... 102 13
edacebadeabdabeadadb .................... 122 6
eecdbadabbeeeeebdaea .................... 92 16
adecebaaaeeebeadbbae .................... 100 13
adadacbbcaeccaaaedbb .................... 72 16
ebcbabcccecbbcaaeabb .................... 102 13
caeebbbedbdabaebedba .................... 98 14
ababbdcbaedcacaadbbc .................... 80 16
cbbabaeaeeceaaedbabe .................... 102 13
abbeeaaceceabccaaada .................... 72 16
bddeedecbedabbebdbab .................... 94 15
aaaabbbdacabeadebbcd .................... 80 16
dcddacbddcaacddbacbd .................... 114 9
beaccccddacbcddbaeed .................... 122 6
eaaabcddeeebdacccedc .................... 94 15
ceabecccbeaceaeeeade .................... 90 16
eebacbeeeedcedacedbe .................... 90 16
bcbaabadebebdcaaaebc .................... 100 13
dadceabcaececceecebe .................... 92 16
eccdeecaebeabebeacea .................... 118 7
bccbdddecaddadddeaca .................... 108 11
bcabdccdceebacbcaeeb .................... 124 5
decbcccdeceedbaeebcd .................... 92 16
ecebcdcbcebabdedbcab .................... 124 5
dbcdccabdababbabbade .................... 102 13
daeabdbadcacadebcdae .................... 106 11
abcebbdcadaebebebcce .................... 100 13
eabecbbdecdeccdabbbd .................... 96 15
eaeaccdbddbadbbebdeb .................... 108 11
daecceabbdbcedebecab .................... 86 16
cccddaceeaedbceeaeba .................... 110 10
ceeeaacaacaeacadaccb .................... 112 9
edaeddcdaadeccdaedba .................... 98 14
edccaeecadbadeabbeed .................... 110 10
ebdcadabbbaccbcabdde .................... 90 16
cdcacbaebdccaceaebcd .................... 100 13
bebadccadbbaeaccabca .................... 102 13
cacbdbeadababacdbced .................... 144 1
ecacecedbecadbaddead .................... 112 9
cecbaccdaddaabdaceed .................... 122 6
cbbdacdcbcbedbdcdbee .................... 88 16
bbbbcbadadebcacccbce .................... 96 15
dcdddeaebabceaabbbce .................... 96 15
abaebcdcceeadcdedcbd .................... 82 16
bdadbeccaadecebabbae .................... 110 10
ebbbaecadbabedcbedaa .................... 104 12
cdaecebeadbccebaebaa .................... 102 13
dddceddabcceecbeeedd .................... 96 15
cdbcbabceaacdcbaccbc .................... 134 3
ecbbeeceddadccacdaca .................... 116 8
becbbebdabcaaaccadca .................... 104 12
adabaeceecaeeaebecbd .................... 98 14
cabbcceeccbdbcbecbed .................... 116 8
ebcedcebacddacbcaaca .................... 94 15
abccbbdbedbabdddcaac .................... 114 9
bebabaabaaecbadecdad .................... 90 16
cddebedadbdadacbcede .................... 124 5
aacccdddeabeceaacaca .................... 96 15
bdbcebdecebbabcdcddd .................... 104 12
dddbbeedceacdeabecbb .................... 114 9
aeeabbbdacbddeaacace .................... 114 9
dbcdabdeeaebcdebbcae .................... 92 16
daaaadbdaecbdcdebcdc .................... 80 16
bbadcaeeaaebcbabeaba .................... 78 16
daadddebbacaeaeebbeb .................... 80 16
ecccbeacbcddadabdeca .................... 100 13
cddadabeaceacdacbbcb .................... 110 10
edeaebbeaccebeaadacc .................... 108 11
ccaaccccaccabbcaacab .................... 114 9
abcbbbdecdbbddccbbeb .................... 90 16
bdbeadbdecbacebdadba .................... 106 11
caebbddaabbceebeabed .................... 100 13
beaadaeebeecebbbacbb .................... 94 15
ecdbcdedecdadebbcbbc .................... 128 4
aaeeeeadbaacaebdcebe .................... 122 6
bdedabbbdecceebcabca .................... 96 15
eadbdcdbadcedcceeaed .................... 98 14
bbcadcdbebdddaeaccab .................... 106 11
ecbeaabbebeeaadaeddb .................... 86 16
cbacbbeeeebdedcdeecc .................... 108 11
dbdccbadcbbccbeaadbd .................... 104 12
aabdbddabbabadaeabbc .................... 76 16
dacaeadeacbcdbedbaba .................... 72 16
eaecebacebeeabcaabac .................... 98 14
caccbeddaeebbadecbcc .................... 88 16
accebebabaedcaccabcb .................... 94 15
cbddedaaedddcacbdebb .................... 94 15
acdcbdbbadbcdcacdbde .................... 88 16
ccbcbbabaaeeebdeaeec .................... 102 13
cdcaaeceaddaaadaecbb .................... 104 12
ccbadedadbddcbcabdae .................... 118 7
bdddaedccabbeaaadabd .................... 102 13
daddebaeaacebeccccaa .................... 106 11
eddbbcaddaabdebaacdd .................... 140 1
bdabddaebeccaddeacbb .................... 96 15
acaacdbdaedeedbbbabc .................... 94 15
bbebcdbcdaababdaddda .................... 114 9
edeccdceacdcdedbbcec .................... 110 10
ccdabeedaadabbceecca .................... 108 11
ceacdeebdcbdcaedceec .................... 130 3
debbadcebbeeeecacbba .................... 82 16
aedcebadbdbbdaecadde .................... 92 16
eccbbaaccdecaaeaaeaa .................... 92 16
dbaaeddeddcddbcccebc .................... 98 14
cdcacdcaeccbeeeceddc .................... 108 11
caedeadddadbbbaeedca .................... 82 16
ebbdeeeedcebdcdbecec .................... 92 16
adbbcddbcccaaceceacd .................... 94 15
cbcebddebdaaabdceeea .................... 102 13
acaaaaecbedcebebdeca .................... 66 16
cebedbdbeeabaeeababc .................... 110 10
baabdbceddecbcaceeda .................... 106 11
edbcbeaeaededbbaebcc .................... 90 16
adebabbbeddacdabdacb .................... 98 14
debeddacadaedbbcbeeb .................... 104 12
cccddebcbaddecbbbaea .................... 122 6
dbacaacddcedabbcaddb .................... 110 10
bdcaeeceaebbccdeaabe .................... 90 16
ebaeecbaecbbedbddecc .................... 104 12
ceebacecebbdcdbaeeeb .................... 122 6
bdbbddbbeabaebaeadbd .................... 106 11
cdeecadacdceccabaced .................... 114 9
deaeabeceaeacddcbeed .................... 108 11
bcbdbbccedeeebbbccbd .................... 116 8
ecccabededdabecdaead .................... 116 8
bbbcaecaebbcabeacaaa .................... 106 11
dbeaeaeedebacccaedbb .................... 86 16
dccaeddaacdacdabaabd .................... 80 16
bdaaceebabdbaaeaddab .................... 92 16
abcbaadcbabbbcbdaaab .................... 106 11
ccaadbeaaeccddcdbbbe .................... 106 11
ceabdeecdddecbaebbdb .................... 96 15
eceeaddeadbcabbabccb .................... 94 15
ccbacabdccbabdeabbec .................... 118 7
beaaecccccdeaedacaab .................... 100 13
dcacbbceeaeadbaeccac .................... 124 5
dddecbecddeedbccebab .................... 106 11
dbdacacbbeedcdcbabde .................... 98 14
bdeeadcebadccadcaabb .................... 90 16
bbdecedebebdedacbcbc .................... 114 9
bacdccdebedcbbdeceaa .................... 80 16
eadbccbbacdcacddebad .................... 102 13
deccbedcdcaccbadcbbd .................... 106 11
eebbceadcbcbadadbcbc .................... 124 5
aaedeeaadaedeaebbdda .................... 84 16
caeddbddcdaedcbdbebb .................... 124 5
ccdddddbdbbacdeaacee .................... 122 6
badeaabdaccccaeebbac .................... 88 16
acccaebeecddeeabecab .................... 96 15
bceceddeaacbaadacbea .................... 94 15
dbdebcbeebdeaecbeabc .................... 96 15
dedbcdecacadeccababd .................... 106 11
aecedcbdbddabdbacceb .................... 120 7
dcbccacecebceeedbbea .................... 96 15
cedabcacccdecdaeedac .................... 94 15
abdeaeadccebccbdaacc .................... 98 14
baacdcbbacaeebbbeddc .................... 96 15
deecdbadebacadaedecc .................... 118 7
dbededabaebddbccedbd .................... 74 16
acabcacebaddaaedaaae .................... 118 7
deaaadedddecbaaeecda .................... 74 16
ccdcdeebcdededdbdeba .................... 110 10
edcbbdaeeccaaecdbbea .................... 110 10
daddabbbcdaecdadacda .................... 96 15
cccdabacbccddeedeedc .................... 112 9
baecaaedbccbbcbeedbc .................... 92 16
dabdccbaadbacedeabdd .................... 82 16
adaaebeebcbaeeeabbee .................... 94 15
daebeecdcaebdbbedbdb .................... 102 13
eabcabbdeaaedcdecbdc .................... 112 9
dddddbcedadcddcaeccc .................... 120 7
eecaabdbddbbbcdceaae .................... 102 13
bcdcbbcbcbacecaeadde .................... 108 11
deaeebcebbeabcbcdeea .................... 114 9
dccabaeabeabadaabecc .................... 100 13
deeeadcbcdeccabbeadd .................... 82 16
eeeedbecedbcedccdeca .................... 100 13
cdeedcbbdbaccddeacdc .................... 116 8
cccbeecbccebacceecca .................... 90 16
caccecabeddccbedbbcc .................... 76 16
eccbcddaabdaaaebaeed .................... 110 10
bcabbacaabcddccdacce .................... 120 7
cdedbadcbecedeedbdaa .................... 100 13
bebbbaedaaddebcdcada .................... 108 11
adeddadbcadcacbdbeab .................... 112 9
deadecedaebeadaeacea .................... 80 16
ddbbcbcdacbadbaebcce .................... 118 7
dbbbddcbadeeeecaabaa .................... 78 16
cabdbeababdebecedcce .................... 82 16
daaebeebedabcaacdced .................... 94 15
adbbcccaaeedcbdbadbd .................... 102 13
aceddbebbdabcacecbac .................... 96 15
cedaedbaaadacbeccddc .................... 114 9
ebebdbbdeeebebcdccce .................... 124 5
ebbadedebeceaadeacba .................... 90 16
cdcadceaeabebbdddcdc .................... 132 3
abdddeedaaedeabdedac .................... 122 6
baeeeaedaeebacbebaaa .................... 86 16
dacdbebccaccebcdedec .................... 98 14
edebaaddadbebdadeacc .................... 108 11
bedcdbcadaaecedcceec .................... 160 4
adbaceeeaddaaceebaab .................... 90 16
bbdaabebdbbbdcbaadad .................... 112 9
aecdcedebaaccddeeabc .................... 92 16
ddcacdaaebbbbcabddba .................... 94 15
cabdabcecbcdcbacebdc .................... 104 12
daddaebaaacacecbdaeb .................... 110 10
ecbedbebcabddeddaebb .................... 122 6
dadabbddbdaadcabbdce .................... 108 11
dbcbcadaeaaceebedada .................... 108 11
accedadcacecdabcbeae .................... 98 14
babdcbedaccdecddcabc .................... 114 9
dddaeaeddccdbcccbdcc .................... 114 9
bdeeedddedbcbbeebecb .................... 86 16
dbdbbdbaedbdedabdceb .................... 118 7
bcdaebecdacdceeeacab .................... 126 5
eedddeabacddaaaaceae .................... 116 8
bedcdcdcbbccbedeaedc .................... 108 11
adedabaccdbbcbabeeba .................... 82 16
ceedadbabececebdebcd .................... 100 13
cacbbcacccbdceadbacc .................... 110 10
bdcbdbeddeeecdaadeab .................... 124 5
bacdedbeedaabeaeedca .................... 78 16
dcbdebbecebdeccbdece .................... 94 15
bbbbdeccaeddbbdbccec .................... 128 4
cbceaaccbeedabeeabcd .................... 90 16
edabdcbbedddedbbeeba .................... 108 11
dbbcedbeaabedbbedaca .................... 82 16
dbeadccacdeadeaeaaad .................... 104 12
abceeeedeccdbeceddee .................... 98 14
bcbaadebbcadddbccccd .................... 110 10
bedaacbbcdeeaadbedde .................... 88 16
ccccdebdaebedcbdecec .................... 136 2
cbaacacaceabdebdbbae .................... 124 5
ccceeedcadebdcacedaa .................... 82 16
ecdedbccecbeabaadcbc .................... 136 2
ddbdbdbedabbbaaccecc .................... 106 11
adbceaceabaaadaeaead .................... 106 11
beaebecdaeadbdbebecc .................... 120 7
dcbacabadcbeaabddceb .................... 130 3
eeabcacdcbaeeccdedbb .................... 116 8
dadaccccdcbbccbbdcca .................... 112 9
dadcebcabadeedaddcdb .................... 114 9
adabdccdeccbecadacba .................... 108 11
aacaebaaecbdcacaabaa .................... 84 16
cccbcdebabbbdeeeacbd .................... 96 15
bedbbdbbabcaeabbeeca .................... 104 12
babbcecaaabeaadedcba .................... 110 10
eaaedeccebcbeeccccee .................... 122 6
eddaebdbbceccacbdbaa .................... 90 16
daaadacbadaaecbbbeae .................... 112 9
beeceaacddebdaeeaaaa .................... 78 16
eccdcadaceebbebdcbda .................... 106 11
acbeaeaaabaaccacbccd .................... 100 13
aeecdadcaadcbacbbbce .................... 84 16
aeeebbddbdcbcdceeede .................... 88 16
babdcbedeabacaaabcab .................... 116 8
eccaabcadbdebcbededb .................... 120 7
aceabbeeadedbedeccae .................... 110 10
dbaabdebabbdcbcdacda .................... 86 16
bebedcdeabbcaecbbceb .................... 102 13
bdceedcdaababcebcbee .................... 118 7
beeaddddbedcebbdaecd .................... 102 13
dccdaeadedbbeadecebb .................... 86 16
beeeedbdbcdceadaeedc .................... 82 16
bedaeceebaecbdddaccd .................... 102 13
bdbeedcaeeaccccabdaa .................... 92 16
edccaebacadaacecabee .................... 114 9
aebdbbdebaedadeedbba .................... 86 16
eceeaeabdadebbaebcab .................... 102 13
dabdecedbccbecccacdc .................... 76 16
bdedadbddeebdbababad .................... 92 16
cacabbceeaeebcadabae .................... 116 8
cbdabdbebccbeaadccaa .................... 108 11
daaccbdddbcebaddbaea .................... 112 9
bbdbccebdcaedabecaec .................... 126 5
cecdbdddadebaeaedbed .................... 90 16
beeeacbdcebdcbabbebd .................... 104 12
aebcbcdeeabcacecebcd .................... 84 16
beccccbdcaaeeacedddd .................... 104 12
dabedcbdaebcccaabdce .................... 84 16
dbeacacddeabccddbadb .................... 116 8
cbbedecbbeacecdaceed .................... 116 8
acaeaaeacccebbbcebdb .................... 86 16
deadabbaeaadaedbbedd .................... 120 7
decdeceadeaddbbcbadd .................... 108 11
ebbdebbbadabdececcce .................... 92 16
bbbddededababbaccdee .................... 124 5
cedaddcbbdbccabecabc .................... 118 7
bddbabdabaaedaabbbcc .................... 118 7
dadbebebcaaedbbacbad .................... 120 7
eeedcabdcbccccadaede .................... 112 9
abcadededebaddedabbc .................... 102 13
ebbbcaadddecbbecbace .................... 102 13
abddcbdacebcdbbbddbd .................... 106 11
dadecececcdebcadecca .................... 98 14
cbeabebebebdcddcbdbb .................... 106 11
aabbbabeeabdddbcabab .................... 110 10
becbdcecddbeebdadadc .................... 108 11
eaeecaddbeabbbbcbbbb .................... 106 11
cdedbcdbacaecaaccbde .................... 96 15
edacbdaaaebaadebeaae .................... 102 13
eedbbdceeadabaadabec .................... 126 5
ceaebcdacbedeecbadcd .................... 92 16
cddbccccabbcacceddcd .................... 118 7
ecbbccbeacbbdbacebec .................... 102 13
adceedbbabbbcbbddeca .................... 90 16
bdbcdeddbcceeddebeba .................... 96 15
ebdcbcbcbaaddbbcaeea .................... 132 3
bbccdbaedadbccaacddd .................... 110 10
ebabdcdaeabedaeccedd .................... 116 8
baccdbdbbceaaccaddcd .................... 98 14
beaeddcabeacbecacecb .................... 108 11
eaaaebeedaeaeeaddabe .................... 112 9
eeaaceedacdddddbbeda .................... 98 14
dccebbcecaabdbebbeca .................... 102 13
edabdbebeaaeccdebccc .................... 122 6
bccbecdeecaecdacdebe .................... 102 13
dcadebbddedadaceeeec .................... 100 13
eedabbabebdebaeaadad .................... 102 13
beacccdedcedcdbcbdec .................... 116 8
ccbcadbcebdebbbabcec .................... 114 9
eaabbeaeaaebdeedcead .................... 110 10
baaaedabbdbebbacabbc .................... 74 16
ebeadbaeadaeceabaccb .................... 106 11
eddedebdabebddebcbec .................... 124 5
ebcadbbdabaacbaecbdb .................... 120 7
dbeebdeaccdbababddbc .................... 82 16
dabeddcceaacdccbcbda .................... 96 15
bbbeadbdecbeebeeadbc .................... 78 16
deebcccdeabeddecabbe .................... 112 9
eacacecddccadebdbaea .................... 136 2
cebccbcddccbacadccdc .................... 142 1
ecedccabddacabcdcacd .................... 112 9
abddebebaeebaeeceaaa .................... 80 16
ecbdbccecaabcebeceea .................... 118 7
aecabaecbccbbaaeadac .................... 82 16
eddedceecaebbdbcdced .................... 132 3
ababdacecccaabbbdecd .................... 118 7
cebbedbacbcdcebcdbab .................... 120 7
abbaccaaeadebdebcdcb .................... 90 16
cbeeacabdccddaccedad .................... 96 15
bdecaccbbeaaddebcadd .................... 110 10
dabcccdbdbededacdedb .................... 96 15
ddacddaeceeccbaeeebc .................... 82 16
bdbcbdeaceaccbcaaabc .................... 92 16
accddcebaaaedacbdbbc .................... 90 16
edebccddbaabedcceeea .................... 118 7
caabebbecccaaacaddca .................... 96 15
dcabacecabdaabaebdac .................... 92 16
dbddddaebdadbaadebba .................... 96 15
bcaccccdeaddaacdbdca .................... 114 9
bdcddaccecadbaadceca .................... 126 5
dacebaccdacedeeabaab .................... 106 11
bdddecaaebddbdaeedea .................... 98 14
cbaadadaaadedeabecaa .................... 102 13
aebabddadbcbdcbbaede .................... 98 14
adbbacebddecdeabeaac .................... 88 16
dbbbcaedadccaeeceedc .................... 100 13
dcdbacbadeebbaecbaaa .................... 100 13
addeebbbeddbaedbacca .................... 92 16
ccbdeaadbeebaeeaabbd .................... 84 16
aeddedddedeeeddcdbbe .................... 82 16
ccccaadbbabebbdeeebe .................... 96 15
cdaccedbaddacbaeacea .................... 96 15
dddecdacccadecdadacd .................... 108 11
dbeaecbbbbeebedecddd .................... 86 16
cccaddecadddedceaaab .................... 92 16
dbdaadcbeaceeebbeccc .................... 110 10
ccdceecbcdcaabbcaaca .................... 118 7
edccaaabebdcbecadacd .................... 90 16
cdaabbcaeabaeeaecbac .................... 134 3
adcdbedaddcaeadbdcac .................... 110 10
cceddccabecedcbacadc .................... 126 5
cdaacbecbbdcdcacbbee .................... 108 11
dbcbedbbadeddacccdaa .................... 84 16
ebdbaabbdcccaeccaedc .................... 112 9
decaadeadcbaeadebeeb .................... 92 16
cbdadeabeaebcaebeadd .................... 104 12
beccbedbdcccebcedeba .................... 84 16
dbaebeddcdedebbdbccc .................... 108 11
babbecedeaebadcdadba .................... 90 16
cedaabebbedecdabdcad .................... 106 11
acbccebbbdcccbcceabb .................... 86 16
cbdcdbccccadeabebccb .................... 134 3
accdaacadcedccbdbccd .................... 116 8
edccabadeeedababcecd .................... 120 7
eabeedcddacdeabeeaab .................... 112 9
ecbeebbbbbbeaddedbac .................... 102 13
aaaddbcdadbadebdadea .................... 116 8
daebadebeeccaecbbdcc .................... 80 16
ebcabaabbbdaecbddabd .................... 106 11
ebacadbcebceeadeedda .................... 74 16
adaaebdcaddaeadebbab .................... 78 16
aacbcbddbadaaceabbdd .................... 106 11
bddcebcbeccbbacacecc .................... 116 8
ecdddcaaacbdabeabaae .................... 118 7
badaaecebbddaabddeae .................... 130 3
cbdacbaabcacaadabcbc .................... 124 5
bebcaaedbadaeecdbcce .................... 104 12
bedaabeddecccdbcaddd .................... 116 8
edeceeaaecaddceeebbb .................... 100 13
dabbcbbacadedabaddbb .................... 108 11
bebbcdbdaaabeecaaaeb .................... 110 10
ddcaaaecedbaedebeadd .................... 90 16
eeddedaaddcbaebaeaea .................... 108 11
becddcebceedabdeebce .................... 84 16
bbcbbcedccdecbeeadec .................... 88 16
edacdaaaaaecbaceabda .................... 86 16
caaecbdcecaacdbcaddc .................... 118 7
bddcbbceceadebbabbce .................... 128 4
beaebcaecbbdeeedbddd .................... 98 14
dccbceccdacdcbceadaa .................... 118 7
cecaedabaddbabaabcbb .................... 80 16
dcaeabacaabcdebadcec .................... 116 8
dccaddbcebcabebecadd .................... 122 6
cbdddecaeabcddeeacca .................... 112 9
bcecccdbadbcecaddacc .................... 96 15
eaacaeccabeeaaaeeebc .................... 92 16
ceedacabbadacecedccd .................... 92 16
eadebcdbeeadedebccee .................... 116 8
ebeabbccdbacaccddbeb .................... 130 3
becbaeaceaabadccbcee .................... 120 7
ceadbbcdecaabdbddbbe .................... 134 3
eebccdcceedecebcabdc .................... 104 12
aebaacbcaadbcccdecde .................... 86 16
cbbebcaecccedcdceded .................... 90 16
cbaebecbabedaeecebab .................... 104 12
aabdedadceeceeebdcca .................... 62 16
cabbdbedbcdedeaadece .................... 108 11
edddbbecbdabcdaddccb .................... 118 7
dddeaceebcbaeeeaecbe .................... 96 15
dcbeedcaecbcdceacdee .................... 96 15
cdaeacceaeddedccebbe .................... 88 16
dceecabadacaecccccbd .................... 128 4
eeaddbcdbddaaeccbdec .................... 124 5
cbeeabeccaaabcccdabd .................... 118 7
aabdeaceadddcbbacaad .................... 96 15
aaeaccaedcdbedacbdce .................... 78 16
ccacbadbddceadddecde .................... 110 10
bbebbccdbaeacabdecce .................... 128 4
bebabaeccadcbbabccae .................... 106 11
dacbdcbecddabdeabacd .................... 92 16
bcacdbbdabdecdcaecea .................... 108 11
cabeceedbddeeceabbce .................... 82 16
ebbbcbeecdecbaadbbba .................... 92 16
bcdcceecacadbaaacdac .................... 128 4
bdccbbccbdaddcebddea .................... 120 7
daceceecdadaccddcccc .................... 118 7
ceecbbbbcdaaeeceaeed .................... 114 9
cdcabaceaddcbbadcebe .................... 112 9
addabbacddcadebedcbb .................... 126 5
daabcccbedebaccddacc .................... 98 14
ebbeacddcebabbabdece .................... 96 15
baeecabbbcceaebabbee .................... 108 11
aadaedabbcccdcaacdcd .................... 78 16
bcdcbcccebbebaddbcda .................... 118 7
edabcbaacaaebecabbed .................... 128 4
ceeedaabaeededcecdaa .................... 94 15
cedabaebbbbdedcabdca .................... 98 14
ccbedeeccacebdbeaaaa .................... 112 9
accacabdcbcecdcdbdea .................... 106 11
eddeeaedceeeeaadbbbb .................... 96 15
dedaeadecbdaedeeedde .................... 82 16
eaeccacdbadbaeaceaae .................... 118 7
ddededdcecdedbbadeed .................... 96 15
beccacccbbeebaeaddad .................... 96 15
cdacabccedeccbcbbcae .................... 110 10
aeaedbaeabededabdcdc .................... 104 12
ccdceeeeecbaabaeccbc .................... 122 6
cacbedaadbcebeadddbb .................... 108 11
baeadeacdaceddaabeeb .................... 118 7
ebceaacccdbeebdcdbbe .................... 92 16
eaacbcbbcbbccedbadde .................... 86 16
dccabceddcabdacbacbc .................... 100 13
cdaeabcceecddecbaacd .................... 112 9
bcdabdeeedabebecdaea .................... 100 13
aaadebacdcacedeebbda .................... 68 16
bacadecdecdbacaaaabe .................... 104 12
ccacecdedcbcdadcdebd .................... 96 15
acdceabcdcadcceddbdd .................... 116 8
aaabbeaecacbdbcbeadc .................... 88 16
dcccedbaaeebcbabeaee .................... 84 16
ebebdbdeadcaeeebbbee .................... 112 9
caeedccdceaadaecbaed .................... 122 6
debcaebcdeceececabcc .................... 86 16
edeecabccbaaacdbccbd .................... 134 3
ecdcacebceacebdebdec .................... 96 15
caccbbddceccdcaaedbb .................... 94 15
dcededcdeebccdcbdecc .................... 94 15
bbbacecbacccdcabdace .................... 94 15
ddcccdbbcdaaeeacbcde .................... 108 11
bcbccadebebdddeebdce .................... 92 16
ababdddbabdbabdcecec .................... 94 15
eeadaeabbdaadcaaabcc .................... 86 16
aeccacdbdabccbecdedc .................... 94 15
bcbaaacbecccecedbebb .................... 94 15
dccaeadaeddecdbbabbe .................... 86 16
eeebddaabcebceacaeec .................... 110 10
dbbabbaacadcdaaaecbb .................... 90 16
abecdbcbaaedcdcdaeda .................... 110 10
daeccdadaaeaeabeecad .................... 104 12
eadabcecbccbabcebaaa .................... 90 16
cddbddbcebdccdddabdc .................... 118 7
adbbebaccebcdddcdeec .................... 106 11
eabbadeaacddaeeaecdd .................... 92 16
bbeddabbaaaccdaedcac .................... 110 10
cacdbbbecaeaababcacd .................... 114 9
ecdcaebdeaacdbbebaab .................... 128 4
bcdecedcccebedcacabc .................... 104 12
edcedaadabadeddeabeb .................... 112 9
abeecaddaadcaeedadda .................... 90 16
bceaabccbeeeaaaedcec .................... 114 9
cbbeaeaadeddeacddcac .................... 110 10
ecedbbcaebbaddbcedae .................... 132 3
eecccabadaedcdaeebcd .................... 110 10
acbebaeceaebdcadaedd .................... 94 15
dbedebdedaeaadaccbcc .................... 108 11
acbbdceadbaeabbacedb .................... 128 4
ebbbebbdeadaddecebdb .................... 106 11
ddaadacaaebbbedceede .................... 108 11
bbdceebecdeecddabeed .................... 102 13
bddbdeccaaabebbeaade .................... 132 3
bddbcabcababdbaeaeca .................... 108 11
cabceddeaeddbedebabe .................... 80 16
ebeabbceabacbadcdcda .................... 112 9
daaecaaeaddebbdacabe .................... 82 16
bdddeeedbcdbaedddbbd .................... 104 12
bbdaeecdcbedcbbcdadc .................... 130 3
bcbcbdbbebdaaaadddbd .................... 102 13
babedadaedcebdeaacba .................... 90 16
eeaabbaaebdbbbbebecb .................... 102 13
badaaecbdedeadddaccc .................... 110 10
bddeddebbbaabcbeaabd .................... 118 7
adbeadcdedeaeeeabcac .................... 102 13
bdbeecedcbbcaeecceeb .................... 110 10
addaebdcdeebddcccebb .................... 106 11
cedaddccbbedaebeeccb .................... 130 3
aaeccbccbbcdbcddacde .................... 124 5
acbeecdeeaaedbcdeaae .................... 96 15
caacbcdbcddaebdecabd .................... 84 16
ddcccebdacdcbbdbbbbe .................... 94 15
eaeacbccdeddcabecabb .................... 124 5
ddbcacaeadbabdbeeedc .................... 94 15
abdedacecedeeaebbdba .................... 82 16
dbdadebabebabecadabb .................... 116 8
caebadeeddadbcbccedb .................... 124 5
ebeeddbdabcbadbaedae .................... 114 9
cbacccecaecaedcaadeb .................... 94 15
dddededeeebebadadabe .................... 108 11
aaebaeccaecaedebbaec .................... 102 13
bbbdcaedabacdddebeea .................... 94 15
cddaeaaebcbbbdaccbba .................... 100 13
bdecbcaabdccbecacdaa .................... 100 13
dadaebacdbceceaceece .................... 106 11
cebcccbeadbdeceacaed .................... 112 9
eeddaddbecaccecaceab .................... 100 13
ededababaeebecadcadd .................... 96 15
ddaececcaddbacdabeea .................... 98 14
bddadbddbecebaabebab .................... 116 8
debdeeabcbdcbbbbaabd .................... 80 16
eabdeaebddeaccdadbde .................... 82 16
ebdaeaaeecdecccdaeec .................... 102 13
dcacecdaadcbdcedadad .................... 84 16
cdcabeadcdddceddccac .................... 132 3
bdaddcddacddaecbaabe .................... 100 13
daaaeeebccbebdbdeaed .................... 96 15
ebacababecccdbdadaee .................... 96 15
abcaededeccacbcbeecd .................... 84 16
cdececabdbcabdceacbb .................... 104 12
dcddacebdeabbaabeeec .................... 100 13
eccbabdccaedaaabbaac .................... 122 6
aededcaaebcbacdabdaa .................... 102 13
aedeeeedaebddeaeaabe .................... 96 15
acbcbabbbaddaeddadac .................... 110 10
eabbbecddaaccabdccac .................... 150 2
aebbabdcbcdcaedbcdee .................... 98 14
edeaeeadccbccdedbeed .................... 112 9
cebcebaabdbbcdcddbca .................... 90 16
aabeecaaeadeecdccbdd .................... 80 16
abcabaebcabbaaabcaed .................... 100 13
bcebeeaabdcceaabdcdc .................... 102 13
ddceddbbbeaaabcebddc .................... 100 13
cdadedbacbeaadcdedde .................... 102 13
caaeeebcdcaeaeaabbca .................... 94 15
eadbdbdaccabeddaabde .................... 110 10
cdaeaaedaddceaccebbb .................... 74 16
deabccbbebccdcadcddc .................... 108 11
ecbcaacdcdcbdaabbebd .................... 100 13
aabecdeabcdcacabedaa .................... 70 16
baccddbdacecaedbcedd .................... 104 12
aceabedbdaeabaaebbbd .................... 96 15
acbdbddebebdeebbacdc .................... 96 15
becaecebcaaaeedacabc .................... 108 11
bbdbcadbaabadabeeaad .................... 118 7
cbedbdbaaacaaddedcad .................... 116 8
bbdaabcddbddcbdddaab .................... 134 3
edeeebbcabaecbccbece .................... 110 10
cebbbbdbcdbbaacddcda .................... 104 12
adaabdceabeadecacadc .................... 102 13
dabeddddccabecdbecde .................... 88 16
daabbcbbcadeecdaeeda .................... 78 16
eccbceeadebdeeeadded .................... 126 5
aadcacabceadcbddbded .................... 102 13
cdbbbdcdeecdabeedaed .................... 126 5
bbaecaceadcbaceddbbe .................... 98 14
ddbbdeadbdadeacebebc .................... 112 9
bedeaeaaebddddeccabc .................... 114 9
cceeaacacbbcadadbede .................... 118 7
ccbbdcdcdbaebeaccded .................... 134 3
eeddadebbaeaaaceecaa .................... 92 16
babbeccbececacacbacb .................... 86 16
ccabbababeacbadbbcbd .................... 112 9
ccedadeebadacaeeabdd .................... 80 16
aacbccedecadccdbaebc .................... 108 11
ebbbeceebedceeccadec .................... 82 16
dbbacaeedcbcbddaadbc .................... 90 16
dedbcabdbdccbbbbbeca .................... 114 9
cdbacaadebaeedbccced .................... 140 1
bcabcaecacabaeeaaecc .................... 104 12
ecadddacedabeaadaaec .................... 104 12
eaddeadddecaaaceccde .................... 112 9
cccabdedcdabbeceaded .................... 100 13
daaebebeccccedbeaecb .................... 80 16
cbdccabbcebccebeddeb .................... 114 9
dcecaedeeadbaecacacb .................... 96 15
bcedcdecdaebccbcabed .................... 110 10
eaeacecccbeabcaeeaca .................... 100 13
ebdcdebebbceeccecced .................... 122 6
babecaccaebbddbcacee .................... 110 10
babeaadababecbadcdda .................... 94 15
bebdbacceeeaacbebdce .................... 102 13
cadabedaeebbcbcdeace .................... 104 12
eedcbcecbcdbdbabdaeb .................... 98 14
edeedbbccbbbbdabbaae .................... 122 6
cbadbddcaedbeeceebcb .................... 58 16
aaaeddedbdaeaaceebdc .................... 80 16
eeebbadcdadaacaeeade .................... 112 9
badacbcceabbbcedbada .................... 122 6
abeebbecebeceedceadd .................... 90 16
bccbaceecabbceddabbd .................... 98 14
dbeecdeaaecebbbdcbab .................... 106 11
bbacabdaddaeceaabaad .................... 108 11
ecababbdddbdaeccbdcd .................... 124 5
aecbbcadabbcebeddcbd .................... 100 13
ecdaebcacacededebecd .................... 122 6
abceeccbdbbbccddaaae .................... 96 15
eabcedddeeaaceeabeae .................... 102 13
abcdbcedaecebbcdcdcc .................... 90 16
dccbddeedcbdcebbccaa .................... 126 5
bbbedaedbdadadeddaab .................... 120 7
eadabedcbccccbdcdace .................... 100 13
baabcbebeadeccabadeb .................... 100 13
ecdbbcddaabcedbedddc .................... 118 7
ccabccbaecacecddedaa .................... 110 10
adbeaeeadcdeeabbceac .................... 104 12
edbaceacbdceeeaedcee .................... 110 10
ccdcaabdbdddcccddbbb .................... 112 9
dbbbabeaacccaeaddedb .................... 102 13
dadaaeadbebbecdbcadd .................... 96 15
aceecdccbdaeedacaaeb .................... 102 13
eeaadeddcedaceccdaae .................... 112 9
dcababaecaedbdceabbe .................... 94 15
ccaeadbdaeaedbcbbece .................... 94 15
bdbbbbdddabdbbecdbba .................... 124 5
adbbeabbeceeecedaeed .................... 94 15
cbdeecdecddcaccdedbe .................... 88 16
adddedaeccecababcbcd .................... 82 16
cbddaedceeeacabbecbd .................... 108 11
cceabeaaaccddddedaea .................... 108 11
eedadabddacbaeecddbe .................... 134 3
eeeddecaaacceecaaaad .................... 114 9
cbcceadbbaeaeecbeade .................... 92 16
cecdbbcbaceaaeacebcb .................... 100 13
eadeccbeccaabeacdceb .................... 126 5
acadbbcacceabcaedcbc .................... 106 11
abadbddbaebbcbeacada .................... 64 16
dbacdcedeadcbcdbbbcd .................... 90 16
cedccabedebaadcaebba .................... 112 9
dadabeaccaeccedeacec .................... 104 12
dbecdadaadbacbedebad .................... 102 13
bdbddddaeebbaadacbdc .................... 100 13
cbddcbdabadbbbdccaae .................... 124 5
dbcbaebdcdcddbbdcaea .................... 124 5
edaaaddcceeaabacabda .................... 84 16
bebaecbdbadedbcadbbd .................... 90 16
edaddaaceebbbebaddde .................... 110 10
abeebdadceacddaadabe .................... 88 16
addbebaeacedcbadedca .................... 98 14
ccecdcabdcdbedcbaabc .................... 94 15
aeddbcbeacacdedbaaea .................... 90 16
eeecaccdecadddaabdab .................... 116 8
cdcdecaebbecedebbbbb .................... 76 16
cbacaacdbdebaecaddce .................... 96 15
cdacdbbbbcdcdbceddba .................... 90 16
ecaeaeaaaccceaddebac .................... 90 16
deccedacdbaaedeaadad .................... 96 15
dbceeebdbbcbbbcbdcdd .................... 98 14
cbbbcddccdedaebaddeb .................... 118 7
aeeacacbbebceeedaaad .................... 100 13
cdeaabebbccebcdaecee .................... 110 10
bbebdbbdcabbcbaeaedc .................... 120 7
deedaecccdcacceaadab .................... 94 15
ecdabebadbcbaaeecdda .................... 114 9
bbccceaebdcaabbcceec .................... 130 3
eaebabbeadeaebedbcbd .................... 106 11
cedcebddbedecaecbcea .................... 106 11
bedbedeccbcabeeeecde .................... 106 11
cecbdaaaccbedaebedcd .................... 98 14
cdecbcadbcaabcdcbbad .................... 118 7
bbaddcdccdebdaeeebcd .................... 66 16
ccbbcbeeabeaabbdbbae .................... 130 3
cedbbbbdadcebbebebad .................... 118 7
edeeceeddbadcdaaddbe .................... 130 3
eccdcdabebedbcdaacca .................... 94 15
bdbaacacacbedebaecbb .................... 96 15
ebaaabaabcbddbaaaadc .................... 102 13
cdaecbeaaeeebabaedda .................... 100 13
ddbdcedaacdacdacaaee .................... 98 14
deabdccebeaccdbdacae .................... 122 6
abaabbeacababddbcaab .................... 114 9
badebeaabbedcabaaacc .................... 110 10
baeccecacbbaabdcdcae .................... 132 3
bcccabbccedabddcceeb .................... 116 8
deebceadaeebcdbbdadb .................... 104 12
bbeaabeecedaaebabdbe .................... 104 12
dccaeeeeacebdadadcea .................... 82 16
bedacdbeaaebbdeebdcd .................... 94 15
cbcddbcdabbadaaedbbe .................... 114 9
dbbccaaecdaeeaadecee .................... 100 13
dcdaaabeebdcacaadeea .................... 102 13
bcdcbabbacdcdaceaadb .................... 80 16
bccdecaceaddeabcadbc .................... 100 13
aceaccbcbaaabcadaeba .................... 116 8
acbcbdadddbdcaeebbaa .................... 86 16
acdaddbbaeabcbcdaddc .................... 100 13
daadeecdddadeedeaeea .................... 102 13
abebcccacaeaaaeebcca .................... 104 12
adbdebbdbebeebbecaea .................... 102 13
bbddabecdecbdedcdbda .................... 96 15
ebbdaeaaccdacccdaced .................... 98 14
cbeaabcccaededbdeebc .................... 132 3
adddbccdaeaabaaedaec .................... 118 7
aabeedbccdeccdadcbdd .................... 76 16
aedeacebbedeacaceadc .................... 82 16
ecbaabaaedabbbbaeead .................... 116 8
abaaadeaebbecccebbca .................... 64 16
aecdcaadcdeeacababeb .................... 88 16
cbdeccebdddecdbddebb .................... 114 9
dcdbebbcbeecdbeebebe .................... 98 14
acaaaeaeeabcdcadbecd .................... 96 15
addbcdcbbbebdcbbdbcc .................... 110 10
dcebceddebbaacadeacb .................... 122 6
ddcbdedeacaceeeddeea .................... 110 10
aadeddcadeeabdecceeb .................... 122 6
bbdbbebdcabdbdebccbc .................... 140 1
badaeccccedceaabbaed .................... 92 16
eaabbedbaeceecceadbc .................... 78 16
aaaadccccccbeebaddab .................... 100 13
aadcabdccebadceddcdd .................... 108 11
bcbabbdcabbaebbcbaad .................... 118 7
aaadabeecedccdebaccd .................... 66 16
cbcccbcadceacacbeaed .................... 122 6
edbbeedbacebaacbbcbb .................... 88 16
dccbdacdedbeaceaaadb .................... 112 9
ecbbecebedeebddbbaae .................... 92 16
edebabdedebdbbebdcad .................... 128 4
dceaeeddeaebbcaaaabe .................... 98 14
badbbacbabdcbdbeebde .................... 98 14
ebcddbecdaeaeaaebadc .................... 110 10
aaaecbacdcaececdaaea .................... 102 13
eeecddacedeaababdaee .................... 114 9
becddcccabcbcedeadbd .................... 94 15
cbacacadabeddeaeecbd .................... 96 15
eddbdbbaddacdabccdea .................... 148 1
eccdddcddcbeeebdebce .................... 118 7
ebabdaedceedbadbcbbd .................... 110 10
deeacccddcbcacceddcc .................... 106 11
cbabbadcddbcbabbcacc .................... 114 9
ceaddccbcacdebbdbbdd .................... 122 6
abebeaaacadbeaaaeebc .................... 86 16
cecebeacdddcabebdcdb .................... 100 13
ddeaabaedbebacbaacea .................... 112 9
caededddacdbabeaecbb .................... 78 16
caebbaaccccacaecebbb .................... 94 15
acdedceaedeacebebddc .................... 110 10
aceddbeedbcbcbccdebd .................... 108 11
bcdaddccbdacbadacabd .................... 120 7
aabdaebcaaaeecabecbb .................... 86 16
bbccedbdacdedacdbcbe .................... 88 16
debccbeaeedeaecbeddc .................... 96 15
debdbbcbbcbaabccddab .................... 104 12
bcdbceacbdcdabbeddad .................... 132 3
deeedaaeeceabbcbebed .................... 96 15
daaebebbeddbecebabdb .................... 64 16
ebdcdcdbdccacaccddce .................... 108 11
cbaedcdadabcbdddbbdb .................... 110 10
decaaadebcccdcacebda .................... 70 16
adbedeeacccdcadbacdd .................... 104 12
deedccccaedbbaecebee .................... 86 16
ecaabbdaacdbeaadbabc .................... 96 15
bcbdadcddcbeebbaaecc .................... 104 12
dabbddacccceedebddee .................... 90 16
cbebaddeacacbdbdbecd .................... 106 11
eaaaeecdeeedcddabeec .................... 114 9
dddbaedcaabaadedbdde .................... 120 7
daeceaeaedacecaecaca .................... 80 16
bdddabbebdbeeacceccd .................... 100 13
ddbbbddeeadcbacebcbb .................... 86 16
acbeeaeedcdeabacdbce .................... 80 16
edcdadccdbbdcddebece .................... 108 11
aabedccccabbeaddcbeb .................... 104 12
adcdcdabbddeaaadacdd .................... 86 16
eceeccbbabcddccdeccd .................... 112 9
eaeabcccedacacbaeaab .................... 114 9
adaadecdcbcaaaadebca .................... 112 9
dbedbaaedcbddbdacace .................... 100 13
caebebceebecbddeeced .................... 112 9
ccbdaaecdaeadaeeedec .................... 100 13
ccbecdeadccdbddbedab .................... 110 10
aedacdeddeecedeabead .................... 100 13
bebbecdededdaeccebed .................... 100 13
ebbccdeeedcabcbbcaac .................... 118 7
edcddcabcbcbaeeabade .................... 100 13
abdbecebadceaabbaacc .................... 92 16
dbbdbceddccaeeeebcca .................... 84 16
ebdeecdbdbddebeaedaa .................... 90 16
daebccebddececdecbda .................... 78 16
baaeabebeabeddacbeca .................... 88 16
caaeebdeeacaecdcbeee .................... 112 9
dadddbdccbbaaecabbcc .................... 110 10
adccdbeccbeaeaddeded .................... 112 9
bdacdabcecdcaccbccce .................... 108 11
cbcecceaadbcdcbabeee .................... 108 11
daddbdecbbeeedacebed .................... 84 16
adcbeaaeadebdadaeceb .................... 84 16
bbcddabeaaebcbedcaec .................... 112 9
bbcddddeababbbeabceb .................... 98 14
deaeadedcbadbbdbedba .................... 88 16
deccceeaeebdceeddcda .................... 112 9
eacabdbacbccdecbeead .................... 98 14
dcdaecbbdacebdebdaed .................... 114 9
bcceabdadedeceedbcde .................... 106 11
edccedbbaadcaadeacbe .................... 88 16
cbaeeacbbcaebabddaae .................... 114 9
cccdbedebeddbeedcdda .................... 102 13
bddcbdbceeabcdaeeeee .................... 110 10
ddbceeedcbccadacbddb .................... 96 15
aeaeeabddecbcdddbeaa .................... 96 15
badaadaaaceeedeccaee .................... 94 15
bbdedccbabdbecddbeda .................... 98 14
baedadaaddbebbbcdcdc .................... 106 11
caccdcabaabecdeacebd .................... 104 12
cbddceeeeeccdbbabebe .................... 112 9
acacceaecbebeabcdbda .................... 86 16
decccbdabdccebeecabb .................... 94 15
acdabbbccaceeabbbdbc .................... 118 7
dceeadbedededdcdbcac .................... 98 14
ccaadddeccbcebbbeacc .................... 98 14
cebaeddebdaabdbdbedd .................... 112 9
eadbaabeedbabbabaabd .................... 108 11
badeebbbbbebaadecddc .................... 98 14
eaeedebcbcddddcbcdcc .................... 106 11
ddadddeecaceebcbcccd .................... 98 14
aaeabccccabaaacaedae .................... 104 12
eeacebabcecacdbdadca .................... 98 14
dcacbaacaadbdbebacea .................... 86 16
deacaeaaedceacedacbe .................... 98 14
eccecaaecdedadcecbde .................... 100 13
bdcaeeedaccddeddddbd .................... 112 9
cbaababcaeacbaacbabc .................... 100 13
caeeacedcaabcaebaced .................... 104 12
bedbedceddccceabaadc .................... 108 11
ceedceaaeeaaddbcbbec .................... 128 4
aedbddabacdbdedaaabb .................... 84 16
eacaeebbbcdecddbdcec .................... 96 15
bcceadaaaeaabeabddbc .................... 100 13
eaaedceaacdeaebcadbd .................... 96 15
eebdbebbeaebddbbdced .................... 114 9
dabadddbbabbebcdceae .................... 100 13
cbcbedbadbdceacaaecc .................... 92 16
dcdcdacecedaccddcbbc .................... 120 7
caaddbeeaebbeeedbeda .................... 92 16
eacdcccbbcebebccbdec .................... 90 16
dbecacddabebdbbecdbb .................... 88 16
